#
# A fatal error has been detected by the Java Runtime Environment:
#
#  EXCEPTION_ILLEGAL_INSTRUCTION (0xc000001d) at pc=0x0000000009a9afaf, pid=8836, tid=0x000000000000200c
#
# JRE version: Java(TM) SE Runtime Environment (8.0_92-b14) (build 1.8.0_92-b14)
# Java VM: Java HotSpot(TM) 64-Bit Server VM (25.92-b14 mixed mode windows-amd64 compressed oops)
# Problematic frame:
# J 923 C2 geometry.Triangle2D.distance(Lorg/lwjgl/util/vector/Vector2f;)F (290 bytes) @ 0x0000000009a9afaf [0x0000000009a9ae20+0x18f]
#
# Failed to write core dump. Minidumps are not enabled by default on client versions of Windows
#
# If you would like to submit a bug report, please visit:
#   http://bugreport.java.com/bugreport/crash.jsp
#

---------------  T H R E A D  ---------------

Current thread (0x0000000002930800):  JavaThread "main" [_thread_in_Java, id=8204, stack(0x0000000002ac0000,0x00000000096c0000)]

siginfo: ExceptionCode=0xc000001d

Registers:
RAX=0x000000076bc9e388, RBX=0x0000000000000000, RCX=0x0000000015475000, RDX=0x000000076bc9e2d0
RSP=0x00000000096bf150, RBP=0x00000007c0071490, RSI=0x000000076bc9e2d0, RDI=0x00000000ed793c51
R8 =0x000000076bc9e388, R9 =0x00000000ed793c65, R10=0x00000000ed793c54, R11=0x00000000ed793c57
R12=0x0000000000000000, R13=0x00000006c16530a0, R14=0x00000006c16530b8, R15=0x0000000002930800
RIP=0x0000000009a9afaf, EFLAGS=0x0000000000010203

Top of Stack: (sp=0x00000000096bf150)
0x00000000096bf150:   0000000000000007 000000018000abeb
0x00000000096bf160:   00000000029309f8 00000000096bf230
0x00000000096bf170:   0000000000000010 0000000000000000
0x00000000096bf180:   0000000000000001 0000000004011168
0x00000000096bf190:   000000000117ed90 000000006213c272
0x00000000096bf1a0:   000000000117ed90 0000000004011168
0x00000000096bf1b0:   00000000096bf209 000000006214ec71
0x00000000096bf1c0:   00000007c0071490 0000000009aafe74
0x00000000096bf1d0:   00000006c160b4a0 d82ca611d82ca617
0x00000000096bf1e0:   3ff0e0ebd82ca614 00000006c1653050
0x00000000096bf1f0:   00000007c0082b20 00000007c0082910
0x00000000096bf200:   00000007c0071490 000000076bc9e288
0x00000000096bf210:   000000076bc9e2a0 000000076bc9e2d0
0x00000000096bf220:   00000006c1653088 000000076bc9e2b8
0x00000000096bf230:   0000000000000000 00000007c0082910
0x00000000096bf240:   00000006c16530a0 0000000000000000 

Instructions: (pc=0x0000000009a9afaf)
0x0000000009a9af8f:   7a 10 74 fc 0c c4 41 7a 10 48 0c c4 81 7a 10 64
0x0000000009a9af9f:   d4 0c c4 81 7a 10 5c d4 10 c4 c1 7a 10 7c fc 10
0x0000000009a9afaf:   c4 c1 4a 5c c1 c4 41 7a 10 40 10 c5 fa 59 c8 c4
0x0000000009a9afbf:   c1 62 5c c0 c4 c1 42 5c e8 c5 fa 59 c0 c5 d2 59 


Register to memory mapping:

RAX=0x000000076bc9e388 is an oop
org.lwjgl.util.vector.Vector2f 
 - klass: 'org/lwjgl/util/vector/Vector2f'
RBX=0x0000000000000000 is an unknown value
RCX=0x0000000015475000 is an unknown value
RDX=0x000000076bc9e2d0 is an oop
geometry.Triangle2D 
 - klass: 'geometry/Triangle2D'
RSP=0x00000000096bf150 is pointing into the stack for thread: 0x0000000002930800
RBP=0x00000007c0071490 is pointing into metadata
RSI=0x000000076bc9e2d0 is an oop
geometry.Triangle2D 
 - klass: 'geometry/Triangle2D'
RDI=0x00000000ed793c51 is an unknown value
R8 =0x000000076bc9e388 is an oop
org.lwjgl.util.vector.Vector2f 
 - klass: 'org/lwjgl/util/vector/Vector2f'
R9 =0x00000000ed793c65 is an unknown value
R10=0x00000000ed793c54 is an unknown value
R11=0x00000000ed793c57 is an unknown value
R12=0x0000000000000000 is an unknown value
R13=0x00000006c16530a0 is an oop
org.lwjgl.util.vector.Vector3f 
 - klass: 'org/lwjgl/util/vector/Vector3f'
R14=0x00000006c16530b8 is an oop
org.lwjgl.util.vector.Vector3f 
 - klass: 'org/lwjgl/util/vector/Vector3f'
R15=0x0000000002930800 is a thread


Stack: [0x0000000002ac0000,0x00000000096c0000],  sp=0x00000000096bf150,  free space=110588k
Native frames: (J=compiled Java code, j=interpreted, Vv=VM code, C=native code)
C  0x0000000009a9afaf


---------------  P R O C E S S  ---------------

Java Threads: ( => current thread )
  0x000000002be91800 JavaThread "LWJGL Timer" daemon [_thread_blocked, id=6316, stack(0x0000000050c90000,0x0000000057890000)]
  0x000000002bb9b800 JavaThread "Service Thread" daemon [_thread_blocked, id=512, stack(0x00000000407d0000,0x00000000473d0000)]
  0x000000002bb07800 JavaThread "C1 CompilerThread3" daemon [_thread_blocked, id=2200, stack(0x00000000406d0000,0x00000000407d0000)]
  0x000000002baff800 JavaThread "C2 CompilerThread2" daemon [_thread_blocked, id=3704, stack(0x00000000405d0000,0x00000000406d0000)]
  0x000000002bafa000 JavaThread "C2 CompilerThread1" daemon [_thread_blocked, id=2196, stack(0x00000000404d0000,0x00000000405d0000)]
  0x000000002baf7800 JavaThread "C2 CompilerThread0" daemon [_thread_blocked, id=2132, stack(0x00000000403d0000,0x00000000404d0000)]
  0x000000002baf6000 JavaThread "Attach Listener" daemon [_thread_blocked, id=7772, stack(0x00000000397d0000,0x00000000403d0000)]
  0x000000002311e800 JavaThread "Signal Dispatcher" daemon [_thread_blocked, id=6900, stack(0x0000000032bd0000,0x00000000397d0000)]
  0x0000000002a2e000 JavaThread "Finalizer" daemon [_thread_blocked, id=804, stack(0x000000002bed0000,0x0000000032ad0000)]
  0x0000000002a25000 JavaThread "Reference Handler" daemon [_thread_blocked, id=932, stack(0x0000000024ed0000,0x000000002bad0000)]
=>0x0000000002930800 JavaThread "main" [_thread_in_Java, id=8204, stack(0x0000000002ac0000,0x00000000096c0000)]

Other Threads:
  0x0000000023109000 VMThread [stack: 0x0000000024dd0000,0x0000000024ed0000] [id=2856]
  0x000000002bb22000 WatcherThread [stack: 0x00000000473d0000,0x00000000474d0000] [id=2140]

VM state:not at safepoint (normal execution)

VM Mutex/Monitor currently owned by a thread: None

Heap:
 PSYoungGen      total 58880K, used 11494K [0x000000076b200000, 0x0000000772500000, 0x00000007c0000000)
  eden space 58368K, 19% used [0x000000076b200000,0x000000076bd31b40,0x000000076eb00000)
  from space 512K, 6% used [0x0000000772480000,0x0000000772488000,0x0000000772500000)
  to   space 10752K, 0% used [0x0000000771000000,0x0000000771000000,0x0000000771a80000)
 ParOldGen       total 175104K, used 6564K [0x00000006c1600000, 0x00000006cc100000, 0x000000076b200000)
  object space 175104K, 3% used [0x00000006c1600000,0x00000006c1c69200,0x00000006cc100000)
 Metaspace       used 5813K, capacity 6299K, committed 6528K, reserved 1056768K
  class space    used 534K, capacity 560K, committed 640K, reserved 1048576K

Card table byte_map: [0x0000000018a80000,0x0000000019280000] byte_map_base: 0x0000000015475000

Marking Bits: (ParMarkBitMap*) 0x00000000627d64f0
 Begin Bits: [0x0000000019fd0000, 0x000000001df78000)
 End Bits:   [0x000000001df78000, 0x0000000021f20000)

Polling page: 0x0000000001160000

CodeCache: size=245760Kb used=4343Kb max_used=4350Kb free=241416Kb
 bounds [0x00000000096c0000, 0x0000000009b10000, 0x00000000186c0000]
 total_blobs=1352 nmethods=948 adapters=317
 compilation: enabled

Compilation events (10 events):
Event: 47.529 Thread 0x000000002bb07800  964       2       org.lwjgl.opengl.Display::sync (5 bytes)
Event: 47.529 Thread 0x000000002baf7800  963       4       renderEngine.DisplayManager::updateDisplay (29 bytes)
Event: 47.529 Thread 0x000000002bb07800 nmethod 964 0x0000000009811810 code [0x0000000009811960, 0x0000000009811aa8]
Event: 47.529 Thread 0x000000002baff800 nmethod 961 0x0000000009a97e10 code [0x0000000009a97f60, 0x0000000009a97fe8]
Event: 47.530 Thread 0x000000002bafa000 nmethod 962 0x00000000097cce90 code [0x00000000097ccfe0, 0x00000000097cd098]
Event: 47.537 Thread 0x000000002baf7800 nmethod 963 0x0000000009ad1350 code [0x0000000009ad15c0, 0x0000000009ad1e28]
Event: 48.595 Thread 0x000000002baff800  965       4       skybox.SkyboxShader::loadViewMatrix (70 bytes)
Event: 48.606 Thread 0x000000002baff800 nmethod 965 0x0000000009acf610 code [0x0000000009acf860, 0x0000000009ad0590]
Event: 56.062 Thread 0x000000002bafa000  966       4       skybox.SkyboxRenderer::render (72 bytes)
Event: 56.077 Thread 0x000000002bafa000 nmethod 966 0x0000000009b03450 code [0x0000000009b03720, 0x0000000009b04648]

GC Heap History (10 events):
Event: 29.311 GC heap before
{Heap before GC invocations=8 (full 0):
 PSYoungGen      total 72192K, used 64224K [0x000000076b200000, 0x0000000774200000, 0x00000007c0000000)
  eden space 64000K, 100% used [0x000000076b200000,0x000000076f080000,0x000000076f080000)
  from space 8192K, 2% used [0x000000076f080000,0x000000076f0b8060,0x000000076f880000)
  to   space 9728K, 0% used [0x0000000773880000,0x0000000773880000,0x0000000774200000)
 ParOldGen       total 175104K, used 6476K [0x00000006c1600000, 0x00000006cc100000, 0x000000076b200000)
  object space 175104K, 3% used [0x00000006c1600000,0x00000006c1c53200,0x00000006cc100000)
 Metaspace       used 5813K, capacity 6299K, committed 6528K, reserved 1056768K
  class space    used 534K, capacity 560K, committed 640K, reserved 1048576K
Event: 29.312 GC heap after
Heap after GC invocations=8 (full 0):
 PSYoungGen      total 62976K, used 192K [0x000000076b200000, 0x0000000773900000, 0x00000007c0000000)
  eden space 62464K, 0% used [0x000000076b200000,0x000000076b200000,0x000000076ef00000)
  from space 512K, 37% used [0x0000000773880000,0x00000007738b0000,0x0000000773900000)
  to   space 10240K, 0% used [0x0000000772500000,0x0000000772500000,0x0000000772f00000)
 ParOldGen       total 175104K, used 6548K [0x00000006c1600000, 0x00000006cc100000, 0x000000076b200000)
  object space 175104K, 3% used [0x00000006c1600000,0x00000006c1c65200,0x00000006cc100000)
 Metaspace       used 5813K, capacity 6299K, committed 6528K, reserved 1056768K
  class space    used 534K, capacity 560K, committed 640K, reserved 1048576K
}
Event: 37.062 GC heap before
{Heap before GC invocations=9 (full 0):
 PSYoungGen      total 62976K, used 62656K [0x000000076b200000, 0x0000000773900000, 0x00000007c0000000)
  eden space 62464K, 100% used [0x000000076b200000,0x000000076ef00000,0x000000076ef00000)
  from space 512K, 37% used [0x0000000773880000,0x00000007738b0000,0x0000000773900000)
  to   space 10240K, 0% used [0x0000000772500000,0x0000000772500000,0x0000000772f00000)
 ParOldGen       total 175104K, used 6548K [0x00000006c1600000, 0x00000006cc100000, 0x000000076b200000)
  object space 175104K, 3% used [0x00000006c1600000,0x00000006c1c65200,0x00000006cc100000)
 Metaspace       used 5813K, capacity 6299K, committed 6528K, reserved 1056768K
  class space    used 534K, capacity 560K, committed 640K, reserved 1048576K
Event: 37.063 GC heap after
Heap after GC invocations=9 (full 0):
 PSYoungGen      total 61952K, used 32K [0x000000076b200000, 0x0000000773900000, 0x00000007c0000000)
  eden space 61440K, 0% used [0x000000076b200000,0x000000076b200000,0x000000076ee00000)
  from space 512K, 6% used [0x0000000772500000,0x0000000772508000,0x0000000772580000)
  to   space 10752K, 0% used [0x0000000772e80000,0x0000000772e80000,0x0000000773900000)
 ParOldGen       total 175104K, used 6556K [0x00000006c1600000, 0x00000006cc100000, 0x000000076b200000)
  object space 175104K, 3% used [0x00000006c1600000,0x00000006c1c67200,0x00000006cc100000)
 Metaspace       used 5813K, capacity 6299K, committed 6528K, reserved 1056768K
  class space    used 534K, capacity 560K, committed 640K, reserved 1048576K
}
Event: 44.612 GC heap before
{Heap before GC invocations=10 (full 0):
 PSYoungGen      total 61952K, used 61472K [0x000000076b200000, 0x0000000773900000, 0x00000007c0000000)
  eden space 61440K, 100% used [0x000000076b200000,0x000000076ee00000,0x000000076ee00000)
  from space 512K, 6% used [0x0000000772500000,0x0000000772508000,0x0000000772580000)
  to   space 10752K, 0% used [0x0000000772e80000,0x0000000772e80000,0x0000000773900000)
 ParOldGen       total 175104K, used 6556K [0x00000006c1600000, 0x00000006cc100000, 0x000000076b200000)
  object space 175104K, 3% used [0x00000006c1600000,0x00000006c1c67200,0x00000006cc100000)
 Metaspace       used 5813K, capacity 6299K, committed 6528K, reserved 1056768K
  class space    used 534K, capacity 560K, committed 640K, reserved 1048576K
Event: 44.612 GC heap after
Heap after GC invocations=10 (full 0):
 PSYoungGen      total 60928K, used 64K [0x000000076b200000, 0x0000000772f00000, 0x00000007c0000000)
  eden space 60416K, 0% used [0x000000076b200000,0x000000076b200000,0x000000076ed00000)
  from space 512K, 12% used [0x0000000772e80000,0x0000000772e90060,0x0000000772f00000)
  to   space 10752K, 0% used [0x0000000771a00000,0x0000000771a00000,0x0000000772480000)
 ParOldGen       total 175104K, used 6564K [0x00000006c1600000, 0x00000006cc100000, 0x000000076b200000)
  object space 175104K, 3% used [0x00000006c1600000,0x00000006c1c69200,0x00000006cc100000)
 Metaspace       used 5813K, capacity 6299K, committed 6528K, reserved 1056768K
  class space    used 534K, capacity 560K, committed 640K, reserved 1048576K
}
Event: 52.045 GC heap before
{Heap before GC invocations=11 (full 0):
 PSYoungGen      total 60928K, used 60480K [0x000000076b200000, 0x0000000772f00000, 0x00000007c0000000)
  eden space 60416K, 100% used [0x000000076b200000,0x000000076ed00000,0x000000076ed00000)
  from space 512K, 12% used [0x0000000772e80000,0x0000000772e90060,0x0000000772f00000)
  to   space 10752K, 0% used [0x0000000771a00000,0x0000000771a00000,0x0000000772480000)
 ParOldGen       total 175104K, used 6564K [0x00000006c1600000, 0x00000006cc100000, 0x000000076b200000)
  object space 175104K, 3% used [0x00000006c1600000,0x00000006c1c69200,0x00000006cc100000)
 Metaspace       used 5813K, capacity 6299K, committed 6528K, reserved 1056768K
  class space    used 534K, capacity 560K, committed 640K, reserved 1048576K
Event: 52.045 GC heap after
Heap after GC invocations=11 (full 0):
 PSYoungGen      total 70144K, used 64K [0x000000076b200000, 0x0000000772f00000, 0x00000007c0000000)
  eden space 59392K, 0% used [0x000000076b200000,0x000000076b200000,0x000000076ec00000)
  from space 10752K, 0% used [0x0000000771a00000,0x0000000771a10060,0x0000000772480000)
  to   space 10752K, 0% used [0x0000000772480000,0x0000000772480000,0x0000000772f00000)
 ParOldGen       total 175104K, used 6564K [0x00000006c1600000, 0x00000006cc100000, 0x000000076b200000)
  object space 175104K, 3% used [0x00000006c1600000,0x00000006c1c69200,0x00000006cc100000)
 Metaspace       used 5813K, capacity 6299K, committed 6528K, reserved 1056768K
  class space    used 534K, capacity 560K, committed 640K, reserved 1048576K
}
Event: 59.420 GC heap before
{Heap before GC invocations=12 (full 0):
 PSYoungGen      total 70144K, used 59456K [0x000000076b200000, 0x0000000772f00000, 0x00000007c0000000)
  eden space 59392K, 100% used [0x000000076b200000,0x000000076ec00000,0x000000076ec00000)
  from space 10752K, 0% used [0x0000000771a00000,0x0000000771a10060,0x0000000772480000)
  to   space 10752K, 0% used [0x0000000772480000,0x0000000772480000,0x0000000772f00000)
 ParOldGen       total 175104K, used 6564K [0x00000006c1600000, 0x00000006cc100000, 0x000000076b200000)
  object space 175104K, 3% used [0x00000006c1600000,0x00000006c1c69200,0x00000006cc100000)
 Metaspace       used 5813K, capacity 6299K, committed 6528K, reserved 1056768K
  class space    used 534K, capacity 560K, committed 640K, reserved 1048576K
Event: 59.421 GC heap after
Heap after GC invocations=12 (full 0):
 PSYoungGen      total 58880K, used 32K [0x000000076b200000, 0x0000000772500000, 0x00000007c0000000)
  eden space 58368K, 0% used [0x000000076b200000,0x000000076b200000,0x000000076eb00000)
  from space 512K, 6% used [0x0000000772480000,0x0000000772488000,0x0000000772500000)
  to   space 10752K, 0% used [0x0000000771000000,0x0000000771000000,0x0000000771a80000)
 ParOldGen       total 175104K, used 6564K [0x00000006c1600000, 0x00000006cc100000, 0x000000076b200000)
  object space 175104K, 3% used [0x00000006c1600000,0x00000006c1c69200,0x00000006cc100000)
 Metaspace       used 5813K, capacity 6299K, committed 6528K, reserved 1056768K
  class space    used 534K, capacity 560K, committed 640K, reserved 1048576K
}

Deoptimization events (10 events):
Event: 3.006 Thread 0x0000000002930800 Uncommon trap: reason=unstable_if action=reinterpret pc=0x000000000996145c method=collision.CollisionHandler.collide(Lentities/Ball;Lgeometry/Triangle;)Z @ 57
Event: 3.006 Thread 0x0000000002930800 Uncommon trap: reason=unstable_if action=reinterpret pc=0x000000000997388c method=collision.CollisionHandler.collide(Lentities/Ball;Lgeometry/Triangle;)Z @ 57
Event: 3.063 Thread 0x0000000002930800 Uncommon trap: reason=unloaded action=reinterpret pc=0x00000000099a790c method=collision.CollisionHandler.collide(Lentities/Ball;Lgeometry/Triangle;)Z @ 160
Event: 14.613 Thread 0x0000000002930800 Uncommon trap: reason=unstable_if action=reinterpret pc=0x0000000009a64b98 method=org.lwjgl.input.Keyboard.isKeyDown(I)Z @ 29
Event: 17.172 Thread 0x0000000002930800 Uncommon trap: reason=unstable_if action=reinterpret pc=0x0000000009a6885c method=geometry.Triangle2D.contain(Lorg/lwjgl/util/vector/Vector2f;)Z @ 42
Event: 17.188 Thread 0x0000000002930800 Uncommon trap: reason=unstable_if action=reinterpret pc=0x0000000009a63be0 method=geometry.Triangle2D.contain(Lorg/lwjgl/util/vector/Vector2f;)Z @ 42
Event: 17.370 Thread 0x0000000002930800 Uncommon trap: reason=unstable_if action=reinterpret pc=0x0000000009aa5b54 method=collision.CollisionHandler.isInTriangle(Lentities/Ball;Lgeometry/Triangle;)Z @ 44
Event: 17.954 Thread 0x0000000002930800 Uncommon trap: reason=unloaded action=reinterpret pc=0x00000000099b5fd4 method=collision.CollisionHandler.collide(Lentities/Ball;Lgeometry/Triangle;)Z @ 75
Event: 17.962 Thread 0x0000000002930800 Uncommon trap: reason=unloaded action=reinterpret pc=0x00000000099ad4c4 method=collision.CollisionHandler.collide(Lentities/Ball;Lgeometry/Triangle;)Z @ 75
Event: 17.962 Thread 0x0000000002930800 Uncommon trap: reason=unloaded action=reinterpret pc=0x00000000099a9170 method=collision.CollisionHandler.collide(Lentities/Ball;Lgeometry/Triangle;)Z @ 160

Internal exceptions (6 events):
Event: 0.024 Thread 0x0000000002930800 Exception <a 'java/lang/NoSuchMethodError': Method sun.misc.Unsafe.defineClass(Ljava/lang/String;[BII)Ljava/lang/Class; name or signature does not match> (0x000000076b207cc0) thrown at [D:\re\workspace\8-2-build-windows-amd64-cygwin\jdk8u92\6642\hotspot\sr“ÍrLš˜?
Event: 0.024 Thread 0x0000000002930800 Exception <a 'java/lang/NoSuchMethodError': Method sun.misc.Unsafe.prefetchRead(Ljava/lang/Object;J)V name or signature does not match> (0x000000076b207fa8) thrown at [D:\re\workspace\8-2-build-windows-amd64-cygwin\jdk8u92\6642\hotspot\src\share\vm\prims\jËŒb¯×òÎ?
Event: 0.242 Thread 0x0000000002930800 Exception <a 'java/security/PrivilegedActionException'> (0x000000076b778098) thrown at [D:\re\workspace\8-2-build-windows-amd64-cygwin\jdk8u92\6642\hotspot\src\share\vm\prims\jvm.cpp, line 1386]
Event: 0.242 Thread 0x0000000002930800 Exception <a 'java/security/PrivilegedActionException'> (0x000000076b778490) thrown at [D:\re\workspace\8-2-build-windows-amd64-cygwin\jdk8u92\6642\hotspot\src\share\vm\prims\jvm.cpp, line 1386]
Event: 0.242 Thread 0x0000000002930800 Exception <a 'java/security/PrivilegedActionException'> (0x000000076b77c6a8) thrown at [D:\re\workspace\8-2-build-windows-amd64-cygwin\jdk8u92\6642\hotspot\src\share\vm\prims\jvm.cpp, line 1386]
Event: 0.242 Thread 0x0000000002930800 Exception <a 'java/security/PrivilegedActionException'> (0x000000076b77caa0) thrown at [D:\re\workspace\8-2-build-windows-amd64-cygwin\jdk8u92\6642\hotspot\src\share\vm\prims\jvm.cpp, line 1386]

Events (10 events):
Event: 29.311 Executing VM operation: ParallelGCFailedAllocation
Event: 29.312 Executing VM operation: ParallelGCFailedAllocation done
Event: 37.062 Executing VM operation: ParallelGCFailedAllocation
Event: 37.063 Executing VM operation: ParallelGCFailedAllocation done
Event: 44.612 Executing VM operation: ParallelGCFailedAllocation
Event: 44.612 Executing VM operation: ParallelGCFailedAllocation done
Event: 52.044 Executing VM operation: ParallelGCFailedAllocation
Event: 52.045 Executing VM operation: ParallelGCFailedAllocation done
Event: 59.420 Executing VM operation: ParallelGCFailedAllocation
Event: 59.421 Executing VM operation: ParallelGCFailedAllocation done


Dynamic libraries:
0x00007ff60ac60000 - 0x00007ff60ac97000 	C:\Program Files\Java\jdk1.8.0_92\bin\javaw.exe
0x00007ffc14dd0000 - 0x00007ffc14f91000 	C:\WINDOWS\SYSTEM32\ntdll.dll
0x00007ffc14600000 - 0x00007ffc146ad000 	C:\WINDOWS\system32\KERNEL32.DLL
0x00007ffc114e0000 - 0x00007ffc116c8000 	C:\WINDOWS\system32\KERNELBASE.dll
0x00007ffc14b50000 - 0x00007ffc14bf7000 	C:\WINDOWS\system32\ADVAPI32.dll
0x00007ffc12c80000 - 0x00007ffc12d1d000 	C:\WINDOWS\system32\msvcrt.dll
0x00007ffc12bb0000 - 0x00007ffc12c0b000 	C:\WINDOWS\system32\sechost.dll
0x00007ffc12d20000 - 0x00007ffc12e3c000 	C:\WINDOWS\system32\RPCRT4.dll
0x00007ffc122b0000 - 0x00007ffc12406000 	C:\WINDOWS\system32\USER32.dll
0x00007ffc14c00000 - 0x00007ffc14d86000 	C:\WINDOWS\system32\GDI32.dll
0x00007ffc0d4e0000 - 0x00007ffc0d754000 	C:\WINDOWS\WinSxS\amd64_microsoft.windows.common-controls_6595b64144ccf1df_6.0.10586.0_none_8c15ae12515e1c22\COMCTL32.dll
0x00007ffc12930000 - 0x00007ffc12bad000 	C:\WINDOWS\system32\combase.dll
0x00007ffc11f20000 - 0x00007ffc11f8a000 	C:\WINDOWS\system32\bcryptPrimitives.dll
0x00007ffc14d90000 - 0x00007ffc14dcb000 	C:\WINDOWS\system32\IMM32.DLL
0x0000000061d30000 - 0x0000000061e02000 	C:\Program Files\Java\jdk1.8.0_92\jre\bin\msvcr100.dll
0x0000000061fc0000 - 0x0000000062856000 	C:\Program Files\Java\jdk1.8.0_92\jre\bin\server\jvm.dll
0x00007ffc122a0000 - 0x00007ffc122a8000 	C:\WINDOWS\system32\PSAPI.DLL
0x00007ffbf24f0000 - 0x00007ffbf24f9000 	C:\WINDOWS\SYSTEM32\WSOCK32.dll
0x00007ffc0faa0000 - 0x00007ffc0fac3000 	C:\WINDOWS\SYSTEM32\WINMM.dll
0x00007ffc0dc80000 - 0x00007ffc0dc8a000 	C:\WINDOWS\SYSTEM32\VERSION.dll
0x00007ffc128c0000 - 0x00007ffc1292b000 	C:\WINDOWS\system32\WS2_32.dll
0x00007ffc0f990000 - 0x00007ffc0f9bc000 	C:\WINDOWS\SYSTEM32\WINMMBASE.dll
0x00007ffc11fb0000 - 0x00007ffc11ff3000 	C:\WINDOWS\system32\cfgmgr32.dll
0x0000000061ed0000 - 0x0000000061edf000 	C:\Program Files\Java\jdk1.8.0_92\jre\bin\verify.dll
0x0000000061ea0000 - 0x0000000061ec9000 	C:\Program Files\Java\jdk1.8.0_92\jre\bin\java.dll
0x0000000061e80000 - 0x0000000061e96000 	C:\Program Files\Java\jdk1.8.0_92\jre\bin\zip.dll
0x00007ffc12f50000 - 0x00007ffc144ac000 	C:\WINDOWS\system32\SHELL32.dll
0x00007ffc11760000 - 0x00007ffc11da4000 	C:\WINDOWS\system32\windows.storage.dll
0x00007ffc12c20000 - 0x00007ffc12c72000 	C:\WINDOWS\system32\shlwapi.dll
0x00007ffc113f0000 - 0x00007ffc113ff000 	C:\WINDOWS\system32\kernel.appcore.dll
0x00007ffc11e60000 - 0x00007ffc11f15000 	C:\WINDOWS\system32\shcore.dll
0x00007ffc11410000 - 0x00007ffc1145b000 	C:\WINDOWS\system32\powrprof.dll
0x00007ffc11460000 - 0x00007ffc11474000 	C:\WINDOWS\system32\profapi.dll
0x0000000180000000 - 0x0000000180051000 	C:\Users\User\Documents\DKE\gitHub\MiniGolf\res\lib\native\windows\lwjgl64.dll
0x00007ffbf5100000 - 0x00007ffbf5229000 	C:\WINDOWS\SYSTEM32\OPENGL32.dll
0x00007ffbf4cd0000 - 0x00007ffbf4dca000 	C:\WINDOWS\SYSTEM32\DDRAW.dll
0x00007ffbf7ef0000 - 0x00007ffbf7f1e000 	C:\WINDOWS\SYSTEM32\GLU32.dll
0x00007ffbfcf60000 - 0x00007ffbfcf68000 	C:\WINDOWS\SYSTEM32\DCIMAN32.dll
0x00007ffc0fd00000 - 0x00007ffc0fd96000 	C:\WINDOWS\system32\uxtheme.dll
0x00007ffc12760000 - 0x00007ffc128ba000 	C:\WINDOWS\system32\MSCTF.dll
0x00007ffc0e930000 - 0x00007ffc0e952000 	C:\WINDOWS\system32\dwmapi.dll
0x00007ffbde9b0000 - 0x00007ffbdf6bb000 	C:\WINDOWS\SYSTEM32\ig9icd64.dll
0x00007ffc0f240000 - 0x00007ffc0f253000 	C:\WINDOWS\SYSTEM32\WTSAPI32.dll
0x00007ffc08a10000 - 0x00007ffc09880000 	C:\WINDOWS\SYSTEM32\igc64.dll
0x00007ffc0dbe0000 - 0x00007ffc0dc71000 	C:\WINDOWS\SYSTEM32\mscms.dll
0x00007ffc10bb0000 - 0x00007ffc10bcf000 	C:\WINDOWS\SYSTEM32\USERENV.dll
0x00007ffc0a7e0000 - 0x00007ffc0a822000 	C:\WINDOWS\SYSTEM32\icm32.dll
0x0000000061b90000 - 0x0000000061d28000 	C:\Program Files\Java\jdk1.8.0_92\jre\bin\awt.dll
0x00007ffc12410000 - 0x00007ffc124d1000 	C:\WINDOWS\system32\OLEAUT32.dll
0x00007ffc0fbe0000 - 0x00007ffc0fc59000 	C:\WINDOWS\system32\apphelp.dll
0x00007ffbf8b90000 - 0x00007ffbf8d1c000 	C:\WINDOWS\SYSTEM32\dbghelp.dll

VM Arguments:
jvm_args: -Xss108m -Djava.library.path=C:\Users\User\Documents\DKE\gitHub\MiniGolf\res\lib\native\macosx;C:\Users\User\Documents\DKE\gitHub\MiniGolf\res\lib\native\windows -Dfile.encoding=Cp1252 
java_command: engineTester.MainGameLoop
java_class_path (initial): C:\Users\User\Documents\DKE\gitHub\MiniGolf\bin;C:\Users\User\Documents\DKE\gitHub\MiniGolf\res\lib\jar\lwjgl_util.jar;C:\Users\User\Documents\DKE\gitHub\MiniGolf\res\lib\jar\lwjgl.jar;C:\Users\User\Documents\DKE\gitHub\MiniGolf\res\lib\jar\slick-util.jar;C:\Users\User\Documents\DKE\gitHub\MiniGolf\res\lib\jar\PNGDecoder.jar
Launcher Type: SUN_STANDARD

Environment Variables:
PATH=C:/Program Files/Java/jdk1.8.0_92/bin/../jre/bin/server;C:/Program Files/Java/jdk1.8.0_92/bin/../jre/bin;C:/Program Files/Java/jdk1.8.0_92/bin/../jre/lib/amd64;C:\Program Files\Java\jdk1.8.0_92\bin;C:\Program Files (x86)\Skype\Phone\;C:\Program Files\Java\jdk1.8.0_92\bin;C:\Program Files\eclipse;
USERNAME=User
OS=Windows_NT
PROCESSOR_IDENTIFIER=Intel64 Family 6 Model 94 Stepping 3, GenuineIntel



---------------  S Y S T E M  ---------------

OS: Windows 10.0 , 64 bit Build 10586 (10.0.10586.0)

CPU:total 8 (4 cores per cpu, 2 threads per core) family 6 model 94 stepping 3, cmov, cx8, fxsr, mmx, sse, sse2, sse3, ssse3, sse4.1, sse4.2, popcnt, avx, avx2, aes, clmul, erms, rtm, 3dnowpref, lzcnt, ht, tsc, tscinvbit, bmi1, bmi2, adx

Memory: 4k page, physical 16682068k(12110740k free), swap 19172436k(13316568k free)

vm_info: Java HotSpot(TM) 64-Bit Server VM (25.92-b14) for windows-amd64 JRE (1.8.0_92-b14), built on Mar 31 2016 21:03:04 by "java_re" with MS VC++ 10.0 (VS2010)

time: Fri Jun 17 21:04:38 2016
elapsed time: 60 seconds (0d 0h 1m 0s)

