#
# A fatal error has been detected by the Java Runtime Environment:
#
#  EXCEPTION_ACCESS_VIOLATION (0xc0000005) at pc=0x00007ff9972ecae3, pid=3440, tid=0x0000000000002598
#
# JRE version: Java(TM) SE Runtime Environment (8.0_92-b14) (build 1.8.0_92-b14)
# Java VM: Java HotSpot(TM) 64-Bit Server VM (25.92-b14 mixed mode windows-amd64 compressed oops)
# Problematic frame:
# C  [ig9icd64.dll+0x8cae3]
#
# Failed to write core dump. Minidumps are not enabled by default on client versions of Windows
#
# If you would like to submit a bug report, please visit:
#   http://bugreport.java.com/bugreport/crash.jsp
# The crash happened outside the Java Virtual Machine in native code.
# See problematic frame for where to report the bug.
#

---------------  T H R E A D  ---------------

Current thread (0x0000000002330800):  JavaThread "main" [_thread_in_native, id=9624, stack(0x0000000002170000,0x0000000002270000)]

siginfo: ExceptionCode=0xc0000005, writing address 0x00000000000000b0

Registers:
RAX=0x000000001fafaa00, RBX=0x00000000005fca30, RCX=0x00000000000000b0, RDX=0x000000001fafaa00
RSP=0x000000000226eb90, RBP=0x0000000000b2df97, RSI=0x00000000000000b0, RDI=0x0000000000000000
R8 =0x0000000000000004, R9 =0x000000002055c000, R10=0x0000000000b2df88, R11=0x000000002055d6dc
R12=0x0000000000000000, R13=0x00000000005ce000, R14=0x0000000000000000, R15=0x00000000000000a0
RIP=0x00007ff9972ecae3, EFLAGS=0x0000000000010202

Top of Stack: (sp=0x000000000226eb90)
0x000000000226eb90:   fffffffffffffffe 0000000100000000
0x000000000226eba0:   00000000001a0018 000000000226ecb0
0x000000000226ebb0:   000000002455e260 0000000000000000
0x000000000226ebc0:   000000002055c000 000000001fafaa00
0x000000000226ebd0:   000000002455e260 00000000005fca30
0x000000000226ebe0:   00000000005fce00 00007ff9972d9836
0x000000000226ebf0:   0000000005000000 000000000226ecf0
0x000000000226ec00:   000000001fafaa00 0000000000000000
0x000000000226ec10:   0000000000000001 0000000000000000
0x000000000226ec20:   000000000226ecb0 000000000226ecb0
0x000000000226ec30:   01000c1c7a000004 0000000000000000
0x000000000226ec40:   0000000000000000 0000000025211e48
0x000000000226ec50:   0000000000001668 0000000000000000
0x000000000226ec60:   010000007a000004 0000000000000000
0x000000000226ec70:   0000000000000000 0000000025219cc0
0x000000000226ec80:   0000000000000000 00007ff9976b137f 

Instructions: (pc=0x00007ff9972ecae3)
0x00007ff9972ecac3:   1f 8b d7 48 8b ce e8 72 99 4e 00 48 8b c8 48 85
0x00007ff9972ecad3:   c0 75 0d 8b d7 48 8b ce e8 40 9a 4e 00 48 8b c8
0x00007ff9972ecae3:   48 89 29 48 8b 6c 24 68 41 c7 46 18 00 00 00 00
0x00007ff9972ecaf3:   48 8b 43 10 4c 8b 74 24 78 48 8b 88 c8 01 02 00 


Register to memory mapping:

RAX=0x000000001fafaa00 is an unknown value
RBX=0x00000000005fca30 is an unknown value
RCX=0x00000000000000b0 is an unknown value
RDX=0x000000001fafaa00 is an unknown value
RSP=0x000000000226eb90 is pointing into the stack for thread: 0x0000000002330800
RBP=0x0000000000b2df97 is an unknown value
RSI=0x00000000000000b0 is an unknown value
RDI=0x0000000000000000 is an unknown value
R8 =0x0000000000000004 is an unknown value
R9 =0x000000002055c000 is an unknown value
R10=0x0000000000b2df88 is an unknown value
R11=0x000000002055d6dc is an unknown value
R12=0x0000000000000000 is an unknown value
R13=0x00000000005ce000 is an unknown value
R14=0x0000000000000000 is an unknown value
R15=0x00000000000000a0 is an unknown value


Stack: [0x0000000002170000,0x0000000002270000],  sp=0x000000000226eb90,  free space=1018k
Native frames: (J=compiled Java code, j=interpreted, Vv=VM code, C=native code)
C  [ig9icd64.dll+0x8cae3]
C  [ig9icd64.dll+0x79836]
C  [ig9icd64.dll+0x1a965b]
C  [ig9icd64.dll+0x584065]
C  [ig9icd64.dll+0x1a32f7]
C  [ig9icd64.dll+0x584703]
C  [ig9icd64.dll+0xf8531]
C  [ig9icd64.dll+0x3a1185]
C  0x000000000271480a

Java frames: (J=compiled Java code, j=interpreted, Vv=VM code)
J 818  org.lwjgl.opengl.GL11.nglClear(IJ)V (0 bytes) @ 0x0000000002714784 [0x0000000002714740+0x44]
J 1010 C2 renderEngine.MasterRenderer.renderScene(Ljava/util/List;Ljava/util/List;Ljava/util/List;Lentities/Camera;Lorg/lwjgl/util/vector/Vector4f;)V (88 bytes) @ 0x00000000027ff2a0 [0x00000000027fed80+0x520]
J 1080% C2 engineTester.MainGameLoop.actualGameLoop()V (718 bytes) @ 0x000000000287bd00 [0x000000000287b120+0xbe0]
j  engineTester.MainGameLoop.startSinglePlayerMenu()V+3
j  engineTester.MainGameLoop.startMainMenuGui()V+480
j  engineTester.MainGameLoop.main([Ljava/lang/String;)V+49
v  ~StubRoutines::call_stub

---------------  P R O C E S S  ---------------

Java Threads: ( => current thread )
  0x000000001e125000 JavaThread "Java2D Disposer" daemon [_thread_blocked, id=9536, stack(0x000000002c060000,0x000000002c160000)]
  0x000000001dfbb000 JavaThread "LWJGL Timer" daemon [_thread_blocked, id=9344, stack(0x000000002be60000,0x000000002bf60000)]
  0x000000001de2f000 JavaThread "Service Thread" daemon [_thread_blocked, id=7912, stack(0x000000001e960000,0x000000001ea60000)]
  0x000000001dd97000 JavaThread "C1 CompilerThread3" daemon [_thread_blocked, id=9920, stack(0x000000001e860000,0x000000001e960000)]
  0x000000001dd8d800 JavaThread "C2 CompilerThread2" daemon [_thread_blocked, id=8084, stack(0x000000001e760000,0x000000001e860000)]
  0x000000001dd8a800 JavaThread "C2 CompilerThread1" daemon [_thread_blocked, id=6916, stack(0x000000001e660000,0x000000001e760000)]
  0x000000001dd88000 JavaThread "C2 CompilerThread0" daemon [_thread_blocked, id=3244, stack(0x000000001e560000,0x000000001e660000)]
  0x000000001dd87000 JavaThread "Attach Listener" daemon [_thread_blocked, id=6900, stack(0x000000001e460000,0x000000001e560000)]
  0x000000001dd84000 JavaThread "Signal Dispatcher" daemon [_thread_blocked, id=6028, stack(0x000000001e360000,0x000000001e460000)]
  0x0000000002429000 JavaThread "Finalizer" daemon [_thread_blocked, id=908, stack(0x000000001e160000,0x000000001e260000)]
  0x0000000002426000 JavaThread "Reference Handler" daemon [_thread_blocked, id=7904, stack(0x000000001dc60000,0x000000001dd60000)]
=>0x0000000002330800 JavaThread "main" [_thread_in_native, id=9624, stack(0x0000000002170000,0x0000000002270000)]

Other Threads:
  0x000000001be79000 VMThread [stack: 0x000000001db60000,0x000000001dc60000] [id=3536]
  0x000000001dde1800 WatcherThread [stack: 0x000000001ea60000,0x000000001eb60000] [id=10052]

VM state:not at safepoint (normal execution)

VM Mutex/Monitor currently owned by a thread: None

Heap:
 PSYoungGen      total 50176K, used 6762K [0x000000076b200000, 0x000000076e800000, 0x00000007c0000000)
  eden space 47616K, 14% used [0x000000076b200000,0x000000076b882948,0x000000076e080000)
  from space 2560K, 3% used [0x000000076e300000,0x000000076e318000,0x000000076e580000)
  to   space 2560K, 0% used [0x000000076e580000,0x000000076e580000,0x000000076e800000)
 ParOldGen       total 175104K, used 1848K [0x00000006c1600000, 0x00000006cc100000, 0x000000076b200000)
  object space 175104K, 1% used [0x00000006c1600000,0x00000006c17ce068,0x00000006cc100000)
 Metaspace       used 7555K, capacity 7697K, committed 7808K, reserved 1056768K
  class space    used 732K, capacity 793K, committed 896K, reserved 1048576K

Card table byte_map: [0x00000000117f0000,0x0000000011ff0000] byte_map_base: 0x000000000e1e5000

Marking Bits: (ParMarkBitMap*) 0x00000000563d64f0
 Begin Bits: [0x0000000012d40000, 0x0000000016ce8000)
 End Bits:   [0x0000000016ce8000, 0x000000001ac90000)

Polling page: 0x0000000000520000

CodeCache: size=245760Kb used=4441Kb max_used=4453Kb free=241318Kb
 bounds [0x0000000002430000, 0x0000000002890000, 0x0000000011430000]
 total_blobs=1527 nmethods=1086 adapters=354
 compilation: enabled

Compilation events (10 events):
Event: 1052.525 Thread 0x000000001dd97000 1082       3       org.lwjgl.opengl.WindowsKeyboard::isKeyPressed (13 bytes)
Event: 1052.525 Thread 0x000000001dd97000 nmethod 1082 0x000000000283bcd0 code [0x000000000283be20, 0x000000000283bfb0]
Event: 1053.528 Thread 0x000000001dd88000 1084       4       org.lwjgl.opengl.WindowsDisplay::isVisible (13 bytes)
Event: 1053.528 Thread 0x000000001dd97000 1083   !   3       org.lwjgl.opengl.Display::update (154 bytes)
Event: 1053.529 Thread 0x000000001dd88000 nmethod 1084 0x000000000281ff10 code [0x0000000002820040, 0x00000000028200b8]
Event: 1053.529 Thread 0x000000001dd97000 nmethod 1083 0x00000000028836d0 code [0x0000000002883960, 0x0000000002884b18]
Event: 1060.996 Thread 0x000000001dd8a800 1086   !   4       org.lwjgl.opengl.Display::swapBuffers (55 bytes)
Event: 1061.002 Thread 0x000000001dd8a800 nmethod 1086 0x000000000288c950 code [0x000000000288cb20, 0x000000000288d7e0]
Event: 1095.128 Thread 0x000000001dd88000 1087   !   4       org.lwjgl.opengl.Display::update (154 bytes)
Event: 1095.131 Thread 0x000000001dd88000 nmethod 1087 0x00000000028788d0 code [0x0000000002878a60, 0x0000000002878eb8]

GC Heap History (10 events):
Event: 1974.984 GC heap before
{Heap before GC invocations=17 (full 0):
 PSYoungGen      total 52736K, used 52288K [0x000000076b200000, 0x000000076ec80000, 0x00000007c0000000)
  eden space 52224K, 100% used [0x000000076b200000,0x000000076e500000,0x000000076e500000)
  from space 512K, 12% used [0x000000076ec00000,0x000000076ec10000,0x000000076ec80000)
  to   space 3072K, 0% used [0x000000076e680000,0x000000076e680000,0x000000076e980000)
 ParOldGen       total 175104K, used 1848K [0x00000006c1600000, 0x00000006cc100000, 0x000000076b200000)
  object space 175104K, 1% used [0x00000006c1600000,0x00000006c17ce068,0x00000006cc100000)
 Metaspace       used 7555K, capacity 7697K, committed 7808K, reserved 1056768K
  class space    used 732K, capacity 793K, committed 896K, reserved 1048576K
Event: 1974.984 GC heap after
Heap after GC invocations=17 (full 0):
 PSYoungGen      total 54272K, used 96K [0x000000076b200000, 0x000000076ec80000, 0x00000007c0000000)
  eden space 51200K, 0% used [0x000000076b200000,0x000000076b200000,0x000000076e400000)
  from space 3072K, 3% used [0x000000076e680000,0x000000076e698000,0x000000076e980000)
  to   space 3072K, 0% used [0x000000076e980000,0x000000076e980000,0x000000076ec80000)
 ParOldGen       total 175104K, used 1848K [0x00000006c1600000, 0x00000006cc100000, 0x000000076b200000)
  object space 175104K, 1% used [0x00000006c1600000,0x00000006c17ce068,0x00000006cc100000)
 Metaspace       used 7555K, capacity 7697K, committed 7808K, reserved 1056768K
  class space    used 732K, capacity 793K, committed 896K, reserved 1048576K
}
Event: 2077.443 GC heap before
{Heap before GC invocations=18 (full 0):
 PSYoungGen      total 54272K, used 51296K [0x000000076b200000, 0x000000076ec80000, 0x00000007c0000000)
  eden space 51200K, 100% used [0x000000076b200000,0x000000076e400000,0x000000076e400000)
  from space 3072K, 3% used [0x000000076e680000,0x000000076e698000,0x000000076e980000)
  to   space 3072K, 0% used [0x000000076e980000,0x000000076e980000,0x000000076ec80000)
 ParOldGen       total 175104K, used 1848K [0x00000006c1600000, 0x00000006cc100000, 0x000000076b200000)
  object space 175104K, 1% used [0x00000006c1600000,0x00000006c17ce068,0x00000006cc100000)
 Metaspace       used 7555K, capacity 7697K, committed 7808K, reserved 1056768K
  class space    used 732K, capacity 793K, committed 896K, reserved 1048576K
Event: 2077.445 GC heap after
Heap after GC invocations=18 (full 0):
 PSYoungGen      total 50688K, used 128K [0x000000076b200000, 0x000000076ea00000, 0x00000007c0000000)
  eden space 50176K, 0% used [0x000000076b200000,0x000000076b200000,0x000000076e300000)
  from space 512K, 25% used [0x000000076e980000,0x000000076e9a0000,0x000000076ea00000)
  to   space 3072K, 0% used [0x000000076e400000,0x000000076e400000,0x000000076e700000)
 ParOldGen       total 175104K, used 1848K [0x00000006c1600000, 0x00000006cc100000, 0x000000076b200000)
  object space 175104K, 1% used [0x00000006c1600000,0x00000006c17ce068,0x00000006cc100000)
 Metaspace       used 7555K, capacity 7697K, committed 7808K, reserved 1056768K
  class space    used 732K, capacity 793K, committed 896K, reserved 1048576K
}
Event: 2177.852 GC heap before
{Heap before GC invocations=19 (full 0):
 PSYoungGen      total 50688K, used 50304K [0x000000076b200000, 0x000000076ea00000, 0x00000007c0000000)
  eden space 50176K, 100% used [0x000000076b200000,0x000000076e300000,0x000000076e300000)
  from space 512K, 25% used [0x000000076e980000,0x000000076e9a0000,0x000000076ea00000)
  to   space 3072K, 0% used [0x000000076e400000,0x000000076e400000,0x000000076e700000)
 ParOldGen       total 175104K, used 1848K [0x00000006c1600000, 0x00000006cc100000, 0x000000076b200000)
  object space 175104K, 1% used [0x00000006c1600000,0x00000006c17ce068,0x00000006cc100000)
 Metaspace       used 7555K, capacity 7697K, committed 7808K, reserved 1056768K
  class space    used 732K, capacity 793K, committed 896K, reserved 1048576K
Event: 2177.854 GC heap after
Heap after GC invocations=19 (full 0):
 PSYoungGen      total 52224K, used 96K [0x000000076b200000, 0x000000076ea00000, 0x00000007c0000000)
  eden space 49152K, 0% used [0x000000076b200000,0x000000076b200000,0x000000076e200000)
  from space 3072K, 3% used [0x000000076e400000,0x000000076e418000,0x000000076e700000)
  to   space 2560K, 0% used [0x000000076e780000,0x000000076e780000,0x000000076ea00000)
 ParOldGen       total 175104K, used 1848K [0x00000006c1600000, 0x00000006cc100000, 0x000000076b200000)
  object space 175104K, 1% used [0x00000006c1600000,0x00000006c17ce068,0x00000006cc100000)
 Metaspace       used 7555K, capacity 7697K, committed 7808K, reserved 1056768K
  class space    used 732K, capacity 793K, committed 896K, reserved 1048576K
}
Event: 2276.209 GC heap before
{Heap before GC invocations=20 (full 0):
 PSYoungGen      total 52224K, used 49247K [0x000000076b200000, 0x000000076ea00000, 0x00000007c0000000)
  eden space 49152K, 99% used [0x000000076b200000,0x000000076e1ffff8,0x000000076e200000)
  from space 3072K, 3% used [0x000000076e400000,0x000000076e418000,0x000000076e700000)
  to   space 2560K, 0% used [0x000000076e780000,0x000000076e780000,0x000000076ea00000)
 ParOldGen       total 175104K, used 1848K [0x00000006c1600000, 0x00000006cc100000, 0x000000076b200000)
  object space 175104K, 1% used [0x00000006c1600000,0x00000006c17ce068,0x00000006cc100000)
 Metaspace       used 7555K, capacity 7697K, committed 7808K, reserved 1056768K
  class space    used 732K, capacity 793K, committed 896K, reserved 1048576K
Event: 2276.211 GC heap after
Heap after GC invocations=20 (full 0):
 PSYoungGen      total 48640K, used 96K [0x000000076b200000, 0x000000076e800000, 0x00000007c0000000)
  eden space 48128K, 0% used [0x000000076b200000,0x000000076b200000,0x000000076e100000)
  from space 512K, 18% used [0x000000076e780000,0x000000076e798000,0x000000076e800000)
  to   space 2560K, 0% used [0x000000076e300000,0x000000076e300000,0x000000076e580000)
 ParOldGen       total 175104K, used 1848K [0x00000006c1600000, 0x00000006cc100000, 0x000000076b200000)
  object space 175104K, 1% used [0x00000006c1600000,0x00000006c17ce068,0x00000006cc100000)
 Metaspace       used 7555K, capacity 7697K, committed 7808K, reserved 1056768K
  class space    used 732K, capacity 793K, committed 896K, reserved 1048576K
}
Event: 2372.527 GC heap before
{Heap before GC invocations=21 (full 0):
 PSYoungGen      total 48640K, used 48224K [0x000000076b200000, 0x000000076e800000, 0x00000007c0000000)
  eden space 48128K, 100% used [0x000000076b200000,0x000000076e100000,0x000000076e100000)
  from space 512K, 18% used [0x000000076e780000,0x000000076e798000,0x000000076e800000)
  to   space 2560K, 0% used [0x000000076e300000,0x000000076e300000,0x000000076e580000)
 ParOldGen       total 175104K, used 1848K [0x00000006c1600000, 0x00000006cc100000, 0x000000076b200000)
  object space 175104K, 1% used [0x00000006c1600000,0x00000006c17ce068,0x00000006cc100000)
 Metaspace       used 7555K, capacity 7697K, committed 7808K, reserved 1056768K
  class space    used 732K, capacity 793K, committed 896K, reserved 1048576K
Event: 2372.529 GC heap after
Heap after GC invocations=21 (full 0):
 PSYoungGen      total 50176K, used 96K [0x000000076b200000, 0x000000076e800000, 0x00000007c0000000)
  eden space 47616K, 0% used [0x000000076b200000,0x000000076b200000,0x000000076e080000)
  from space 2560K, 3% used [0x000000076e300000,0x000000076e318000,0x000000076e580000)
  to   space 2560K, 0% used [0x000000076e580000,0x000000076e580000,0x000000076e800000)
 ParOldGen       total 175104K, used 1848K [0x00000006c1600000, 0x00000006cc100000, 0x000000076b200000)
  object space 175104K, 1% used [0x00000006c1600000,0x00000006c17ce068,0x00000006cc100000)
 Metaspace       used 7555K, capacity 7697K, committed 7808K, reserved 1056768K
  class space    used 732K, capacity 793K, committed 896K, reserved 1048576K
}

Deoptimization events (6 events):
Event: 0.508 Thread 0x0000000002330800 Uncommon trap: reason=unstable_if action=reinterpret pc=0x00000000025ddd28 method=java.lang.String.indexOf([CII[CIII)I @ 123
Event: 1.347 Thread 0x0000000002330800 Uncommon trap: reason=unstable_if action=reinterpret pc=0x0000000002682954 method=terrains.Terrain.getHeight(IILjava/awt/image/BufferedImage;)F @ 21
Event: 1.622 Thread 0x0000000002330800 Uncommon trap: reason=unstable_if action=reinterpret pc=0x00000000026bd128 method=java.io.BufferedReader.readLine(Z)Ljava/lang/String; @ 153
Event: 1.622 Thread 0x0000000002330800 Uncommon trap: reason=unstable_if action=reinterpret pc=0x00000000026c56f0 method=java.lang.String.trim()Ljava/lang/String; @ 44
Event: 17.996 Thread 0x0000000002330800 Uncommon trap: reason=unstable_if action=reinterpret pc=0x0000000002815b40 method=entities.Ball.checkInputs()V @ 62
Event: 1052.525 Thread 0x0000000002330800 Uncommon trap: reason=unstable_if action=reinterpret pc=0x0000000002837b7c method=org.lwjgl.opengl.WindowsDisplay.update()V @ 40

Internal exceptions (9 events):
Event: 0.024 Thread 0x0000000002330800 Exception <a 'java/lang/NoSuchMethodError': Method sun.misc.Unsafe.defineClass(Ljava/lang/String;[BII)Ljava/lang/Class; name or signature does not match> (0x000000076b207cc0) thrown at [D:\re\workspace\8-2-build-windows-amd64-cygwin\jdk8u92\6642\hotspot\srÒ<nxò?
Event: 0.024 Thread 0x0000000002330800 Exception <a 'java/lang/NoSuchMethodError': Method sun.misc.Unsafe.prefetchRead(Ljava/lang/Object;J)V name or signature does not match> (0x000000076b207fa8) thrown at [D:\re\workspace\8-2-build-windows-amd64-cygwin\jdk8u92\6642\hotspot\src\share\vm\prims\j¡W∫YQ‡?
Event: 0.510 Thread 0x0000000002330800 Exception <a 'java/security/PrivilegedActionException'> (0x000000076b835ad8) thrown at [D:\re\workspace\8-2-build-windows-amd64-cygwin\jdk8u92\6642\hotspot\src\share\vm\prims\jvm.cpp, line 1386]
Event: 0.510 Thread 0x0000000002330800 Exception <a 'java/security/PrivilegedActionException'> (0x000000076b835ed0) thrown at [D:\re\workspace\8-2-build-windows-amd64-cygwin\jdk8u92\6642\hotspot\src\share\vm\prims\jvm.cpp, line 1386]
Event: 0.510 Thread 0x0000000002330800 Exception <a 'java/security/PrivilegedActionException'> (0x000000076b83a0e8) thrown at [D:\re\workspace\8-2-build-windows-amd64-cygwin\jdk8u92\6642\hotspot\src\share\vm\prims\jvm.cpp, line 1386]
Event: 0.510 Thread 0x0000000002330800 Exception <a 'java/security/PrivilegedActionException'> (0x000000076b83a4e0) thrown at [D:\re\workspace\8-2-build-windows-amd64-cygwin\jdk8u92\6642\hotspot\src\share\vm\prims\jvm.cpp, line 1386]
Event: 1.225 Thread 0x0000000002330800 Exception <a 'java/io/FileNotFoundException'> (0x000000076bc06788) thrown at [D:\re\workspace\8-2-build-windows-amd64-cygwin\jdk8u92\6642\hotspot\src\share\vm\prims\jni.cpp, line 709]
Event: 1.271 Thread 0x0000000002330800 Exception <a 'java/lang/NoSuchFieldError': method resolution failed> (0x000000076bcd3738) thrown at [D:\re\workspace\8-2-build-windows-amd64-cygwin\jdk8u92\6642\hotspot\src\share\vm\prims\methodHandles.cpp, line 1146]
Event: 1.273 Thread 0x0000000002330800 Exception <a 'java/lang/NoSuchFieldError': method resolution failed> (0x000000076bce0e58) thrown at [D:\re\workspace\8-2-build-windows-amd64-cygwin\jdk8u92\6642\hotspot\src\share\vm\prims\methodHandles.cpp, line 1146]

Events (10 events):
Event: 1974.983 Executing VM operation: ParallelGCFailedAllocation
Event: 1974.984 Executing VM operation: ParallelGCFailedAllocation done
Event: 2077.443 Executing VM operation: ParallelGCFailedAllocation
Event: 2077.445 Executing VM operation: ParallelGCFailedAllocation done
Event: 2177.852 Executing VM operation: ParallelGCFailedAllocation
Event: 2177.854 Executing VM operation: ParallelGCFailedAllocation done
Event: 2276.209 Executing VM operation: ParallelGCFailedAllocation
Event: 2276.211 Executing VM operation: ParallelGCFailedAllocation done
Event: 2372.527 Executing VM operation: ParallelGCFailedAllocation
Event: 2372.529 Executing VM operation: ParallelGCFailedAllocation done


Dynamic libraries:
0x00007ff768d10000 - 0x00007ff768d47000 	C:\Program Files\Java\jdk1.8.0_92\bin\javaw.exe
0x00007ff9d3270000 - 0x00007ff9d3431000 	C:\WINDOWS\SYSTEM32\ntdll.dll
0x00007ff9d1610000 - 0x00007ff9d16bd000 	C:\WINDOWS\system32\KERNEL32.DLL
0x00007ff9cf9a0000 - 0x00007ff9cfb88000 	C:\WINDOWS\system32\KERNELBASE.dll
0x00007ff9d1130000 - 0x00007ff9d11d7000 	C:\WINDOWS\system32\ADVAPI32.dll
0x00007ff9d16c0000 - 0x00007ff9d175d000 	C:\WINDOWS\system32\msvcrt.dll
0x00007ff9d0ae0000 - 0x00007ff9d0b3b000 	C:\WINDOWS\system32\sechost.dll
0x00007ff9d1290000 - 0x00007ff9d13ac000 	C:\WINDOWS\system32\RPCRT4.dll
0x00007ff9d06e0000 - 0x00007ff9d0836000 	C:\WINDOWS\system32\USER32.dll
0x00007ff9d1a20000 - 0x00007ff9d1ba6000 	C:\WINDOWS\system32\GDI32.dll
0x00007ff9cba70000 - 0x00007ff9cbce4000 	C:\WINDOWS\WinSxS\amd64_microsoft.windows.common-controls_6595b64144ccf1df_6.0.10586.0_none_8c15ae12515e1c22\COMCTL32.dll
0x00007ff9d0840000 - 0x00007ff9d0abd000 	C:\WINDOWS\system32\combase.dll
0x00007ff9cfe60000 - 0x00007ff9cfeca000 	C:\WINDOWS\system32\bcryptPrimitives.dll
0x00007ff9d1490000 - 0x00007ff9d14cb000 	C:\WINDOWS\system32\IMM32.DLL
0x0000000055930000 - 0x0000000055a02000 	C:\Program Files\Java\jdk1.8.0_92\jre\bin\msvcr100.dll
0x0000000055bc0000 - 0x0000000056456000 	C:\Program Files\Java\jdk1.8.0_92\jre\bin\server\jvm.dll
0x00007ff9d1480000 - 0x00007ff9d1488000 	C:\WINDOWS\system32\PSAPI.DLL
0x00007ff9cc520000 - 0x00007ff9cc52a000 	C:\WINDOWS\SYSTEM32\VERSION.dll
0x00007ff9cd740000 - 0x00007ff9cd763000 	C:\WINDOWS\SYSTEM32\WINMM.dll
0x00007ff9af8a0000 - 0x00007ff9af8a9000 	C:\WINDOWS\SYSTEM32\WSOCK32.dll
0x00007ff9d14d0000 - 0x00007ff9d153b000 	C:\WINDOWS\system32\WS2_32.dll
0x0000000002060000 - 0x000000000208c000 	C:\WINDOWS\SYSTEM32\WINMMBASE.dll
0x00007ff9cfe10000 - 0x00007ff9cfe53000 	C:\WINDOWS\system32\cfgmgr32.dll
0x0000000055ad0000 - 0x0000000055adf000 	C:\Program Files\Java\jdk1.8.0_92\jre\bin\verify.dll
0x0000000055aa0000 - 0x0000000055ac9000 	C:\Program Files\Java\jdk1.8.0_92\jre\bin\java.dll
0x0000000055a80000 - 0x0000000055a96000 	C:\Program Files\Java\jdk1.8.0_92\jre\bin\zip.dll
0x00007ff9d1bc0000 - 0x00007ff9d311c000 	C:\WINDOWS\system32\SHELL32.dll
0x00007ff9d0020000 - 0x00007ff9d0664000 	C:\WINDOWS\system32\windows.storage.dll
0x00007ff9d0b40000 - 0x00007ff9d0b92000 	C:\WINDOWS\system32\shlwapi.dll
0x00007ff9cf890000 - 0x00007ff9cf89f000 	C:\WINDOWS\system32\kernel.appcore.dll
0x00007ff9cff60000 - 0x00007ff9d0015000 	C:\WINDOWS\system32\shcore.dll
0x00007ff9cf8a0000 - 0x00007ff9cf8eb000 	C:\WINDOWS\system32\powrprof.dll
0x00007ff9cf900000 - 0x00007ff9cf914000 	C:\WINDOWS\system32\profapi.dll
0x0000000180000000 - 0x0000000180051000 	C:\Users\User\Documents\DKE\gitHub\MiniGolf\res\lib\native\windows\lwjgl64.dll
0x00007ff9af8b0000 - 0x00007ff9af9d9000 	C:\WINDOWS\SYSTEM32\OPENGL32.dll
0x00007ff9afc10000 - 0x00007ff9afc3e000 	C:\WINDOWS\SYSTEM32\GLU32.dll
0x00007ff9af2e0000 - 0x00007ff9af3da000 	C:\WINDOWS\SYSTEM32\DDRAW.dll
0x00007ff9b2850000 - 0x00007ff9b2858000 	C:\WINDOWS\SYSTEM32\DCIMAN32.dll
0x00007ff9ce160000 - 0x00007ff9ce1f6000 	C:\WINDOWS\system32\uxtheme.dll
0x00007ff9d0ba0000 - 0x00007ff9d0cfa000 	C:\WINDOWS\system32\MSCTF.dll
0x00007ff9cd150000 - 0x00007ff9cd172000 	C:\WINDOWS\system32\dwmapi.dll
0x00007ff997260000 - 0x00007ff997f6b000 	C:\WINDOWS\SYSTEM32\ig9icd64.dll
0x00007ff9cd6f0000 - 0x00007ff9cd703000 	C:\WINDOWS\SYSTEM32\WTSAPI32.dll
0x00007ff9c85d0000 - 0x00007ff9c9440000 	C:\WINDOWS\SYSTEM32\igc64.dll
0x00007ff9cbd00000 - 0x00007ff9cbd91000 	C:\WINDOWS\SYSTEM32\mscms.dll
0x00007ff9cf050000 - 0x00007ff9cf06f000 	C:\WINDOWS\SYSTEM32\USERENV.dll
0x00007ff9a9990000 - 0x00007ff9a99d2000 	C:\WINDOWS\SYSTEM32\icm32.dll
0x0000000055790000 - 0x0000000055928000 	C:\Program Files\Java\jdk1.8.0_92\jre\bin\awt.dll
0x00007ff9d1540000 - 0x00007ff9d1601000 	C:\WINDOWS\system32\OLEAUT32.dll
0x00007ff9ce080000 - 0x00007ff9ce0f9000 	C:\WINDOWS\system32\apphelp.dll
0x00007ff9ceb30000 - 0x00007ff9ceb86000 	C:\WINDOWS\SYSTEM32\WINSTA.dll
0x00007ff9b3950000 - 0x00007ff9b3adc000 	C:\WINDOWS\SYSTEM32\dbghelp.dll

VM Arguments:
jvm_args: -Djava.library.path=C:\Users\User\Documents\DKE\gitHub\MiniGolf\res\lib\native\macosx;C:\Users\User\Documents\DKE\gitHub\MiniGolf\res\lib\native\windows -Dfile.encoding=Cp1252 
java_command: engineTester.MainGameLoop
java_class_path (initial): C:\Users\User\Documents\DKE\gitHub\MiniGolf\bin;C:\Users\User\Documents\DKE\gitHub\MiniGolf\res\lib\jar\lwjgl_util.jar;C:\Users\User\Documents\DKE\gitHub\MiniGolf\res\lib\jar\lwjgl.jar;C:\Users\User\Documents\DKE\gitHub\MiniGolf\res\lib\jar\slick-util.jar;C:\Users\User\Documents\DKE\gitHub\MiniGolf\res\lib\jar\PNGDecoder.jar
Launcher Type: SUN_STANDARD

Environment Variables:
PATH=C:/Program Files/Java/jdk1.8.0_92/bin/../jre/bin/server;C:/Program Files/Java/jdk1.8.0_92/bin/../jre/bin;C:/Program Files/Java/jdk1.8.0_92/bin/../jre/lib/amd64;C:\Program Files\Java\jdk1.8.0_92\bin;C:\Program Files (x86)\Skype\Phone\;C:\Program Files\Java\jdk1.8.0_92\bin;C:\Program Files\eclipse;
USERNAME=User
OS=Windows_NT
PROCESSOR_IDENTIFIER=Intel64 Family 6 Model 94 Stepping 3, GenuineIntel



---------------  S Y S T E M  ---------------

OS: Windows 10.0 , 64 bit Build 10586 (10.0.10586.0)

CPU:total 8 (4 cores per cpu, 2 threads per core) family 6 model 94 stepping 3, cmov, cx8, fxsr, mmx, sse, sse2, sse3, ssse3, sse4.1, sse4.2, popcnt, avx, avx2, aes, clmul, erms, rtm, 3dnowpref, lzcnt, ht, tsc, tscinvbit, bmi1, bmi2, adx

Memory: 4k page, physical 16682072k(11976304k free), swap 19172440k(12445852k free)

vm_info: Java HotSpot(TM) 64-Bit Server VM (25.92-b14) for windows-amd64 JRE (1.8.0_92-b14), built on Mar 31 2016 21:03:04 by "java_re" with MS VC++ 10.0 (VS2010)

time: Sat May 21 00:41:22 2016
elapsed time: 2389 seconds (0d 0h 39m 49s)

