#
# A fatal error has been detected by the Java Runtime Environment:
#
#  EXCEPTION_ACCESS_VIOLATION (0xc0000005) at pc=0x00007ff88d8e7627, pid=6648, tid=0x0000000000000f30
#
# JRE version: Java(TM) SE Runtime Environment (8.0_92-b14) (build 1.8.0_92-b14)
# Java VM: Java HotSpot(TM) 64-Bit Server VM (25.92-b14 mixed mode windows-amd64 compressed oops)
# Problematic frame:
# C  [ig9icd64.dll+0x17627]
#
# Failed to write core dump. Minidumps are not enabled by default on client versions of Windows
#
# If you would like to submit a bug report, please visit:
#   http://bugreport.java.com/bugreport/crash.jsp
# The crash happened outside the Java Virtual Machine in native code.
# See problematic frame for where to report the bug.
#

---------------  T H R E A D  ---------------

Current thread (0x0000000002240800):  JavaThread "main" [_thread_in_native, id=3888, stack(0x00000000020a0000,0x00000000021a0000)]

siginfo: ExceptionCode=0xc0000005, writing address 0x0000000000000000

Registers:
RAX=0x00000000e31d7000, RBX=0x0000000000000000, RCX=0x0000000000000040, RDX=0x000000000219e650
RSP=0x000000000219e5c0, RBP=0x000000000219e760, RSI=0x000000000050c9b0, RDI=0x00000000004ddf80
R8 =0x0000000000000040, R9 =0x00007ff88d8d0000, R10=0x0000000000000000, R11=0x0000000000000246
R12=0x0000000000000000, R13=0x00000000004ddf80, R14=0x0000000000000000, R15=0x00000000644320b0
RIP=0x00007ff88d8e7627, EFLAGS=0x0000000000010206

Top of Stack: (sp=0x000000000219e5c0)
0x000000000219e5c0:   000000000050cab8 0000000000000000
0x000000000219e5d0:   0000000000000008 0000000000000000
0x000000000219e5e0:   000000000219e600 00007ff88d9559a4
0x000000000219e5f0:   000000005f9b5790 00007ff88d95cc29
0x000000000219e600:   0000000000000000 0000000000000000
0x000000000219e610:   00000000e31d7000 0000000000000000
0x000000000219e620:   0000000000000000 0977000000000000
0x000000000219e630:   0000000000000000 0000000000000000
0x000000000219e640:   0000000000000000 0000000000000000
0x000000000219e650:   000000005f9b5790 00007ff88d94983e
0x000000000219e660:   000000000050cd80 000000000219e760
0x000000000219e670:   000000005f9b5790 0000000000000000
0x000000000219e680:   0000000000000001 0000000000000000
0x000000000219e690:   000000000219e718 00007ff88d931238
0x000000000219e6a0:   01000c1c7a000004 0000000000000000
0x000000000219e6b0:   0000000000000000 0000000000000000 

Instructions: (pc=0x00007ff88d8e7627)
0x00007ff88d8e7607:   83 f8 0f 0f 87 99 03 00 00 4c 8d 0d e9 89 fe ff
0x00007ff88d8e7617:   41 8b 84 81 d0 79 01 00 49 03 c1 ff e0 8b 42 c0
0x00007ff88d8e7627:   89 41 c0 8b 42 c4 89 41 c4 8b 42 c8 89 41 c8 8b
0x00007ff88d8e7637:   42 cc 89 41 cc 8b 42 d0 89 41 d0 8b 42 d4 89 41 


Register to memory mapping:

RAX=0x00000000e31d7000 is an unknown value
RBX=0x0000000000000000 is an unknown value
RCX=0x0000000000000040 is an unknown value
RDX=0x000000000219e650 is pointing into the stack for thread: 0x0000000002240800
RSP=0x000000000219e5c0 is pointing into the stack for thread: 0x0000000002240800
RBP=0x000000000219e760 is pointing into the stack for thread: 0x0000000002240800
RSI=0x000000000050c9b0 is an unknown value
RDI=0x00000000004ddf80 is an unknown value
R8 =0x0000000000000040 is an unknown value
R9 =0x00007ff88d8d0000 is an unknown value
R10=0x0000000000000000 is an unknown value
R11=0x0000000000000246 is an unknown value
R12=0x0000000000000000 is an unknown value
R13=0x00000000004ddf80 is an unknown value
R14=0x0000000000000000 is an unknown value
R15=0x00000000644320b0 is an unknown value


Stack: [0x00000000020a0000,0x00000000021a0000],  sp=0x000000000219e5c0,  free space=1017k
Native frames: (J=compiled Java code, j=interpreted, Vv=VM code, C=native code)
C  [ig9icd64.dll+0x17627]
C  [ig9icd64.dll+0x859a4]
C  [ig9icd64.dll+0x7983e]
C  [ig9icd64.dll+0x21b6d6]
C  [ig9icd64.dll+0x58e737]
C  [ig9icd64.dll+0x58e270]
C  [ig9icd64.dll+0x572a53]
C  [OPENGL32.dll+0x2a08d]
C  [ig9icd64.dll+0x5735ae]
C  [ig9icd64.dll+0x5732ef]
C  [OPENGL32.dll+0x3cd7e]
C  [GDI32.dll+0x8bcfb]
C  0x0000000002814d54

Java frames: (J=compiled Java code, j=interpreted, Vv=VM code)
J 1048  org.lwjgl.opengl.WindowsContextImplementation.nSwapBuffers(Ljava/nio/ByteBuffer;)V (0 bytes) @ 0x0000000002814cd2 [0x0000000002814c80+0x52]
J 1194 C2 org.lwjgl.opengl.Display.swapBuffers()V (55 bytes) @ 0x00000000028ddc34 [0x00000000028dda20+0x214]
J 1198 C2 org.lwjgl.opengl.Display.update(Z)V (154 bytes) @ 0x00000000028e2850 [0x00000000028e27c0+0x90]
J 1175 C2 engineTester.SinglePlayer.render()V (305 bytes) @ 0x00000000028d62ec [0x00000000028d5940+0x9ac]
j  engineTester.MainGameLoop.main([Ljava/lang/String;)V+19
v  ~StubRoutines::call_stub

---------------  P R O C E S S  ---------------

Java Threads: ( => current thread )
  0x0000000064c60800 JavaThread "Java2D Disposer" daemon [_thread_blocked, id=3260, stack(0x0000000068360000,0x0000000068460000)]
  0x0000000064886000 JavaThread "LWJGL Timer" daemon [_thread_blocked, id=6624, stack(0x0000000068260000,0x0000000068360000)]
  0x000000001dd65800 JavaThread "Service Thread" daemon [_thread_blocked, id=3008, stack(0x000000001e910000,0x000000001ea10000)]
  0x000000001dd47800 JavaThread "C1 CompilerThread3" daemon [_thread_blocked, id=3144, stack(0x000000001e810000,0x000000001e910000)]
  0x000000001dd41800 JavaThread "C2 CompilerThread2" daemon [_thread_blocked, id=4772, stack(0x000000001e710000,0x000000001e810000)]
  0x000000001dd3a800 JavaThread "C2 CompilerThread1" daemon [_thread_blocked, id=7632, stack(0x000000001e610000,0x000000001e710000)]
  0x000000001dd38000 JavaThread "C2 CompilerThread0" daemon [_thread_blocked, id=4860, stack(0x000000001e510000,0x000000001e610000)]
  0x000000001dd37000 JavaThread "Attach Listener" daemon [_thread_blocked, id=2060, stack(0x000000001e410000,0x000000001e510000)]
  0x000000001dd34000 JavaThread "Signal Dispatcher" daemon [_thread_blocked, id=440, stack(0x000000001e310000,0x000000001e410000)]
  0x000000001be43800 JavaThread "Finalizer" daemon [_thread_blocked, id=1456, stack(0x000000001e110000,0x000000001e210000)]
  0x0000000002336000 JavaThread "Reference Handler" daemon [_thread_blocked, id=5684, stack(0x000000001dc10000,0x000000001dd10000)]
=>0x0000000002240800 JavaThread "main" [_thread_in_native, id=3888, stack(0x00000000020a0000,0x00000000021a0000)]

Other Threads:
  0x000000001be39000 VMThread [stack: 0x000000001db10000,0x000000001dc10000] [id=2028]
  0x000000001dd6a800 WatcherThread [stack: 0x000000001ea10000,0x000000001eb10000] [id=7628]

VM state:not at safepoint (normal execution)

VM Mutex/Monitor currently owned by a thread: None

Heap:
 PSYoungGen      total 31744K, used 28083K [0x000000076b200000, 0x000000077bd80000, 0x00000007c0000000)
  eden space 31232K, 89% used [0x000000076b200000,0x000000076cd3cb08,0x000000076d080000)
  from space 512K, 37% used [0x000000077bd00000,0x000000077bd30108,0x000000077bd80000)
  to   space 512K, 0% used [0x000000077bc80000,0x000000077bc80000,0x000000077bd00000)
 ParOldGen       total 175104K, used 11405K [0x00000006c1600000, 0x00000006cc100000, 0x000000076b200000)
  object space 175104K, 6% used [0x00000006c1600000,0x00000006c21234e8,0x00000006cc100000)
 Metaspace       used 7584K, capacity 7773K, committed 8064K, reserved 1056768K
  class space    used 737K, capacity 793K, committed 896K, reserved 1048576K

Card table byte_map: [0x00000000117b0000,0x0000000011fb0000] byte_map_base: 0x000000000e1a5000

Marking Bits: (ParMarkBitMap*) 0x000000006ee464f0
 Begin Bits: [0x0000000012d00000, 0x0000000016ca8000)
 End Bits:   [0x0000000016ca8000, 0x000000001ac50000)

Polling page: 0x0000000000ae0000

CodeCache: size=245760Kb used=4954Kb max_used=5050Kb free=240805Kb
 bounds [0x00000000023f0000, 0x00000000028f0000, 0x00000000113f0000]
 total_blobs=1598 nmethods=1157 adapters=354
 compilation: enabled

Compilation events (10 events):
Event: 129.139 Thread 0x000000001dd38000 1198   !   4       org.lwjgl.opengl.Display::update (154 bytes)
Event: 129.143 Thread 0x000000001dd38000 nmethod 1198 0x00000000028e25d0 code [0x00000000028e27c0, 0x00000000028e2df0]
Event: 141.430 Thread 0x000000001dd41800 1199       4       entities.Ball::checkTestingInputs (192 bytes)
Event: 141.438 Thread 0x000000001dd41800 nmethod 1199 0x00000000025af450 code [0x00000000025af6c0, 0x00000000025b07b8]
Event: 154.565 Thread 0x000000001dd38000 1200       4       entities.Ball::frictionEffect (47 bytes)
Event: 154.566 Thread 0x000000001dd38000 nmethod 1200 0x000000000289acd0 code [0x000000000289ae00, 0x000000000289aed8]
Event: 159.471 Thread 0x000000001dd3a800 1201       4       collision.Operation::subtract (43 bytes)
Event: 159.472 Thread 0x000000001dd3a800 nmethod 1201 0x00000000024fd210 code [0x00000000024fd360, 0x00000000024fd478]
Event: 159.979 Thread 0x000000001dd41800 1202       4       org.lwjgl.opengl.WindowsDisplay::handleMessage (29 bytes)
Event: 159.980 Thread 0x000000001dd41800 nmethod 1202 0x00000000028e2310 code [0x00000000028e2460, 0x00000000028e2508]

GC Heap History (10 events):
Event: 335.879 GC heap before
{Heap before GC invocations=456 (full 0):
 PSYoungGen      total 31744K, used 31516K [0x000000076b200000, 0x000000077bd80000, 0x00000007c0000000)
  eden space 31232K, 100% used [0x000000076b200000,0x000000076d080000,0x000000076d080000)
  from space 512K, 55% used [0x000000077bc80000,0x000000077bcc7118,0x000000077bd00000)
  to   space 512K, 0% used [0x000000077bd00000,0x000000077bd00000,0x000000077bd80000)
 ParOldGen       total 175104K, used 11405K [0x00000006c1600000, 0x00000006cc100000, 0x000000076b200000)
  object space 175104K, 6% used [0x00000006c1600000,0x00000006c21234e8,0x00000006cc100000)
 Metaspace       used 7584K, capacity 7773K, committed 8064K, reserved 1056768K
  class space    used 737K, capacity 793K, committed 896K, reserved 1048576K
Event: 335.881 GC heap after
Heap after GC invocations=456 (full 0):
 PSYoungGen      total 31744K, used 284K [0x000000076b200000, 0x000000077bd80000, 0x00000007c0000000)
  eden space 31232K, 0% used [0x000000076b200000,0x000000076b200000,0x000000076d080000)
  from space 512K, 55% used [0x000000077bd00000,0x000000077bd47118,0x000000077bd80000)
  to   space 512K, 0% used [0x000000077bc80000,0x000000077bc80000,0x000000077bd00000)
 ParOldGen       total 175104K, used 11405K [0x00000006c1600000, 0x00000006cc100000, 0x000000076b200000)
  object space 175104K, 6% used [0x00000006c1600000,0x00000006c21234e8,0x00000006cc100000)
 Metaspace       used 7584K, capacity 7773K, committed 8064K, reserved 1056768K
  class space    used 737K, capacity 793K, committed 896K, reserved 1048576K
}
Event: 336.378 GC heap before
{Heap before GC invocations=457 (full 0):
 PSYoungGen      total 31744K, used 31405K [0x000000076b200000, 0x000000077bd80000, 0x00000007c0000000)
  eden space 31232K, 99% used [0x000000076b200000,0x000000076d064338,0x000000076d080000)
  from space 512K, 55% used [0x000000077bd00000,0x000000077bd47118,0x000000077bd80000)
  to   space 512K, 0% used [0x000000077bc80000,0x000000077bc80000,0x000000077bd00000)
 ParOldGen       total 175104K, used 11405K [0x00000006c1600000, 0x00000006cc100000, 0x000000076b200000)
  object space 175104K, 6% used [0x00000006c1600000,0x00000006c21234e8,0x00000006cc100000)
 Metaspace       used 7584K, capacity 7773K, committed 8064K, reserved 1056768K
  class space    used 737K, capacity 793K, committed 896K, reserved 1048576K
Event: 336.379 GC heap after
Heap after GC invocations=457 (full 0):
 PSYoungGen      total 31744K, used 192K [0x000000076b200000, 0x000000077bd80000, 0x00000007c0000000)
  eden space 31232K, 0% used [0x000000076b200000,0x000000076b200000,0x000000076d080000)
  from space 512K, 37% used [0x000000077bc80000,0x000000077bcb0108,0x000000077bd00000)
  to   space 512K, 0% used [0x000000077bd00000,0x000000077bd00000,0x000000077bd80000)
 ParOldGen       total 175104K, used 11405K [0x00000006c1600000, 0x00000006cc100000, 0x000000076b200000)
  object space 175104K, 6% used [0x00000006c1600000,0x00000006c21234e8,0x00000006cc100000)
 Metaspace       used 7584K, capacity 7773K, committed 8064K, reserved 1056768K
  class space    used 737K, capacity 793K, committed 896K, reserved 1048576K
}
Event: 336.878 GC heap before
{Heap before GC invocations=458 (full 0):
 PSYoungGen      total 31744K, used 31389K [0x000000076b200000, 0x000000077bd80000, 0x00000007c0000000)
  eden space 31232K, 99% used [0x000000076b200000,0x000000076d077530,0x000000076d080000)
  from space 512K, 37% used [0x000000077bc80000,0x000000077bcb0108,0x000000077bd00000)
  to   space 512K, 0% used [0x000000077bd00000,0x000000077bd00000,0x000000077bd80000)
 ParOldGen       total 175104K, used 11405K [0x00000006c1600000, 0x00000006cc100000, 0x000000076b200000)
  object space 175104K, 6% used [0x00000006c1600000,0x00000006c21234e8,0x00000006cc100000)
 Metaspace       used 7584K, capacity 7773K, committed 8064K, reserved 1056768K
  class space    used 737K, capacity 793K, committed 896K, reserved 1048576K
Event: 336.879 GC heap after
Heap after GC invocations=458 (full 0):
 PSYoungGen      total 31744K, used 252K [0x000000076b200000, 0x000000077bd80000, 0x00000007c0000000)
  eden space 31232K, 0% used [0x000000076b200000,0x000000076b200000,0x000000076d080000)
  from space 512K, 49% used [0x000000077bd00000,0x000000077bd3f118,0x000000077bd80000)
  to   space 512K, 0% used [0x000000077bc80000,0x000000077bc80000,0x000000077bd00000)
 ParOldGen       total 175104K, used 11405K [0x00000006c1600000, 0x00000006cc100000, 0x000000076b200000)
  object space 175104K, 6% used [0x00000006c1600000,0x00000006c21234e8,0x00000006cc100000)
 Metaspace       used 7584K, capacity 7773K, committed 8064K, reserved 1056768K
  class space    used 737K, capacity 793K, committed 896K, reserved 1048576K
}
Event: 337.378 GC heap before
{Heap before GC invocations=459 (full 0):
 PSYoungGen      total 31744K, used 31368K [0x000000076b200000, 0x000000077bd80000, 0x00000007c0000000)
  eden space 31232K, 99% used [0x000000076b200000,0x000000076d063268,0x000000076d080000)
  from space 512K, 49% used [0x000000077bd00000,0x000000077bd3f118,0x000000077bd80000)
  to   space 512K, 0% used [0x000000077bc80000,0x000000077bc80000,0x000000077bd00000)
 ParOldGen       total 175104K, used 11405K [0x00000006c1600000, 0x00000006cc100000, 0x000000076b200000)
  object space 175104K, 6% used [0x00000006c1600000,0x00000006c21234e8,0x00000006cc100000)
 Metaspace       used 7584K, capacity 7773K, committed 8064K, reserved 1056768K
  class space    used 737K, capacity 793K, committed 896K, reserved 1048576K
Event: 337.379 GC heap after
Heap after GC invocations=459 (full 0):
 PSYoungGen      total 31744K, used 192K [0x000000076b200000, 0x000000077bd80000, 0x00000007c0000000)
  eden space 31232K, 0% used [0x000000076b200000,0x000000076b200000,0x000000076d080000)
  from space 512K, 37% used [0x000000077bc80000,0x000000077bcb0108,0x000000077bd00000)
  to   space 512K, 0% used [0x000000077bd00000,0x000000077bd00000,0x000000077bd80000)
 ParOldGen       total 175104K, used 11405K [0x00000006c1600000, 0x00000006cc100000, 0x000000076b200000)
  object space 175104K, 6% used [0x00000006c1600000,0x00000006c21234e8,0x00000006cc100000)
 Metaspace       used 7584K, capacity 7773K, committed 8064K, reserved 1056768K
  class space    used 737K, capacity 793K, committed 896K, reserved 1048576K
}
Event: 337.878 GC heap before
{Heap before GC invocations=460 (full 0):
 PSYoungGen      total 31744K, used 31388K [0x000000076b200000, 0x000000077bd80000, 0x00000007c0000000)
  eden space 31232K, 99% used [0x000000076b200000,0x000000076d0770c0,0x000000076d080000)
  from space 512K, 37% used [0x000000077bc80000,0x000000077bcb0108,0x000000077bd00000)
  to   space 512K, 0% used [0x000000077bd00000,0x000000077bd00000,0x000000077bd80000)
 ParOldGen       total 175104K, used 11405K [0x00000006c1600000, 0x00000006cc100000, 0x000000076b200000)
  object space 175104K, 6% used [0x00000006c1600000,0x00000006c21234e8,0x00000006cc100000)
 Metaspace       used 7584K, capacity 7773K, committed 8064K, reserved 1056768K
  class space    used 737K, capacity 793K, committed 896K, reserved 1048576K
Event: 337.879 GC heap after
Heap after GC invocations=460 (full 0):
 PSYoungGen      total 31744K, used 192K [0x000000076b200000, 0x000000077bd80000, 0x00000007c0000000)
  eden space 31232K, 0% used [0x000000076b200000,0x000000076b200000,0x000000076d080000)
  from space 512K, 37% used [0x000000077bd00000,0x000000077bd30108,0x000000077bd80000)
  to   space 512K, 0% used [0x000000077bc80000,0x000000077bc80000,0x000000077bd00000)
 ParOldGen       total 175104K, used 11405K [0x00000006c1600000, 0x00000006cc100000, 0x000000076b200000)
  object space 175104K, 6% used [0x00000006c1600000,0x00000006c21234e8,0x00000006cc100000)
 Metaspace       used 7584K, capacity 7773K, committed 8064K, reserved 1056768K
  class space    used 737K, capacity 793K, committed 896K, reserved 1048576K
}

Deoptimization events (10 events):
Event: 6.478 Thread 0x0000000002240800 Uncommon trap: reason=unstable_if action=reinterpret pc=0x0000000002821bd0 method=geometry.Triangle2D.contain(Lorg/lwjgl/util/vector/Vector2f;)Z @ 42
Event: 6.478 Thread 0x0000000002240800 Uncommon trap: reason=unstable_if action=reinterpret pc=0x000000000270a740 method=entities.Ball.collide(Lgeometry/Triangle;)Z @ 33
Event: 6.489 Thread 0x0000000002240800 Uncommon trap: reason=unstable_if action=reinterpret pc=0x00000000027348e0 method=geometry.Triangle2D.contain(Lorg/lwjgl/util/vector/Vector2f;)Z @ 42
Event: 7.063 Thread 0x0000000002240800 Uncommon trap: reason=unloaded action=reinterpret pc=0x000000000284e888 method=entities.Ball.collide(Lgeometry/Triangle;)Z @ 95
Event: 15.897 Thread 0x0000000002240800 Uncommon trap: reason=unstable_if action=reinterpret pc=0x000000000285e8b4 method=entities.Ball.isInTriangle(Lgeometry/Triangle;)Z @ 409
Event: 48.318 Thread 0x0000000002240800 Uncommon trap: reason=unstable_if action=reinterpret pc=0x00000000028b5780 method=org.lwjgl.input.Mouse.isButtonDown(I)Z @ 45
Event: 48.318 Thread 0x0000000002240800 Uncommon trap: reason=unstable_if action=reinterpret pc=0x000000000289aaa0 method=org.lwjgl.input.Mouse.isButtonDown(I)Z @ 45
Event: 86.542 Thread 0x0000000002240800 Uncommon trap: reason=unstable_if action=reinterpret pc=0x00000000028bfa20 method=org.lwjgl.opengl.WindowsDisplay.update()V @ 7
Event: 86.547 Thread 0x0000000002240800 Uncommon trap: reason=unstable_if action=reinterpret pc=0x00000000028b753c method=org.lwjgl.opengl.WindowsDisplay.update()V @ 7
Event: 98.764 Thread 0x0000000002240800 Uncommon trap: reason=unstable_if action=reinterpret pc=0x00000000028acf88 method=org.lwjgl.input.Mouse.isButtonDown(I)Z @ 45

Internal exceptions (9 events):
Event: 0.023 Thread 0x0000000002240800 Exception <a 'java/lang/NoSuchMethodError': Method sun.misc.Unsafe.defineClass(Ljava/lang/String;[BII)Ljava/lang/Class; name or signature does not match> (0x000000076b207cc0) thrown at [D:\re\workspace\8-2-build-windows-amd64-cygwin\jdk8u92\6642\hotspot\srÊÉLe›ó?
Event: 0.023 Thread 0x0000000002240800 Exception <a 'java/lang/NoSuchMethodError': Method sun.misc.Unsafe.prefetchRead(Ljava/lang/Object;J)V name or signature does not match> (0x000000076b207fa8) thrown at [D:\re\workspace\8-2-build-windows-amd64-cygwin\jdk8u92\6642\hotspot\src\share\vm\prims\jÆ®„„Õ?
Event: 0.234 Thread 0x0000000002240800 Exception <a 'java/security/PrivilegedActionException'> (0x000000076b777c78) thrown at [D:\re\workspace\8-2-build-windows-amd64-cygwin\jdk8u92\6642\hotspot\src\share\vm\prims\jvm.cpp, line 1386]
Event: 0.234 Thread 0x0000000002240800 Exception <a 'java/security/PrivilegedActionException'> (0x000000076b778070) thrown at [D:\re\workspace\8-2-build-windows-amd64-cygwin\jdk8u92\6642\hotspot\src\share\vm\prims\jvm.cpp, line 1386]
Event: 0.234 Thread 0x0000000002240800 Exception <a 'java/security/PrivilegedActionException'> (0x000000076b77c288) thrown at [D:\re\workspace\8-2-build-windows-amd64-cygwin\jdk8u92\6642\hotspot\src\share\vm\prims\jvm.cpp, line 1386]
Event: 0.234 Thread 0x0000000002240800 Exception <a 'java/security/PrivilegedActionException'> (0x000000076b77c680) thrown at [D:\re\workspace\8-2-build-windows-amd64-cygwin\jdk8u92\6642\hotspot\src\share\vm\prims\jvm.cpp, line 1386]
Event: 1.433 Thread 0x0000000002240800 Exception <a 'java/io/FileNotFoundException'> (0x000000076c8e8aa8) thrown at [D:\re\workspace\8-2-build-windows-amd64-cygwin\jdk8u92\6642\hotspot\src\share\vm\prims\jni.cpp, line 709]
Event: 1.458 Thread 0x0000000002240800 Exception <a 'java/lang/NoSuchFieldError': method resolution failed> (0x000000076c9e30d0) thrown at [D:\re\workspace\8-2-build-windows-amd64-cygwin\jdk8u92\6642\hotspot\src\share\vm\prims\methodHandles.cpp, line 1146]
Event: 1.459 Thread 0x0000000002240800 Exception <a 'java/lang/NoSuchFieldError': method resolution failed> (0x000000076c9f07c0) thrown at [D:\re\workspace\8-2-build-windows-amd64-cygwin\jdk8u92\6642\hotspot\src\share\vm\prims\methodHandles.cpp, line 1146]

Events (10 events):
Event: 335.879 Executing VM operation: ParallelGCFailedAllocation
Event: 335.881 Executing VM operation: ParallelGCFailedAllocation done
Event: 336.378 Executing VM operation: ParallelGCFailedAllocation
Event: 336.379 Executing VM operation: ParallelGCFailedAllocation done
Event: 336.878 Executing VM operation: ParallelGCFailedAllocation
Event: 336.879 Executing VM operation: ParallelGCFailedAllocation done
Event: 337.378 Executing VM operation: ParallelGCFailedAllocation
Event: 337.379 Executing VM operation: ParallelGCFailedAllocation done
Event: 337.878 Executing VM operation: ParallelGCFailedAllocation
Event: 337.879 Executing VM operation: ParallelGCFailedAllocation done


Dynamic libraries:
0x00007ff7ad030000 - 0x00007ff7ad067000 	C:\Program Files\Java\jdk1.8.0_92\bin\javaw.exe
0x00007ff8c80f0000 - 0x00007ff8c82b1000 	C:\WINDOWS\SYSTEM32\ntdll.dll
0x00007ff8c5910000 - 0x00007ff8c59bd000 	C:\WINDOWS\system32\KERNEL32.DLL
0x00007ff8c47a0000 - 0x00007ff8c4988000 	C:\WINDOWS\system32\KERNELBASE.dll
0x00007ff8c54f0000 - 0x00007ff8c5597000 	C:\WINDOWS\system32\ADVAPI32.dll
0x00007ff8c6310000 - 0x00007ff8c63ad000 	C:\WINDOWS\system32\msvcrt.dll
0x00007ff8c5e80000 - 0x00007ff8c5edb000 	C:\WINDOWS\system32\sechost.dll
0x00007ff8c7b50000 - 0x00007ff8c7c6c000 	C:\WINDOWS\system32\RPCRT4.dll
0x00007ff8c59e0000 - 0x00007ff8c5b36000 	C:\WINDOWS\system32\USER32.dll
0x00007ff8c7f50000 - 0x00007ff8c80d6000 	C:\WINDOWS\system32\GDI32.dll
0x00007ff8c07a0000 - 0x00007ff8c0a14000 	C:\WINDOWS\WinSxS\amd64_microsoft.windows.common-controls_6595b64144ccf1df_6.0.10586.0_none_8c15ae12515e1c22\COMCTL32.dll
0x00007ff8c7c70000 - 0x00007ff8c7eed000 	C:\WINDOWS\system32\combase.dll
0x00007ff8c5380000 - 0x00007ff8c53ea000 	C:\WINDOWS\system32\bcryptPrimitives.dll
0x00007ff8c7b10000 - 0x00007ff8c7b4b000 	C:\WINDOWS\system32\IMM32.DLL
0x000000006e3a0000 - 0x000000006e472000 	C:\Program Files\Java\jdk1.8.0_92\jre\bin\msvcr100.dll
0x000000006e630000 - 0x000000006eec6000 	C:\Program Files\Java\jdk1.8.0_92\jre\bin\server\jvm.dll
0x00007ff8c5b40000 - 0x00007ff8c5b48000 	C:\WINDOWS\system32\PSAPI.DLL
0x00007ff8a4420000 - 0x00007ff8a4429000 	C:\WINDOWS\SYSTEM32\WSOCK32.dll
0x00007ff8c0c90000 - 0x00007ff8c0c9a000 	C:\WINDOWS\SYSTEM32\VERSION.dll
0x00007ff8c2d10000 - 0x00007ff8c2d33000 	C:\WINDOWS\SYSTEM32\WINMM.dll
0x00007ff8c63b0000 - 0x00007ff8c641b000 	C:\WINDOWS\system32\WS2_32.dll
0x00007ff8c2cb0000 - 0x00007ff8c2cdc000 	C:\WINDOWS\SYSTEM32\WINMMBASE.dll
0x00007ff8c53f0000 - 0x00007ff8c5433000 	C:\WINDOWS\system32\cfgmgr32.dll
0x000000006e540000 - 0x000000006e54f000 	C:\Program Files\Java\jdk1.8.0_92\jre\bin\verify.dll
0x000000006e510000 - 0x000000006e539000 	C:\Program Files\Java\jdk1.8.0_92\jre\bin\java.dll
0x000000006e4f0000 - 0x000000006e506000 	C:\Program Files\Java\jdk1.8.0_92\jre\bin\zip.dll
0x00007ff8c65b0000 - 0x00007ff8c7b0c000 	C:\WINDOWS\system32\SHELL32.dll
0x00007ff8c4b60000 - 0x00007ff8c51a4000 	C:\WINDOWS\system32\windows.storage.dll
0x00007ff8c7ef0000 - 0x00007ff8c7f42000 	C:\WINDOWS\system32\shlwapi.dll
0x00007ff8c4730000 - 0x00007ff8c473f000 	C:\WINDOWS\system32\kernel.appcore.dll
0x00007ff8c51b0000 - 0x00007ff8c5265000 	C:\WINDOWS\system32\shcore.dll
0x00007ff8c4750000 - 0x00007ff8c479b000 	C:\WINDOWS\system32\powrprof.dll
0x00007ff8c4710000 - 0x00007ff8c4724000 	C:\WINDOWS\system32\profapi.dll
0x0000000180000000 - 0x0000000180051000 	C:\Users\User\Documents\DKE\gitHub\MiniGolf\res\lib\native\windows\lwjgl64.dll
0x00007ff8a5800000 - 0x00007ff8a5929000 	C:\WINDOWS\SYSTEM32\OPENGL32.dll
0x00007ff8a64f0000 - 0x00007ff8a651e000 	C:\WINDOWS\SYSTEM32\GLU32.dll
0x00007ff8a49e0000 - 0x00007ff8a4ada000 	C:\WINDOWS\SYSTEM32\DDRAW.dll
0x00007ff8a63a0000 - 0x00007ff8a63a8000 	C:\WINDOWS\SYSTEM32\DCIMAN32.dll
0x00007ff8c2fe0000 - 0x00007ff8c3076000 	C:\WINDOWS\system32\uxtheme.dll
0x00007ff8c57b0000 - 0x00007ff8c590a000 	C:\WINDOWS\system32\MSCTF.dll
0x00007ff8c1fa0000 - 0x00007ff8c1fc2000 	C:\WINDOWS\system32\dwmapi.dll
0x00007ff88d8d0000 - 0x00007ff88e5db000 	C:\WINDOWS\SYSTEM32\ig9icd64.dll
0x00007ff8bd700000 - 0x00007ff8be570000 	C:\WINDOWS\SYSTEM32\igc64.dll
0x00007ff8c2660000 - 0x00007ff8c2673000 	C:\WINDOWS\SYSTEM32\WTSAPI32.dll
0x00007ff8c0bf0000 - 0x00007ff8c0c81000 	C:\WINDOWS\SYSTEM32\mscms.dll
0x00007ff8c3ed0000 - 0x00007ff8c3eef000 	C:\WINDOWS\SYSTEM32\USERENV.dll
0x00007ff8a8ae0000 - 0x00007ff8a8b22000 	C:\WINDOWS\SYSTEM32\icm32.dll
0x000000006e200000 - 0x000000006e398000 	C:\Program Files\Java\jdk1.8.0_92\jre\bin\awt.dll
0x00007ff8c5ca0000 - 0x00007ff8c5d61000 	C:\WINDOWS\system32\OLEAUT32.dll
0x00007ff8c2dd0000 - 0x00007ff8c2e49000 	C:\WINDOWS\system32\apphelp.dll
0x00007ff89c7d0000 - 0x00007ff89c95c000 	C:\WINDOWS\SYSTEM32\dbghelp.dll

VM Arguments:
jvm_args: -Djava.library.path=C:\Users\User\Documents\DKE\gitHub\MiniGolf\res\lib\native\macosx;C:\Users\User\Documents\DKE\gitHub\MiniGolf\res\lib\native\windows -Dfile.encoding=Cp1252 
java_command: engineTester.MainGameLoop
java_class_path (initial): C:\Users\User\Documents\DKE\gitHub\MiniGolf\bin;C:\Users\User\Documents\DKE\gitHub\MiniGolf\res\lib\jar\lwjgl_util.jar;C:\Users\User\Documents\DKE\gitHub\MiniGolf\res\lib\jar\lwjgl.jar;C:\Users\User\Documents\DKE\gitHub\MiniGolf\res\lib\jar\slick-util.jar;C:\Users\User\Documents\DKE\gitHub\MiniGolf\res\lib\jar\PNGDecoder.jar
Launcher Type: SUN_STANDARD

Environment Variables:
PATH=C:/Program Files/Java/jdk1.8.0_92/bin/../jre/bin/server;C:/Program Files/Java/jdk1.8.0_92/bin/../jre/bin;C:/Program Files/Java/jdk1.8.0_92/bin/../jre/lib/amd64;C:\Program Files\Java\jdk1.8.0_92\bin;C:\Program Files (x86)\Skype\Phone\;C:\Program Files\Java\jdk1.8.0_92\bin;C:\Program Files\eclipse;
USERNAME=User
OS=Windows_NT
PROCESSOR_IDENTIFIER=Intel64 Family 6 Model 94 Stepping 3, GenuineIntel



---------------  S Y S T E M  ---------------

OS: Windows 10.0 , 64 bit Build 10586 (10.0.10586.0)

CPU:total 8 (4 cores per cpu, 2 threads per core) family 6 model 94 stepping 3, cmov, cx8, fxsr, mmx, sse, sse2, sse3, ssse3, sse4.1, sse4.2, popcnt, avx, avx2, aes, clmul, erms, rtm, 3dnowpref, lzcnt, ht, tsc, tscinvbit, bmi1, bmi2, adx

Memory: 4k page, physical 16682072k(11720128k free), swap 19172440k(13078352k free)

vm_info: Java HotSpot(TM) 64-Bit Server VM (25.92-b14) for windows-amd64 JRE (1.8.0_92-b14), built on Mar 31 2016 21:03:04 by "java_re" with MS VC++ 10.0 (VS2010)

time: Mon May 23 13:08:52 2016
elapsed time: 341 seconds (0d 0h 5m 41s)

