#
# A fatal error has been detected by the Java Runtime Environment:
#
#  EXCEPTION_ACCESS_VIOLATION (0xc0000005) at pc=0x00000000095c5740, pid=7632, tid=0x00000000000014f8
#
# JRE version: Java(TM) SE Runtime Environment (8.0_92-b14) (build 1.8.0_92-b14)
# Java VM: Java HotSpot(TM) 64-Bit Server VM (25.92-b14 mixed mode windows-amd64 compressed oops)
# Problematic frame:
# j  bot.DijkstrasAlgorithm.dijkstrasAlgorithm(Lbot/NodeNetwork;Lbot/Node;)V+16
#
# Failed to write core dump. Minidumps are not enabled by default on client versions of Windows
#
# If you would like to submit a bug report, please visit:
#   http://bugreport.java.com/bugreport/crash.jsp
#

---------------  T H R E A D  ---------------

Current thread (0x0000000002830800):  JavaThread "main" [_thread_in_Java, id=5368, stack(0x00000000029a0000,0x00000000095a0000)]

siginfo: ExceptionCode=0xc0000005, reading address 0x00000000ede420e8

Registers:
RAX=0x00000007c00804b0, RBX=0x0000000000000022, RCX=0x0000000022b63158, RDX=0x00000000ede420e0
RSP=0x000000000959f460, RBP=0x000000000959f4a0, RSI=0x0000000022b59870, RDI=0x0000000000000a30
R8 =0x000000000000144c, R9 =0x00000000edacfe1c, R10=0x00000000627c0f70, R11=0x00000000ee002a8c
R12=0x0000000000000000, R13=0x0000000022b635d5, R14=0x000000000959f4f0, R15=0x0000000002830800
RIP=0x00000000095c5740, EFLAGS=0x0000000000010246

Top of Stack: (sp=0x000000000959f460)
0x000000000959f460:   000000000959f460 0000000022b635d0
0x000000000959f470:   000000000959f4f0 0000000022b637d8
0x000000000959f480:   0000000000000000 0000000022b63700
0x000000000959f490:   0000000000000000 000000000959f4e8
0x000000000959f4a0:   000000000959f538 00000000095a835d
0x000000000959f4b0:   0000000000000000 0000000000000000
0x000000000959f4c0:   0000000000000000 0000000000000000
0x000000000959f4d0:   000000076d68e868 0000000770031458
0x000000000959f4e0:   0000000770015460 0000000770222870
0x000000000959f4f0:   000000076d68c708 000000000959f4f8
0x000000000959f500:   0000000022b625ad 000000000959f550
0x000000000959f510:   0000000022b62da0 0000000000000000
0x000000000959f520:   0000000022b625d8 000000000959f4e8
0x000000000959f530:   000000000959f548 000000000959f5a8
0x000000000959f540:   00000000095a835d 0000000770015460
0x000000000959f550:   000000076d68c708 000000076d68c708 

Instructions: (pc=0x00000000095c5740)
0x00000000095c5720:   40 02 00 00 49 ba 00 00 00 00 00 00 00 00 4d 89
0x00000000095c5730:   97 40 02 00 00 5a eb 08 48 8b d0 48 8b 44 d9 50
0x00000000095c5740:   8b 5a 08 48 c1 e3 03 48 8b 4d e0 48 85 c9 0f 84
0x00000000095c5750:   8a 00 00 00 48 8b 79 10 48 3b fb 0f 85 0f 00 00 


Register to memory mapping:

RAX=0x00000007c00804b0 is pointing into metadata
RBX=0x0000000000000022 is an unknown value
RCX=0x0000000022b63158 is pointing into metadata
RDX=0x00000000ede420e0 is an unknown value
RSP=0x000000000959f460 is pointing into the stack for thread: 0x0000000002830800
RBP=0x000000000959f4a0 is pointing into the stack for thread: 0x0000000002830800
RSI={method} {0x0000000022b59878} 'setDistance' '(F)V' in 'bot/Node'
RDI=0x0000000000000a30 is an unknown value
R8 =0x000000000000144c is an unknown value
R9 =0x00000000edacfe1c is an unknown value
R10=0x00000000627c0f70 is an unknown value
R11=0x00000000ee002a8c is an unknown value
R12=0x0000000000000000 is an unknown value
R13=0x0000000022b635d5 is pointing into metadata
R14=0x000000000959f4f0 is pointing into the stack for thread: 0x0000000002830800
R15=0x0000000002830800 is a thread


Stack: [0x00000000029a0000,0x00000000095a0000],  sp=0x000000000959f460,  free space=110589k
Native frames: (J=compiled Java code, j=interpreted, Vv=VM code, C=native code)
C  0x00000000095c5740


---------------  P R O C E S S  ---------------

Java Threads: ( => current thread )
  0x000000004d342800 JavaThread "LWJGL Timer" daemon [_thread_blocked, id=8888, stack(0x0000000050c50000,0x0000000057850000)]
  0x000000002ba92000 JavaThread "Service Thread" daemon [_thread_blocked, id=8352, stack(0x00000000406c0000,0x00000000472c0000)]
  0x000000002b9f8800 JavaThread "C1 CompilerThread3" daemon [_thread_blocked, id=1452, stack(0x00000000405c0000,0x00000000406c0000)]
  0x000000002b9ee800 JavaThread "C2 CompilerThread2" daemon [_thread_in_native, id=8732, stack(0x00000000404c0000,0x00000000405c0000)]
  0x000000002b9eb800 JavaThread "C2 CompilerThread1" daemon [_thread_blocked, id=8876, stack(0x00000000403c0000,0x00000000404c0000)]
  0x000000002b9e9000 JavaThread "C2 CompilerThread0" daemon [_thread_blocked, id=8600, stack(0x00000000402c0000,0x00000000403c0000)]
  0x000000002b9e8000 JavaThread "Attach Listener" daemon [_thread_blocked, id=8344, stack(0x00000000396c0000,0x00000000402c0000)]
  0x000000002b9e5000 JavaThread "Signal Dispatcher" daemon [_thread_blocked, id=1372, stack(0x0000000032ac0000,0x00000000396c0000)]
  0x000000002b9e0800 JavaThread "Finalizer" daemon [_thread_blocked, id=8564, stack(0x000000002bdc0000,0x00000000329c0000)]
  0x0000000002927000 JavaThread "Reference Handler" daemon [_thread_blocked, id=4372, stack(0x0000000024dc0000,0x000000002b9c0000)]
=>0x0000000002830800 JavaThread "main" [_thread_in_Java, id=5368, stack(0x00000000029a0000,0x00000000095a0000)]

Other Threads:
  0x0000000022fe9000 VMThread [stack: 0x0000000024cc0000,0x0000000024dc0000] [id=6380]
  0x000000002babc000 WatcherThread [stack: 0x00000000472c0000,0x00000000473c0000] [id=5832]

VM state:not at safepoint (normal execution)

VM Mutex/Monitor currently owned by a thread: None

Heap:
 PSYoungGen      total 76288K, used 45458K [0x000000076b200000, 0x0000000770700000, 0x00000007c0000000)
  eden space 65536K, 58% used [0x000000076b200000,0x000000076d754d28,0x000000076f200000)
  from space 10752K, 67% used [0x000000076fc80000,0x000000077038fc78,0x0000000770700000)
  to   space 10752K, 0% used [0x000000076f200000,0x000000076f200000,0x000000076fc80000)
 ParOldGen       total 175104K, used 24K [0x00000006c1600000, 0x00000006cc100000, 0x000000076b200000)
  object space 175104K, 0% used [0x00000006c1600000,0x00000006c1606000,0x00000006cc100000)
 Metaspace       used 5578K, capacity 6107K, committed 6272K, reserved 1056768K
  class space    used 529K, capacity 560K, committed 640K, reserved 1048576K

Card table byte_map: [0x0000000018960000,0x0000000019160000] byte_map_base: 0x0000000015355000

Marking Bits: (ParMarkBitMap*) 0x00000000627d64f0
 Begin Bits: [0x0000000019eb0000, 0x000000001de58000)
 End Bits:   [0x000000001de58000, 0x0000000021e00000)

Polling page: 0x0000000000b50000

CodeCache: size=245760Kb used=3093Kb max_used=3101Kb free=242666Kb
 bounds [0x00000000095a0000, 0x00000000098b0000, 0x00000000185a0000]
 total_blobs=1030 nmethods=635 adapters=308
 compilation: enabled

Compilation events (10 events):
Event: 7.369 Thread 0x000000002b9f8800 nmethod 632% 0x0000000009888b10 code [0x0000000009889540, 0x0000000009891678]
Event: 7.369 Thread 0x000000002b9f8800  633       3       entities.Hole::getNodesNetwork (583 bytes)
Event: 7.373 Thread 0x000000002b9f8800 nmethod 633 0x0000000009899c10 code [0x000000000989a5e0, 0x00000000098a1bb8]
Event: 7.374 Thread 0x000000002b9e9000  634 %     4       entities.Hole::getNodesNetwork @ 165 (583 bytes)
Event: 7.398 Thread 0x000000002b9e9000 nmethod 634% 0x00000000098a9a10 code [0x00000000098a9cc0, 0x00000000098ab640]
Event: 7.398 Thread 0x000000002b9ee800  635 %     4       entities.Hole::getNodesNetwork @ 292 (583 bytes)
Event: 7.405 Thread 0x000000002b9f8800  636       3       bot.Node::setDistance (6 bytes)
Event: 7.405 Thread 0x000000002b9f8800 nmethod 636 0x0000000009873850 code [0x00000000098739a0, 0x0000000009873af0]
Event: 7.405 Thread 0x000000002b9f8800  637       1       bot.Node::setDistance (6 bytes)
Event: 7.405 Thread 0x000000002b9f8800 nmethod 637 0x000000000982c010 code [0x000000000982c160, 0x000000000982c270]

GC Heap History (8 events):
Event: 3.890 GC heap before
{Heap before GC invocations=1 (full 0):
 PSYoungGen      total 76288K, used 65536K [0x000000076b200000, 0x0000000770700000, 0x00000007c0000000)
  eden space 65536K, 100% used [0x000000076b200000,0x000000076f200000,0x000000076f200000)
  from space 10752K, 0% used [0x000000076fc80000,0x000000076fc80000,0x0000000770700000)
  to   space 10752K, 0% used [0x000000076f200000,0x000000076f200000,0x000000076fc80000)
 ParOldGen       total 175104K, used 0K [0x00000006c1600000, 0x00000006cc100000, 0x000000076b200000)
  object space 175104K, 0% used [0x00000006c1600000,0x00000006c1600000,0x00000006cc100000)
 Metaspace       used 5562K, capacity 6107K, committed 6272K, reserved 1056768K
  class space    used 528K, capacity 560K, committed 640K, reserved 1048576K
Event: 3.910 GC heap after
Heap after GC invocations=1 (full 0):
 PSYoungGen      total 76288K, used 8850K [0x000000076b200000, 0x0000000770700000, 0x00000007c0000000)
  eden space 65536K, 0% used [0x000000076b200000,0x000000076b200000,0x000000076f200000)
  from space 10752K, 82% used [0x000000076f200000,0x000000076faa4968,0x000000076fc80000)
  to   space 10752K, 0% used [0x000000076fc80000,0x000000076fc80000,0x0000000770700000)
 ParOldGen       total 175104K, used 8K [0x00000006c1600000, 0x00000006cc100000, 0x000000076b200000)
  object space 175104K, 0% used [0x00000006c1600000,0x00000006c1602000,0x00000006cc100000)
 Metaspace       used 5562K, capacity 6107K, committed 6272K, reserved 1056768K
  class space    used 528K, capacity 560K, committed 640K, reserved 1048576K
}
Event: 5.136 GC heap before
{Heap before GC invocations=2 (full 0):
 PSYoungGen      total 76288K, used 74386K [0x000000076b200000, 0x0000000770700000, 0x00000007c0000000)
  eden space 65536K, 100% used [0x000000076b200000,0x000000076f200000,0x000000076f200000)
  from space 10752K, 82% used [0x000000076f200000,0x000000076faa4968,0x000000076fc80000)
  to   space 10752K, 0% used [0x000000076fc80000,0x000000076fc80000,0x0000000770700000)
 ParOldGen       total 175104K, used 8K [0x00000006c1600000, 0x00000006cc100000, 0x000000076b200000)
  object space 175104K, 0% used [0x00000006c1600000,0x00000006c1602000,0x00000006cc100000)
 Metaspace       used 5566K, capacity 6107K, committed 6272K, reserved 1056768K
  class space    used 528K, capacity 560K, committed 640K, reserved 1048576K
Event: 5.147 GC heap after
Heap after GC invocations=2 (full 0):
 PSYoungGen      total 76288K, used 7713K [0x000000076b200000, 0x0000000770700000, 0x00000007c0000000)
  eden space 65536K, 0% used [0x000000076b200000,0x000000076b200000,0x000000076f200000)
  from space 10752K, 71% used [0x000000076fc80000,0x00000007704086f8,0x0000000770700000)
  to   space 10752K, 0% used [0x000000076f200000,0x000000076f200000,0x000000076fc80000)
 ParOldGen       total 175104K, used 16K [0x00000006c1600000, 0x00000006cc100000, 0x000000076b200000)
  object space 175104K, 0% used [0x00000006c1600000,0x00000006c1604000,0x00000006cc100000)
 Metaspace       used 5566K, capacity 6107K, committed 6272K, reserved 1056768K
  class space    used 528K, capacity 560K, committed 640K, reserved 1048576K
}
Event: 6.016 GC heap before
{Heap before GC invocations=3 (full 0):
 PSYoungGen      total 76288K, used 73249K [0x000000076b200000, 0x0000000770700000, 0x00000007c0000000)
  eden space 65536K, 100% used [0x000000076b200000,0x000000076f200000,0x000000076f200000)
  from space 10752K, 71% used [0x000000076fc80000,0x00000007704086f8,0x0000000770700000)
  to   space 10752K, 0% used [0x000000076f200000,0x000000076f200000,0x000000076fc80000)
 ParOldGen       total 175104K, used 16K [0x00000006c1600000, 0x00000006cc100000, 0x000000076b200000)
  object space 175104K, 0% used [0x00000006c1600000,0x00000006c1604000,0x00000006cc100000)
 Metaspace       used 5566K, capacity 6107K, committed 6272K, reserved 1056768K
  class space    used 528K, capacity 560K, committed 640K, reserved 1048576K
Event: 6.022 GC heap after
Heap after GC invocations=3 (full 0):
 PSYoungGen      total 76288K, used 7457K [0x000000076b200000, 0x0000000770700000, 0x00000007c0000000)
  eden space 65536K, 0% used [0x000000076b200000,0x000000076b200000,0x000000076f200000)
  from space 10752K, 69% used [0x000000076f200000,0x000000076f9486f8,0x000000076fc80000)
  to   space 10752K, 0% used [0x000000076fc80000,0x000000076fc80000,0x0000000770700000)
 ParOldGen       total 175104K, used 16K [0x00000006c1600000, 0x00000006cc100000, 0x000000076b200000)
  object space 175104K, 0% used [0x00000006c1600000,0x00000006c1604000,0x00000006cc100000)
 Metaspace       used 5566K, capacity 6107K, committed 6272K, reserved 1056768K
  class space    used 528K, capacity 560K, committed 640K, reserved 1048576K
}
Event: 6.882 GC heap before
{Heap before GC invocations=4 (full 0):
 PSYoungGen      total 76288K, used 72993K [0x000000076b200000, 0x0000000770700000, 0x00000007c0000000)
  eden space 65536K, 100% used [0x000000076b200000,0x000000076f200000,0x000000076f200000)
  from space 10752K, 69% used [0x000000076f200000,0x000000076f9486f8,0x000000076fc80000)
  to   space 10752K, 0% used [0x000000076fc80000,0x000000076fc80000,0x0000000770700000)
 ParOldGen       total 175104K, used 16K [0x00000006c1600000, 0x00000006cc100000, 0x000000076b200000)
  object space 175104K, 0% used [0x00000006c1600000,0x00000006c1604000,0x00000006cc100000)
 Metaspace       used 5566K, capacity 6107K, committed 6272K, reserved 1056768K
  class space    used 528K, capacity 560K, committed 640K, reserved 1048576K
Event: 6.887 GC heap after
Heap after GC invocations=4 (full 0):
 PSYoungGen      total 76288K, used 7231K [0x000000076b200000, 0x0000000770700000, 0x00000007c0000000)
  eden space 65536K, 0% used [0x000000076b200000,0x000000076b200000,0x000000076f200000)
  from space 10752K, 67% used [0x000000076fc80000,0x000000077038fc78,0x0000000770700000)
  to   space 10752K, 0% used [0x000000076f200000,0x000000076f200000,0x000000076fc80000)
 ParOldGen       total 175104K, used 24K [0x00000006c1600000, 0x00000006cc100000, 0x000000076b200000)
  object space 175104K, 0% used [0x00000006c1600000,0x00000006c1606000,0x00000006cc100000)
 Metaspace       used 5566K, capacity 6107K, committed 6272K, reserved 1056768K
  class space    used 528K, capacity 560K, committed 640K, reserved 1048576K
}

Deoptimization events (10 events):
Event: 7.258 Thread 0x0000000002830800 Uncommon trap: reason=unstable_if action=reinterpret pc=0x000000000982927c method=bot.Node.getNeighbourNodes(Ljava/util/ArrayList;)Ljava/util/ArrayList; @ 596
Event: 7.259 Thread 0x0000000002830800 Uncommon trap: reason=unstable_if action=reinterpret pc=0x000000000982927c method=bot.Node.getNeighbourNodes(Ljava/util/ArrayList;)Ljava/util/ArrayList; @ 596
Event: 7.259 Thread 0x0000000002830800 Uncommon trap: reason=unstable_if action=reinterpret pc=0x000000000982927c method=bot.Node.getNeighbourNodes(Ljava/util/ArrayList;)Ljava/util/ArrayList; @ 596
Event: 7.260 Thread 0x0000000002830800 Uncommon trap: reason=unstable_if action=reinterpret pc=0x000000000982927c method=bot.Node.getNeighbourNodes(Ljava/util/ArrayList;)Ljava/util/ArrayList; @ 596
Event: 7.261 Thread 0x0000000002830800 Uncommon trap: reason=unstable_if action=reinterpret pc=0x000000000982927c method=bot.Node.getNeighbourNodes(Ljava/util/ArrayList;)Ljava/util/ArrayList; @ 596
Event: 7.262 Thread 0x0000000002830800 Uncommon trap: reason=unstable_if action=reinterpret pc=0x000000000982927c method=bot.Node.getNeighbourNodes(Ljava/util/ArrayList;)Ljava/util/ArrayList; @ 596
Event: 7.263 Thread 0x0000000002830800 Uncommon trap: reason=unstable_if action=reinterpret pc=0x0000000009826158 method=bot.Node.getNeighbourNodes(Ljava/util/ArrayList;)Ljava/util/ArrayList; @ 584
Event: 7.266 Thread 0x0000000002830800 Uncommon trap: reason=unstable_if action=reinterpret pc=0x000000000982927c method=bot.Node.getNeighbourNodes(Ljava/util/ArrayList;)Ljava/util/ArrayList; @ 596
Event: 7.267 Thread 0x0000000002830800 Uncommon trap: reason=unstable_if action=reinterpret pc=0x000000000982927c method=bot.Node.getNeighbourNodes(Ljava/util/ArrayList;)Ljava/util/ArrayList; @ 596
Event: 7.267 Thread 0x0000000002830800 Uncommon trap: reason=unstable_if action=reinterpret pc=0x000000000982927c method=bot.Node.getNeighbourNodes(Ljava/util/ArrayList;)Ljava/util/ArrayList; @ 596

Internal exceptions (6 events):
Event: 0.029 Thread 0x0000000002830800 Exception <a 'java/lang/NoSuchMethodError': Method sun.misc.Unsafe.defineClass(Ljava/lang/String;[BII)Ljava/lang/Class; name or signature does not match> (0x000000076b207cc0) thrown at [D:\re\workspace\8-2-build-windows-amd64-cygwin\jdk8u92\6642\hotspot\srV≈˛cÁù?
Event: 0.029 Thread 0x0000000002830800 Exception <a 'java/lang/NoSuchMethodError': Method sun.misc.Unsafe.prefetchRead(Ljava/lang/Object;J)V name or signature does not match> (0x000000076b207fa8) thrown at [D:\re\workspace\8-2-build-windows-amd64-cygwin\jdk8u92\6642\hotspot\src\share\vm\prims\j´„pVù)–?
Event: 0.253 Thread 0x0000000002830800 Exception <a 'java/security/PrivilegedActionException'> (0x000000076b778128) thrown at [D:\re\workspace\8-2-build-windows-amd64-cygwin\jdk8u92\6642\hotspot\src\share\vm\prims\jvm.cpp, line 1386]
Event: 0.253 Thread 0x0000000002830800 Exception <a 'java/security/PrivilegedActionException'> (0x000000076b778520) thrown at [D:\re\workspace\8-2-build-windows-amd64-cygwin\jdk8u92\6642\hotspot\src\share\vm\prims\jvm.cpp, line 1386]
Event: 0.253 Thread 0x0000000002830800 Exception <a 'java/security/PrivilegedActionException'> (0x000000076b77c738) thrown at [D:\re\workspace\8-2-build-windows-amd64-cygwin\jdk8u92\6642\hotspot\src\share\vm\prims\jvm.cpp, line 1386]
Event: 0.253 Thread 0x0000000002830800 Exception <a 'java/security/PrivilegedActionException'> (0x000000076b77cb30) thrown at [D:\re\workspace\8-2-build-windows-amd64-cygwin\jdk8u92\6642\hotspot\src\share\vm\prims\jvm.cpp, line 1386]

Events (10 events):
Event: 7.334 Thread 0x0000000002830800 DEOPT PACKING pc=0x000000000980830e sp=0x000000000959df10
Event: 7.334 Thread 0x0000000002830800 DEOPT UNPACKING pc=0x00000000095e787f sp=0x000000000959df20 mode 0
Event: 7.400 Thread 0x0000000002830800 DEOPT PACKING pc=0x00000000098909e6 sp=0x000000000959f1a0
Event: 7.400 Thread 0x0000000002830800 DEOPT UNPACKING pc=0x00000000095e787f sp=0x000000000959f168 mode 0
Event: 7.402 Thread 0x0000000002830800 DEOPT PACKING pc=0x00000000098909e6 sp=0x000000000959f1a0
Event: 7.402 Thread 0x0000000002830800 DEOPT UNPACKING pc=0x00000000095e787f sp=0x000000000959f168 mode 0
Event: 7.404 loading class bot/NodeNetwork
Event: 7.404 loading class bot/NodeNetwork done
Event: 7.404 loading class bot/DijkstrasAlgorithm
Event: 7.404 loading class bot/DijkstrasAlgorithm done


Dynamic libraries:
0x00007ff60ac60000 - 0x00007ff60ac97000 	C:\Program Files\Java\jdk1.8.0_92\bin\javaw.exe
0x00007ffc14dd0000 - 0x00007ffc14f91000 	C:\WINDOWS\SYSTEM32\ntdll.dll
0x00007ffc14600000 - 0x00007ffc146ad000 	C:\WINDOWS\system32\KERNEL32.DLL
0x00007ffc114e0000 - 0x00007ffc116c8000 	C:\WINDOWS\system32\KERNELBASE.dll
0x00007ffc14b50000 - 0x00007ffc14bf7000 	C:\WINDOWS\system32\ADVAPI32.dll
0x00007ffc12c80000 - 0x00007ffc12d1d000 	C:\WINDOWS\system32\msvcrt.dll
0x00007ffc12bb0000 - 0x00007ffc12c0b000 	C:\WINDOWS\system32\sechost.dll
0x00007ffc12d20000 - 0x00007ffc12e3c000 	C:\WINDOWS\system32\RPCRT4.dll
0x00007ffc122b0000 - 0x00007ffc12406000 	C:\WINDOWS\system32\USER32.dll
0x00007ffc14c00000 - 0x00007ffc14d86000 	C:\WINDOWS\system32\GDI32.dll
0x00007ffc0d4e0000 - 0x00007ffc0d754000 	C:\WINDOWS\WinSxS\amd64_microsoft.windows.common-controls_6595b64144ccf1df_6.0.10586.0_none_8c15ae12515e1c22\COMCTL32.dll
0x00007ffc12930000 - 0x00007ffc12bad000 	C:\WINDOWS\system32\combase.dll
0x00007ffc11f20000 - 0x00007ffc11f8a000 	C:\WINDOWS\system32\bcryptPrimitives.dll
0x00007ffc14d90000 - 0x00007ffc14dcb000 	C:\WINDOWS\system32\IMM32.DLL
0x0000000061d30000 - 0x0000000061e02000 	C:\Program Files\Java\jdk1.8.0_92\jre\bin\msvcr100.dll
0x0000000061fc0000 - 0x0000000062856000 	C:\Program Files\Java\jdk1.8.0_92\jre\bin\server\jvm.dll
0x00007ffc122a0000 - 0x00007ffc122a8000 	C:\WINDOWS\system32\PSAPI.DLL
0x00007ffc0dc80000 - 0x00007ffc0dc8a000 	C:\WINDOWS\SYSTEM32\VERSION.dll
0x00007ffbf24f0000 - 0x00007ffbf24f9000 	C:\WINDOWS\SYSTEM32\WSOCK32.dll
0x00007ffc0faa0000 - 0x00007ffc0fac3000 	C:\WINDOWS\SYSTEM32\WINMM.dll
0x00007ffc128c0000 - 0x00007ffc1292b000 	C:\WINDOWS\system32\WS2_32.dll
0x00007ffc0f990000 - 0x00007ffc0f9bc000 	C:\WINDOWS\SYSTEM32\WINMMBASE.dll
0x00007ffc11fb0000 - 0x00007ffc11ff3000 	C:\WINDOWS\system32\cfgmgr32.dll
0x0000000061ed0000 - 0x0000000061edf000 	C:\Program Files\Java\jdk1.8.0_92\jre\bin\verify.dll
0x0000000061ea0000 - 0x0000000061ec9000 	C:\Program Files\Java\jdk1.8.0_92\jre\bin\java.dll
0x0000000061e80000 - 0x0000000061e96000 	C:\Program Files\Java\jdk1.8.0_92\jre\bin\zip.dll
0x00007ffc12f50000 - 0x00007ffc144ac000 	C:\WINDOWS\system32\SHELL32.dll
0x00007ffc11760000 - 0x00007ffc11da4000 	C:\WINDOWS\system32\windows.storage.dll
0x00007ffc12c20000 - 0x00007ffc12c72000 	C:\WINDOWS\system32\shlwapi.dll
0x00007ffc113f0000 - 0x00007ffc113ff000 	C:\WINDOWS\system32\kernel.appcore.dll
0x00007ffc11e60000 - 0x00007ffc11f15000 	C:\WINDOWS\system32\shcore.dll
0x00007ffc11410000 - 0x00007ffc1145b000 	C:\WINDOWS\system32\powrprof.dll
0x00007ffc11460000 - 0x00007ffc11474000 	C:\WINDOWS\system32\profapi.dll
0x0000000180000000 - 0x0000000180051000 	C:\Users\User\Documents\DKE\gitHub\MiniGolf\res\lib\native\windows\lwjgl64.dll
0x00007ffbf5100000 - 0x00007ffbf5229000 	C:\WINDOWS\SYSTEM32\OPENGL32.dll
0x00007ffbf7ef0000 - 0x00007ffbf7f1e000 	C:\WINDOWS\SYSTEM32\GLU32.dll
0x00007ffbf4cd0000 - 0x00007ffbf4dca000 	C:\WINDOWS\SYSTEM32\DDRAW.dll
0x00007ffbfcf60000 - 0x00007ffbfcf68000 	C:\WINDOWS\SYSTEM32\DCIMAN32.dll
0x00007ffc0fd00000 - 0x00007ffc0fd96000 	C:\WINDOWS\system32\uxtheme.dll
0x00007ffc12760000 - 0x00007ffc128ba000 	C:\WINDOWS\system32\MSCTF.dll
0x00007ffc0e930000 - 0x00007ffc0e952000 	C:\WINDOWS\system32\dwmapi.dll
0x00007ffbde9b0000 - 0x00007ffbdf6bb000 	C:\WINDOWS\SYSTEM32\ig9icd64.dll
0x00007ffc08a10000 - 0x00007ffc09880000 	C:\WINDOWS\SYSTEM32\igc64.dll
0x00007ffc0f240000 - 0x00007ffc0f253000 	C:\WINDOWS\SYSTEM32\WTSAPI32.dll
0x00007ffc0dbe0000 - 0x00007ffc0dc71000 	C:\WINDOWS\SYSTEM32\mscms.dll
0x00007ffc10bb0000 - 0x00007ffc10bcf000 	C:\WINDOWS\SYSTEM32\USERENV.dll
0x00007ffc0a9a0000 - 0x00007ffc0a9e2000 	C:\WINDOWS\SYSTEM32\icm32.dll
0x0000000061b90000 - 0x0000000061d28000 	C:\Program Files\Java\jdk1.8.0_92\jre\bin\awt.dll
0x00007ffc12410000 - 0x00007ffc124d1000 	C:\WINDOWS\system32\OLEAUT32.dll
0x00007ffc0fbe0000 - 0x00007ffc0fc59000 	C:\WINDOWS\system32\apphelp.dll
0x00007ffbf8b90000 - 0x00007ffbf8d1c000 	C:\WINDOWS\SYSTEM32\dbghelp.dll

VM Arguments:
jvm_args: -Xss108m -Djava.library.path=C:\Users\User\Documents\DKE\gitHub\MiniGolf\res\lib\native\macosx;C:\Users\User\Documents\DKE\gitHub\MiniGolf\res\lib\native\windows -Dfile.encoding=Cp1252 
java_command: engineTester.MainGameLoop
java_class_path (initial): C:\Users\User\Documents\DKE\gitHub\MiniGolf\bin;C:\Users\User\Documents\DKE\gitHub\MiniGolf\res\lib\jar\lwjgl_util.jar;C:\Users\User\Documents\DKE\gitHub\MiniGolf\res\lib\jar\lwjgl.jar;C:\Users\User\Documents\DKE\gitHub\MiniGolf\res\lib\jar\slick-util.jar;C:\Users\User\Documents\DKE\gitHub\MiniGolf\res\lib\jar\PNGDecoder.jar
Launcher Type: SUN_STANDARD

Environment Variables:
PATH=C:/Program Files/Java/jdk1.8.0_92/bin/../jre/bin/server;C:/Program Files/Java/jdk1.8.0_92/bin/../jre/bin;C:/Program Files/Java/jdk1.8.0_92/bin/../jre/lib/amd64;C:\Program Files\Java\jdk1.8.0_92\bin;C:\Program Files (x86)\Skype\Phone\;C:\Program Files\Java\jdk1.8.0_92\bin;C:\Program Files\eclipse;
USERNAME=User
OS=Windows_NT
PROCESSOR_IDENTIFIER=Intel64 Family 6 Model 94 Stepping 3, GenuineIntel



---------------  S Y S T E M  ---------------

OS: Windows 10.0 , 64 bit Build 10586 (10.0.10586.0)

CPU:total 8 (4 cores per cpu, 2 threads per core) family 6 model 94 stepping 3, cmov, cx8, fxsr, mmx, sse, sse2, sse3, ssse3, sse4.1, sse4.2, popcnt, avx, avx2, aes, clmul, erms, rtm, 3dnowpref, lzcnt, ht, tsc, tscinvbit, bmi1, bmi2, adx

Memory: 4k page, physical 16682068k(12315312k free), swap 19172436k(13544672k free)

vm_info: Java HotSpot(TM) 64-Bit Server VM (25.92-b14) for windows-amd64 JRE (1.8.0_92-b14), built on Mar 31 2016 21:03:04 by "java_re" with MS VC++ 10.0 (VS2010)

time: Fri Jun 17 20:52:20 2016
elapsed time: 7 seconds (0d 0h 0m 7s)

