#
# A fatal error has been detected by the Java Runtime Environment:
#
#  EXCEPTION_ACCESS_VIOLATION (0xc0000005) at pc=0x000000007213a893, pid=6572, tid=0x00000000000002b4
#
# JRE version: Java(TM) SE Runtime Environment (8.0_92-b14) (build 1.8.0_92-b14)
# Java VM: Java HotSpot(TM) 64-Bit Server VM (25.92-b14 mixed mode windows-amd64 compressed oops)
# Problematic frame:
# V  [jvm.dll+0x46a893]
#
# Failed to write core dump. Minidumps are not enabled by default on client versions of Windows
#
# If you would like to submit a bug report, please visit:
#   http://bugreport.java.com/bugreport/crash.jsp
#

---------------  T H R E A D  ---------------

Current thread (0x000000001ddbb000):  JavaThread "C2 CompilerThread2" daemon [_thread_in_native, id=692, stack(0x000000001e790000,0x000000001e890000)]

siginfo: ExceptionCode=0xc0000005, reading address 0x0000000000000008

Registers:
RAX=0x0000000064e939e8, RBX=0x000000001e88e0a0, RCX=0x00000000ea5f6000, RDX=0x00000000650b0b80
RSP=0x000000001e88de90, RBP=0x00000000000002c8, RSI=0x0000000000000ddf, RDI=0x0000000000000008
R8 =0x0000000000000093, R9 =0x0000000080000000, R10=0x0000000000000000, R11=0x00000000650b0b90
R12=0x0000000000000027, R13=0x000000001df29bf8, R14=0x0000000000000d36, R15=0x00000000000069b0
RIP=0x000000007213a893, EFLAGS=0x0000000000010246

Top of Stack: (sp=0x000000001e88de90)
0x000000001e88de90:   000000001e88e0a0 000000000000009a
0x000000001e88dea0:   000000001e88eb50 00000000721d74d6
0x000000001e88deb0:   00000000722ac758 000000001e88eb50
0x000000001e88dec0:   0000000064f63b10 000000001e88e0f0
0x000000001e88ded0:   000000001ddc21e0 00000000721d80c9
0x000000001e88dee0:   000000001e88dfe0 000000001e88e090
0x000000001e88def0:   00000000000302e8 00000000651c74d0
0x000000001e88df00:   0000000064f6baf8 0000000072142ae3
0x000000001e88df10:   000000001ddc21e0 000000001e88e010
0x000000001e88df20:   0000000064f68c50 0000000064f63b10
0x000000001e88df30:   0000000000000000 000000001e88f358
0x000000001e88df40:   000000000000001c 0000000064eaa8f0
0x000000001e88df50:   000000001e88f4e8 000000001e88f500
0x000000001e88df60:   000000001bea0300 0000000000000004
0x000000001e88df70:   0000000000000000 0000000000000000
0x000000001e88df80:   0000000000000002 0000000000000000 

Instructions: (pc=0x000000007213a893)
0x000000007213a873:   00 33 ed 44 8b e0 0f 1f 80 00 00 00 00 49 8b 45
0x000000007213a883:   08 48 8b 3c 28 48 85 ff 74 6c 40 f6 c7 01 75 66
0x000000007213a893:   48 83 3f fe 74 60 8b 4f 28 8b c1 c1 e8 05 3b 43
0x000000007213a8a3:   30 72 0f 48 8b 43 20 8b d1 48 8d 4b 20 ff 50 18 


Register to memory mapping:

RAX=0x0000000064e939e8 is an unknown value
RBX=0x000000001e88e0a0 is pointing into the stack for thread: 0x000000001ddbb000
RCX=0x00000000ea5f6000 is an unknown value
RDX=0x00000000650b0b80 is an unknown value
RSP=0x000000001e88de90 is pointing into the stack for thread: 0x000000001ddbb000
RBP=0x00000000000002c8 is an unknown value
RSI=0x0000000000000ddf is an unknown value
RDI=0x0000000000000008 is an unknown value
R8 =0x0000000000000093 is an unknown value
R9 =0x0000000080000000 is an unknown value
R10=0x0000000000000000 is an unknown value
R11=0x00000000650b0b90 is an unknown value
R12=0x0000000000000027 is an unknown value
R13=0x000000001df29bf8 is an unknown value
R14=0x0000000000000d36 is an unknown value
R15=0x00000000000069b0 is an unknown value


Stack: [0x000000001e790000,0x000000001e890000],  sp=0x000000001e88de90,  free space=1015k
Native frames: (J=compiled Java code, j=interpreted, Vv=VM code, C=native code)
V  [jvm.dll+0x46a893]
V  [jvm.dll+0x5080c9]
V  [jvm.dll+0x472ae3]
V  [jvm.dll+0x455b42]
V  [jvm.dll+0xa50a2]
V  [jvm.dll+0xa59df]
V  [jvm.dll+0x244314]
V  [jvm.dll+0x29b34a]
C  [msvcr100.dll+0x21d9f]
C  [msvcr100.dll+0x21e3b]
C  [KERNEL32.DLL+0x18102]
C  [ntdll.dll+0x5c5b4]


Current CompileTask:
C2:   9083 1084       4       renderEngine.EntityRenderer::render (111 bytes)


---------------  P R O C E S S  ---------------

Java Threads: ( => current thread )
  0x0000000064f57800 JavaThread "Java2D Disposer" daemon [_thread_blocked, id=8320, stack(0x000000006c7a0000,0x000000006c8a0000)]
  0x0000000064ceb800 JavaThread "LWJGL Timer" daemon [_thread_blocked, id=1376, stack(0x0000000068270000,0x0000000068370000)]
  0x000000001ddea000 JavaThread "Service Thread" daemon [_thread_blocked, id=8900, stack(0x000000001e990000,0x000000001ea90000)]
  0x000000001ddbb800 JavaThread "C1 CompilerThread3" daemon [_thread_blocked, id=2268, stack(0x000000001e890000,0x000000001e990000)]
=>0x000000001ddbb000 JavaThread "C2 CompilerThread2" daemon [_thread_in_native, id=692, stack(0x000000001e790000,0x000000001e890000)]
  0x000000001ddba000 JavaThread "C2 CompilerThread1" daemon [_thread_blocked, id=7032, stack(0x000000001e690000,0x000000001e790000)]
  0x000000001ddb7800 JavaThread "C2 CompilerThread0" daemon [_thread_blocked, id=3352, stack(0x000000001e590000,0x000000001e690000)]
  0x000000001ddb6800 JavaThread "Attach Listener" daemon [_thread_blocked, id=5368, stack(0x000000001e490000,0x000000001e590000)]
  0x000000001ddb3000 JavaThread "Signal Dispatcher" daemon [_thread_blocked, id=2044, stack(0x000000001e390000,0x000000001e490000)]
  0x000000000244d800 JavaThread "Finalizer" daemon [_thread_blocked, id=8460, stack(0x000000001e190000,0x000000001e290000)]
  0x000000001be9d800 JavaThread "Reference Handler" daemon [_thread_blocked, id=2588, stack(0x000000001dc90000,0x000000001dd90000)]
  0x0000000002350800 JavaThread "main" [_thread_in_vm, id=7656, stack(0x0000000002250000,0x0000000002350000)]

Other Threads:
  0x000000001be98800 VMThread [stack: 0x000000001db90000,0x000000001dc90000] [id=4580]
  0x000000001ddef800 WatcherThread [stack: 0x000000001ea90000,0x000000001eb90000] [id=7076]

VM state:not at safepoint (normal execution)

VM Mutex/Monitor currently owned by a thread: None

Heap:
 PSYoungGen      total 215552K, used 41766K [0x000000076b200000, 0x0000000778d00000, 0x00000007c0000000)
  eden space 208384K, 19% used [0x000000076b200000,0x000000076daaaaf0,0x0000000777d80000)
  from space 7168K, 1% used [0x0000000778500000,0x000000077851f040,0x0000000778c00000)
  to   space 7680K, 0% used [0x0000000777d80000,0x0000000777d80000,0x0000000778500000)
 ParOldGen       total 175104K, used 4674K [0x00000006c1600000, 0x00000006cc100000, 0x000000076b200000)
  object space 175104K, 2% used [0x00000006c1600000,0x00000006c1a909d0,0x00000006cc100000)
 Metaspace       used 7540K, capacity 7629K, committed 7808K, reserved 1056768K
  class space    used 736K, capacity 793K, committed 896K, reserved 1048576K

Card table byte_map: [0x0000000011810000,0x0000000012010000] byte_map_base: 0x000000000e205000

Marking Bits: (ParMarkBitMap*) 0x00000000724e64f0
 Begin Bits: [0x0000000012d60000, 0x0000000016d08000)
 End Bits:   [0x0000000016d08000, 0x000000001acb0000)

Polling page: 0x0000000000ae0000

CodeCache: size=245760Kb used=4435Kb max_used=4458Kb free=241324Kb
 bounds [0x0000000002450000, 0x00000000028c0000, 0x0000000011450000]
 total_blobs=1522 nmethods=1083 adapters=352
 compilation: enabled

Compilation events (10 events):
Event: 8.336 Thread 0x000000001ddbb000 nmethod 1080 0x000000000288c790 code [0x000000000288ca60, 0x000000000288d5b8]
Event: 8.336 Thread 0x000000001ddbb000 1081       4       entities.Ball::isInTriangle (416 bytes)
Event: 8.348 Thread 0x000000001ddb7800 nmethod 1078 0x0000000002899c10 code [0x0000000002899fa0, 0x000000000289c588]
Event: 8.349 Thread 0x000000001ddba000 nmethod 1079 0x000000000289e590 code [0x000000000289e920, 0x00000000028a0ec8]
Event: 8.457 Thread 0x000000001ddbb000 nmethod 1081 0x00000000028a8a90 code [0x00000000028a91a0, 0x00000000028aea00]
Event: 8.592 Thread 0x000000001ddb7800 1082       4       java.nio.DirectIntBufferU::put (18 bytes)
Event: 8.593 Thread 0x000000001ddb7800 nmethod 1082 0x000000000288c410 code [0x000000000288c540, 0x000000000288c5f8]
Event: 8.800 Thread 0x000000001ddba000 1083   !   4       org.lwjgl.input.Keyboard::isKeyDown (45 bytes)
Event: 8.802 Thread 0x000000001ddba000 nmethod 1083 0x0000000002879dd0 code [0x0000000002879f20, 0x000000000287a1b8]
Event: 9.019 Thread 0x000000001ddbb000 1084       4       renderEngine.EntityRenderer::render (111 bytes)

GC Heap History (10 events):
Event: 7.093 GC heap before
{Heap before GC invocations=6 (full 0):
 PSYoungGen      total 69120K, used 68723K [0x000000076b200000, 0x000000076fd00000, 0x00000007c0000000)
  eden space 64000K, 100% used [0x000000076b200000,0x000000076f080000,0x000000076f080000)
  from space 5120K, 92% used [0x000000076f200000,0x000000076f69cc48,0x000000076f700000)
  to   space 5632K, 0% used [0x000000076f780000,0x000000076f780000,0x000000076fd00000)
 ParOldGen       total 175104K, used 48K [0x00000006c1600000, 0x00000006cc100000, 0x000000076b200000)
  object space 175104K, 0% used [0x00000006c1600000,0x00000006c160c000,0x00000006cc100000)
 Metaspace       used 7534K, capacity 7629K, committed 7808K, reserved 1056768K
  class space    used 736K, capacity 793K, committed 896K, reserved 1048576K
Event: 7.104 GC heap after
Heap after GC invocations=6 (full 0):
 PSYoungGen      total 71168K, used 4707K [0x000000076b200000, 0x0000000773a00000, 0x00000007c0000000)
  eden space 65536K, 0% used [0x000000076b200000,0x000000076b200000,0x000000076f200000)
  from space 5632K, 83% used [0x000000076f780000,0x000000076fc18c38,0x000000076fd00000)
  to   space 5632K, 0% used [0x000000076f200000,0x000000076f200000,0x000000076f780000)
 ParOldGen       total 175104K, used 56K [0x00000006c1600000, 0x00000006cc100000, 0x000000076b200000)
  object space 175104K, 0% used [0x00000006c1600000,0x00000006c160e000,0x00000006cc100000)
 Metaspace       used 7534K, capacity 7629K, committed 7808K, reserved 1056768K
  class space    used 736K, capacity 793K, committed 896K, reserved 1048576K
}
Event: 7.327 GC heap before
{Heap before GC invocations=7 (full 0):
 PSYoungGen      total 71168K, used 70243K [0x000000076b200000, 0x0000000773a00000, 0x00000007c0000000)
  eden space 65536K, 100% used [0x000000076b200000,0x000000076f200000,0x000000076f200000)
  from space 5632K, 83% used [0x000000076f780000,0x000000076fc18c38,0x000000076fd00000)
  to   space 5632K, 0% used [0x000000076f200000,0x000000076f200000,0x000000076f780000)
 ParOldGen       total 175104K, used 56K [0x00000006c1600000, 0x00000006cc100000, 0x000000076b200000)
  object space 175104K, 0% used [0x00000006c1600000,0x00000006c160e000,0x00000006cc100000)
 Metaspace       used 7534K, capacity 7629K, committed 7808K, reserved 1056768K
  class space    used 736K, capacity 793K, committed 896K, reserved 1048576K
Event: 7.338 GC heap after
Heap after GC invocations=7 (full 0):
 PSYoungGen      total 71168K, used 220K [0x000000076b200000, 0x0000000773f00000, 0x00000007c0000000)
  eden space 65536K, 0% used [0x000000076b200000,0x000000076b200000,0x000000076f200000)
  from space 5632K, 3% used [0x000000076f200000,0x000000076f237040,0x000000076f780000)
  to   space 6656K, 0% used [0x0000000773880000,0x0000000773880000,0x0000000773f00000)
 ParOldGen       total 175104K, used 4642K [0x00000006c1600000, 0x00000006cc100000, 0x000000076b200000)
  object space 175104K, 2% used [0x00000006c1600000,0x00000006c1a889d0,0x00000006cc100000)
 Metaspace       used 7534K, capacity 7629K, committed 7808K, reserved 1056768K
  class space    used 736K, capacity 793K, committed 896K, reserved 1048576K
}
Event: 7.586 GC heap before
{Heap before GC invocations=8 (full 0):
 PSYoungGen      total 71168K, used 65756K [0x000000076b200000, 0x0000000773f00000, 0x00000007c0000000)
  eden space 65536K, 100% used [0x000000076b200000,0x000000076f200000,0x000000076f200000)
  from space 5632K, 3% used [0x000000076f200000,0x000000076f237040,0x000000076f780000)
  to   space 6656K, 0% used [0x0000000773880000,0x0000000773880000,0x0000000773f00000)
 ParOldGen       total 175104K, used 4642K [0x00000006c1600000, 0x00000006cc100000, 0x000000076b200000)
  object space 175104K, 2% used [0x00000006c1600000,0x00000006c1a889d0,0x00000006cc100000)
 Metaspace       used 7534K, capacity 7629K, committed 7808K, reserved 1056768K
  class space    used 736K, capacity 793K, committed 896K, reserved 1048576K
Event: 7.588 GC heap after
Heap after GC invocations=8 (full 0):
 PSYoungGen      total 137216K, used 124K [0x000000076b200000, 0x0000000774000000, 0x00000007c0000000)
  eden space 130560K, 0% used [0x000000076b200000,0x000000076b200000,0x0000000773180000)
  from space 6656K, 1% used [0x0000000773880000,0x000000077389f040,0x0000000773f00000)
  to   space 7168K, 0% used [0x0000000773180000,0x0000000773180000,0x0000000773880000)
 ParOldGen       total 175104K, used 4666K [0x00000006c1600000, 0x00000006cc100000, 0x000000076b200000)
  object space 175104K, 2% used [0x00000006c1600000,0x00000006c1a8e9d0,0x00000006cc100000)
 Metaspace       used 7534K, capacity 7629K, committed 7808K, reserved 1056768K
  class space    used 736K, capacity 793K, committed 896K, reserved 1048576K
}
Event: 8.369 GC heap before
{Heap before GC invocations=9 (full 0):
 PSYoungGen      total 137216K, used 130684K [0x000000076b200000, 0x0000000774000000, 0x00000007c0000000)
  eden space 130560K, 100% used [0x000000076b200000,0x0000000773180000,0x0000000773180000)
  from space 6656K, 1% used [0x0000000773880000,0x000000077389f040,0x0000000773f00000)
  to   space 7168K, 0% used [0x0000000773180000,0x0000000773180000,0x0000000773880000)
 ParOldGen       total 175104K, used 4666K [0x00000006c1600000, 0x00000006cc100000, 0x000000076b200000)
  object space 175104K, 2% used [0x00000006c1600000,0x00000006c1a8e9d0,0x00000006cc100000)
 Metaspace       used 7540K, capacity 7629K, committed 7808K, reserved 1056768K
  class space    used 736K, capacity 793K, committed 896K, reserved 1048576K
Event: 8.370 GC heap after
Heap after GC invocations=9 (full 0):
 PSYoungGen      total 137728K, used 220K [0x000000076b200000, 0x0000000778c00000, 0x00000007c0000000)
  eden space 130560K, 0% used [0x000000076b200000,0x000000076b200000,0x0000000773180000)
  from space 7168K, 3% used [0x0000000773180000,0x00000007731b7040,0x0000000773880000)
  to   space 7168K, 0% used [0x0000000778500000,0x0000000778500000,0x0000000778c00000)
 ParOldGen       total 175104K, used 4666K [0x00000006c1600000, 0x00000006cc100000, 0x000000076b200000)
  object space 175104K, 2% used [0x00000006c1600000,0x00000006c1a8e9d0,0x00000006cc100000)
 Metaspace       used 7540K, capacity 7629K, committed 7808K, reserved 1056768K
  class space    used 736K, capacity 793K, committed 896K, reserved 1048576K
}
Event: 8.901 GC heap before
{Heap before GC invocations=10 (full 0):
 PSYoungGen      total 137728K, used 130780K [0x000000076b200000, 0x0000000778c00000, 0x00000007c0000000)
  eden space 130560K, 100% used [0x000000076b200000,0x0000000773180000,0x0000000773180000)
  from space 7168K, 3% used [0x0000000773180000,0x00000007731b7040,0x0000000773880000)
  to   space 7168K, 0% used [0x0000000778500000,0x0000000778500000,0x0000000778c00000)
 ParOldGen       total 175104K, used 4666K [0x00000006c1600000, 0x00000006cc100000, 0x000000076b200000)
  object space 175104K, 2% used [0x00000006c1600000,0x00000006c1a8e9d0,0x00000006cc100000)
 Metaspace       used 7540K, capacity 7629K, committed 7808K, reserved 1056768K
  class space    used 736K, capacity 793K, committed 896K, reserved 1048576K
Event: 8.902 GC heap after
Heap after GC invocations=10 (full 0):
 PSYoungGen      total 215552K, used 124K [0x000000076b200000, 0x0000000778d00000, 0x00000007c0000000)
  eden space 208384K, 0% used [0x000000076b200000,0x000000076b200000,0x0000000777d80000)
  from space 7168K, 1% used [0x0000000778500000,0x000000077851f040,0x0000000778c00000)
  to   space 7680K, 0% used [0x0000000777d80000,0x0000000777d80000,0x0000000778500000)
 ParOldGen       total 175104K, used 4674K [0x00000006c1600000, 0x00000006cc100000, 0x000000076b200000)
  object space 175104K, 2% used [0x00000006c1600000,0x00000006c1a909d0,0x00000006cc100000)
 Metaspace       used 7540K, capacity 7629K, committed 7808K, reserved 1056768K
  class space    used 736K, capacity 793K, committed 896K, reserved 1048576K
}

Deoptimization events (10 events):
Event: 3.867 Thread 0x0000000002350800 Uncommon trap: reason=unstable_if action=reinterpret pc=0x00000000027ff9ac method=toolbox.Maths.isInBetween(Lorg/lwjgl/util/vector/Vector2f;Lgeometry/Line;Lgeometry/Line;)Z @ 112
Event: 3.875 Thread 0x0000000002350800 Uncommon trap: reason=unstable_if action=reinterpret pc=0x00000000028124bc method=toolbox.Maths.isInBetween(Lorg/lwjgl/util/vector/Vector2f;Lgeometry/Line;Lgeometry/Line;)Z @ 112
Event: 3.967 Thread 0x0000000002350800 Uncommon trap: reason=unstable_if action=reinterpret pc=0x0000000002755570 method=toolbox.Maths.isInBetween(Lorg/lwjgl/util/vector/Vector2f;Lgeometry/Line;Lgeometry/Line;)Z @ 112
Event: 5.534 Thread 0x0000000002350800 Uncommon trap: reason=unstable_if action=reinterpret pc=0x0000000002840fa4 method=entities.Ball.isInTriangle(Lgeometry/Triangle;)Z @ 167
Event: 8.217 Thread 0x0000000002350800 Uncommon trap: reason=unstable_if action=reinterpret pc=0x000000000286a8c8 method=geometry.Triangle2D.ballIsIn(Lorg/lwjgl/util/vector/Vector2f;F)Z @ 7
Event: 8.217 Thread 0x0000000002350800 Uncommon trap: reason=unstable_if action=reinterpret pc=0x000000000286039c method=geometry.Triangle2D.ballIsIn(Lorg/lwjgl/util/vector/Vector2f;F)Z @ 7
Event: 8.242 Thread 0x0000000002350800 Uncommon trap: reason=unstable_if action=reinterpret pc=0x000000000274cbd8 method=entities.Ball.collide(Lgeometry/Triangle;)Z @ 33
Event: 8.265 Thread 0x0000000002350800 Uncommon trap: reason=unstable_if action=reinterpret pc=0x000000000272c7e0 method=entities.Ball.collide(Lgeometry/Triangle;)Z @ 33
Event: 8.284 Thread 0x0000000002350800 Uncommon trap: reason=unstable_if action=reinterpret pc=0x0000000002831a54 method=geometry.Triangle2D.contain(Lorg/lwjgl/util/vector/Vector2f;)Z @ 42
Event: 8.300 Thread 0x0000000002350800 Uncommon trap: reason=unstable_if action=reinterpret pc=0x0000000002890648 method=entities.Ball.isInTriangle(Lgeometry/Triangle;)Z @ 151

Internal exceptions (9 events):
Event: 0.022 Thread 0x0000000002350800 Exception <a 'java/lang/NoSuchMethodError': Method sun.misc.Unsafe.defineClass(Ljava/lang/String;[BII)Ljava/lang/Class; name or signature does not match> (0x000000076b207cc0) thrown at [D:\re\workspace\8-2-build-windows-amd64-cygwin\jdk8u92\6642\hotspot\srâùõN/Êñ?
Event: 0.022 Thread 0x0000000002350800 Exception <a 'java/lang/NoSuchMethodError': Method sun.misc.Unsafe.prefetchRead(Ljava/lang/Object;J)V name or signature does not match> (0x000000076b207fa8) thrown at [D:\re\workspace\8-2-build-windows-amd64-cygwin\jdk8u92\6642\hotspot\src\share\vm\prims\j+›˝a‘?
Event: 0.313 Thread 0x0000000002350800 Exception <a 'java/security/PrivilegedActionException'> (0x000000076b777f80) thrown at [D:\re\workspace\8-2-build-windows-amd64-cygwin\jdk8u92\6642\hotspot\src\share\vm\prims\jvm.cpp, line 1386]
Event: 0.314 Thread 0x0000000002350800 Exception <a 'java/security/PrivilegedActionException'> (0x000000076b778378) thrown at [D:\re\workspace\8-2-build-windows-amd64-cygwin\jdk8u92\6642\hotspot\src\share\vm\prims\jvm.cpp, line 1386]
Event: 0.314 Thread 0x0000000002350800 Exception <a 'java/security/PrivilegedActionException'> (0x000000076b77c590) thrown at [D:\re\workspace\8-2-build-windows-amd64-cygwin\jdk8u92\6642\hotspot\src\share\vm\prims\jvm.cpp, line 1386]
Event: 0.314 Thread 0x0000000002350800 Exception <a 'java/security/PrivilegedActionException'> (0x000000076b77c988) thrown at [D:\re\workspace\8-2-build-windows-amd64-cygwin\jdk8u92\6642\hotspot\src\share\vm\prims\jvm.cpp, line 1386]
Event: 1.794 Thread 0x0000000002350800 Exception <a 'java/io/FileNotFoundException'> (0x000000076bc2b0a0) thrown at [D:\re\workspace\8-2-build-windows-amd64-cygwin\jdk8u92\6642\hotspot\src\share\vm\prims\jni.cpp, line 709]
Event: 1.818 Thread 0x0000000002350800 Exception <a 'java/lang/NoSuchFieldError': method resolution failed> (0x000000076bd25748) thrown at [D:\re\workspace\8-2-build-windows-amd64-cygwin\jdk8u92\6642\hotspot\src\share\vm\prims\methodHandles.cpp, line 1146]
Event: 1.820 Thread 0x0000000002350800 Exception <a 'java/lang/NoSuchFieldError': method resolution failed> (0x000000076bd32e68) thrown at [D:\re\workspace\8-2-build-windows-amd64-cygwin\jdk8u92\6642\hotspot\src\share\vm\prims\methodHandles.cpp, line 1146]

Events (10 events):
Event: 8.326 Thread 0x0000000002350800 DEOPT PACKING pc=0x0000000002887e06 sp=0x000000000234f0d0
Event: 8.326 Thread 0x0000000002350800 DEOPT UNPACKING pc=0x000000000249787f sp=0x000000000234ee70 mode 0
Event: 8.335 Thread 0x0000000002350800 DEOPT PACKING pc=0x0000000002887e06 sp=0x000000000234f0d0
Event: 8.335 Thread 0x0000000002350800 DEOPT UNPACKING pc=0x000000000249787f sp=0x000000000234ee70 mode 0
Event: 8.369 Executing VM operation: ParallelGCFailedAllocation
Event: 8.370 Executing VM operation: ParallelGCFailedAllocation done
Event: 8.371 Executing VM operation: RevokeBias
Event: 8.371 Executing VM operation: RevokeBias done
Event: 8.901 Executing VM operation: ParallelGCFailedAllocation
Event: 8.902 Executing VM operation: ParallelGCFailedAllocation done


Dynamic libraries:
0x00007ff7ed130000 - 0x00007ff7ed167000 	C:\Program Files\Java\jdk1.8.0_92\bin\javaw.exe
0x00007ffa3de10000 - 0x00007ffa3dfd1000 	C:\WINDOWS\SYSTEM32\ntdll.dll
0x00007ffa3bc30000 - 0x00007ffa3bcdd000 	C:\WINDOWS\system32\KERNEL32.DLL
0x00007ffa3aca0000 - 0x00007ffa3ae88000 	C:\WINDOWS\system32\KERNELBASE.dll
0x00007ffa3be40000 - 0x00007ffa3bee7000 	C:\WINDOWS\system32\ADVAPI32.dll
0x00007ffa3ba10000 - 0x00007ffa3baad000 	C:\WINDOWS\system32\msvcrt.dll
0x00007ffa3bf50000 - 0x00007ffa3bfab000 	C:\WINDOWS\system32\sechost.dll
0x00007ffa3c0f0000 - 0x00007ffa3c20c000 	C:\WINDOWS\system32\RPCRT4.dll
0x00007ffa3bad0000 - 0x00007ffa3bc26000 	C:\WINDOWS\system32\USER32.dll
0x00007ffa3c5b0000 - 0x00007ffa3c736000 	C:\WINDOWS\system32\GDI32.dll
0x00007ffa36600000 - 0x00007ffa36874000 	C:\WINDOWS\WinSxS\amd64_microsoft.windows.common-controls_6595b64144ccf1df_6.0.10586.0_none_8c15ae12515e1c22\COMCTL32.dll
0x00007ffa3c2d0000 - 0x00007ffa3c54d000 	C:\WINDOWS\system32\combase.dll
0x00007ffa3b180000 - 0x00007ffa3b1ea000 	C:\WINDOWS\system32\bcryptPrimitives.dll
0x00007ffa3b220000 - 0x00007ffa3b25b000 	C:\WINDOWS\system32\IMM32.DLL
0x0000000071a40000 - 0x0000000071b12000 	C:\Program Files\Java\jdk1.8.0_92\jre\bin\msvcr100.dll
0x0000000071cd0000 - 0x0000000072566000 	C:\Program Files\Java\jdk1.8.0_92\jre\bin\server\jvm.dll
0x00007ffa3c210000 - 0x00007ffa3c218000 	C:\WINDOWS\system32\PSAPI.DLL
0x00007ffa191f0000 - 0x00007ffa191f9000 	C:\WINDOWS\SYSTEM32\WSOCK32.dll
0x00007ffa38a30000 - 0x00007ffa38a53000 	C:\WINDOWS\SYSTEM32\WINMM.dll
0x00007ffa36920000 - 0x00007ffa3692a000 	C:\WINDOWS\SYSTEM32\VERSION.dll
0x00007ffa3c080000 - 0x00007ffa3c0eb000 	C:\WINDOWS\system32\WS2_32.dll
0x00007ffa388c0000 - 0x00007ffa388ec000 	C:\WINDOWS\SYSTEM32\WINMMBASE.dll
0x00007ffa3a550000 - 0x00007ffa3a593000 	C:\WINDOWS\system32\cfgmgr32.dll
0x0000000071be0000 - 0x0000000071bef000 	C:\Program Files\Java\jdk1.8.0_92\jre\bin\verify.dll
0x0000000071bb0000 - 0x0000000071bd9000 	C:\Program Files\Java\jdk1.8.0_92\jre\bin\java.dll
0x0000000071b90000 - 0x0000000071ba6000 	C:\Program Files\Java\jdk1.8.0_92\jre\bin\zip.dll
0x00007ffa3c850000 - 0x00007ffa3ddac000 	C:\WINDOWS\system32\SHELL32.dll
0x00007ffa3a5a0000 - 0x00007ffa3abe4000 	C:\WINDOWS\system32\windows.storage.dll
0x00007ffa3c550000 - 0x00007ffa3c5a2000 	C:\WINDOWS\system32\shlwapi.dll
0x00007ffa3a4b0000 - 0x00007ffa3a4bf000 	C:\WINDOWS\system32\kernel.appcore.dll
0x00007ffa3ae90000 - 0x00007ffa3af45000 	C:\WINDOWS\system32\shcore.dll
0x00007ffa3a460000 - 0x00007ffa3a4ab000 	C:\WINDOWS\system32\powrprof.dll
0x00007ffa3a430000 - 0x00007ffa3a444000 	C:\WINDOWS\system32\profapi.dll
0x0000000180000000 - 0x0000000180051000 	C:\Users\User\Documents\DKE\gitHub\MiniGolf\res\lib\native\windows\lwjgl64.dll
0x00007ffa19620000 - 0x00007ffa19749000 	C:\WINDOWS\SYSTEM32\OPENGL32.dll
0x00007ffa18ca0000 - 0x00007ffa18d9a000 	C:\WINDOWS\SYSTEM32\DDRAW.dll
0x00007ffa18da0000 - 0x00007ffa18dce000 	C:\WINDOWS\SYSTEM32\GLU32.dll
0x00007ffa1a890000 - 0x00007ffa1a898000 	C:\WINDOWS\SYSTEM32\DCIMAN32.dll
0x00007ffa38d40000 - 0x00007ffa38dd6000 	C:\WINDOWS\system32\uxtheme.dll
0x00007ffa3bce0000 - 0x00007ffa3be3a000 	C:\WINDOWS\system32\MSCTF.dll
0x00007ffa37bc0000 - 0x00007ffa37be2000 	C:\WINDOWS\system32\dwmapi.dll
0x00007ffa03500000 - 0x00007ffa0420b000 	C:\WINDOWS\SYSTEM32\ig9icd64.dll
0x00007ffa33440000 - 0x00007ffa342b0000 	C:\WINDOWS\SYSTEM32\igc64.dll
0x00007ffa38380000 - 0x00007ffa38393000 	C:\WINDOWS\SYSTEM32\WTSAPI32.dll
0x00007ffa36880000 - 0x00007ffa36911000 	C:\WINDOWS\SYSTEM32\mscms.dll
0x00007ffa39bf0000 - 0x00007ffa39c0f000 	C:\WINDOWS\SYSTEM32\USERENV.dll
0x00007ffa13e20000 - 0x00007ffa13e62000 	C:\WINDOWS\SYSTEM32\icm32.dll
0x00000000718a0000 - 0x0000000071a38000 	C:\Program Files\Java\jdk1.8.0_92\jre\bin\awt.dll
0x00007ffa3bfb0000 - 0x00007ffa3c071000 	C:\WINDOWS\system32\OLEAUT32.dll
0x00007ffa38af0000 - 0x00007ffa38b69000 	C:\WINDOWS\system32\apphelp.dll
0x00007ffa183e0000 - 0x00007ffa1856c000 	C:\WINDOWS\SYSTEM32\dbghelp.dll

VM Arguments:
jvm_args: -Djava.library.path=C:\Users\User\Documents\DKE\gitHub\MiniGolf\res\lib\native\macosx;C:\Users\User\Documents\DKE\gitHub\MiniGolf\res\lib\native\windows -Dfile.encoding=Cp1252 
java_command: engineTester.MainGameLoop
java_class_path (initial): C:\Users\User\Documents\DKE\gitHub\MiniGolf\bin;C:\Users\User\Documents\DKE\gitHub\MiniGolf\res\lib\jar\lwjgl_util.jar;C:\Users\User\Documents\DKE\gitHub\MiniGolf\res\lib\jar\lwjgl.jar;C:\Users\User\Documents\DKE\gitHub\MiniGolf\res\lib\jar\slick-util.jar;C:\Users\User\Documents\DKE\gitHub\MiniGolf\res\lib\jar\PNGDecoder.jar
Launcher Type: SUN_STANDARD

Environment Variables:
PATH=C:/Program Files/Java/jdk1.8.0_92/bin/../jre/bin/server;C:/Program Files/Java/jdk1.8.0_92/bin/../jre/bin;C:/Program Files/Java/jdk1.8.0_92/bin/../jre/lib/amd64;C:\Program Files\Java\jdk1.8.0_92\bin;C:\Program Files (x86)\Skype\Phone\;C:\Program Files\Java\jdk1.8.0_92\bin;C:\Program Files\eclipse;
USERNAME=User
OS=Windows_NT
PROCESSOR_IDENTIFIER=Intel64 Family 6 Model 94 Stepping 3, GenuineIntel



---------------  S Y S T E M  ---------------

OS: Windows 10.0 , 64 bit Build 10586 (10.0.10586.0)

CPU:total 8 (4 cores per cpu, 2 threads per core) family 6 model 94 stepping 3, cmov, cx8, fxsr, mmx, sse, sse2, sse3, ssse3, sse4.1, sse4.2, popcnt, avx, avx2, aes, clmul, erms, rtm, 3dnowpref, lzcnt, ht, tsc, tscinvbit, bmi1, bmi2, adx

Memory: 4k page, physical 16682072k(12243884k free), swap 19172440k(13403224k free)

vm_info: Java HotSpot(TM) 64-Bit Server VM (25.92-b14) for windows-amd64 JRE (1.8.0_92-b14), built on Mar 31 2016 21:03:04 by "java_re" with MS VC++ 10.0 (VS2010)

time: Thu May 26 12:29:14 2016
elapsed time: 9 seconds (0d 0h 0m 9s)

