#
# A fatal error has been detected by the Java Runtime Environment:
#
#  SIGSEGV (0xb) at pc=0x00007fff931b74dd, pid=1074, tid=2571
#
# JRE version: Java(TM) SE Runtime Environment (8.0_60-b27) (build 1.8.0_60-b27)
# Java VM: Java HotSpot(TM) 64-Bit Server VM (25.60-b23 mixed mode bsd-amd64 compressed oops)
# Problematic frame:
# C  [libobjc.A.dylib+0x14dd]  objc_msgSend+0x1d
#
# Failed to write core dump. Core dumps have been disabled. To enable core dumping, try "ulimit -c unlimited" before starting Java again
#
# If you would like to submit a bug report, please visit:
#   http://bugreport.java.com/bugreport/crash.jsp
# The crash happened outside the Java Virtual Machine in native code.
# See problematic frame for where to report the bug.
#

---------------  T H R E A D  ---------------

Current thread (0x00007ff3fb15e800):  JavaThread "AppKit Thread" daemon [_thread_in_native, id=2571, stack(0x00007fff534b0000,0x00007fff53cb0000)]

siginfo: si_signo: 11 (SIGSEGV), si_code: 1 (SEGV_MAPERR), si_addr: 0x000011eb00010028

Registers:
RAX=0x00007ff3fa435030, RBX=0x00007fff53caadf8, RCX=0x00007ff3fa6a2be8, RDX=0x00007ff3fcd000e0
RSP=0x00007fff53caadb8, RBP=0x00007fff53caadc0, RSI=0x00007fff913f784a, RDI=0x00007ff3fa435030
R8 =0x000000000000001f, R9 =0x00007ff3fa448b20, R10=0x00007fff913f784a, R11=0x000011eb00010010
R12=0x00007ff3fcd000e0, R13=0x00007ff3fa448b20, R14=0x00007ff3fa6a2be0, R15=0x0000000000000000
RIP=0x00007fff931b74dd, EFLAGS=0x0000000000010202, ERR=0x0000000000000004
  TRAPNO=0x000000000000000e

Top of Stack: (sp=0x00007fff53caadb8)
0x00007fff53caadb8:   00007fff8e953bbc 00007fff53caade0
0x00007fff53caadc8:   00007fff8e953b4f 0000000000000000
0x00007fff53caadd8:   0000000000000000 00007fff53caae50
0x00007fff53caade8:   00007fff8e953ac7 00007fff53caae20
0x00007fff53caadf8:   00007fff7dc570a0 0000000042000000
0x00007fff53caae08:   00007fff8e953b10 00007fff7c1fc720
0x00007fff53caae18:   00007ff3fa448b20 00007ff3fcd000e0
0x00007fff53caae28:   00007fff53cab5f8 00007fff7c329780
0x00007fff53caae38:   00007fff53cab5f8 00007ff3fa448b20
0x00007fff53caae48:   00007fff8ed139e2 00007fff53caae90
0x00007fff53caae58:   00007fff8e953832 00007fff53cab470
0x00007fff53caae68:   0000000000000001 00007fff7c329780
0x00007fff53caae78:   00007fff53cab5f8 00007fff931b74c0
0x00007fff53caae88:   00007fff8ed139e2 00007fff53cab5a0
0x00007fff53caae98:   00007fff8e9105e2 00007ff3fa782fa0
0x00007fff53caaea8:   ffff800c0587d060 00007fff7cba1d00
0x00007fff53caaeb8:   00007ff3fa4074d0 00007ff3fb8020b8
0x00007fff53caaec8:   00007ff3fa686940 0000000000000000
0x00007fff53caaed8:   0000000000000000 0000000000000000
0x00007fff53caaee8:   00007ff3fa6877f0 00007fff7c239bc0
0x00007fff53caaef8:   00007fff53cab470 0000000000000002
0x00007fff53caaf08:   0000000000000100 00007fff53caaf00
0x00007fff53caaf18:   00007fff53cab370 0000000000000000
0x00007fff53caaf28:   0000000000000100 00007fff53caaf00
0x00007fff53caaf38:   00007fff7c329780 0000000000000000
0x00007fff53caaf48:   00007fff7c1fd500 00007fff7c329780
0x00007fff53caaf58:   0000000000000000 00007fff7c1fd500
0x00007fff53caaf68:   00007fff7cba1d00 00007fff53caafe0
0x00007fff53caaf78:   00007fff931be2a4 0000000000000000
0x00007fff53caaf88:   00007fff7cba3810 0000000100000000
0x00007fff53caaf98:   0000000000000000 ffff800c058b8b40
0x00007fff53caafa8:   00007ff3fa66d8c0 00007ff3fa66d8f0 

Instructions: (pc=0x00007fff931b74dd)
0x00007fff931b74bd:   44 00 00 48 85 ff 2e 74 62 40 f6 c7 01 2e 75 66
0x00007fff931b74cd:   49 bb f8 ff ff ff ff 7f 00 00 4c 23 1f 49 89 f2
0x00007fff931b74dd:   45 23 53 18 49 c1 e2 04 4d 03 53 10 49 3b 32 75
0x00007fff931b74ed:   04 41 ff 62 08 49 83 3a 01 76 0d 49 83 c2 10 49 

Register to memory mapping:

RAX=0x00007ff3fa435030 is an unknown value
RBX=0x00007fff53caadf8 is pointing into the stack for thread: 0x00007ff3fb15e800
RCX=0x00007ff3fa6a2be8 is an unknown value
RDX=0x00007ff3fcd000e0 is an unknown value
RSP=0x00007fff53caadb8 is pointing into the stack for thread: 0x00007ff3fb15e800
RBP=0x00007fff53caadc0 is pointing into the stack for thread: 0x00007ff3fb15e800
RSI=0x00007fff913f784a: -[NSTitlebarContainerView transparent]+0x63088 in /System/Library/Frameworks/AppKit.framework/Versions/C/AppKit at 0x00007fff9096a000
RDI=0x00007ff3fa435030 is an unknown value
R8 =0x000000000000001f is an unknown value
R9 =0x00007ff3fa448b20 is an unknown value
R10=0x00007fff913f784a: -[NSTitlebarContainerView transparent]+0x63088 in /System/Library/Frameworks/AppKit.framework/Versions/C/AppKit at 0x00007fff9096a000
R11=0x000011eb00010010 is an unknown value
R12=0x00007ff3fcd000e0 is an unknown value
R13=0x00007ff3fa448b20 is an unknown value
R14=0x00007ff3fa6a2be0 is an unknown value
R15=0x0000000000000000 is an unknown value


Stack: [0x00007fff534b0000,0x00007fff53cb0000],  sp=0x00007fff53caadb8,  free space=8171k
Native frames: (J=compiled Java code, j=interpreted, Vv=VM code, C=native code)
C  [libobjc.A.dylib+0x14dd]  objc_msgSend+0x1d
C  [CoreFoundation+0xa0b4f]  ___CFXRegistrationPost_block_invoke+0x3f
C  [CoreFoundation+0xa0ac7]  _CFXRegistrationPost+0x197
C  [CoreFoundation+0xa0832]  ___CFXNotificationPost_block_invoke+0x32
C  [CoreFoundation+0x5d5e2]  -[_CFXNotificationRegistrar find:object:observer:enumerator:]+0x782
C  [CoreFoundation+0x5c835]  _CFXNotificationPost+0x2b5
C  [Foundation+0x6fda]  -[NSNotificationCenter postNotificationName:object:userInfo:]+0x42
C  [AppKit+0x265372]  -[NSSurface _disposeSurface]+0xa9
C  [AppKit+0x264dcb]  -[NSSurface setWindow:]+0x42
C  [AppKit+0x28cab]  -[NSView _setWindow:]+0x9be
C  [AppKit+0x2ba97]  -[NSView removeFromSuperview]+0x1d7
C  [AppKit+0x155d7f]  -[NSView removeFromSuperviewWithoutNeedingDisplay]+0x26
C  [liblwjgl.jnilib+0x9c3e]  +[MacOSXKeyableWindow destroyWindow]+0xde
C  [Foundation+0x76f5e]  __NSThreadPerformPerform+0x117
C  [CoreFoundation+0xaa881]  __CFRUNLOOP_IS_CALLING_OUT_TO_A_SOURCE0_PERFORM_FUNCTION__+0x11
C  [CoreFoundation+0x89fbc]  __CFRunLoopDoSources0+0x22c
C  [CoreFoundation+0x894df]  __CFRunLoopRun+0x39f
C  [CoreFoundation+0x88ed8]  CFRunLoopRunSpecific+0x128
C  [HIToolbox+0x30935]  RunCurrentEventLoopInMode+0xeb
C  [HIToolbox+0x3076f]  ReceiveNextEventCommon+0x1b0
C  [HIToolbox+0x305af]  _BlockUntilNextEventMatchingListInModeWithFilter+0x47
C  [AppKit+0x48efa]  _DPSNextEvent+0x42b
C  [AppKit+0x4832a]  -[NSApplication _nextEventMatchingEventMask:untilDate:inMode:dequeue:]+0x1c6
C  [libosxapp.dylib+0x23aa]  -[NSApplicationAWT nextEventMatchingMask:untilDate:inMode:dequeue:]+0x7c
C  [AppKit+0x3ce84]  -[NSApplication run]+0x2aa
C  [libosxapp.dylib+0x214d]  +[NSApplicationAWT runAWTLoopWithApp:]+0x9c
C  [libawt_lwawt.dylib+0x44517]  -[AWTStarter starter:]+0x389
C  [Foundation+0x76f5e]  __NSThreadPerformPerform+0x117
C  [CoreFoundation+0xaa881]  __CFRUNLOOP_IS_CALLING_OUT_TO_A_SOURCE0_PERFORM_FUNCTION__+0x11
C  [CoreFoundation+0x89fbc]  __CFRunLoopDoSources0+0x22c
C  [CoreFoundation+0x894df]  __CFRunLoopRun+0x39f
C  [CoreFoundation+0x88ed8]  CFRunLoopRunSpecific+0x128
C  [java+0x6463]  CreateExecutionEnvironment+0x367
C  [java+0x21ac]  JLI_Launch+0x7a0
C  [java+0x84c0]  main+0x65
C  [java+0x1a04]  start+0x34
C  0x0000000000000006


---------------  P R O C E S S  ---------------

Java Threads: ( => current thread )
  0x00007ff3ff000000 JavaThread "AWT-Shutdown" [_thread_blocked, id=30491, stack(0x0000700000932000,0x0000700000a32000)]
  0x00007ff3fc0f1800 JavaThread "Java2D Disposer" daemon [_thread_blocked, id=30279, stack(0x0000700001359000,0x0000700001459000)]
=>0x00007ff3fb15e800 JavaThread "AppKit Thread" daemon [_thread_in_native, id=2571, stack(0x00007fff534b0000,0x00007fff53cb0000)]
  0x00007ff3fb017000 JavaThread "Service Thread" daemon [_thread_blocked, id=18435, stack(0x0000700000e44000,0x0000700000f44000)]
  0x00007ff3fa843000 JavaThread "C1 CompilerThread2" daemon [_thread_blocked, id=17923, stack(0x0000700000d41000,0x0000700000e41000)]
  0x00007ff3fb00e800 JavaThread "C2 CompilerThread1" daemon [_thread_blocked, id=17411, stack(0x0000700000c3e000,0x0000700000d3e000)]
  0x00007ff3fb00a000 JavaThread "C2 CompilerThread0" daemon [_thread_blocked, id=16899, stack(0x0000700000b3b000,0x0000700000c3b000)]
  0x00007ff3fb82f800 JavaThread "Signal Dispatcher" daemon [_thread_blocked, id=13839, stack(0x0000700000a38000,0x0000700000b38000)]
  0x00007ff3fb007000 JavaThread "Finalizer" daemon [_thread_blocked, id=12291, stack(0x000070000082f000,0x000070000092f000)]
  0x00007ff3fb006800 JavaThread "Reference Handler" daemon [_thread_blocked, id=11779, stack(0x000070000072c000,0x000070000082c000)]
  0x00007ff3fa808800 JavaThread "main" [_thread_in_native, id=5891, stack(0x000070000011a000,0x000070000021a000)]

Other Threads:
  0x00007ff3fb004000 VMThread [stack: 0x0000700000629000,0x0000700000729000] [id=11267]
  0x00007ff3fa844000 WatcherThread [stack: 0x0000700000f47000,0x0000700001047000] [id=18947]

VM state:not at safepoint (normal execution)

VM Mutex/Monitor currently owned by a thread: None

Heap:
 PSYoungGen      total 646656K, used 13254K [0x0000000795580000, 0x00000007bf680000, 0x00000007c0000000)
  eden space 646144K, 2% used [0x0000000795580000,0x00000007962418a0,0x00000007bcc80000)
  from space 512K, 37% used [0x00000007bec00000,0x00000007bec30108,0x00000007bec80000)
  to   space 10240K, 0% used [0x00000007bec80000,0x00000007bec80000,0x00000007bf680000)
 ParOldGen       total 87552K, used 11289K [0x0000000740000000, 0x0000000745580000, 0x0000000795580000)
  object space 87552K, 12% used [0x0000000740000000,0x0000000740b066b8,0x0000000745580000)
 Metaspace       used 7893K, capacity 8063K, committed 8320K, reserved 1056768K
  class space    used 771K, capacity 826K, committed 896K, reserved 1048576K

Card table byte_map: [0x000000011cd7e000,0x000000011d17f000] byte_map_base: 0x000000011937e000

Marking Bits: (ParMarkBitMap*) 0x000000010d2dee20
 Begin Bits: [0x000000011d42a000, 0x000000011f42a000)
 End Bits:   [0x000000011f42a000, 0x000000012142a000)

Polling page: 0x000000010c1de000

CodeCache: size=245760Kb used=5969Kb max_used=5994Kb free=239790Kb
 bounds [0x000000010d9be000, 0x000000010dfae000, 0x000000011c9be000]
 total_blobs=1644 nmethods=1212 adapters=346
 compilation: enabled

Compilation events (10 events):
Event: 17.802 Thread 0x00007ff3fa843000 1227       3       java.nio.Bits::putIntB (43 bytes)
Event: 17.802 Thread 0x00007ff3fa843000 nmethod 1227 0x000000010daceb10 code [0x000000010dacecc0, 0x000000010dacf298]
Event: 17.803 Thread 0x00007ff3fa843000 1228       3       java.nio.Bits::int3 (6 bytes)
Event: 17.803 Thread 0x00007ff3fa843000 nmethod 1228 0x000000010dace810 code [0x000000010dace960, 0x000000010dacea90]
Event: 17.803 Thread 0x00007ff3fa843000 1229       3       java.nio.Bits::int2 (6 bytes)
Event: 17.803 Thread 0x00007ff3fa843000 nmethod 1229 0x000000010dad8550 code [0x000000010dad86a0, 0x000000010dad87d0]
Event: 17.803 Thread 0x00007ff3fa843000 1230       3       java.nio.Bits::int1 (6 bytes)
Event: 17.803 Thread 0x00007ff3fa843000 nmethod 1230 0x000000010daeefd0 code [0x000000010daef120, 0x000000010daef250]
Event: 17.803 Thread 0x00007ff3fa843000 1231       3       java.nio.Bits::int0 (3 bytes)
Event: 17.803 Thread 0x00007ff3fa843000 nmethod 1231 0x000000010dabd990 code [0x000000010dabdae0, 0x000000010dabdc10]

GC Heap History (10 events):
Event: 13.924 GC heap before
{Heap before GC invocations=9 (full 0):
 PSYoungGen      total 274944K, used 267698K [0x0000000795580000, 0x00000007a6c80000, 0x00000007c0000000)
  eden space 265728K, 100% used [0x0000000795580000,0x00000007a5900000,0x00000007a5900000)
  from space 9216K, 21% used [0x00000007a6280000,0x00000007a646caf8,0x00000007a6b80000)
  to   space 9728K, 0% used [0x00000007a5900000,0x00000007a5900000,0x00000007a6280000)
 ParOldGen       total 87552K, used 9455K [0x0000000740000000, 0x0000000745580000, 0x0000000795580000)
  object space 87552K, 10% used [0x0000000740000000,0x000000074093bd48,0x0000000745580000)
 Metaspace       used 7819K, capacity 7935K, committed 8064K, reserved 1056768K
  class space    used 769K, capacity 826K, committed 896K, reserved 1048576K
Event: 13.927 GC heap after
Heap after GC invocations=9 (full 0):
 PSYoungGen      total 275456K, used 256K [0x0000000795580000, 0x00000007b0800000, 0x00000007c0000000)
  eden space 265728K, 0% used [0x0000000795580000,0x0000000795580000,0x00000007a5900000)
  from space 9728K, 2% used [0x00000007a5900000,0x00000007a5940108,0x00000007a6280000)
  to   space 9728K, 0% used [0x00000007afe80000,0x00000007afe80000,0x00000007b0800000)
 ParOldGen       total 87552K, used 11177K [0x0000000740000000, 0x0000000745580000, 0x0000000795580000)
  object space 87552K, 12% used [0x0000000740000000,0x0000000740aea6b8,0x0000000745580000)
 Metaspace       used 7819K, capacity 7935K, committed 8064K, reserved 1056768K
  class space    used 769K, capacity 826K, committed 896K, reserved 1048576K
}
Event: 15.005 GC heap before
{Heap before GC invocations=10 (full 0):
 PSYoungGen      total 275456K, used 265984K [0x0000000795580000, 0x00000007b0800000, 0x00000007c0000000)
  eden space 265728K, 100% used [0x0000000795580000,0x00000007a5900000,0x00000007a5900000)
  from space 9728K, 2% used [0x00000007a5900000,0x00000007a5940108,0x00000007a6280000)
  to   space 9728K, 0% used [0x00000007afe80000,0x00000007afe80000,0x00000007b0800000)
 ParOldGen       total 87552K, used 11177K [0x0000000740000000, 0x0000000745580000, 0x0000000795580000)
  object space 87552K, 12% used [0x0000000740000000,0x0000000740aea6b8,0x0000000745580000)
 Metaspace       used 7879K, capacity 7999K, committed 8320K, reserved 1056768K
  class space    used 770K, capacity 826K, committed 896K, reserved 1048576K
Event: 15.006 GC heap after
Heap after GC invocations=10 (full 0):
 PSYoungGen      total 434688K, used 320K [0x0000000795580000, 0x00000007b0900000, 0x00000007c0000000)
  eden space 424960K, 0% used [0x0000000795580000,0x0000000795580000,0x00000007af480000)
  from space 9728K, 3% used [0x00000007afe80000,0x00000007afed0188,0x00000007b0800000)
  to   space 10240K, 0% used [0x00000007af480000,0x00000007af480000,0x00000007afe80000)
 ParOldGen       total 87552K, used 11209K [0x0000000740000000, 0x0000000745580000, 0x0000000795580000)
  object space 87552K, 12% used [0x0000000740000000,0x0000000740af26b8,0x0000000745580000)
 Metaspace       used 7879K, capacity 7999K, committed 8320K, reserved 1056768K
  class space    used 770K, capacity 826K, committed 896K, reserved 1048576K
}
Event: 15.967 GC heap before
{Heap before GC invocations=11 (full 0):
 PSYoungGen      total 434688K, used 425280K [0x0000000795580000, 0x00000007b0900000, 0x00000007c0000000)
  eden space 424960K, 100% used [0x0000000795580000,0x00000007af480000,0x00000007af480000)
  from space 9728K, 3% used [0x00000007afe80000,0x00000007afed0188,0x00000007b0800000)
  to   space 10240K, 0% used [0x00000007af480000,0x00000007af480000,0x00000007afe80000)
 ParOldGen       total 87552K, used 11209K [0x0000000740000000, 0x0000000745580000, 0x0000000795580000)
  object space 87552K, 12% used [0x0000000740000000,0x0000000740af26b8,0x0000000745580000)
 Metaspace       used 7883K, capacity 7999K, committed 8320K, reserved 1056768K
  class space    used 771K, capacity 826K, committed 896K, reserved 1048576K
Event: 15.968 GC heap after
Heap after GC invocations=11 (full 0):
 PSYoungGen      total 435200K, used 320K [0x0000000795580000, 0x00000007c0000000, 0x00000007c0000000)
  eden space 424960K, 0% used [0x0000000795580000,0x0000000795580000,0x00000007af480000)
  from space 10240K, 3% used [0x00000007af480000,0x00000007af4d0188,0x00000007afe80000)
  to   space 10240K, 0% used [0x00000007bf600000,0x00000007bf600000,0x00000007c0000000)
 ParOldGen       total 87552K, used 11273K [0x0000000740000000, 0x0000000745580000, 0x0000000795580000)
  object space 87552K, 12% used [0x0000000740000000,0x0000000740b026b8,0x0000000745580000)
 Metaspace       used 7883K, capacity 7999K, committed 8320K, reserved 1056768K
  class space    used 771K, capacity 826K, committed 896K, reserved 1048576K
}
Event: 16.162 GC heap before
{Heap before GC invocations=12 (full 0):
 PSYoungGen      total 435200K, used 425280K [0x0000000795580000, 0x00000007c0000000, 0x00000007c0000000)
  eden space 424960K, 100% used [0x0000000795580000,0x00000007af480000,0x00000007af480000)
  from space 10240K, 3% used [0x00000007af480000,0x00000007af4d0188,0x00000007afe80000)
  to   space 10240K, 0% used [0x00000007bf600000,0x00000007bf600000,0x00000007c0000000)
 ParOldGen       total 87552K, used 11273K [0x0000000740000000, 0x0000000745580000, 0x0000000795580000)
  object space 87552K, 12% used [0x0000000740000000,0x0000000740b026b8,0x0000000745580000)
 Metaspace       used 7883K, capacity 7999K, committed 8320K, reserved 1056768K
  class space    used 771K, capacity 826K, committed 896K, reserved 1048576K
Event: 16.163 GC heap after
Heap after GC invocations=12 (full 0):
 PSYoungGen      total 688640K, used 256K [0x0000000795580000, 0x00000007c0000000, 0x00000007c0000000)
  eden space 678400K, 0% used [0x0000000795580000,0x0000000795580000,0x00000007bec00000)
  from space 10240K, 2% used [0x00000007bf600000,0x00000007bf640188,0x00000007c0000000)
  to   space 10240K, 0% used [0x00000007bec00000,0x00000007bec00000,0x00000007bf600000)
 ParOldGen       total 87552K, used 11289K [0x0000000740000000, 0x0000000745580000, 0x0000000795580000)
  object space 87552K, 12% used [0x0000000740000000,0x0000000740b066b8,0x0000000745580000)
 Metaspace       used 7883K, capacity 7999K, committed 8320K, reserved 1056768K
  class space    used 771K, capacity 826K, committed 896K, reserved 1048576K
}
Event: 18.047 GC heap before
{Heap before GC invocations=13 (full 0):
 PSYoungGen      total 688640K, used 678656K [0x0000000795580000, 0x00000007c0000000, 0x00000007c0000000)
  eden space 678400K, 100% used [0x0000000795580000,0x00000007bec00000,0x00000007bec00000)
  from space 10240K, 2% used [0x00000007bf600000,0x00000007bf640188,0x00000007c0000000)
  to   space 10240K, 0% used [0x00000007bec00000,0x00000007bec00000,0x00000007bf600000)
 ParOldGen       total 87552K, used 11289K [0x0000000740000000, 0x0000000745580000, 0x0000000795580000)
  object space 87552K, 12% used [0x0000000740000000,0x0000000740b066b8,0x0000000745580000)
 Metaspace       used 7887K, capacity 7999K, committed 8320K, reserved 1056768K
  class space    used 771K, capacity 826K, committed 896K, reserved 1048576K
Event: 18.048 GC heap after
Heap after GC invocations=13 (full 0):
 PSYoungGen      total 646656K, used 192K [0x0000000795580000, 0x00000007bf680000, 0x00000007c0000000)
  eden space 646144K, 0% used [0x0000000795580000,0x0000000795580000,0x00000007bcc80000)
  from space 512K, 37% used [0x00000007bec00000,0x00000007bec30108,0x00000007bec80000)
  to   space 10240K, 0% used [0x00000007bec80000,0x00000007bec80000,0x00000007bf680000)
 ParOldGen       total 87552K, used 11289K [0x0000000740000000, 0x0000000745580000, 0x0000000795580000)
  object space 87552K, 12% used [0x0000000740000000,0x0000000740b066b8,0x0000000745580000)
 Metaspace       used 7887K, capacity 7999K, committed 8320K, reserved 1056768K
  class space    used 771K, capacity 826K, committed 896K, reserved 1048576K
}

Deoptimization events (10 events):
Event: 6.865 Thread 0x00007ff3fa808800 Uncommon trap: reason=unstable_if action=reinterpret pc=0x000000010dd22810 method=renderEngine.OBJLoader.loadObjModel(Ljava/lang/String;LrenderEngine/Loader;)Lmodels/RawModel; @ 687
Event: 7.049 Thread 0x00007ff3fa808800 Uncommon trap: reason=unstable_if action=reinterpret pc=0x000000010dd5bdb8 method=java.lang.Math.abs(F)F @ 3
Event: 7.049 Thread 0x00007ff3fa808800 Uncommon trap: reason=unstable_if action=reinterpret pc=0x000000010dd887b0 method=java.lang.Math.abs(F)F @ 3
Event: 7.246 Thread 0x00007ff3fa808800 Uncommon trap: reason=unstable_if action=reinterpret pc=0x000000010ddb4368 method=toolbox.Maths.isInBetween(Lorg/lwjgl/util/vector/Vector2f;Lgeometry/Line;Lgeometry/Line;)Z @ 112
Event: 7.252 Thread 0x00007ff3fa808800 Uncommon trap: reason=unstable_if action=reinterpret pc=0x000000010ddad20c method=entities.Ball.collide(Lgeometry/Triangle;)Z @ 33
Event: 7.502 Thread 0x00007ff3fa808800 Uncommon trap: reason=unstable_if action=reinterpret pc=0x000000010dde5214 method=toolbox.Maths.isInBetween(Lorg/lwjgl/util/vector/Vector2f;Lgeometry/Line;Lgeometry/Line;)Z @ 112
Event: 7.502 Thread 0x00007ff3fa808800 Uncommon trap: reason=unstable_if action=reinterpret pc=0x000000010ddcd65c method=toolbox.Maths.isInBetween(Lorg/lwjgl/util/vector/Vector2f;Lgeometry/Line;Lgeometry/Line;)Z @ 112
Event: 14.182 Thread 0x00007ff3fa808800 Uncommon trap: reason=unstable_if action=reinterpret pc=0x000000010de28fbc method=geometry.Triangle2D.contain(Lorg/lwjgl/util/vector/Vector2f;)Z @ 42
Event: 14.567 Thread 0x00007ff3fa808800 Uncommon trap: reason=unstable_if action=reinterpret pc=0x000000010de05270 method=geometry.Triangle2D.contain(Lorg/lwjgl/util/vector/Vector2f;)Z @ 42
Event: 16.464 Thread 0x00007ff3fa808800 Uncommon trap: reason=unstable_if action=reinterpret pc=0x000000010df543a4 method=entities.Ball.isInTriangle(Lgeometry/Triangle;)Z @ 280

Internal exceptions (10 events):
Event: 0.100 Thread 0x00007ff3fa808800 Exception <a 'java/security/PrivilegedActionException'> (0x00000007957473d0) thrown at [/Users/java_re/workspace/8-2-build-macosx-x86_64/jdk8u60/4407/hotspot/src/share/vm/prims/jvm.cpp, line 1386]
Event: 0.138 Thread 0x00007ff3fa808800 Exception <a 'java/security/PrivilegedActionException'> (0x00000007958d95a8) thrown at [/Users/java_re/workspace/8-2-build-macosx-x86_64/jdk8u60/4407/hotspot/src/share/vm/prims/jvm.cpp, line 1386]
Event: 0.138 Thread 0x00007ff3fa808800 Exception <a 'java/security/PrivilegedActionException'> (0x00000007958d97b8) thrown at [/Users/java_re/workspace/8-2-build-macosx-x86_64/jdk8u60/4407/hotspot/src/share/vm/prims/jvm.cpp, line 1386]
Event: 0.138 Thread 0x00007ff3fa808800 Exception <a 'java/security/PrivilegedActionException'> (0x00000007958dcc40) thrown at [/Users/java_re/workspace/8-2-build-macosx-x86_64/jdk8u60/4407/hotspot/src/share/vm/prims/jvm.cpp, line 1386]
Event: 0.138 Thread 0x00007ff3fa808800 Exception <a 'java/security/PrivilegedActionException'> (0x00000007958dce50) thrown at [/Users/java_re/workspace/8-2-build-macosx-x86_64/jdk8u60/4407/hotspot/src/share/vm/prims/jvm.cpp, line 1386]
Event: 0.179 Thread 0x00007ff3fa808800 Exception <a 'java/lang/NoSuchFieldError': method resolution failed> (0x00000007959ac698) thrown at [/Users/java_re/workspace/8-2-build-macosx-x86_64/jdk8u60/4407/hotspot/src/share/vm/prims/methodHandles.cpp, line 1146]
Event: 0.180 Thread 0x00007ff3fa808800 Exception <a 'java/lang/NoSuchFieldError': method resolution failed> (0x00000007959b9de8) thrown at [/Users/java_re/workspace/8-2-build-macosx-x86_64/jdk8u60/4407/hotspot/src/share/vm/prims/methodHandles.cpp, line 1146]
Event: 0.325 Thread 0x00007ff3fa808800 Exception <a 'java/io/FileNotFoundException'> (0x0000000795a34dd0) thrown at [/Users/java_re/workspace/8-2-build-macosx-x86_64/jdk8u60/4407/hotspot/src/share/vm/prims/jni.cpp, line 709]
Event: 0.325 Thread 0x00007ff3fa808800 Exception <a 'java/io/FileNotFoundException'> (0x0000000795a35950) thrown at [/Users/java_re/workspace/8-2-build-macosx-x86_64/jdk8u60/4407/hotspot/src/share/vm/prims/jni.cpp, line 709]
Event: 0.337 Thread 0x00007ff3fa808800 Exception <a 'java/lang/UnsatisfiedLinkError'> (0x0000000795a50d98) thrown at [/Users/java_re/workspace/8-2-build-macosx-x86_64/jdk8u60/4407/hotspot/src/share/vm/prims/jvm.cpp, line 1390]

Events (10 events):
Event: 16.510 Executing VM operation: RevokeBias
Event: 16.510 Executing VM operation: RevokeBias done
Event: 16.510 Executing VM operation: RevokeBias
Event: 16.510 Executing VM operation: RevokeBias done
Event: 16.510 Thread 0x00007ff3ff000000 Thread exited: 0x00007ff3ff000000
Event: 16.772 Thread 0x00007ff3ff000000 Thread added: 0x00007ff3ff000000
Event: 18.047 Executing VM operation: ParallelGCFailedAllocation
Event: 18.048 Executing VM operation: ParallelGCFailedAllocation done
Event: 18.144 loading class org/lwjgl/opengl/CallbackUtil
Event: 18.144 loading class org/lwjgl/opengl/CallbackUtil done


Dynamic libraries:
0x000000000b4f4000 	/System/Library/Frameworks/Cocoa.framework/Versions/A/Cocoa
0x000000000b4f4000 	/System/Library/Frameworks/Security.framework/Versions/A/Security
0x000000000b4f4000 	/System/Library/Frameworks/ApplicationServices.framework/Versions/A/ApplicationServices
0x000000000b4f4000 	/usr/lib/libz.1.dylib
0x000000000b4f4000 	/usr/lib/libSystem.B.dylib
0x000000000b4f4000 	/usr/lib/libobjc.A.dylib
0x000000000b4f4000 	/System/Library/Frameworks/CoreFoundation.framework/Versions/A/CoreFoundation
0x000000000b4f4000 	/System/Library/Frameworks/Foundation.framework/Versions/C/Foundation
0x000000000b4f4000 	/System/Library/Frameworks/AppKit.framework/Versions/C/AppKit
0x000000000b4f4000 	/System/Library/Frameworks/CoreData.framework/Versions/A/CoreData
0x000000000b4f4000 	/System/Library/PrivateFrameworks/RemoteViewServices.framework/Versions/A/RemoteViewServices
0x000000000b4f4000 	/System/Library/PrivateFrameworks/UIFoundation.framework/Versions/A/UIFoundation
0x000000000b4f4000 	/usr/lib/libScreenReader.dylib
0x000000000b4f4000 	/System/Library/Frameworks/Accelerate.framework/Versions/A/Accelerate
0x000000000b4f4000 	/System/Library/Frameworks/IOSurface.framework/Versions/A/IOSurface
0x000000000b4f4000 	/System/Library/Frameworks/AudioToolbox.framework/Versions/A/AudioToolbox
0x000000000b4f4000 	/System/Library/Frameworks/AudioUnit.framework/Versions/A/AudioUnit
0x000000000b4f4000 	/System/Library/PrivateFrameworks/DataDetectorsCore.framework/Versions/A/DataDetectorsCore
0x000000000b4f4000 	/System/Library/PrivateFrameworks/DesktopServicesPriv.framework/Versions/A/DesktopServicesPriv
0x000000000b4f4000 	/System/Library/Frameworks/Carbon.framework/Versions/A/Frameworks/HIToolbox.framework/Versions/A/HIToolbox
0x000000000b4f4000 	/System/Library/Frameworks/QuartzCore.framework/Versions/A/QuartzCore
0x000000000b4f4000 	/System/Library/Frameworks/Carbon.framework/Versions/A/Frameworks/SpeechRecognition.framework/Versions/A/SpeechRecognition
0x000000000b4f4000 	/usr/lib/libauto.dylib
0x000000000b4f4000 	/usr/lib/libicucore.A.dylib
0x000000000b4f4000 	/usr/lib/libxml2.2.dylib
0x000000000b4f4000 	/System/Library/PrivateFrameworks/CoreUI.framework/Versions/A/CoreUI
0x000000000b4f4000 	/System/Library/Frameworks/CoreAudio.framework/Versions/A/CoreAudio
0x000000000b4f4000 	/System/Library/Frameworks/DiskArbitration.framework/Versions/A/DiskArbitration
0x000000000b4f4000 	/usr/lib/liblangid.dylib
0x000000000b4f4000 	/System/Library/PrivateFrameworks/MultitouchSupport.framework/Versions/A/MultitouchSupport
0x000000000b4f4000 	/System/Library/Frameworks/IOKit.framework/Versions/A/IOKit
0x000000000b4f4000 	/usr/lib/libDiagnosticMessagesClient.dylib
0x000000000b4f4000 	/System/Library/Frameworks/CoreServices.framework/Versions/A/CoreServices
0x000000000b4f4000 	/System/Library/PrivateFrameworks/PerformanceAnalysis.framework/Versions/A/PerformanceAnalysis
0x000000000b4f4000 	/System/Library/PrivateFrameworks/GenerationalStorage.framework/Versions/A/GenerationalStorage
0x000000000b4f4000 	/System/Library/Frameworks/OpenGL.framework/Versions/A/OpenGL
0x000000000b4f4000 	/System/Library/PrivateFrameworks/Sharing.framework/Versions/A/Sharing
0x000000000b4f4000 	/System/Library/Frameworks/CoreGraphics.framework/Versions/A/CoreGraphics
0x000000000b4f4000 	/System/Library/Frameworks/CoreImage.framework/Versions/A/CoreImage
0x000000000b4f4000 	/System/Library/Frameworks/CoreText.framework/Versions/A/CoreText
0x000000000b4f4000 	/System/Library/Frameworks/ImageIO.framework/Versions/A/ImageIO
0x000000000b4f4000 	/System/Library/PrivateFrameworks/Backup.framework/Versions/A/Backup
0x000000000b4f4000 	/usr/lib/libextension.dylib
0x000000000b4f4000 	/usr/lib/libarchive.2.dylib
0x000000000b4f4000 	/System/Library/Frameworks/CFNetwork.framework/Versions/A/CFNetwork
0x000000000b4f4000 	/System/Library/Frameworks/SystemConfiguration.framework/Versions/A/SystemConfiguration
0x000000000b4f4000 	/usr/lib/libCRFSuite.dylib
0x000000000b4f4000 	/usr/lib/libc++.1.dylib
0x000000000b4f4000 	/usr/lib/libc++abi.dylib
0x000000000b4f4000 	/usr/lib/system/libcache.dylib
0x000000000b4f4000 	/usr/lib/system/libcommonCrypto.dylib
0x000000000b4f4000 	/usr/lib/system/libcompiler_rt.dylib
0x000000000b4f4000 	/usr/lib/system/libcopyfile.dylib
0x000000000b4f4000 	/usr/lib/system/libcorecrypto.dylib
0x000000000b4f4000 	/usr/lib/system/libdispatch.dylib
0x000000000b4f4000 	/usr/lib/system/libdyld.dylib
0x000000000b4f4000 	/usr/lib/system/libkeymgr.dylib
0x000000000b4f4000 	/usr/lib/system/liblaunch.dylib
0x000000000b4f4000 	/usr/lib/system/libmacho.dylib
0x000000000b4f4000 	/usr/lib/system/libquarantine.dylib
0x000000000b4f4000 	/usr/lib/system/libremovefile.dylib
0x000000000b4f4000 	/usr/lib/system/libsystem_asl.dylib
0x000000000b4f4000 	/usr/lib/system/libsystem_blocks.dylib
0x000000000b4f4000 	/usr/lib/system/libsystem_c.dylib
0x000000000b4f4000 	/usr/lib/system/libsystem_configuration.dylib
0x000000000b4f4000 	/usr/lib/system/libsystem_coreservices.dylib
0x000000000b4f4000 	/usr/lib/system/libsystem_coretls.dylib
0x000000000b4f4000 	/usr/lib/system/libsystem_dnssd.dylib
0x000000000b4f4000 	/usr/lib/system/libsystem_info.dylib
0x000000000b4f4000 	/usr/lib/system/libsystem_kernel.dylib
0x000000000b4f4000 	/usr/lib/system/libsystem_m.dylib
0x000000000b4f4000 	/usr/lib/system/libsystem_malloc.dylib
0x000000000b4f4000 	/usr/lib/system/libsystem_network.dylib
0x000000000b4f4000 	/usr/lib/system/libsystem_networkextension.dylib
0x000000000b4f4000 	/usr/lib/system/libsystem_notify.dylib
0x000000000b4f4000 	/usr/lib/system/libsystem_platform.dylib
0x000000000b4f4000 	/usr/lib/system/libsystem_pthread.dylib
0x000000000b4f4000 	/usr/lib/system/libsystem_sandbox.dylib
0x000000000b4f4000 	/usr/lib/system/libsystem_secinit.dylib
0x000000000b4f4000 	/usr/lib/system/libsystem_trace.dylib
0x000000000b4f4000 	/usr/lib/system/libunc.dylib
0x000000000b4f4000 	/usr/lib/system/libunwind.dylib
0x000000000b4f4000 	/usr/lib/system/libxpc.dylib
0x000000000b4f4000 	/usr/lib/libenergytrace.dylib
0x000000000b4f4000 	/usr/lib/libbsm.0.dylib
0x000000000b4f4000 	/usr/lib/system/libkxld.dylib
0x000000000b4f4000 	/usr/lib/libxar.1.dylib
0x000000000b4f4000 	/usr/lib/libsqlite3.dylib
0x000000000b4f4000 	/usr/lib/libpam.2.dylib
0x000000000b4f4000 	/usr/lib/libOpenScriptingUtil.dylib
0x000000000b4f4000 	/usr/lib/libbz2.1.0.dylib
0x000000000b4f4000 	/usr/lib/liblzma.5.dylib
0x000000000b4f4000 	/System/Library/Frameworks/CoreServices.framework/Versions/A/Frameworks/FSEvents.framework/Versions/A/FSEvents
0x000000000b4f4000 	/System/Library/Frameworks/CoreServices.framework/Versions/A/Frameworks/CarbonCore.framework/Versions/A/CarbonCore
0x000000000b4f4000 	/System/Library/Frameworks/CoreServices.framework/Versions/A/Frameworks/Metadata.framework/Versions/A/Metadata
0x000000000b4f4000 	/System/Library/Frameworks/CoreServices.framework/Versions/A/Frameworks/OSServices.framework/Versions/A/OSServices
0x000000000b4f4000 	/System/Library/Frameworks/CoreServices.framework/Versions/A/Frameworks/SearchKit.framework/Versions/A/SearchKit
0x000000000b4f4000 	/System/Library/Frameworks/CoreServices.framework/Versions/A/Frameworks/AE.framework/Versions/A/AE
0x000000000b4f4000 	/System/Library/Frameworks/CoreServices.framework/Versions/A/Frameworks/LaunchServices.framework/Versions/A/LaunchServices
0x000000000b4f4000 	/System/Library/Frameworks/CoreServices.framework/Versions/A/Frameworks/DictionaryServices.framework/Versions/A/DictionaryServices
0x000000000b4f4000 	/System/Library/Frameworks/CoreServices.framework/Versions/A/Frameworks/SharedFileList.framework/Versions/A/SharedFileList
0x000000000b4f4000 	/System/Library/Frameworks/NetFS.framework/Versions/A/NetFS
0x000000000b4f4000 	/System/Library/PrivateFrameworks/NetAuth.framework/Versions/A/NetAuth
0x000000000b4f4000 	/System/Library/PrivateFrameworks/login.framework/Versions/A/Frameworks/loginsupport.framework/Versions/A/loginsupport
0x000000000b4f4000 	/System/Library/PrivateFrameworks/TCC.framework/Versions/A/TCC
0x000000000b4f4000 	/usr/lib/libmecabra.dylib
0x000000000b4f4000 	/System/Library/Frameworks/ApplicationServices.framework/Versions/A/Frameworks/ATS.framework/Versions/A/ATS
0x000000000b4f4000 	/System/Library/Frameworks/ApplicationServices.framework/Versions/A/Frameworks/ColorSync.framework/Versions/A/ColorSync
0x000000000b4f4000 	/System/Library/Frameworks/ApplicationServices.framework/Versions/A/Frameworks/HIServices.framework/Versions/A/HIServices
0x000000000b4f4000 	/System/Library/Frameworks/ApplicationServices.framework/Versions/A/Frameworks/LangAnalysis.framework/Versions/A/LangAnalysis
0x000000000b4f4000 	/System/Library/Frameworks/ApplicationServices.framework/Versions/A/Frameworks/PrintCore.framework/Versions/A/PrintCore
0x000000000b4f4000 	/System/Library/Frameworks/ApplicationServices.framework/Versions/A/Frameworks/QD.framework/Versions/A/QD
0x000000000b4f4000 	/System/Library/Frameworks/ApplicationServices.framework/Versions/A/Frameworks/SpeechSynthesis.framework/Versions/A/SpeechSynthesis
0x000000000b4f4000 	/System/Library/Frameworks/Metal.framework/Versions/A/Metal
0x000000000b4f4000 	/System/Library/Frameworks/Accelerate.framework/Versions/A/Frameworks/vImage.framework/Versions/A/vImage
0x000000000b4f4000 	/System/Library/Frameworks/Accelerate.framework/Versions/A/Frameworks/vecLib.framework/Versions/A/vecLib
0x000000000b4f4000 	/System/Library/Frameworks/Accelerate.framework/Versions/A/Frameworks/vecLib.framework/Versions/A/libvDSP.dylib
0x000000000b4f4000 	/System/Library/Frameworks/Accelerate.framework/Versions/A/Frameworks/vecLib.framework/Versions/A/libvMisc.dylib
0x000000000b4f4000 	/System/Library/Frameworks/Accelerate.framework/Versions/A/Frameworks/vecLib.framework/Versions/A/libLAPACK.dylib
0x000000000b4f4000 	/System/Library/Frameworks/Accelerate.framework/Versions/A/Frameworks/vecLib.framework/Versions/A/libBLAS.dylib
0x000000000b4f4000 	/System/Library/Frameworks/Accelerate.framework/Versions/A/Frameworks/vecLib.framework/Versions/A/libLinearAlgebra.dylib
0x000000000b4f4000 	/System/Library/Frameworks/Accelerate.framework/Versions/A/Frameworks/vecLib.framework/Versions/A/libSparseBLAS.dylib
0x000000000b4f4000 	/System/Library/PrivateFrameworks/GPUCompiler.framework/libmetal_timestamp.dylib
0x000000000b4f4000 	/System/Library/Frameworks/OpenGL.framework/Versions/A/Libraries/libCoreFSCache.dylib
0x000000000b4f4000 	/System/Library/PrivateFrameworks/IOAccelerator.framework/Versions/A/IOAccelerator
0x000000000b4f4000 	/System/Library/Frameworks/ApplicationServices.framework/Versions/A/Frameworks/ATS.framework/Versions/A/Resources/libFontParser.dylib
0x000000000b4f4000 	/System/Library/Frameworks/ApplicationServices.framework/Versions/A/Frameworks/ATS.framework/Versions/A/Resources/libFontRegistry.dylib
0x000000000b4f4000 	/System/Library/PrivateFrameworks/AppleVPA.framework/Versions/A/AppleVPA
0x000000000b4f4000 	/System/Library/PrivateFrameworks/AppleJPEG.framework/Versions/A/AppleJPEG
0x000000000b4f4000 	/System/Library/Frameworks/ImageIO.framework/Versions/A/Resources/libJPEG.dylib
0x000000000b4f4000 	/System/Library/Frameworks/ImageIO.framework/Versions/A/Resources/libTIFF.dylib
0x000000000b4f4000 	/System/Library/Frameworks/ImageIO.framework/Versions/A/Resources/libPng.dylib
0x000000000b4f4000 	/System/Library/Frameworks/ImageIO.framework/Versions/A/Resources/libGIF.dylib
0x000000000b4f4000 	/System/Library/Frameworks/ImageIO.framework/Versions/A/Resources/libJP2.dylib
0x000000000b4f4000 	/System/Library/Frameworks/ImageIO.framework/Versions/A/Resources/libRadiance.dylib
0x000000000b4f4000 	/System/Library/Frameworks/CoreVideo.framework/Versions/A/CoreVideo
0x000000000b4f4000 	/System/Library/Frameworks/OpenGL.framework/Versions/A/Libraries/libGLU.dylib
0x000000000b4f4000 	/System/Library/Frameworks/OpenGL.framework/Versions/A/Libraries/libGFXShared.dylib
0x000000000b4f4000 	/System/Library/Frameworks/OpenGL.framework/Versions/A/Libraries/libGL.dylib
0x000000000b4f4000 	/System/Library/Frameworks/OpenGL.framework/Versions/A/Libraries/libGLImage.dylib
0x000000000b4f4000 	/System/Library/Frameworks/OpenGL.framework/Versions/A/Libraries/libCVMSPluginSupport.dylib
0x000000000b4f4000 	/System/Library/Frameworks/OpenGL.framework/Versions/A/Libraries/libCoreVMClient.dylib
0x000000000b4f4000 	/usr/lib/libcups.2.dylib
0x000000000b4f4000 	/System/Library/Frameworks/Kerberos.framework/Versions/A/Kerberos
0x000000000b4f4000 	/System/Library/Frameworks/GSS.framework/Versions/A/GSS
0x000000000b4f4000 	/usr/lib/libresolv.9.dylib
0x000000000b4f4000 	/usr/lib/libiconv.2.dylib
0x000000000b4f4000 	/System/Library/PrivateFrameworks/Heimdal.framework/Versions/A/Heimdal
0x000000000b4f4000 	/usr/lib/libheimdal-asn1.dylib
0x000000000b4f4000 	/System/Library/Frameworks/OpenDirectory.framework/Versions/A/OpenDirectory
0x000000000b4f4000 	/System/Library/PrivateFrameworks/CommonAuth.framework/Versions/A/CommonAuth
0x000000000b4f4000 	/System/Library/Frameworks/OpenDirectory.framework/Versions/A/Frameworks/CFOpenDirectory.framework/Versions/A/CFOpenDirectory
0x000000000b4f4000 	/System/Library/Frameworks/SecurityFoundation.framework/Versions/A/SecurityFoundation
0x000000000b4f4000 	/System/Library/PrivateFrameworks/LanguageModeling.framework/Versions/A/LanguageModeling
0x000000000b4f4000 	/usr/lib/libmarisa.dylib
0x000000000b4f4000 	/usr/lib/libChineseTokenizer.dylib
0x000000000b4f4000 	/usr/lib/libcmph.dylib
0x000000000b4f4000 	/usr/lib/libcompression.dylib
0x000000000b4f4000 	/System/Library/Frameworks/ServiceManagement.framework/Versions/A/ServiceManagement
0x000000000b4f4000 	/usr/lib/libxslt.1.dylib
0x000000000b4f4000 	/System/Library/Frameworks/Carbon.framework/Versions/A/Frameworks/Ink.framework/Versions/A/Ink
0x000000000b4f4000 	/usr/lib/libFosl_dynamic.dylib
0x000000000b4f4000 	/System/Library/PrivateFrameworks/FaceCore.framework/Versions/A/FaceCore
0x000000000b4f4000 	/System/Library/Frameworks/OpenCL.framework/Versions/A/OpenCL
0x000000000b4f4000 	/System/Library/PrivateFrameworks/CrashReporterSupport.framework/Versions/A/CrashReporterSupport
0x000000000b4f4000 	/System/Library/PrivateFrameworks/IconServices.framework/Versions/A/IconServices
0x000000000b4f4000 	/System/Library/PrivateFrameworks/Apple80211.framework/Versions/A/Apple80211
0x000000000b4f4000 	/System/Library/Frameworks/CoreWLAN.framework/Versions/A/CoreWLAN
0x000000000b4f4000 	/System/Library/Frameworks/IOBluetooth.framework/Versions/A/IOBluetooth
0x000000000b4f4000 	/System/Library/PrivateFrameworks/CoreWiFi.framework/Versions/A/CoreWiFi
0x000000000b4f4000 	/System/Library/Frameworks/CoreBluetooth.framework/Versions/A/CoreBluetooth
0x000000000b4f4000 	/System/Library/PrivateFrameworks/ChunkingLibrary.framework/Versions/A/ChunkingLibrary
0x000000000b4f4000 	/System/Library/PrivateFrameworks/DebugSymbols.framework/Versions/A/DebugSymbols
0x000000000b4f4000 	/System/Library/PrivateFrameworks/CoreSymbolication.framework/Versions/A/CoreSymbolication
0x000000000b4f4000 	/System/Library/PrivateFrameworks/Symbolication.framework/Versions/A/Symbolication
0x000000000b4f4000 	/System/Library/PrivateFrameworks/SpeechRecognitionCore.framework/Versions/A/SpeechRecognitionCore
0x000000010ca00000 	/Library/Java/JavaVirtualMachines/jdk1.8.0_60.jdk/Contents/Home/jre/lib/server/libjvm.dylib
0x000000000b4f4000 	/usr/lib/libstdc++.6.dylib
0x000000010c1d0000 	/Library/Java/JavaVirtualMachines/jdk1.8.0_60.jdk/Contents/Home/jre/lib/libverify.dylib
0x000000010d989000 	/Library/Java/JavaVirtualMachines/jdk1.8.0_60.jdk/Contents/Home/jre/lib/libjava.dylib
0x000000010c1e8000 	/Library/Java/JavaVirtualMachines/jdk1.8.0_60.jdk/Contents/Home/jre/lib/libzip.dylib
0x0000000123320000 	/System/Library/Frameworks/JavaVM.framework/Frameworks/JavaRuntimeSupport.framework/JavaRuntimeSupport
0x000000012333b000 	/System/Library/Frameworks/JavaVM.framework/Versions/A/Frameworks/JavaNativeFoundation.framework/Versions/A/JavaNativeFoundation
0x000000010c1f2000 	/System/Library/Frameworks/JavaVM.framework/Versions/A/JavaVM
0x000000000b4f4000 	/System/Library/Frameworks/Carbon.framework/Versions/A/Carbon
0x0000000123350000 	/System/Library/PrivateFrameworks/JavaLaunching.framework/Versions/A/JavaLaunching
0x000000000b4f4000 	/System/Library/Frameworks/Carbon.framework/Versions/A/Frameworks/CommonPanels.framework/Versions/A/CommonPanels
0x000000000b4f4000 	/System/Library/Frameworks/Carbon.framework/Versions/A/Frameworks/Help.framework/Versions/A/Help
0x000000000b4f4000 	/System/Library/Frameworks/Carbon.framework/Versions/A/Frameworks/ImageCapture.framework/Versions/A/ImageCapture
0x000000000b4f4000 	/System/Library/Frameworks/Carbon.framework/Versions/A/Frameworks/OpenScripting.framework/Versions/A/OpenScripting
0x000000000b4f4000 	/System/Library/Frameworks/Carbon.framework/Versions/A/Frameworks/Print.framework/Versions/A/Print
0x000000000b4f4000 	/System/Library/Frameworks/Carbon.framework/Versions/A/Frameworks/SecurityHI.framework/Versions/A/SecurityHI
0x0000000124cdb000 	/Library/Java/JavaVirtualMachines/jdk1.8.0_60.jdk/Contents/Home/jre/lib/libawt.dylib
0x0000000124d83000 	/Library/Java/JavaVirtualMachines/jdk1.8.0_60.jdk/Contents/Home/jre/lib/./libmlib_image.dylib
0x0000000124e4f000 	/Library/Java/JavaVirtualMachines/jdk1.8.0_60.jdk/Contents/Home/jre/lib/libawt_lwawt.dylib
0x0000000124f04000 	/Library/Java/JavaVirtualMachines/jdk1.8.0_60.jdk/Contents/Home/jre/lib/./libosxapp.dylib
0x000000000b4f4000 	/System/Library/Frameworks/ExceptionHandling.framework/Versions/A/ExceptionHandling
0x000000000b4f4000 	/System/Library/PrivateFrameworks/CoreServicesInternal.framework/Versions/A/CoreServicesInternal
0x000000000b4f4000 	/System/Library/Frameworks/CoreGraphics.framework/Versions/A/Resources/libRIP.A.dylib
0x000000000b4f4000 	/System/Library/Frameworks/Accelerate.framework/Versions/A/Frameworks/vImage.framework/Versions/A/Libraries/libCGInterfaces.dylib
0x000000000b4f4000 	/System/Library/Frameworks/CoreGraphics.framework/Versions/A/Resources/libCGXType.A.dylib
0x000000000b4f4000 	/System/Library/Frameworks/OpenCL.framework/Versions/A/Libraries/libcldcpuengine.dylib
0x000000000b4f4000 	/System/Library/PrivateFrameworks/DiskImages.framework/Versions/A/DiskImages
0x000000000b4f4000 	/System/Library/Frameworks/DiscRecording.framework/Versions/A/DiscRecording
0x000000000b4f4000 	/usr/lib/libcsfde.dylib
0x000000000b4f4000 	/usr/lib/libcurl.4.dylib
0x000000000b4f4000 	/System/Library/PrivateFrameworks/MediaKit.framework/Versions/A/MediaKit
0x000000000b4f4000 	/System/Library/PrivateFrameworks/ProtectedCloudStorage.framework/Versions/A/ProtectedCloudStorage
0x000000000b4f4000 	/usr/lib/libCoreStorage.dylib
0x000000000b4f4000 	/System/Library/PrivateFrameworks/EFILogin.framework/Versions/A/EFILogin
0x000000000b4f4000 	/usr/lib/libutil.dylib
0x000000000b4f4000 	/System/Library/PrivateFrameworks/FindMyDevice.framework/Versions/A/FindMyDevice
0x000000000b4f4000 	/System/Library/Frameworks/LDAP.framework/Versions/A/LDAP
0x000000000b4f4000 	/usr/lib/libsasl2.2.dylib
0x000000000b4f4000 	/System/Library/PrivateFrameworks/CoreDaemon.framework/Versions/B/CoreDaemon
0x000000000b4f4000 	/usr/lib/libcrypto.0.9.8.dylib
0x000000000b4f4000 	/System/Library/PrivateFrameworks/AppleSRP.framework/Versions/A/AppleSRP
0x000000000b4f4000 	/System/Library/PrivateFrameworks/TrustEvaluationAgent.framework/Versions/A/TrustEvaluationAgent
0x00000001269f5000 	cl_kernels
0x000000000b4f4000 	/System/Library/Frameworks/OpenCL.framework/Versions/A/Libraries/ImageFormats/unorm8_bgra.dylib
0x000000000b4f4000 	/System/Library/Frameworks/OpenCL.framework/Versions/A/Libraries/ImageFormats/unorm8_rgba.dylib
0x000000000b4f4000 	/System/Library/PrivateFrameworks/FamilyControls.framework/Versions/A/FamilyControls
0x000000000b4f4000 	/System/Library/PrivateFrameworks/CommerceKit.framework/Versions/A/Frameworks/CommerceCore.framework/Versions/A/CommerceCore
0x000000000b4f4000 	/System/Library/PrivateFrameworks/SystemAdministration.framework/Versions/A/SystemAdministration
0x000000000b4f4000 	/System/Library/PrivateFrameworks/AppContainer.framework/Versions/A/AppContainer
0x000000000b4f4000 	/System/Library/PrivateFrameworks/SecCodeWrapper.framework/Versions/A/SecCodeWrapper
0x000000000b4f4000 	/System/Library/Frameworks/DirectoryService.framework/Versions/A/DirectoryService
0x000000000b4f4000 	/System/Library/PrivateFrameworks/LoginUIKit.framework/Versions/A/Frameworks/LoginUICore.framework/Versions/A/LoginUICore
0x000000000b4f4000 	/usr/lib/libodfde.dylib
0x0000000127ad0000 	/Library/Java/JavaVirtualMachines/jdk1.8.0_60.jdk/Contents/Home/jre/lib/libfontmanager.dylib
0x0000000127b37000 	/Users/nordineaouni/git/MiniGolf2/res/lib/native/macosx/liblwjgl.jnilib
0x0000000125e11000 	/Library/Java/JavaVirtualMachines/jdk1.8.0_60.jdk/Contents/Home/jre/lib/libjawt.dylib
0x000000000b4f4000 	/System/Library/Frameworks/OpenGL.framework/Versions/A/Resources/GLEngine.bundle/GLEngine
0x000000000b4f4000 	/System/Library/Frameworks/OpenGL.framework/Versions/A/Libraries/libGLProgrammability.dylib
0x0000000127bb6000 	/System/Library/Extensions/AppleIntelBDWGraphicsGLDriver.bundle/Contents/MacOS/AppleIntelBDWGraphicsGLDriver
0x000000000b4f4000 	/System/Library/PrivateFrameworks/GPUSupport.framework/Versions/A/Libraries/libGPUSupportMercury.dylib
0x000000000b4f4000 	/System/Library/Frameworks/OpenGL.framework/Versions/A/Resources/GLRendererFloat.bundle/GLRendererFloat

VM Arguments:
jvm_args: -Djava.library.path=/Users/nordineaouni/git/MiniGolf2/res/lib/native/macosx:/Users/nordineaouni/git/MiniGolf2/res/lib/native/windows -Dfile.encoding=UTF-8 
java_command: engineTester.MainGameLoop
java_class_path (initial): /Users/nordineaouni/git/MiniGolf2/bin:/Users/nordineaouni/Documents/DKE/Project1-2-1/res/lib/jar/AppleJavaExtensions.jar:/Users/nordineaouni/Documents/DKE/Project1-2-1/res/lib/jar/asm-debug-all.jar:/Users/nordineaouni/Documents/DKE/Project1-2-1/res/lib/jar/jinput.jar:/Users/nordineaouni/Documents/DKE/Project1-2-1/res/lib/jar/lwjgl_test.jar:/Users/nordineaouni/Documents/DKE/Project1-2-1/res/lib/jar/lwjgl_util_applet.jar:/Users/nordineaouni/Documents/DKE/Project1-2-1/res/lib/jar/lwjgl_util.jar:/Users/nordineaouni/Documents/DKE/Project1-2-1/res/lib/jar/lwjgl-debug.jar:/Users/nordineaouni/Documents/DKE/Project1-2-1/res/lib/jar/lwjgl.jar:/Users/nordineaouni/Documents/DKE/Project1-2-1/res/lib/jar/lzma.jar:/Users/nordineaouni/Documents/DKE/Project1-2-1/res/lib/jar/PNGDecoder.jar:/Users/nordineaouni/Documents/DKE/Project1-2-1/res/lib/jar/slick-util.jar
Launcher Type: SUN_STANDARD

Environment Variables:
PATH=/usr/bin:/bin:/usr/sbin:/sbin
SHELL=/bin/bash

Signal Handlers:
SIGSEGV: [libjvm.dylib+0x5a6d31], sa_mask[0]=11111111011111110111111111111111, sa_flags=SA_ONSTACK|SA_RESTART|SA_SIGINFO
SIGBUS: [libjvm.dylib+0x5a6d31], sa_mask[0]=11111111011111110111111111111111, sa_flags=SA_RESTART|SA_SIGINFO
SIGFPE: [libjvm.dylib+0x480a4c], sa_mask[0]=11111111011111110111111111111111, sa_flags=SA_RESTART|SA_SIGINFO
SIGPIPE: [libjvm.dylib+0x480a4c], sa_mask[0]=11111111011111110111111111111111, sa_flags=SA_RESTART|SA_SIGINFO
SIGXFSZ: [libjvm.dylib+0x480a4c], sa_mask[0]=11111111011111110111111111111111, sa_flags=SA_RESTART|SA_SIGINFO
SIGILL: [libjvm.dylib+0x480a4c], sa_mask[0]=11111111011111110111111111111111, sa_flags=SA_RESTART|SA_SIGINFO
SIGUSR1: SIG_DFL, sa_mask[0]=00000000000000000000000000000000, sa_flags=none
SIGUSR2: [libjvm.dylib+0x48056a], sa_mask[0]=00100000000000000000000000000000, sa_flags=SA_RESTART|SA_SIGINFO
SIGHUP: [libjvm.dylib+0x47eb41], sa_mask[0]=11111111011111110111111111111111, sa_flags=SA_RESTART|SA_SIGINFO
SIGINT: [libjvm.dylib+0x47eb41], sa_mask[0]=11111111011111110111111111111111, sa_flags=SA_RESTART|SA_SIGINFO
SIGTERM: [libjvm.dylib+0x47eb41], sa_mask[0]=11111111011111110111111111111111, sa_flags=SA_RESTART|SA_SIGINFO
SIGQUIT: [libjvm.dylib+0x47eb41], sa_mask[0]=11111111011111110111111111111111, sa_flags=SA_RESTART|SA_SIGINFO


---------------  S Y S T E M  ---------------

OS:Bsduname:Darwin 15.4.0 Darwin Kernel Version 15.4.0: Fri Feb 26 22:08:05 PST 2016; root:xnu-3248.40.184~3/RELEASE_X86_64 x86_64
rlimit: STACK 8192k, CORE 0k, NPROC 709, NOFILE 10240, AS infinity
load average:2.14 1.57 1.48

CPU:total 4 (2 cores per cpu, 2 threads per core) family 6 model 61 stepping 4, cmov, cx8, fxsr, mmx, sse, sse2, sse3, ssse3, sse4.1, sse4.2, popcnt, avx, avx2, aes, clmul, erms, 3dnowpref, lzcnt, ht, tsc, tscinvbit, bmi1, bmi2, adx

Memory: 4k page, physical 8388608k(1297320k free)

/proc/meminfo:


vm_info: Java HotSpot(TM) 64-Bit Server VM (25.60-b23) for bsd-amd64 JRE (1.8.0_60-b27), built on Aug  4 2015 10:47:24 by "java_re" with gcc 4.2.1 (Based on Apple Inc. build 5658) (LLVM build 2336.11.00)

time: Wed May 25 15:46:18 2016
elapsed time: 18 seconds (0d 0h 0m 18s)

