#
# A fatal error has been detected by the Java Runtime Environment:
#
#  SIGILL (0x4) at pc=0x00007fff8cf0c02f, pid=1430, tid=2571
#
# JRE version: Java(TM) SE Runtime Environment (8.0_60-b27) (build 1.8.0_60-b27)
# Java VM: Java HotSpot(TM) 64-Bit Server VM (25.60-b23 mixed mode bsd-amd64 compressed oops)
# Problematic frame:
# C  [libobjc.A.dylib+0x1302f]  _ZL10_objc_trapv+0x4
#
# Failed to write core dump. Core dumps have been disabled. To enable core dumping, try "ulimit -c unlimited" before starting Java again
#
# If you would like to submit a bug report, please visit:
#   http://bugreport.java.com/bugreport/crash.jsp
# The crash happened outside the Java Virtual Machine in native code.
# See problematic frame for where to report the bug.
#

---------------  T H R E A D  ---------------

Current thread (0x00007fb14b168000):  JavaThread "AppKit Thread" daemon [_thread_in_native, id=2571, stack(0x00007fff51384000,0x00007fff51b84000)]

siginfo: si_signo: 4 (SIGILL), si_code: 1 (ILL_ILLOPC), si_addr: 0x00007fff8cf0c02f

Registers:
RAX=0x0000000000000000, RBX=0x00007fb149d39720, RCX=0x0000000000000000, RDX=0x00007fff768e0b30
RSP=0x00007fff51b7f0b0, RBP=0x00007fff51b7f0b0, RSI=0x0000010000000100, RDI=0x00007fff768e0b10
R8 =0x00000000fffffffc, R9 =0x00007fff768e0b28, R10=0x00000000ffffffff, R11=0x0000000000000140
R12=0x0000000000000001, R13=0x0000000000000000, R14=0x00007fff768e69a8, R15=0x00007fb149c65ce0
RIP=0x00007fff8cf0c02f, EFLAGS=0x0000000000010202, ERR=0x0000000000000000
  TRAPNO=0x0000000000000006

Top of Stack: (sp=0x00007fff51b7f0b0)
0x00007fff51b7f0b0:   00007fff51b7f1a0 00007fff8cf0c17f
0x00007fff51b7f0c0:   00007fb14c602130 00007fb149d39720
0x00007fff51b7f0d0:   00007fff8b246d9c 00007fff8b246d9c
0x00007fff51b7f0e0:   000000000000005f 00007fb149d39720
0x00007fff51b7f0f0:   00007fff51b7f120 00007fff8cf00e63
0x00007fff51b7f100:   00007fff51b7f160 00007fff8cf038cd
0x00007fff51b7f110:   00007fff768e6990 0000000000000001
0x00007fff51b7f120:   00007fff51b7f180 00007fb149c65ce0
0x00007fff51b7f130:   00007fff51b7f160 00007fff8b246d9c
0x00007fff51b7f140:   00007fff8b246d9c 0000000000000000
0x00007fff51b7f150:   00007fff76672a38 00007fb149c65ce0
0x00007fff51b7f160:   00007fff51b7f1a0 00007fff8cf03838
0x00007fff51b7f170:   00007fb14c6005a0 00007fb14c6042c0
0x00007fff51b7f180:   0000003000000018 00007fff51b7f1b0
0x00007fff51b7f190:   00007fff51b7f0c0 00007fb149c65ce0
0x00007fff51b7f1a0:   00007fff51b7f200 00007fff8cf0461e
0x00007fff51b7f1b0:   00007fff768e4d00 00007fff768e6800
0x00007fff51b7f1c0:   00007fff51b7f240 00007fff8cf04431
0x00007fff51b7f1d0:   00007fff51b7f1f0 00007fff768e4d00
0x00007fff51b7f1e0:   00007fb149c65ce0 0000000000000000
0x00007fff51b7f1f0:   00007fff768e6980 0000000000000000
0x00007fff51b7f200:   00007fff51b7f280 00007fff8cf043a9
0x00007fff51b7f210:   ffff804eb6090380 00007fb149c87c80
0x00007fff51b7f220:   0000000000001c80 0000000000000000
0x00007fff51b7f230:   0000000000000000 0000000000000000
0x00007fff51b7f240:   00007fb149d39720 0000000000000039
0x00007fff51b7f250:   0000000000000004 00007fb149f6fc80
0x00007fff51b7f260:   0000000000000000 00007fb149f3fd70
0x00007fff51b7f270:   00007fb149c87c80 00007fb149d39720
0x00007fff51b7f280:   00007fff51b7f2c0 00007fff95a457d3
0x00007fff51b7f290:   00007fb149f6fc80 0000000000000000
0x00007fff51b7f2a0:   00007fb149d39720 00007fff8cefa4c0 

Instructions: (pc=0x00007fff8cf0c02f)
0x00007fff8cf0c00f:   00 00 bf 02 00 00 00 48 89 de 48 89 c2 e8 a1 bf
0x00007fff8cf0c01f:   00 00 48 81 c4 98 00 00 00 5b 5d c3 55 48 89 e5
0x00007fff8cf0c02f:   0f 0b 55 48 89 e5 48 81 ec d0 00 00 00 84 c0 74
0x00007fff8cf0c03f:   2e c5 f8 29 85 60 ff ff ff c5 f8 29 8d 70 ff ff 

Register to memory mapping:

RAX=0x0000000000000000 is an unknown value
RBX=0x00007fb149d39720 is an unknown value
RCX=0x0000000000000000 is an unknown value
RDX=0x00007fff768e0b30: _ZZL14_objc_crashlogPKcE13crashlog_lock+0x20 in /usr/lib/libobjc.A.dylib at 0x00007fff8cef9000
RSP=0x00007fff51b7f0b0 is pointing into the stack for thread: 0x00007fb14b168000
RBP=0x00007fff51b7f0b0 is pointing into the stack for thread: 0x00007fb14b168000
RSI=0x0000010000000100 is an unknown value
RDI=0x00007fff768e0b10: _ZZL14_objc_crashlogPKcE13crashlog_lock+0 in /usr/lib/libobjc.A.dylib at 0x00007fff8cef9000
R8 =0x00000000fffffffc is an unknown value
R9 =0x00007fff768e0b28: _ZZL14_objc_crashlogPKcE13crashlog_lock+0x18 in /usr/lib/libobjc.A.dylib at 0x00007fff8cef9000
R10=0x00000000ffffffff is an unknown value
R11=0x0000000000000140 is an unknown value
R12=0x0000000000000001 is an unknown value
R13=0x0000000000000000 is an unknown value
R14=0x00007fff768e69a8: _ZN12_GLOBAL__N_1L12SideTableBufE+0x1ca8 in /usr/lib/libobjc.A.dylib at 0x00007fff8cef9000
R15=0x00007fb149c65ce0 is an unknown value


Stack: [0x00007fff51384000,0x00007fff51b84000],  sp=0x00007fff51b7f0b0,  free space=8172k
Native frames: (J=compiled Java code, j=interpreted, Vv=VM code, C=native code)
C  [libobjc.A.dylib+0x1302f]  _ZL10_objc_trapv+0x4
C  [libobjc.A.dylib+0x1317f]  _objc_inform+0x0
C  [libobjc.A.dylib+0xb61e]  weak_register_no_lock+0xde
C  [libobjc.A.dylib+0xb3a9]  objc_storeWeak+0x18b
C  [Foundation+0x197d3]  -[NSConcreteMapTable setObject:forKey:]+0x6e
C  [AppKit+0x346036]  -[NSView(NSOpenGLContextAssociation) _setOpenGLContext:]+0xf2
C  [AppKit+0x68577d]  __27-[NSOpenGLContext setView:]_block_invoke+0xd6
C  [AppKit+0x183429]  NSPerformVisuallyAtomicChange+0x93
C  [AppKit+0x345cd9]  -[NSOpenGLContext setView:]+0x77
C  [liblwjgl.jnilib+0x9f3e]  -[MacOSXOpenGLView lockFocus]+0x6e
C  [AppKit+0x1a889b]  -[NSView _recursiveDisplayRectIfNeededIgnoringOpacity:isVisibleRect:rectIsVisibleRectForView:topView:]+0x6e2
C  [AppKit+0x1a9889]  -[NSView _recursiveDisplayRectIfNeededIgnoringOpacity:isVisibleRect:rectIsVisibleRectForView:topView:]+0x16d0
C  [AppKit+0x1a7ce4]  -[NSThemeFrame _recursiveDisplayRectIfNeededIgnoringOpacity:isVisibleRect:rectIsVisibleRectForView:topView:]+0x14e
C  [AppKit+0x1a60ef]  -[NSView _displayRectIgnoringOpacity:isVisibleRect:rectIsVisibleRectForView:]+0x991
C  [AppKit+0x1a14f9]  -[NSView displayIfNeeded]+0x79e
C  [AppKit+0x1a0d40]  -[NSWindow displayIfNeeded]+0xe8
C  [AppKit+0x8254bb]  ___NSWindowGetDisplayCycleObserver_block_invoke6365+0x1dc
C  [AppKit+0x1a06da]  __37+[NSDisplayCycle currentDisplayCycle]_block_invoke+0x3ad
C  [QuartzCore+0x10f71]  _ZN2CA11Transaction19run_commit_handlersE18CATransactionPhase+0x55
C  [QuartzCore+0x1042c]  _ZN2CA7Context18commit_transactionEPNS_11TransactionE+0xa0
C  [QuartzCore+0x100ec]  _ZN2CA11Transaction6commitEv+0x1fc
C  [QuartzCore+0x1b977]  _ZN2CA11Transaction17observer_callbackEP19__CFRunLoopObservermPv+0x47
C  [CoreFoundation+0xaa067]  __CFRUNLOOP_IS_CALLING_OUT_TO_AN_OBSERVER_CALLBACK_FUNCTION__+0x17
C  [CoreFoundation+0xa9fd7]  __CFRunLoopDoObservers+0x187
C  [CoreFoundation+0x88ef8]  CFRunLoopRunSpecific+0x148
C  [HIToolbox+0x30935]  RunCurrentEventLoopInMode+0xeb
C  [HIToolbox+0x30677]  ReceiveNextEventCommon+0xb8
C  [HIToolbox+0x305af]  _BlockUntilNextEventMatchingListInModeWithFilter+0x47
C  [AppKit+0x48efa]  _DPSNextEvent+0x42b
C  [AppKit+0x4832a]  -[NSApplication _nextEventMatchingEventMask:untilDate:inMode:dequeue:]+0x1c6
C  [libosxapp.dylib+0x23aa]  -[NSApplicationAWT nextEventMatchingMask:untilDate:inMode:dequeue:]+0x7c
C  [AppKit+0x3ce84]  -[NSApplication run]+0x2aa
C  [libosxapp.dylib+0x214d]  +[NSApplicationAWT runAWTLoopWithApp:]+0x9c
C  [libawt_lwawt.dylib+0x44517]  -[AWTStarter starter:]+0x389
C  [Foundation+0x76f5e]  __NSThreadPerformPerform+0x117
C  [CoreFoundation+0xaa881]  __CFRUNLOOP_IS_CALLING_OUT_TO_A_SOURCE0_PERFORM_FUNCTION__+0x11
C  [CoreFoundation+0x89fbc]  __CFRunLoopDoSources0+0x22c
C  [CoreFoundation+0x894df]  __CFRunLoopRun+0x39f
C  [CoreFoundation+0x88ed8]  CFRunLoopRunSpecific+0x128
C  [java+0x6463]  CreateExecutionEnvironment+0x367
C  [java+0x21ac]  JLI_Launch+0x7a0
C  [java+0x84c0]  main+0x65
C  [java+0x1a04]  start+0x34
C  0x0000000000000006


---------------  P R O C E S S  ---------------

Java Threads: ( => current thread )
  0x00007fb14b2aa000 JavaThread "AWT-Shutdown" [_thread_blocked, id=28159, stack(0x000070000104a000,0x000070000114a000)]
  0x00007fb14b246800 JavaThread "Java2D Disposer" daemon [_thread_blocked, id=52635, stack(0x00007000012d6000,0x00007000013d6000)]
=>0x00007fb14b168000 JavaThread "AppKit Thread" daemon [_thread_in_native, id=2571, stack(0x00007fff51384000,0x00007fff51b84000)]
  0x00007fb14a835800 JavaThread "Service Thread" daemon [_thread_blocked, id=18691, stack(0x0000700000e44000,0x0000700000f44000)]
  0x00007fb14b84c000 JavaThread "C1 CompilerThread2" daemon [_thread_blocked, id=18179, stack(0x0000700000d41000,0x0000700000e41000)]
  0x00007fb14b84b000 JavaThread "C2 CompilerThread1" daemon [_thread_blocked, id=17667, stack(0x0000700000c3e000,0x0000700000d3e000)]
  0x00007fb14b84a800 JavaThread "C2 CompilerThread0" daemon [_thread_in_native, id=17155, stack(0x0000700000b3b000,0x0000700000c3b000)]
  0x00007fb14b849800 JavaThread "Signal Dispatcher" daemon [_thread_blocked, id=13839, stack(0x0000700000a38000,0x0000700000b38000)]
  0x00007fb14b847000 JavaThread "Finalizer" daemon [_thread_blocked, id=12291, stack(0x000070000082f000,0x000070000092f000)]
  0x00007fb14b846000 JavaThread "Reference Handler" daemon [_thread_blocked, id=11779, stack(0x000070000072c000,0x000070000082c000)]
  0x00007fb14b806800 JavaThread "main" [_thread_in_native, id=5891, stack(0x000070000011a000,0x000070000021a000)]

Other Threads:
  0x00007fb14b843800 VMThread [stack: 0x0000700000629000,0x0000700000729000] [id=11267]
  0x00007fb14b023000 WatcherThread [stack: 0x0000700000f47000,0x0000700001047000] [id=19203]

VM state:not at safepoint (normal execution)

VM Mutex/Monitor currently owned by a thread: None

Heap:
 PSYoungGen      total 38400K, used 34403K [0x0000000795580000, 0x0000000798000000, 0x00000007c0000000)
  eden space 33280K, 95% used [0x0000000795580000,0x000000079746e918,0x0000000797600000)
  from space 5120K, 53% used [0x0000000797600000,0x00000007978aa368,0x0000000797b00000)
  to   space 5120K, 0% used [0x0000000797b00000,0x0000000797b00000,0x0000000798000000)
 ParOldGen       total 87552K, used 8K [0x0000000740000000, 0x0000000745580000, 0x0000000795580000)
  object space 87552K, 0% used [0x0000000740000000,0x0000000740002000,0x0000000745580000)
 Metaspace       used 7861K, capacity 7987K, committed 8064K, reserved 1056768K
  class space    used 768K, capacity 826K, committed 896K, reserved 1048576K

Card table byte_map: [0x000000011ef49000,0x000000011f34a000] byte_map_base: 0x000000011b549000

Marking Bits: (ParMarkBitMap*) 0x000000010f4dee20
 Begin Bits: [0x000000011f5f5000, 0x00000001215f5000)
 End Bits:   [0x00000001215f5000, 0x00000001235f5000)

Polling page: 0x000000010e33f000

CodeCache: size=245760Kb used=5218Kb max_used=5218Kb free=240541Kb
 bounds [0x000000010fb89000, 0x00000001100b9000, 0x000000011eb89000]
 total_blobs=1620 nmethods=1186 adapters=348
 compilation: enabled

Compilation events (10 events):
Event: 49.460 Thread 0x00007fb14b84b000 nmethod 1182 0x000000011007ef10 code [0x000000011007f060, 0x000000011007f0f8]
Event: 49.902 Thread 0x00007fb14b84a800 1183       4       water.WaterFrameBuffers::bindReflectionFrameBuffer (15 bytes)
Event: 49.902 Thread 0x00007fb14b84b000 1184       4       water.WaterFrameBuffers::bindRefractionFrameBuffer (15 bytes)
Event: 49.908 Thread 0x00007fb14b84b000 nmethod 1184 0x000000011009e790 code [0x000000011009e9a0, 0x000000011009eff0]
Event: 49.908 Thread 0x00007fb14b84b000 1185       4       gui.GuiRenderer::render (148 bytes)
Event: 49.909 Thread 0x00007fb14b84a800 nmethod 1183 0x0000000110099d90 code [0x0000000110099fa0, 0x000000011009a5f0]
Event: 49.983 Thread 0x00007fb14b84b000 nmethod 1185 0x000000011009ff10 code [0x00000001100a0520, 0x00000001100a2d68]
Event: 50.551 Thread 0x00007fb14b84c000 1186       3       sun.misc.FloatingDecimal$BinaryToASCIIBuffer::dtoa (1509 bytes)
Event: 50.555 Thread 0x00007fb14b84c000 nmethod 1186 0x00000001100a7f10 code [0x00000001100a8360, 0x00000001100aab38]
Event: 52.362 Thread 0x00007fb14b84a800 1187       4       entities.Ball::move (271 bytes)

GC Heap History (2 events):
Event: 2.608 GC heap before
{Heap before GC invocations=1 (full 0):
 PSYoungGen      total 38400K, used 33280K [0x0000000795580000, 0x0000000798000000, 0x00000007c0000000)
  eden space 33280K, 100% used [0x0000000795580000,0x0000000797600000,0x0000000797600000)
  from space 5120K, 0% used [0x0000000797b00000,0x0000000797b00000,0x0000000798000000)
  to   space 5120K, 0% used [0x0000000797600000,0x0000000797600000,0x0000000797b00000)
 ParOldGen       total 87552K, used 0K [0x0000000740000000, 0x0000000745580000, 0x0000000795580000)
  object space 87552K, 0% used [0x0000000740000000,0x0000000740000000,0x0000000745580000)
 Metaspace       used 7651K, capacity 7795K, committed 8064K, reserved 1056768K
  class space    used 761K, capacity 826K, committed 896K, reserved 1048576K
Event: 2.613 GC heap after
Heap after GC invocations=1 (full 0):
 PSYoungGen      total 38400K, used 2728K [0x0000000795580000, 0x0000000798000000, 0x00000007c0000000)
  eden space 33280K, 0% used [0x0000000795580000,0x0000000795580000,0x0000000797600000)
  from space 5120K, 53% used [0x0000000797600000,0x00000007978aa368,0x0000000797b00000)
  to   space 5120K, 0% used [0x0000000797b00000,0x0000000797b00000,0x0000000798000000)
 ParOldGen       total 87552K, used 8K [0x0000000740000000, 0x0000000745580000, 0x0000000795580000)
  object space 87552K, 0% used [0x0000000740000000,0x0000000740002000,0x0000000745580000)
 Metaspace       used 7651K, capacity 7795K, committed 8064K, reserved 1056768K
  class space    used 761K, capacity 826K, committed 896K, reserved 1048576K
}

Deoptimization events (8 events):
Event: 0.163 Thread 0x00007fb14b806800 Uncommon trap: reason=unstable_if action=reinterpret pc=0x000000010fcbab80 method=java.lang.String.indexOf(II)I @ 49
Event: 0.524 Thread 0x00007fb14b806800 Uncommon trap: reason=unstable_if action=reinterpret pc=0x000000010fd2eb98 method=java.lang.String.replace(CC)Ljava/lang/String; @ 26
Event: 1.634 Thread 0x00007fb14b806800 Uncommon trap: reason=unstable_if action=reinterpret pc=0x000000010fe08268 method=terrains.Terrain.getHeight(IILjava/awt/image/BufferedImage;)F @ 21
Event: 1.858 Thread 0x00007fb14b806800 Uncommon trap: reason=unstable_if action=reinterpret pc=0x000000010fe4e45c method=java.lang.String.trim()Ljava/lang/String; @ 44
Event: 34.733 Thread 0x00007fb14b806800 Uncommon trap: reason=unstable_if action=reinterpret pc=0x000000011004fb54 method=org.lwjgl.input.Keyboard.isKeyDown(I)Z @ 29
Event: 34.741 Thread 0x00007fb14b806800 Uncommon trap: reason=unstable_if action=reinterpret pc=0x000000010fffa044 method=org.lwjgl.input.Keyboard.isKeyDown(I)Z @ 29
Event: 34.900 Thread 0x00007fb14b806800 Uncommon trap: reason=unstable_if action=reinterpret pc=0x000000010fff2174 method=org.lwjgl.opengl.MacOSXNativeKeyboard.flushDeferredEvent()V @ 4
Event: 34.934 Thread 0x00007fb14b806800 Uncommon trap: reason=unstable_if action=reinterpret pc=0x000000010fffe46c method=entities.Ball.collide(Lgeometry/Triangle;)Z @ 25

Internal exceptions (10 events):
Event: 0.107 Thread 0x00007fb14b806800 Exception <a 'java/security/PrivilegedActionException'> (0x00000007957473d0) thrown at [/Users/java_re/workspace/8-2-build-macosx-x86_64/jdk8u60/4407/hotspot/src/share/vm/prims/jvm.cpp, line 1386]
Event: 0.152 Thread 0x00007fb14b806800 Exception <a 'java/security/PrivilegedActionException'> (0x00000007958d9d30) thrown at [/Users/java_re/workspace/8-2-build-macosx-x86_64/jdk8u60/4407/hotspot/src/share/vm/prims/jvm.cpp, line 1386]
Event: 0.152 Thread 0x00007fb14b806800 Exception <a 'java/security/PrivilegedActionException'> (0x00000007958d9f40) thrown at [/Users/java_re/workspace/8-2-build-macosx-x86_64/jdk8u60/4407/hotspot/src/share/vm/prims/jvm.cpp, line 1386]
Event: 0.152 Thread 0x00007fb14b806800 Exception <a 'java/security/PrivilegedActionException'> (0x00000007958dd3c8) thrown at [/Users/java_re/workspace/8-2-build-macosx-x86_64/jdk8u60/4407/hotspot/src/share/vm/prims/jvm.cpp, line 1386]
Event: 0.152 Thread 0x00007fb14b806800 Exception <a 'java/security/PrivilegedActionException'> (0x00000007958dd5d8) thrown at [/Users/java_re/workspace/8-2-build-macosx-x86_64/jdk8u60/4407/hotspot/src/share/vm/prims/jvm.cpp, line 1386]
Event: 0.193 Thread 0x00007fb14b806800 Exception <a 'java/lang/NoSuchFieldError': method resolution failed> (0x00000007959ace60) thrown at [/Users/java_re/workspace/8-2-build-macosx-x86_64/jdk8u60/4407/hotspot/src/share/vm/prims/methodHandles.cpp, line 1146]
Event: 0.195 Thread 0x00007fb14b806800 Exception <a 'java/lang/NoSuchFieldError': method resolution failed> (0x00000007959ba5b0) thrown at [/Users/java_re/workspace/8-2-build-macosx-x86_64/jdk8u60/4407/hotspot/src/share/vm/prims/methodHandles.cpp, line 1146]
Event: 0.341 Thread 0x00007fb14b806800 Exception <a 'java/io/FileNotFoundException'> (0x0000000795a35728) thrown at [/Users/java_re/workspace/8-2-build-macosx-x86_64/jdk8u60/4407/hotspot/src/share/vm/prims/jni.cpp, line 709]
Event: 0.342 Thread 0x00007fb14b806800 Exception <a 'java/io/FileNotFoundException'> (0x0000000795a362a8) thrown at [/Users/java_re/workspace/8-2-build-macosx-x86_64/jdk8u60/4407/hotspot/src/share/vm/prims/jni.cpp, line 709]
Event: 0.353 Thread 0x00007fb14b806800 Exception <a 'java/lang/UnsatisfiedLinkError'> (0x0000000795a516f0) thrown at [/Users/java_re/workspace/8-2-build-macosx-x86_64/jdk8u60/4407/hotspot/src/share/vm/prims/jvm.cpp, line 1390]

Events (10 events):
Event: 34.934 Thread 0x00007fb14b806800 DEOPT PACKING pc=0x000000010fffe46c sp=0x0000700000219620
Event: 34.934 Thread 0x00007fb14b806800 DEOPT UNPACKING pc=0x000000010fb8e229 sp=0x00007000002195b0 mode 2
Event: 34.934 loading class geometry/Triangle2D
Event: 34.934 loading class geometry/Triangle2D done
Event: 34.935 loading class geometry/Line
Event: 34.935 loading class geometry/Line done
Event: 34.936 loading class sun/misc/FDBigInteger
Event: 34.936 loading class sun/misc/FDBigInteger done
Event: 36.595 loading class collision/Operation
Event: 36.595 loading class collision/Operation done


Dynamic libraries:
0x0000000005237000 	/System/Library/Frameworks/Cocoa.framework/Versions/A/Cocoa
0x0000000005237000 	/System/Library/Frameworks/Security.framework/Versions/A/Security
0x0000000005237000 	/System/Library/Frameworks/ApplicationServices.framework/Versions/A/ApplicationServices
0x0000000005237000 	/usr/lib/libz.1.dylib
0x0000000005237000 	/usr/lib/libSystem.B.dylib
0x0000000005237000 	/usr/lib/libobjc.A.dylib
0x0000000005237000 	/System/Library/Frameworks/CoreFoundation.framework/Versions/A/CoreFoundation
0x0000000005237000 	/System/Library/Frameworks/Foundation.framework/Versions/C/Foundation
0x0000000005237000 	/System/Library/Frameworks/AppKit.framework/Versions/C/AppKit
0x0000000005237000 	/System/Library/Frameworks/CoreData.framework/Versions/A/CoreData
0x0000000005237000 	/System/Library/PrivateFrameworks/RemoteViewServices.framework/Versions/A/RemoteViewServices
0x0000000005237000 	/System/Library/PrivateFrameworks/UIFoundation.framework/Versions/A/UIFoundation
0x0000000005237000 	/usr/lib/libScreenReader.dylib
0x0000000005237000 	/System/Library/Frameworks/Accelerate.framework/Versions/A/Accelerate
0x0000000005237000 	/System/Library/Frameworks/IOSurface.framework/Versions/A/IOSurface
0x0000000005237000 	/System/Library/Frameworks/AudioToolbox.framework/Versions/A/AudioToolbox
0x0000000005237000 	/System/Library/Frameworks/AudioUnit.framework/Versions/A/AudioUnit
0x0000000005237000 	/System/Library/PrivateFrameworks/DataDetectorsCore.framework/Versions/A/DataDetectorsCore
0x0000000005237000 	/System/Library/PrivateFrameworks/DesktopServicesPriv.framework/Versions/A/DesktopServicesPriv
0x0000000005237000 	/System/Library/Frameworks/Carbon.framework/Versions/A/Frameworks/HIToolbox.framework/Versions/A/HIToolbox
0x0000000005237000 	/System/Library/Frameworks/QuartzCore.framework/Versions/A/QuartzCore
0x0000000005237000 	/System/Library/Frameworks/Carbon.framework/Versions/A/Frameworks/SpeechRecognition.framework/Versions/A/SpeechRecognition
0x0000000005237000 	/usr/lib/libauto.dylib
0x0000000005237000 	/usr/lib/libicucore.A.dylib
0x0000000005237000 	/usr/lib/libxml2.2.dylib
0x0000000005237000 	/System/Library/PrivateFrameworks/CoreUI.framework/Versions/A/CoreUI
0x0000000005237000 	/System/Library/Frameworks/CoreAudio.framework/Versions/A/CoreAudio
0x0000000005237000 	/System/Library/Frameworks/DiskArbitration.framework/Versions/A/DiskArbitration
0x0000000005237000 	/usr/lib/liblangid.dylib
0x0000000005237000 	/System/Library/PrivateFrameworks/MultitouchSupport.framework/Versions/A/MultitouchSupport
0x0000000005237000 	/System/Library/Frameworks/IOKit.framework/Versions/A/IOKit
0x0000000005237000 	/usr/lib/libDiagnosticMessagesClient.dylib
0x0000000005237000 	/System/Library/Frameworks/CoreServices.framework/Versions/A/CoreServices
0x0000000005237000 	/System/Library/PrivateFrameworks/PerformanceAnalysis.framework/Versions/A/PerformanceAnalysis
0x0000000005237000 	/System/Library/PrivateFrameworks/GenerationalStorage.framework/Versions/A/GenerationalStorage
0x0000000005237000 	/System/Library/Frameworks/OpenGL.framework/Versions/A/OpenGL
0x0000000005237000 	/System/Library/PrivateFrameworks/Sharing.framework/Versions/A/Sharing
0x0000000005237000 	/System/Library/Frameworks/CoreGraphics.framework/Versions/A/CoreGraphics
0x0000000005237000 	/System/Library/Frameworks/CoreImage.framework/Versions/A/CoreImage
0x0000000005237000 	/System/Library/Frameworks/CoreText.framework/Versions/A/CoreText
0x0000000005237000 	/System/Library/Frameworks/ImageIO.framework/Versions/A/ImageIO
0x0000000005237000 	/System/Library/PrivateFrameworks/Backup.framework/Versions/A/Backup
0x0000000005237000 	/usr/lib/libextension.dylib
0x0000000005237000 	/usr/lib/libarchive.2.dylib
0x0000000005237000 	/System/Library/Frameworks/CFNetwork.framework/Versions/A/CFNetwork
0x0000000005237000 	/System/Library/Frameworks/SystemConfiguration.framework/Versions/A/SystemConfiguration
0x0000000005237000 	/usr/lib/libCRFSuite.dylib
0x0000000005237000 	/usr/lib/libc++.1.dylib
0x0000000005237000 	/usr/lib/libc++abi.dylib
0x0000000005237000 	/usr/lib/system/libcache.dylib
0x0000000005237000 	/usr/lib/system/libcommonCrypto.dylib
0x0000000005237000 	/usr/lib/system/libcompiler_rt.dylib
0x0000000005237000 	/usr/lib/system/libcopyfile.dylib
0x0000000005237000 	/usr/lib/system/libcorecrypto.dylib
0x0000000005237000 	/usr/lib/system/libdispatch.dylib
0x0000000005237000 	/usr/lib/system/libdyld.dylib
0x0000000005237000 	/usr/lib/system/libkeymgr.dylib
0x0000000005237000 	/usr/lib/system/liblaunch.dylib
0x0000000005237000 	/usr/lib/system/libmacho.dylib
0x0000000005237000 	/usr/lib/system/libquarantine.dylib
0x0000000005237000 	/usr/lib/system/libremovefile.dylib
0x0000000005237000 	/usr/lib/system/libsystem_asl.dylib
0x0000000005237000 	/usr/lib/system/libsystem_blocks.dylib
0x0000000005237000 	/usr/lib/system/libsystem_c.dylib
0x0000000005237000 	/usr/lib/system/libsystem_configuration.dylib
0x0000000005237000 	/usr/lib/system/libsystem_coreservices.dylib
0x0000000005237000 	/usr/lib/system/libsystem_coretls.dylib
0x0000000005237000 	/usr/lib/system/libsystem_dnssd.dylib
0x0000000005237000 	/usr/lib/system/libsystem_info.dylib
0x0000000005237000 	/usr/lib/system/libsystem_kernel.dylib
0x0000000005237000 	/usr/lib/system/libsystem_m.dylib
0x0000000005237000 	/usr/lib/system/libsystem_malloc.dylib
0x0000000005237000 	/usr/lib/system/libsystem_network.dylib
0x0000000005237000 	/usr/lib/system/libsystem_networkextension.dylib
0x0000000005237000 	/usr/lib/system/libsystem_notify.dylib
0x0000000005237000 	/usr/lib/system/libsystem_platform.dylib
0x0000000005237000 	/usr/lib/system/libsystem_pthread.dylib
0x0000000005237000 	/usr/lib/system/libsystem_sandbox.dylib
0x0000000005237000 	/usr/lib/system/libsystem_secinit.dylib
0x0000000005237000 	/usr/lib/system/libsystem_trace.dylib
0x0000000005237000 	/usr/lib/system/libunc.dylib
0x0000000005237000 	/usr/lib/system/libunwind.dylib
0x0000000005237000 	/usr/lib/system/libxpc.dylib
0x0000000005237000 	/usr/lib/libenergytrace.dylib
0x0000000005237000 	/usr/lib/libbsm.0.dylib
0x0000000005237000 	/usr/lib/system/libkxld.dylib
0x0000000005237000 	/usr/lib/libxar.1.dylib
0x0000000005237000 	/usr/lib/libsqlite3.dylib
0x0000000005237000 	/usr/lib/libpam.2.dylib
0x0000000005237000 	/usr/lib/libOpenScriptingUtil.dylib
0x0000000005237000 	/usr/lib/libbz2.1.0.dylib
0x0000000005237000 	/usr/lib/liblzma.5.dylib
0x0000000005237000 	/System/Library/Frameworks/CoreServices.framework/Versions/A/Frameworks/FSEvents.framework/Versions/A/FSEvents
0x0000000005237000 	/System/Library/Frameworks/CoreServices.framework/Versions/A/Frameworks/CarbonCore.framework/Versions/A/CarbonCore
0x0000000005237000 	/System/Library/Frameworks/CoreServices.framework/Versions/A/Frameworks/Metadata.framework/Versions/A/Metadata
0x0000000005237000 	/System/Library/Frameworks/CoreServices.framework/Versions/A/Frameworks/OSServices.framework/Versions/A/OSServices
0x0000000005237000 	/System/Library/Frameworks/CoreServices.framework/Versions/A/Frameworks/SearchKit.framework/Versions/A/SearchKit
0x0000000005237000 	/System/Library/Frameworks/CoreServices.framework/Versions/A/Frameworks/AE.framework/Versions/A/AE
0x0000000005237000 	/System/Library/Frameworks/CoreServices.framework/Versions/A/Frameworks/LaunchServices.framework/Versions/A/LaunchServices
0x0000000005237000 	/System/Library/Frameworks/CoreServices.framework/Versions/A/Frameworks/DictionaryServices.framework/Versions/A/DictionaryServices
0x0000000005237000 	/System/Library/Frameworks/CoreServices.framework/Versions/A/Frameworks/SharedFileList.framework/Versions/A/SharedFileList
0x0000000005237000 	/System/Library/Frameworks/NetFS.framework/Versions/A/NetFS
0x0000000005237000 	/System/Library/PrivateFrameworks/NetAuth.framework/Versions/A/NetAuth
0x0000000005237000 	/System/Library/PrivateFrameworks/login.framework/Versions/A/Frameworks/loginsupport.framework/Versions/A/loginsupport
0x0000000005237000 	/System/Library/PrivateFrameworks/TCC.framework/Versions/A/TCC
0x0000000005237000 	/usr/lib/libmecabra.dylib
0x0000000005237000 	/System/Library/Frameworks/ApplicationServices.framework/Versions/A/Frameworks/ATS.framework/Versions/A/ATS
0x0000000005237000 	/System/Library/Frameworks/ApplicationServices.framework/Versions/A/Frameworks/ColorSync.framework/Versions/A/ColorSync
0x0000000005237000 	/System/Library/Frameworks/ApplicationServices.framework/Versions/A/Frameworks/HIServices.framework/Versions/A/HIServices
0x0000000005237000 	/System/Library/Frameworks/ApplicationServices.framework/Versions/A/Frameworks/LangAnalysis.framework/Versions/A/LangAnalysis
0x0000000005237000 	/System/Library/Frameworks/ApplicationServices.framework/Versions/A/Frameworks/PrintCore.framework/Versions/A/PrintCore
0x0000000005237000 	/System/Library/Frameworks/ApplicationServices.framework/Versions/A/Frameworks/QD.framework/Versions/A/QD
0x0000000005237000 	/System/Library/Frameworks/ApplicationServices.framework/Versions/A/Frameworks/SpeechSynthesis.framework/Versions/A/SpeechSynthesis
0x0000000005237000 	/System/Library/Frameworks/Metal.framework/Versions/A/Metal
0x0000000005237000 	/System/Library/Frameworks/Accelerate.framework/Versions/A/Frameworks/vImage.framework/Versions/A/vImage
0x0000000005237000 	/System/Library/Frameworks/Accelerate.framework/Versions/A/Frameworks/vecLib.framework/Versions/A/vecLib
0x0000000005237000 	/System/Library/Frameworks/Accelerate.framework/Versions/A/Frameworks/vecLib.framework/Versions/A/libvDSP.dylib
0x0000000005237000 	/System/Library/Frameworks/Accelerate.framework/Versions/A/Frameworks/vecLib.framework/Versions/A/libvMisc.dylib
0x0000000005237000 	/System/Library/Frameworks/Accelerate.framework/Versions/A/Frameworks/vecLib.framework/Versions/A/libLAPACK.dylib
0x0000000005237000 	/System/Library/Frameworks/Accelerate.framework/Versions/A/Frameworks/vecLib.framework/Versions/A/libBLAS.dylib
0x0000000005237000 	/System/Library/Frameworks/Accelerate.framework/Versions/A/Frameworks/vecLib.framework/Versions/A/libLinearAlgebra.dylib
0x0000000005237000 	/System/Library/Frameworks/Accelerate.framework/Versions/A/Frameworks/vecLib.framework/Versions/A/libSparseBLAS.dylib
0x0000000005237000 	/System/Library/PrivateFrameworks/GPUCompiler.framework/libmetal_timestamp.dylib
0x0000000005237000 	/System/Library/Frameworks/OpenGL.framework/Versions/A/Libraries/libCoreFSCache.dylib
0x0000000005237000 	/System/Library/PrivateFrameworks/IOAccelerator.framework/Versions/A/IOAccelerator
0x0000000005237000 	/System/Library/Frameworks/ApplicationServices.framework/Versions/A/Frameworks/ATS.framework/Versions/A/Resources/libFontParser.dylib
0x0000000005237000 	/System/Library/Frameworks/ApplicationServices.framework/Versions/A/Frameworks/ATS.framework/Versions/A/Resources/libFontRegistry.dylib
0x0000000005237000 	/System/Library/PrivateFrameworks/AppleVPA.framework/Versions/A/AppleVPA
0x0000000005237000 	/System/Library/PrivateFrameworks/AppleJPEG.framework/Versions/A/AppleJPEG
0x0000000005237000 	/System/Library/Frameworks/ImageIO.framework/Versions/A/Resources/libJPEG.dylib
0x0000000005237000 	/System/Library/Frameworks/ImageIO.framework/Versions/A/Resources/libTIFF.dylib
0x0000000005237000 	/System/Library/Frameworks/ImageIO.framework/Versions/A/Resources/libPng.dylib
0x0000000005237000 	/System/Library/Frameworks/ImageIO.framework/Versions/A/Resources/libGIF.dylib
0x0000000005237000 	/System/Library/Frameworks/ImageIO.framework/Versions/A/Resources/libJP2.dylib
0x0000000005237000 	/System/Library/Frameworks/ImageIO.framework/Versions/A/Resources/libRadiance.dylib
0x0000000005237000 	/System/Library/Frameworks/CoreVideo.framework/Versions/A/CoreVideo
0x0000000005237000 	/System/Library/Frameworks/OpenGL.framework/Versions/A/Libraries/libGLU.dylib
0x0000000005237000 	/System/Library/Frameworks/OpenGL.framework/Versions/A/Libraries/libGFXShared.dylib
0x0000000005237000 	/System/Library/Frameworks/OpenGL.framework/Versions/A/Libraries/libGL.dylib
0x0000000005237000 	/System/Library/Frameworks/OpenGL.framework/Versions/A/Libraries/libGLImage.dylib
0x0000000005237000 	/System/Library/Frameworks/OpenGL.framework/Versions/A/Libraries/libCVMSPluginSupport.dylib
0x0000000005237000 	/System/Library/Frameworks/OpenGL.framework/Versions/A/Libraries/libCoreVMClient.dylib
0x0000000005237000 	/usr/lib/libcups.2.dylib
0x0000000005237000 	/System/Library/Frameworks/Kerberos.framework/Versions/A/Kerberos
0x0000000005237000 	/System/Library/Frameworks/GSS.framework/Versions/A/GSS
0x0000000005237000 	/usr/lib/libresolv.9.dylib
0x0000000005237000 	/usr/lib/libiconv.2.dylib
0x0000000005237000 	/System/Library/PrivateFrameworks/Heimdal.framework/Versions/A/Heimdal
0x0000000005237000 	/usr/lib/libheimdal-asn1.dylib
0x0000000005237000 	/System/Library/Frameworks/OpenDirectory.framework/Versions/A/OpenDirectory
0x0000000005237000 	/System/Library/PrivateFrameworks/CommonAuth.framework/Versions/A/CommonAuth
0x0000000005237000 	/System/Library/Frameworks/OpenDirectory.framework/Versions/A/Frameworks/CFOpenDirectory.framework/Versions/A/CFOpenDirectory
0x0000000005237000 	/System/Library/Frameworks/SecurityFoundation.framework/Versions/A/SecurityFoundation
0x0000000005237000 	/System/Library/PrivateFrameworks/LanguageModeling.framework/Versions/A/LanguageModeling
0x0000000005237000 	/usr/lib/libmarisa.dylib
0x0000000005237000 	/usr/lib/libChineseTokenizer.dylib
0x0000000005237000 	/usr/lib/libcmph.dylib
0x0000000005237000 	/usr/lib/libcompression.dylib
0x0000000005237000 	/System/Library/Frameworks/ServiceManagement.framework/Versions/A/ServiceManagement
0x0000000005237000 	/usr/lib/libxslt.1.dylib
0x0000000005237000 	/System/Library/Frameworks/Carbon.framework/Versions/A/Frameworks/Ink.framework/Versions/A/Ink
0x0000000005237000 	/usr/lib/libFosl_dynamic.dylib
0x0000000005237000 	/System/Library/PrivateFrameworks/FaceCore.framework/Versions/A/FaceCore
0x0000000005237000 	/System/Library/Frameworks/OpenCL.framework/Versions/A/OpenCL
0x0000000005237000 	/System/Library/PrivateFrameworks/CrashReporterSupport.framework/Versions/A/CrashReporterSupport
0x0000000005237000 	/System/Library/PrivateFrameworks/IconServices.framework/Versions/A/IconServices
0x0000000005237000 	/System/Library/PrivateFrameworks/Apple80211.framework/Versions/A/Apple80211
0x0000000005237000 	/System/Library/Frameworks/CoreWLAN.framework/Versions/A/CoreWLAN
0x0000000005237000 	/System/Library/Frameworks/IOBluetooth.framework/Versions/A/IOBluetooth
0x0000000005237000 	/System/Library/PrivateFrameworks/CoreWiFi.framework/Versions/A/CoreWiFi
0x0000000005237000 	/System/Library/Frameworks/CoreBluetooth.framework/Versions/A/CoreBluetooth
0x0000000005237000 	/System/Library/PrivateFrameworks/ChunkingLibrary.framework/Versions/A/ChunkingLibrary
0x0000000005237000 	/System/Library/PrivateFrameworks/DebugSymbols.framework/Versions/A/DebugSymbols
0x0000000005237000 	/System/Library/PrivateFrameworks/CoreSymbolication.framework/Versions/A/CoreSymbolication
0x0000000005237000 	/System/Library/PrivateFrameworks/Symbolication.framework/Versions/A/Symbolication
0x0000000005237000 	/System/Library/PrivateFrameworks/SpeechRecognitionCore.framework/Versions/A/SpeechRecognitionCore
0x000000010ec00000 	/Library/Java/JavaVirtualMachines/jdk1.8.0_60.jdk/Contents/Home/jre/lib/server/libjvm.dylib
0x0000000005237000 	/usr/lib/libstdc++.6.dylib
0x000000010e2fc000 	/Library/Java/JavaVirtualMachines/jdk1.8.0_60.jdk/Contents/Home/jre/lib/libverify.dylib
0x000000010e30a000 	/Library/Java/JavaVirtualMachines/jdk1.8.0_60.jdk/Contents/Home/jre/lib/libjava.dylib
0x000000010e349000 	/Library/Java/JavaVirtualMachines/jdk1.8.0_60.jdk/Contents/Home/jre/lib/libzip.dylib
0x0000000125440000 	/System/Library/Frameworks/JavaVM.framework/Frameworks/JavaRuntimeSupport.framework/JavaRuntimeSupport
0x000000012545b000 	/System/Library/Frameworks/JavaVM.framework/Versions/A/Frameworks/JavaNativeFoundation.framework/Versions/A/JavaNativeFoundation
0x0000000125470000 	/System/Library/Frameworks/JavaVM.framework/Versions/A/JavaVM
0x0000000005237000 	/System/Library/Frameworks/Carbon.framework/Versions/A/Carbon
0x000000012547d000 	/System/Library/PrivateFrameworks/JavaLaunching.framework/Versions/A/JavaLaunching
0x0000000005237000 	/System/Library/Frameworks/Carbon.framework/Versions/A/Frameworks/CommonPanels.framework/Versions/A/CommonPanels
0x0000000005237000 	/System/Library/Frameworks/Carbon.framework/Versions/A/Frameworks/Help.framework/Versions/A/Help
0x0000000005237000 	/System/Library/Frameworks/Carbon.framework/Versions/A/Frameworks/ImageCapture.framework/Versions/A/ImageCapture
0x0000000005237000 	/System/Library/Frameworks/Carbon.framework/Versions/A/Frameworks/OpenScripting.framework/Versions/A/OpenScripting
0x0000000005237000 	/System/Library/Frameworks/Carbon.framework/Versions/A/Frameworks/Print.framework/Versions/A/Print
0x0000000005237000 	/System/Library/Frameworks/Carbon.framework/Versions/A/Frameworks/SecurityHI.framework/Versions/A/SecurityHI
0x0000000126e07000 	/Library/Java/JavaVirtualMachines/jdk1.8.0_60.jdk/Contents/Home/jre/lib/libawt.dylib
0x0000000126eaf000 	/Library/Java/JavaVirtualMachines/jdk1.8.0_60.jdk/Contents/Home/jre/lib/./libmlib_image.dylib
0x0000000126f7b000 	/Library/Java/JavaVirtualMachines/jdk1.8.0_60.jdk/Contents/Home/jre/lib/libawt_lwawt.dylib
0x0000000127030000 	/Library/Java/JavaVirtualMachines/jdk1.8.0_60.jdk/Contents/Home/jre/lib/./libosxapp.dylib
0x0000000005237000 	/System/Library/Frameworks/ExceptionHandling.framework/Versions/A/ExceptionHandling
0x0000000005237000 	/System/Library/PrivateFrameworks/CoreServicesInternal.framework/Versions/A/CoreServicesInternal
0x0000000005237000 	/System/Library/Frameworks/CoreGraphics.framework/Versions/A/Resources/libRIP.A.dylib
0x0000000005237000 	/System/Library/Frameworks/Accelerate.framework/Versions/A/Frameworks/vImage.framework/Versions/A/Libraries/libCGInterfaces.dylib
0x0000000005237000 	/System/Library/Frameworks/CoreGraphics.framework/Versions/A/Resources/libCGXType.A.dylib
0x0000000005237000 	/System/Library/Frameworks/OpenCL.framework/Versions/A/Libraries/libcldcpuengine.dylib
0x0000000005237000 	/System/Library/PrivateFrameworks/DiskImages.framework/Versions/A/DiskImages
0x0000000005237000 	/System/Library/Frameworks/DiscRecording.framework/Versions/A/DiscRecording
0x0000000005237000 	/usr/lib/libcsfde.dylib
0x0000000005237000 	/usr/lib/libcurl.4.dylib
0x0000000005237000 	/System/Library/PrivateFrameworks/MediaKit.framework/Versions/A/MediaKit
0x0000000005237000 	/System/Library/PrivateFrameworks/ProtectedCloudStorage.framework/Versions/A/ProtectedCloudStorage
0x0000000005237000 	/usr/lib/libCoreStorage.dylib
0x0000000005237000 	/System/Library/PrivateFrameworks/EFILogin.framework/Versions/A/EFILogin
0x0000000005237000 	/usr/lib/libutil.dylib
0x0000000005237000 	/System/Library/PrivateFrameworks/FindMyDevice.framework/Versions/A/FindMyDevice
0x0000000005237000 	/System/Library/Frameworks/LDAP.framework/Versions/A/LDAP
0x0000000005237000 	/usr/lib/libsasl2.2.dylib
0x0000000005237000 	/System/Library/PrivateFrameworks/CoreDaemon.framework/Versions/B/CoreDaemon
0x0000000005237000 	/usr/lib/libcrypto.0.9.8.dylib
0x0000000005237000 	/System/Library/PrivateFrameworks/AppleSRP.framework/Versions/A/AppleSRP
0x0000000005237000 	/System/Library/PrivateFrameworks/TrustEvaluationAgent.framework/Versions/A/TrustEvaluationAgent
0x0000000128b21000 	cl_kernels
0x0000000005237000 	/System/Library/Frameworks/OpenCL.framework/Versions/A/Libraries/ImageFormats/unorm8_bgra.dylib
0x0000000005237000 	/System/Library/Frameworks/OpenCL.framework/Versions/A/Libraries/ImageFormats/unorm8_rgba.dylib
0x0000000005237000 	/System/Library/PrivateFrameworks/FamilyControls.framework/Versions/A/FamilyControls
0x0000000005237000 	/System/Library/PrivateFrameworks/CommerceKit.framework/Versions/A/Frameworks/CommerceCore.framework/Versions/A/CommerceCore
0x0000000005237000 	/System/Library/PrivateFrameworks/SystemAdministration.framework/Versions/A/SystemAdministration
0x0000000005237000 	/System/Library/PrivateFrameworks/AppContainer.framework/Versions/A/AppContainer
0x0000000005237000 	/System/Library/PrivateFrameworks/SecCodeWrapper.framework/Versions/A/SecCodeWrapper
0x0000000005237000 	/System/Library/Frameworks/DirectoryService.framework/Versions/A/DirectoryService
0x0000000005237000 	/System/Library/PrivateFrameworks/LoginUIKit.framework/Versions/A/Frameworks/LoginUICore.framework/Versions/A/LoginUICore
0x0000000005237000 	/usr/lib/libodfde.dylib
0x0000000129bfc000 	/Library/Java/JavaVirtualMachines/jdk1.8.0_60.jdk/Contents/Home/jre/lib/libfontmanager.dylib
0x0000000129c63000 	/Users/nordineaouni/git/MiniGolf2/res/lib/native/macosx/liblwjgl.jnilib
0x0000000127f3d000 	/Library/Java/JavaVirtualMachines/jdk1.8.0_60.jdk/Contents/Home/jre/lib/libjawt.dylib
0x0000000005237000 	/System/Library/Frameworks/OpenGL.framework/Versions/A/Resources/GLEngine.bundle/GLEngine
0x0000000005237000 	/System/Library/Frameworks/OpenGL.framework/Versions/A/Libraries/libGLProgrammability.dylib
0x0000000129ce2000 	/System/Library/Extensions/AppleIntelBDWGraphicsGLDriver.bundle/Contents/MacOS/AppleIntelBDWGraphicsGLDriver
0x0000000005237000 	/System/Library/PrivateFrameworks/GPUSupport.framework/Versions/A/Libraries/libGPUSupportMercury.dylib
0x0000000005237000 	/System/Library/Frameworks/OpenGL.framework/Versions/A/Resources/GLRendererFloat.bundle/GLRendererFloat

VM Arguments:
jvm_args: -Djava.library.path=/Users/nordineaouni/git/MiniGolf2/res/lib/native/macosx:/Users/nordineaouni/git/MiniGolf2/res/lib/native/windows -Dfile.encoding=UTF-8 
java_command: engineTester.MainGameLoop
java_class_path (initial): /Users/nordineaouni/git/MiniGolf2/bin:/Users/nordineaouni/Documents/DKE/Project1-2-1/res/lib/jar/AppleJavaExtensions.jar:/Users/nordineaouni/Documents/DKE/Project1-2-1/res/lib/jar/asm-debug-all.jar:/Users/nordineaouni/Documents/DKE/Project1-2-1/res/lib/jar/jinput.jar:/Users/nordineaouni/Documents/DKE/Project1-2-1/res/lib/jar/lwjgl_test.jar:/Users/nordineaouni/Documents/DKE/Project1-2-1/res/lib/jar/lwjgl_util_applet.jar:/Users/nordineaouni/Documents/DKE/Project1-2-1/res/lib/jar/lwjgl_util.jar:/Users/nordineaouni/Documents/DKE/Project1-2-1/res/lib/jar/lwjgl-debug.jar:/Users/nordineaouni/Documents/DKE/Project1-2-1/res/lib/jar/lwjgl.jar:/Users/nordineaouni/Documents/DKE/Project1-2-1/res/lib/jar/lzma.jar:/Users/nordineaouni/Documents/DKE/Project1-2-1/res/lib/jar/PNGDecoder.jar:/Users/nordineaouni/Documents/DKE/Project1-2-1/res/lib/jar/slick-util.jar
Launcher Type: SUN_STANDARD

Environment Variables:
PATH=/usr/bin:/bin:/usr/sbin:/sbin
SHELL=/bin/bash

Signal Handlers:
SIGSEGV: [libjvm.dylib+0x5a6d31], sa_mask[0]=11111111011111110111111111111111, sa_flags=SA_ONSTACK|SA_RESTART|SA_SIGINFO
SIGBUS: [libjvm.dylib+0x5a6d31], sa_mask[0]=11111111011111110111111111111111, sa_flags=SA_RESTART|SA_SIGINFO
SIGFPE: [libjvm.dylib+0x480a4c], sa_mask[0]=11111111011111110111111111111111, sa_flags=SA_RESTART|SA_SIGINFO
SIGPIPE: [libjvm.dylib+0x480a4c], sa_mask[0]=11111111011111110111111111111111, sa_flags=SA_RESTART|SA_SIGINFO
SIGXFSZ: [libjvm.dylib+0x480a4c], sa_mask[0]=11111111011111110111111111111111, sa_flags=SA_RESTART|SA_SIGINFO
SIGILL: [libjvm.dylib+0x480a4c], sa_mask[0]=11111111011111110111111111111111, sa_flags=SA_RESTART|SA_SIGINFO
SIGUSR1: SIG_DFL, sa_mask[0]=00000000000000000000000000000000, sa_flags=none
SIGUSR2: [libjvm.dylib+0x48056a], sa_mask[0]=00100000000000000000000000000000, sa_flags=SA_RESTART|SA_SIGINFO
SIGHUP: [libjvm.dylib+0x47eb41], sa_mask[0]=11111111011111110111111111111111, sa_flags=SA_RESTART|SA_SIGINFO
SIGINT: [libjvm.dylib+0x47eb41], sa_mask[0]=11111111011111110111111111111111, sa_flags=SA_RESTART|SA_SIGINFO
SIGTERM: [libjvm.dylib+0x47eb41], sa_mask[0]=11111111011111110111111111111111, sa_flags=SA_RESTART|SA_SIGINFO
SIGQUIT: [libjvm.dylib+0x47eb41], sa_mask[0]=11111111011111110111111111111111, sa_flags=SA_RESTART|SA_SIGINFO


---------------  S Y S T E M  ---------------

OS:Bsduname:Darwin 15.4.0 Darwin Kernel Version 15.4.0: Fri Feb 26 22:08:05 PST 2016; root:xnu-3248.40.184~3/RELEASE_X86_64 x86_64
rlimit: STACK 8192k, CORE 0k, NPROC 709, NOFILE 10240, AS infinity
load average:4.01 2.33 1.75

CPU:total 4 (2 cores per cpu, 2 threads per core) family 6 model 61 stepping 4, cmov, cx8, fxsr, mmx, sse, sse2, sse3, ssse3, sse4.1, sse4.2, popcnt, avx, avx2, aes, clmul, erms, 3dnowpref, lzcnt, ht, tsc, tscinvbit, bmi1, bmi2, adx

Memory: 4k page, physical 8388608k(330796k free)

/proc/meminfo:


vm_info: Java HotSpot(TM) 64-Bit Server VM (25.60-b23) for bsd-amd64 JRE (1.8.0_60-b27), built on Aug  4 2015 10:47:24 by "java_re" with gcc 4.2.1 (Based on Apple Inc. build 5658) (LLVM build 2336.11.00)

time: Sat May 21 21:48:58 2016
elapsed time: 52 seconds (0d 0h 0m 52s)

