#
# A fatal error has been detected by the Java Runtime Environment:
#
#  SIGSEGV (0xb) at pc=0x00007fff931c1581, pid=1401, tid=2571
#
# JRE version: Java(TM) SE Runtime Environment (8.0_60-b27) (build 1.8.0_60-b27)
# Java VM: Java HotSpot(TM) 64-Bit Server VM (25.60-b23 mixed mode bsd-amd64 compressed oops)
# Problematic frame:
# C  [libobjc.A.dylib+0xb581]  weak_register_no_lock+0x41
#
# Failed to write core dump. Core dumps have been disabled. To enable core dumping, try "ulimit -c unlimited" before starting Java again
#
# If you would like to submit a bug report, please visit:
#   http://bugreport.java.com/bugreport/crash.jsp
# The crash happened outside the Java Virtual Machine in native code.
# See problematic frame for where to report the bug.
#

---------------  T H R E A D  ---------------

Current thread (0x00007ff3d2859000):  JavaThread "AppKit Thread" daemon [_thread_in_native, id=2571, stack(0x00007fff519f9000,0x00007fff521f9000)]

siginfo: si_signo: 11 (SIGSEGV), si_code: 1 (SEGV_MAPERR), si_addr: 0x0000000000000020

Registers:
RAX=0x0000000000000000, RBX=0x00007ff3d1c33bf0, RCX=0x0000000000000000, RDX=0x00007ff3d1f42a50
RSP=0x00007fff521f41b0, RBP=0x00007fff521f4200, RSI=0x00007ff3d1c33bf0, RDI=0x00007fff7cba2e28
R8 =0x00007fff9bd08967, R9 =0x00007ff3d1e57eb0, R10=0x000000000000001e, R11=0x000000000000001e
R12=0x0000000000000001, R13=0x0000000000000000, R14=0x00007fff7cba2e28, R15=0x00007ff3d1f42a50
RIP=0x00007fff931c1581, EFLAGS=0x0000000000010246, ERR=0x0000000000000004
  TRAPNO=0x000000000000000e

Top of Stack: (sp=0x00007fff521f41b0)
0x00007fff521f41b0:   00007fff7cba1d00 00007fff7cba2700
0x00007fff521f41c0:   00007fff521f4240 00007fff931c1431
0x00007fff521f41d0:   00007fff521f41f0 00007fff7cba1d00
0x00007fff521f41e0:   00007ff3d1f42a50 0000000000000000
0x00007fff521f41f0:   00007fff7cba2e00 0000000000000000
0x00007fff521f4200:   00007fff521f4280 00007fff931c13a9
0x00007fff521f4210:   ffff800c2e1a8150 00007ff3d1f53010
0x00007fff521f4220:   0000000000001100 0000000000000000
0x00007fff521f4230:   0000000000000000 0000000000000000
0x00007fff521f4240:   00007ff3d1c33bf0 0000000000000022
0x00007fff521f4250:   0000000000000002 00007ff3d1e57eb0
0x00007fff521f4260:   0000000000000000 00007ff3d1d4b0e0
0x00007fff521f4270:   00007ff3d1f53010 00007ff3d1c33bf0
0x00007fff521f4280:   00007fff521f42c0 00007fff9bd027d3
0x00007fff521f4290:   00007ff3d1e57eb0 0000000000000000
0x00007fff521f42a0:   00007ff3d1c33bf0 00007fff931b74c0
0x00007fff521f42b0:   00007ff3d1e57eb0 00007fff7c949388
0x00007fff521f42c0:   00007fff521f42f0 00007fff90cb0036
0x00007fff521f42d0:   00007fff521f4368 00007fff931b74c0
0x00007fff521f42e0:   00007ff3d1c33bf0 00007ff3d1e57eb0
0x00007fff521f42f0:   00007fff521f4320 00007fff90fef77d
0x00007fff521f4300:   0000000000000000 00007ff3d1e57eb0
0x00007fff521f4310:   00007fff521f4368 0000000000000001
0x00007fff521f4320:   00007fff521f4350 00007fff90aed429
0x00007fff521f4330:   00007ff3d1e57eb0 00007ff3d1c33bf0
0x00007fff521f4340:   00007ff3d1e57eb0 0000000000000000
0x00007fff521f4350:   00007fff521f43b0 00007fff90cafcd9
0x00007fff521f4360:   0000000000000000 00007fff7dc570a0
0x00007fff521f4370:   0000000042000000 00007fff90fef6a7
0x00007fff521f4380:   00007fff7c6b59e0 0000000000000000
0x00007fff521f4390:   00007ff3d1c33bf0 00007ff3d1e57eb0
0x00007fff521f43a0:   00007ff3d1c33bf0 00007ff3d1e57eb0 

Instructions: (pc=0x00007fff931c1581)
0x00007fff931c1561:   db 0f 84 19 01 00 00 f6 c3 01 0f 85 0d 01 00 00
0x00007fff931c1571:   48 8b 03 48 b9 f8 ff ff ff ff 7f 00 00 48 21 c1
0x00007fff931c1581:   f6 41 20 02 75 34 4c 8d 2d 6a 28 9e e9 49 8b 75
0x00007fff931c1591:   00 48 89 df e8 73 d7 ff ff 48 89 c1 31 c0 48 3b 

Register to memory mapping:

RAX=0x0000000000000000 is an unknown value
RBX=0x00007ff3d1c33bf0 is an unknown value
RCX=0x0000000000000000 is an unknown value
RDX=0x00007ff3d1f42a50 is an unknown value
RSP=0x00007fff521f41b0 is pointing into the stack for thread: 0x00007ff3d2859000
RBP=0x00007fff521f4200 is pointing into the stack for thread: 0x00007ff3d2859000
RSI=0x00007ff3d1c33bf0 is an unknown value
RDI=0x00007fff7cba2e28: _ZN12_GLOBAL__N_1L12SideTableBufE+0x1128 in /usr/lib/libobjc.A.dylib at 0x00007fff931b6000
R8 =0x00007fff9bd08967: storeARCWeakAt+0 in /System/Library/Frameworks/Foundation.framework/Versions/C/Foundation at 0x00007fff9bce9000
R9 =0x00007ff3d1e57eb0 is an unknown value
R10=0x000000000000001e is an unknown value
R11=0x000000000000001e is an unknown value
R12=0x0000000000000001 is an unknown value
R13=0x0000000000000000 is an unknown value
R14=0x00007fff7cba2e28: _ZN12_GLOBAL__N_1L12SideTableBufE+0x1128 in /usr/lib/libobjc.A.dylib at 0x00007fff931b6000
R15=0x00007ff3d1f42a50 is an unknown value


Stack: [0x00007fff519f9000,0x00007fff521f9000],  sp=0x00007fff521f41b0,  free space=8172k
Native frames: (J=compiled Java code, j=interpreted, Vv=VM code, C=native code)
C  [libobjc.A.dylib+0xb581]  weak_register_no_lock+0x41
C  [libobjc.A.dylib+0xb3a9]  objc_storeWeak+0x18b
C  [Foundation+0x197d3]  -[NSConcreteMapTable setObject:forKey:]+0x6e
C  [AppKit+0x346036]  -[NSView(NSOpenGLContextAssociation) _setOpenGLContext:]+0xf2
C  [AppKit+0x68577d]  __27-[NSOpenGLContext setView:]_block_invoke+0xd6
C  [AppKit+0x183429]  NSPerformVisuallyAtomicChange+0x93
C  [AppKit+0x345cd9]  -[NSOpenGLContext setView:]+0x77
C  [liblwjgl.jnilib+0x9f3e]  -[MacOSXOpenGLView lockFocus]+0x6e
C  [AppKit+0x1a889b]  -[NSView _recursiveDisplayRectIfNeededIgnoringOpacity:isVisibleRect:rectIsVisibleRectForView:topView:]+0x6e2
C  [AppKit+0x1a9889]  -[NSView _recursiveDisplayRectIfNeededIgnoringOpacity:isVisibleRect:rectIsVisibleRectForView:topView:]+0x16d0
C  [AppKit+0x1a7ce4]  -[NSThemeFrame _recursiveDisplayRectIfNeededIgnoringOpacity:isVisibleRect:rectIsVisibleRectForView:topView:]+0x14e
C  [AppKit+0x1a60ef]  -[NSView _displayRectIgnoringOpacity:isVisibleRect:rectIsVisibleRectForView:]+0x991
C  [AppKit+0x1a14f9]  -[NSView displayIfNeeded]+0x79e
C  [AppKit+0x1a0d40]  -[NSWindow displayIfNeeded]+0xe8
C  [AppKit+0x8254bb]  ___NSWindowGetDisplayCycleObserver_block_invoke6365+0x1dc
C  [AppKit+0x1a06da]  __37+[NSDisplayCycle currentDisplayCycle]_block_invoke+0x3ad
C  [QuartzCore+0x10f71]  _ZN2CA11Transaction19run_commit_handlersE18CATransactionPhase+0x55
C  [QuartzCore+0x1042c]  _ZN2CA7Context18commit_transactionEPNS_11TransactionE+0xa0
C  [QuartzCore+0x100ec]  _ZN2CA11Transaction6commitEv+0x1fc
C  [QuartzCore+0x1b977]  _ZN2CA11Transaction17observer_callbackEP19__CFRunLoopObservermPv+0x47
C  [CoreFoundation+0xaa067]  __CFRUNLOOP_IS_CALLING_OUT_TO_AN_OBSERVER_CALLBACK_FUNCTION__+0x17
C  [CoreFoundation+0xa9fd7]  __CFRunLoopDoObservers+0x187
C  [CoreFoundation+0x88ef8]  CFRunLoopRunSpecific+0x148
C  [HIToolbox+0x30935]  RunCurrentEventLoopInMode+0xeb
C  [HIToolbox+0x30677]  ReceiveNextEventCommon+0xb8
C  [HIToolbox+0x305af]  _BlockUntilNextEventMatchingListInModeWithFilter+0x47
C  [AppKit+0x48efa]  _DPSNextEvent+0x42b
C  [AppKit+0x4832a]  -[NSApplication _nextEventMatchingEventMask:untilDate:inMode:dequeue:]+0x1c6
C  [libosxapp.dylib+0x23aa]  -[NSApplicationAWT nextEventMatchingMask:untilDate:inMode:dequeue:]+0x7c
C  [AppKit+0x3ce84]  -[NSApplication run]+0x2aa
C  [libosxapp.dylib+0x214d]  +[NSApplicationAWT runAWTLoopWithApp:]+0x9c
C  [libawt_lwawt.dylib+0x44517]  -[AWTStarter starter:]+0x389
C  [Foundation+0x76f5e]  __NSThreadPerformPerform+0x117
C  [CoreFoundation+0xaa881]  __CFRUNLOOP_IS_CALLING_OUT_TO_A_SOURCE0_PERFORM_FUNCTION__+0x11
C  [CoreFoundation+0x89fbc]  __CFRunLoopDoSources0+0x22c
C  [CoreFoundation+0x894df]  __CFRunLoopRun+0x39f
C  [CoreFoundation+0x88ed8]  CFRunLoopRunSpecific+0x128
C  [java+0x6463]  CreateExecutionEnvironment+0x367
C  [java+0x21ac]  JLI_Launch+0x7a0
C  [java+0x84c0]  main+0x65
C  [java+0x1a04]  start+0x34
C  0x0000000000000006


---------------  P R O C E S S  ---------------

Java Threads: ( => current thread )
  0x00007ff3d3b52000 JavaThread "AWT-Shutdown" [_thread_blocked, id=29971, stack(0x00007000011d3000,0x00007000012d3000)]
  0x00007ff3d3119800 JavaThread "Java2D Disposer" daemon [_thread_blocked, id=52935, stack(0x0000700001359000,0x0000700001459000)]
=>0x00007ff3d2859000 JavaThread "AppKit Thread" daemon [_thread_in_native, id=2571, stack(0x00007fff519f9000,0x00007fff521f9000)]
  0x00007ff3d383b000 JavaThread "Service Thread" daemon [_thread_blocked, id=18691, stack(0x0000700000e44000,0x0000700000f44000)]
  0x00007ff3d383a800 JavaThread "C1 CompilerThread2" daemon [_thread_blocked, id=18179, stack(0x0000700000d41000,0x0000700000e41000)]
  0x00007ff3d3839800 JavaThread "C2 CompilerThread1" daemon [_thread_blocked, id=17667, stack(0x0000700000c3e000,0x0000700000d3e000)]
  0x00007ff3d3838000 JavaThread "C2 CompilerThread0" daemon [_thread_blocked, id=17155, stack(0x0000700000b3b000,0x0000700000c3b000)]
  0x00007ff3d385e000 JavaThread "Signal Dispatcher" daemon [_thread_blocked, id=13839, stack(0x0000700000a38000,0x0000700000b38000)]
  0x00007ff3d385d800 JavaThread "Finalizer" daemon [_thread_blocked, id=12291, stack(0x000070000082f000,0x000070000092f000)]
  0x00007ff3d3806000 JavaThread "Reference Handler" daemon [_thread_blocked, id=11779, stack(0x000070000072c000,0x000070000082c000)]
  0x00007ff3d3802800 JavaThread "main" [_thread_in_native, id=5891, stack(0x000070000011a000,0x000070000021a000)]

Other Threads:
  0x00007ff3d2808000 VMThread [stack: 0x0000700000629000,0x0000700000729000] [id=11267]
  0x00007ff3d3015800 WatcherThread [stack: 0x0000700000f47000,0x0000700001047000] [id=19203]

VM state:not at safepoint (normal execution)

VM Mutex/Monitor currently owned by a thread: None

Heap:
 PSYoungGen      total 276480K, used 161441K [0x0000000795580000, 0x00000007b0a80000, 0x00000007c0000000)
  eden space 266240K, 60% used [0x0000000795580000,0x000000079f2e01e0,0x00000007a5980000)
  from space 10240K, 2% used [0x00000007a5980000,0x00000007a59c8260,0x00000007a6380000)
  to   space 10752K, 0% used [0x00000007b0000000,0x00000007b0000000,0x00000007b0a80000)
 ParOldGen       total 87552K, used 11046K [0x0000000740000000, 0x0000000745580000, 0x0000000795580000)
  object space 87552K, 12% used [0x0000000740000000,0x0000000740ac9ad0,0x0000000745580000)
 Metaspace       used 7818K, capacity 7927K, committed 8064K, reserved 1056768K
  class space    used 771K, capacity 826K, committed 896K, reserved 1048576K

Card table byte_map: [0x000000011e9c0000,0x000000011edc1000] byte_map_base: 0x000000011afc0000

Marking Bits: (ParMarkBitMap*) 0x000000010e561e20
 Begin Bits: [0x000000011f06c000, 0x000000012106c000)
 End Bits:   [0x000000012106c000, 0x000000012306c000)

Polling page: 0x000000010ec53000

CodeCache: size=245760Kb used=5311Kb max_used=5323Kb free=240448Kb
 bounds [0x000000010f600000, 0x000000010fb40000, 0x000000011e600000]
 total_blobs=1572 nmethods=1141 adapters=345
 compilation: enabled

Compilation events (10 events):
Event: 7.844 Thread 0x00007ff3d383a800 1137       3       collision.Operation::multiplyByScalar (34 bytes)
Event: 7.844 Thread 0x00007ff3d383a800 nmethod 1137 0x000000010fb0bd90 code [0x000000010fb0bf20, 0x000000010fb0c470]
Event: 8.033 Thread 0x00007ff3d3838000 1138       4       java.nio.DirectIntBufferU::get (16 bytes)
Event: 8.033 Thread 0x00007ff3d3838000 nmethod 1138 0x000000010fb0bad0 code [0x000000010fb0bc20, 0x000000010fb0bcd8]
Event: 8.602 Thread 0x00007ff3d3839800 1139       4       entities.Entity::increasePosition (40 bytes)
Event: 8.602 Thread 0x00007ff3d3839800 nmethod 1139 0x000000010fae2910 code [0x000000010fae2a60, 0x000000010fae2af8]
Event: 8.643 Thread 0x00007ff3d3838000 1140       4       entities.Entity::increaseRotation (31 bytes)
Event: 8.644 Thread 0x00007ff3d3838000 nmethod 1140 0x000000010fa2fd10 code [0x000000010fa2fe60, 0x000000010fa2fed8]
Event: 8.691 Thread 0x00007ff3d3839800 1141   !   4       org.lwjgl.input.Keyboard::isKeyDown (45 bytes)
Event: 8.693 Thread 0x00007ff3d3839800 nmethod 1141 0x000000010fb0cbd0 code [0x000000010fb0cd40, 0x000000010fb0cff8]

GC Heap History (10 events):
Event: 2.763 GC heap before
{Heap before GC invocations=5 (full 0):
 PSYoungGen      total 71680K, used 70345K [0x0000000795580000, 0x000000079a080000, 0x00000007c0000000)
  eden space 66560K, 99% used [0x0000000795580000,0x00000007996667b0,0x0000000799680000)
  from space 5120K, 75% used [0x0000000799b80000,0x0000000799f4bdf8,0x000000079a080000)
  to   space 5120K, 0% used [0x0000000799680000,0x0000000799680000,0x0000000799b80000)
 ParOldGen       total 87552K, used 6755K [0x0000000740000000, 0x0000000745580000, 0x0000000795580000)
  object space 87552K, 7% used [0x0000000740000000,0x0000000740698e90,0x0000000745580000)
 Metaspace       used 7739K, capacity 7863K, committed 8064K, reserved 1056768K
  class space    used 770K, capacity 826K, committed 896K, reserved 1048576K
Event: 2.771 GC heap after
Heap after GC invocations=5 (full 0):
 PSYoungGen      total 71680K, used 4471K [0x0000000795580000, 0x000000079ed80000, 0x00000007c0000000)
  eden space 66560K, 0% used [0x0000000795580000,0x0000000795580000,0x0000000799680000)
  from space 5120K, 87% used [0x0000000799680000,0x0000000799addcf0,0x0000000799b80000)
  to   space 11264K, 0% used [0x000000079e280000,0x000000079e280000,0x000000079ed80000)
 ParOldGen       total 87552K, used 6763K [0x0000000740000000, 0x0000000745580000, 0x0000000795580000)
  object space 87552K, 7% used [0x0000000740000000,0x000000074069ae90,0x0000000745580000)
 Metaspace       used 7739K, capacity 7863K, committed 8064K, reserved 1056768K
  class space    used 770K, capacity 826K, committed 896K, reserved 1048576K
}
Event: 3.531 GC heap before
{Heap before GC invocations=6 (full 0):
 PSYoungGen      total 71680K, used 70945K [0x0000000795580000, 0x000000079ed80000, 0x00000007c0000000)
  eden space 66560K, 99% used [0x0000000795580000,0x000000079966aa28,0x0000000799680000)
  from space 5120K, 87% used [0x0000000799680000,0x0000000799addcf0,0x0000000799b80000)
  to   space 11264K, 0% used [0x000000079e280000,0x000000079e280000,0x000000079ed80000)
 ParOldGen       total 87552K, used 6763K [0x0000000740000000, 0x0000000745580000, 0x0000000795580000)
  object space 87552K, 7% used [0x0000000740000000,0x000000074069ae90,0x0000000745580000)
 Metaspace       used 7756K, capacity 7927K, committed 8064K, reserved 1056768K
  class space    used 770K, capacity 826K, committed 896K, reserved 1048576K
Event: 3.539 GC heap after
Heap after GC invocations=6 (full 0):
 PSYoungGen      total 143360K, used 4391K [0x0000000795580000, 0x000000079ec80000, 0x00000007c0000000)
  eden space 133120K, 0% used [0x0000000795580000,0x0000000795580000,0x000000079d780000)
  from space 10240K, 42% used [0x000000079e280000,0x000000079e6c9d00,0x000000079ec80000)
  to   space 10752K, 0% used [0x000000079d780000,0x000000079d780000,0x000000079e200000)
 ParOldGen       total 87552K, used 6771K [0x0000000740000000, 0x0000000745580000, 0x0000000795580000)
  object space 87552K, 7% used [0x0000000740000000,0x000000074069ce90,0x0000000745580000)
 Metaspace       used 7756K, capacity 7927K, committed 8064K, reserved 1056768K
  class space    used 770K, capacity 826K, committed 896K, reserved 1048576K
}
Event: 4.739 GC heap before
{Heap before GC invocations=7 (full 0):
 PSYoungGen      total 143360K, used 137498K [0x0000000795580000, 0x000000079ec80000, 0x00000007c0000000)
  eden space 133120K, 99% used [0x0000000795580000,0x000000079d77cb40,0x000000079d780000)
  from space 10240K, 42% used [0x000000079e280000,0x000000079e6c9d00,0x000000079ec80000)
  to   space 10752K, 0% used [0x000000079d780000,0x000000079d780000,0x000000079e200000)
 ParOldGen       total 87552K, used 6771K [0x0000000740000000, 0x0000000745580000, 0x0000000795580000)
  object space 87552K, 7% used [0x0000000740000000,0x000000074069ce90,0x0000000745580000)
 Metaspace       used 7795K, capacity 7927K, committed 8064K, reserved 1056768K
  class space    used 770K, capacity 826K, committed 896K, reserved 1048576K
Event: 4.747 GC heap after
Heap after GC invocations=7 (full 0):
 PSYoungGen      total 143872K, used 3223K [0x0000000795580000, 0x00000007a6d80000, 0x00000007c0000000)
  eden space 133120K, 0% used [0x0000000795580000,0x0000000795580000,0x000000079d780000)
  from space 10752K, 29% used [0x000000079d780000,0x000000079daa5cf0,0x000000079e200000)
  to   space 10240K, 0% used [0x00000007a6380000,0x00000007a6380000,0x00000007a6d80000)
 ParOldGen       total 87552K, used 7967K [0x0000000740000000, 0x0000000745580000, 0x0000000795580000)
  object space 87552K, 9% used [0x0000000740000000,0x00000007407c7ee8,0x0000000745580000)
 Metaspace       used 7795K, capacity 7927K, committed 8064K, reserved 1056768K
  class space    used 770K, capacity 826K, committed 896K, reserved 1048576K
}
Event: 5.873 GC heap before
{Heap before GC invocations=8 (full 0):
 PSYoungGen      total 143872K, used 136329K [0x0000000795580000, 0x00000007a6d80000, 0x00000007c0000000)
  eden space 133120K, 99% used [0x0000000795580000,0x000000079d77ca78,0x000000079d780000)
  from space 10752K, 29% used [0x000000079d780000,0x000000079daa5cf0,0x000000079e200000)
  to   space 10240K, 0% used [0x00000007a6380000,0x00000007a6380000,0x00000007a6d80000)
 ParOldGen       total 87552K, used 7967K [0x0000000740000000, 0x0000000745580000, 0x0000000795580000)
  object space 87552K, 9% used [0x0000000740000000,0x00000007407c7ee8,0x0000000745580000)
 Metaspace       used 7809K, capacity 7927K, committed 8064K, reserved 1056768K
  class space    used 770K, capacity 826K, committed 896K, reserved 1048576K
Event: 5.877 GC heap after
Heap after GC invocations=8 (full 0):
 PSYoungGen      total 276480K, used 1522K [0x0000000795580000, 0x00000007a6d80000, 0x00000007c0000000)
  eden space 266240K, 0% used [0x0000000795580000,0x0000000795580000,0x00000007a5980000)
  from space 10240K, 14% used [0x00000007a6380000,0x00000007a64fca78,0x00000007a6d80000)
  to   space 10240K, 0% used [0x00000007a5980000,0x00000007a5980000,0x00000007a6380000)
 ParOldGen       total 87552K, used 9676K [0x0000000740000000, 0x0000000745580000, 0x0000000795580000)
  object space 87552K, 11% used [0x0000000740000000,0x0000000740973160,0x0000000745580000)
 Metaspace       used 7809K, capacity 7927K, committed 8064K, reserved 1056768K
  class space    used 770K, capacity 826K, committed 896K, reserved 1048576K
}
Event: 7.777 GC heap before
{Heap before GC invocations=9 (full 0):
 PSYoungGen      total 276480K, used 267762K [0x0000000795580000, 0x00000007a6d80000, 0x00000007c0000000)
  eden space 266240K, 100% used [0x0000000795580000,0x00000007a5980000,0x00000007a5980000)
  from space 10240K, 14% used [0x00000007a6380000,0x00000007a64fca78,0x00000007a6d80000)
  to   space 10240K, 0% used [0x00000007a5980000,0x00000007a5980000,0x00000007a6380000)
 ParOldGen       total 87552K, used 9676K [0x0000000740000000, 0x0000000745580000, 0x0000000795580000)
  object space 87552K, 11% used [0x0000000740000000,0x0000000740973160,0x0000000745580000)
 Metaspace       used 7812K, capacity 7927K, committed 8064K, reserved 1056768K
  class space    used 770K, capacity 826K, committed 896K, reserved 1048576K
Event: 7.781 GC heap after
Heap after GC invocations=9 (full 0):
 PSYoungGen      total 276480K, used 288K [0x0000000795580000, 0x00000007b0a80000, 0x00000007c0000000)
  eden space 266240K, 0% used [0x0000000795580000,0x0000000795580000,0x00000007a5980000)
  from space 10240K, 2% used [0x00000007a5980000,0x00000007a59c8260,0x00000007a6380000)
  to   space 10752K, 0% used [0x00000007b0000000,0x00000007b0000000,0x00000007b0a80000)
 ParOldGen       total 87552K, used 11046K [0x0000000740000000, 0x0000000745580000, 0x0000000795580000)
  object space 87552K, 12% used [0x0000000740000000,0x0000000740ac9ad0,0x0000000745580000)
 Metaspace       used 7812K, capacity 7927K, committed 8064K, reserved 1056768K
  class space    used 770K, capacity 826K, committed 896K, reserved 1048576K
}

Deoptimization events (10 events):
Event: 1.725 Thread 0x00007ff3d3802800 Uncommon trap: reason=array_check action=maybe_recompile pc=0x000000010f894398 method=java.util.AbstractCollection.toArray([Ljava/lang/Object;)[Ljava/lang/Object; @ 119
Event: 1.725 Thread 0x00007ff3d3802800 Uncommon trap: reason=array_check action=maybe_recompile pc=0x000000010f894398 method=java.util.AbstractCollection.toArray([Ljava/lang/Object;)[Ljava/lang/Object; @ 119
Event: 1.877 Thread 0x00007ff3d3802800 Uncommon trap: reason=unstable_if action=reinterpret pc=0x000000010f8d91d4 method=sun.misc.FloatingDecimal$ASCIIToBinaryBuffer.floatValue()F @ 83
Event: 1.877 Thread 0x00007ff3d3802800 Uncommon trap: reason=unstable_if action=reinterpret pc=0x000000010f8db498 method=sun.misc.FloatingDecimal.readJavaFormatString(Ljava/lang/String;)Lsun/misc/FloatingDecimal$ASCIIToBinaryConverter; @ 733
Event: 1.962 Thread 0x00007ff3d3802800 Uncommon trap: reason=unstable_if action=reinterpret pc=0x000000010f93a228 method=terrains.Terrain.getHeight(IILjava/awt/image/BufferedImage;)F @ 21
Event: 2.207 Thread 0x00007ff3d3802800 Uncommon trap: reason=unstable_if action=reinterpret pc=0x000000010f9659b8 method=java.lang.Math.abs(F)F @ 3
Event: 2.401 Thread 0x00007ff3d3802800 Uncommon trap: reason=unstable_if action=reinterpret pc=0x000000010f9a85a8 method=toolbox.Maths.isInBetween(Lorg/lwjgl/util/vector/Vector2f;Lgeometry/Line;Lgeometry/Line;)Z @ 112
Event: 2.406 Thread 0x00007ff3d3802800 Uncommon trap: reason=unstable_if action=reinterpret pc=0x000000010f99ae8c method=entities.Ball.collide(Lgeometry/Triangle;)Z @ 33
Event: 2.664 Thread 0x00007ff3d3802800 Uncommon trap: reason=unstable_if action=reinterpret pc=0x000000010f9e5858 method=toolbox.Maths.isInBetween(Lorg/lwjgl/util/vector/Vector2f;Lgeometry/Line;Lgeometry/Line;)Z @ 112
Event: 3.640 Thread 0x00007ff3d3802800 Uncommon trap: reason=unstable_if action=reinterpret pc=0x000000010f9b55e0 method=toolbox.Maths.isInBetween(Lorg/lwjgl/util/vector/Vector2f;Lgeometry/Line;Lgeometry/Line;)Z @ 112

Internal exceptions (10 events):
Event: 0.090 Thread 0x00007ff3d3802800 Exception <a 'java/security/PrivilegedActionException'> (0x00000007957473d0) thrown at [/Users/java_re/workspace/8-2-build-macosx-x86_64/jdk8u60/4407/hotspot/src/share/vm/prims/jvm.cpp, line 1386]
Event: 0.128 Thread 0x00007ff3d3802800 Exception <a 'java/security/PrivilegedActionException'> (0x00000007958d95a8) thrown at [/Users/java_re/workspace/8-2-build-macosx-x86_64/jdk8u60/4407/hotspot/src/share/vm/prims/jvm.cpp, line 1386]
Event: 0.128 Thread 0x00007ff3d3802800 Exception <a 'java/security/PrivilegedActionException'> (0x00000007958d97b8) thrown at [/Users/java_re/workspace/8-2-build-macosx-x86_64/jdk8u60/4407/hotspot/src/share/vm/prims/jvm.cpp, line 1386]
Event: 0.128 Thread 0x00007ff3d3802800 Exception <a 'java/security/PrivilegedActionException'> (0x00000007958dcc40) thrown at [/Users/java_re/workspace/8-2-build-macosx-x86_64/jdk8u60/4407/hotspot/src/share/vm/prims/jvm.cpp, line 1386]
Event: 0.128 Thread 0x00007ff3d3802800 Exception <a 'java/security/PrivilegedActionException'> (0x00000007958dce50) thrown at [/Users/java_re/workspace/8-2-build-macosx-x86_64/jdk8u60/4407/hotspot/src/share/vm/prims/jvm.cpp, line 1386]
Event: 0.174 Thread 0x00007ff3d3802800 Exception <a 'java/lang/NoSuchFieldError': method resolution failed> (0x00000007959ac698) thrown at [/Users/java_re/workspace/8-2-build-macosx-x86_64/jdk8u60/4407/hotspot/src/share/vm/prims/methodHandles.cpp, line 1146]
Event: 0.176 Thread 0x00007ff3d3802800 Exception <a 'java/lang/NoSuchFieldError': method resolution failed> (0x00000007959b9de8) thrown at [/Users/java_re/workspace/8-2-build-macosx-x86_64/jdk8u60/4407/hotspot/src/share/vm/prims/methodHandles.cpp, line 1146]
Event: 0.329 Thread 0x00007ff3d3802800 Exception <a 'java/io/FileNotFoundException'> (0x0000000795a34dd0) thrown at [/Users/java_re/workspace/8-2-build-macosx-x86_64/jdk8u60/4407/hotspot/src/share/vm/prims/jni.cpp, line 709]
Event: 0.330 Thread 0x00007ff3d3802800 Exception <a 'java/io/FileNotFoundException'> (0x0000000795a35950) thrown at [/Users/java_re/workspace/8-2-build-macosx-x86_64/jdk8u60/4407/hotspot/src/share/vm/prims/jni.cpp, line 709]
Event: 0.348 Thread 0x00007ff3d3802800 Exception <a 'java/lang/UnsatisfiedLinkError'> (0x0000000795a50d98) thrown at [/Users/java_re/workspace/8-2-build-macosx-x86_64/jdk8u60/4407/hotspot/src/share/vm/prims/jvm.cpp, line 1390]

Events (10 events):
Event: 4.105 Executing VM operation: EnableBiasedLocking
Event: 4.105 Executing VM operation: EnableBiasedLocking done
Event: 4.739 Executing VM operation: ParallelGCFailedAllocation
Event: 4.747 Executing VM operation: ParallelGCFailedAllocation done
Event: 5.873 Executing VM operation: ParallelGCFailedAllocation
Event: 5.877 Executing VM operation: ParallelGCFailedAllocation done
Event: 7.777 Executing VM operation: ParallelGCFailedAllocation
Event: 7.781 Executing VM operation: ParallelGCFailedAllocation done
Event: 8.835 loading class org/lwjgl/opengl/CallbackUtil
Event: 8.835 loading class org/lwjgl/opengl/CallbackUtil done


Dynamic libraries:
0x000000000b4f4000 	/System/Library/Frameworks/Cocoa.framework/Versions/A/Cocoa
0x000000000b4f4000 	/System/Library/Frameworks/Security.framework/Versions/A/Security
0x000000000b4f4000 	/System/Library/Frameworks/ApplicationServices.framework/Versions/A/ApplicationServices
0x000000000b4f4000 	/usr/lib/libz.1.dylib
0x000000000b4f4000 	/usr/lib/libSystem.B.dylib
0x000000000b4f4000 	/usr/lib/libobjc.A.dylib
0x000000000b4f4000 	/System/Library/Frameworks/CoreFoundation.framework/Versions/A/CoreFoundation
0x000000000b4f4000 	/System/Library/Frameworks/Foundation.framework/Versions/C/Foundation
0x000000000b4f4000 	/System/Library/Frameworks/AppKit.framework/Versions/C/AppKit
0x000000000b4f4000 	/System/Library/Frameworks/CoreData.framework/Versions/A/CoreData
0x000000000b4f4000 	/System/Library/PrivateFrameworks/RemoteViewServices.framework/Versions/A/RemoteViewServices
0x000000000b4f4000 	/System/Library/PrivateFrameworks/UIFoundation.framework/Versions/A/UIFoundation
0x000000000b4f4000 	/usr/lib/libScreenReader.dylib
0x000000000b4f4000 	/System/Library/Frameworks/Accelerate.framework/Versions/A/Accelerate
0x000000000b4f4000 	/System/Library/Frameworks/IOSurface.framework/Versions/A/IOSurface
0x000000000b4f4000 	/System/Library/Frameworks/AudioToolbox.framework/Versions/A/AudioToolbox
0x000000000b4f4000 	/System/Library/Frameworks/AudioUnit.framework/Versions/A/AudioUnit
0x000000000b4f4000 	/System/Library/PrivateFrameworks/DataDetectorsCore.framework/Versions/A/DataDetectorsCore
0x000000000b4f4000 	/System/Library/PrivateFrameworks/DesktopServicesPriv.framework/Versions/A/DesktopServicesPriv
0x000000000b4f4000 	/System/Library/Frameworks/Carbon.framework/Versions/A/Frameworks/HIToolbox.framework/Versions/A/HIToolbox
0x000000000b4f4000 	/System/Library/Frameworks/QuartzCore.framework/Versions/A/QuartzCore
0x000000000b4f4000 	/System/Library/Frameworks/Carbon.framework/Versions/A/Frameworks/SpeechRecognition.framework/Versions/A/SpeechRecognition
0x000000000b4f4000 	/usr/lib/libauto.dylib
0x000000000b4f4000 	/usr/lib/libicucore.A.dylib
0x000000000b4f4000 	/usr/lib/libxml2.2.dylib
0x000000000b4f4000 	/System/Library/PrivateFrameworks/CoreUI.framework/Versions/A/CoreUI
0x000000000b4f4000 	/System/Library/Frameworks/CoreAudio.framework/Versions/A/CoreAudio
0x000000000b4f4000 	/System/Library/Frameworks/DiskArbitration.framework/Versions/A/DiskArbitration
0x000000000b4f4000 	/usr/lib/liblangid.dylib
0x000000000b4f4000 	/System/Library/PrivateFrameworks/MultitouchSupport.framework/Versions/A/MultitouchSupport
0x000000000b4f4000 	/System/Library/Frameworks/IOKit.framework/Versions/A/IOKit
0x000000000b4f4000 	/usr/lib/libDiagnosticMessagesClient.dylib
0x000000000b4f4000 	/System/Library/Frameworks/CoreServices.framework/Versions/A/CoreServices
0x000000000b4f4000 	/System/Library/PrivateFrameworks/PerformanceAnalysis.framework/Versions/A/PerformanceAnalysis
0x000000000b4f4000 	/System/Library/PrivateFrameworks/GenerationalStorage.framework/Versions/A/GenerationalStorage
0x000000000b4f4000 	/System/Library/Frameworks/OpenGL.framework/Versions/A/OpenGL
0x000000000b4f4000 	/System/Library/PrivateFrameworks/Sharing.framework/Versions/A/Sharing
0x000000000b4f4000 	/System/Library/Frameworks/CoreGraphics.framework/Versions/A/CoreGraphics
0x000000000b4f4000 	/System/Library/Frameworks/CoreImage.framework/Versions/A/CoreImage
0x000000000b4f4000 	/System/Library/Frameworks/CoreText.framework/Versions/A/CoreText
0x000000000b4f4000 	/System/Library/Frameworks/ImageIO.framework/Versions/A/ImageIO
0x000000000b4f4000 	/System/Library/PrivateFrameworks/Backup.framework/Versions/A/Backup
0x000000000b4f4000 	/usr/lib/libextension.dylib
0x000000000b4f4000 	/usr/lib/libarchive.2.dylib
0x000000000b4f4000 	/System/Library/Frameworks/CFNetwork.framework/Versions/A/CFNetwork
0x000000000b4f4000 	/System/Library/Frameworks/SystemConfiguration.framework/Versions/A/SystemConfiguration
0x000000000b4f4000 	/usr/lib/libCRFSuite.dylib
0x000000000b4f4000 	/usr/lib/libc++.1.dylib
0x000000000b4f4000 	/usr/lib/libc++abi.dylib
0x000000000b4f4000 	/usr/lib/system/libcache.dylib
0x000000000b4f4000 	/usr/lib/system/libcommonCrypto.dylib
0x000000000b4f4000 	/usr/lib/system/libcompiler_rt.dylib
0x000000000b4f4000 	/usr/lib/system/libcopyfile.dylib
0x000000000b4f4000 	/usr/lib/system/libcorecrypto.dylib
0x000000000b4f4000 	/usr/lib/system/libdispatch.dylib
0x000000000b4f4000 	/usr/lib/system/libdyld.dylib
0x000000000b4f4000 	/usr/lib/system/libkeymgr.dylib
0x000000000b4f4000 	/usr/lib/system/liblaunch.dylib
0x000000000b4f4000 	/usr/lib/system/libmacho.dylib
0x000000000b4f4000 	/usr/lib/system/libquarantine.dylib
0x000000000b4f4000 	/usr/lib/system/libremovefile.dylib
0x000000000b4f4000 	/usr/lib/system/libsystem_asl.dylib
0x000000000b4f4000 	/usr/lib/system/libsystem_blocks.dylib
0x000000000b4f4000 	/usr/lib/system/libsystem_c.dylib
0x000000000b4f4000 	/usr/lib/system/libsystem_configuration.dylib
0x000000000b4f4000 	/usr/lib/system/libsystem_coreservices.dylib
0x000000000b4f4000 	/usr/lib/system/libsystem_coretls.dylib
0x000000000b4f4000 	/usr/lib/system/libsystem_dnssd.dylib
0x000000000b4f4000 	/usr/lib/system/libsystem_info.dylib
0x000000000b4f4000 	/usr/lib/system/libsystem_kernel.dylib
0x000000000b4f4000 	/usr/lib/system/libsystem_m.dylib
0x000000000b4f4000 	/usr/lib/system/libsystem_malloc.dylib
0x000000000b4f4000 	/usr/lib/system/libsystem_network.dylib
0x000000000b4f4000 	/usr/lib/system/libsystem_networkextension.dylib
0x000000000b4f4000 	/usr/lib/system/libsystem_notify.dylib
0x000000000b4f4000 	/usr/lib/system/libsystem_platform.dylib
0x000000000b4f4000 	/usr/lib/system/libsystem_pthread.dylib
0x000000000b4f4000 	/usr/lib/system/libsystem_sandbox.dylib
0x000000000b4f4000 	/usr/lib/system/libsystem_secinit.dylib
0x000000000b4f4000 	/usr/lib/system/libsystem_trace.dylib
0x000000000b4f4000 	/usr/lib/system/libunc.dylib
0x000000000b4f4000 	/usr/lib/system/libunwind.dylib
0x000000000b4f4000 	/usr/lib/system/libxpc.dylib
0x000000000b4f4000 	/usr/lib/libenergytrace.dylib
0x000000000b4f4000 	/usr/lib/libbsm.0.dylib
0x000000000b4f4000 	/usr/lib/system/libkxld.dylib
0x000000000b4f4000 	/usr/lib/libxar.1.dylib
0x000000000b4f4000 	/usr/lib/libsqlite3.dylib
0x000000000b4f4000 	/usr/lib/libpam.2.dylib
0x000000000b4f4000 	/usr/lib/libOpenScriptingUtil.dylib
0x000000000b4f4000 	/usr/lib/libbz2.1.0.dylib
0x000000000b4f4000 	/usr/lib/liblzma.5.dylib
0x000000000b4f4000 	/System/Library/Frameworks/CoreServices.framework/Versions/A/Frameworks/FSEvents.framework/Versions/A/FSEvents
0x000000000b4f4000 	/System/Library/Frameworks/CoreServices.framework/Versions/A/Frameworks/CarbonCore.framework/Versions/A/CarbonCore
0x000000000b4f4000 	/System/Library/Frameworks/CoreServices.framework/Versions/A/Frameworks/Metadata.framework/Versions/A/Metadata
0x000000000b4f4000 	/System/Library/Frameworks/CoreServices.framework/Versions/A/Frameworks/OSServices.framework/Versions/A/OSServices
0x000000000b4f4000 	/System/Library/Frameworks/CoreServices.framework/Versions/A/Frameworks/SearchKit.framework/Versions/A/SearchKit
0x000000000b4f4000 	/System/Library/Frameworks/CoreServices.framework/Versions/A/Frameworks/AE.framework/Versions/A/AE
0x000000000b4f4000 	/System/Library/Frameworks/CoreServices.framework/Versions/A/Frameworks/LaunchServices.framework/Versions/A/LaunchServices
0x000000000b4f4000 	/System/Library/Frameworks/CoreServices.framework/Versions/A/Frameworks/DictionaryServices.framework/Versions/A/DictionaryServices
0x000000000b4f4000 	/System/Library/Frameworks/CoreServices.framework/Versions/A/Frameworks/SharedFileList.framework/Versions/A/SharedFileList
0x000000000b4f4000 	/System/Library/Frameworks/NetFS.framework/Versions/A/NetFS
0x000000000b4f4000 	/System/Library/PrivateFrameworks/NetAuth.framework/Versions/A/NetAuth
0x000000000b4f4000 	/System/Library/PrivateFrameworks/login.framework/Versions/A/Frameworks/loginsupport.framework/Versions/A/loginsupport
0x000000000b4f4000 	/System/Library/PrivateFrameworks/TCC.framework/Versions/A/TCC
0x000000000b4f4000 	/usr/lib/libmecabra.dylib
0x000000000b4f4000 	/System/Library/Frameworks/ApplicationServices.framework/Versions/A/Frameworks/ATS.framework/Versions/A/ATS
0x000000000b4f4000 	/System/Library/Frameworks/ApplicationServices.framework/Versions/A/Frameworks/ColorSync.framework/Versions/A/ColorSync
0x000000000b4f4000 	/System/Library/Frameworks/ApplicationServices.framework/Versions/A/Frameworks/HIServices.framework/Versions/A/HIServices
0x000000000b4f4000 	/System/Library/Frameworks/ApplicationServices.framework/Versions/A/Frameworks/LangAnalysis.framework/Versions/A/LangAnalysis
0x000000000b4f4000 	/System/Library/Frameworks/ApplicationServices.framework/Versions/A/Frameworks/PrintCore.framework/Versions/A/PrintCore
0x000000000b4f4000 	/System/Library/Frameworks/ApplicationServices.framework/Versions/A/Frameworks/QD.framework/Versions/A/QD
0x000000000b4f4000 	/System/Library/Frameworks/ApplicationServices.framework/Versions/A/Frameworks/SpeechSynthesis.framework/Versions/A/SpeechSynthesis
0x000000000b4f4000 	/System/Library/Frameworks/Metal.framework/Versions/A/Metal
0x000000000b4f4000 	/System/Library/Frameworks/Accelerate.framework/Versions/A/Frameworks/vImage.framework/Versions/A/vImage
0x000000000b4f4000 	/System/Library/Frameworks/Accelerate.framework/Versions/A/Frameworks/vecLib.framework/Versions/A/vecLib
0x000000000b4f4000 	/System/Library/Frameworks/Accelerate.framework/Versions/A/Frameworks/vecLib.framework/Versions/A/libvDSP.dylib
0x000000000b4f4000 	/System/Library/Frameworks/Accelerate.framework/Versions/A/Frameworks/vecLib.framework/Versions/A/libvMisc.dylib
0x000000000b4f4000 	/System/Library/Frameworks/Accelerate.framework/Versions/A/Frameworks/vecLib.framework/Versions/A/libLAPACK.dylib
0x000000000b4f4000 	/System/Library/Frameworks/Accelerate.framework/Versions/A/Frameworks/vecLib.framework/Versions/A/libBLAS.dylib
0x000000000b4f4000 	/System/Library/Frameworks/Accelerate.framework/Versions/A/Frameworks/vecLib.framework/Versions/A/libLinearAlgebra.dylib
0x000000000b4f4000 	/System/Library/Frameworks/Accelerate.framework/Versions/A/Frameworks/vecLib.framework/Versions/A/libSparseBLAS.dylib
0x000000000b4f4000 	/System/Library/PrivateFrameworks/GPUCompiler.framework/libmetal_timestamp.dylib
0x000000000b4f4000 	/System/Library/Frameworks/OpenGL.framework/Versions/A/Libraries/libCoreFSCache.dylib
0x000000000b4f4000 	/System/Library/PrivateFrameworks/IOAccelerator.framework/Versions/A/IOAccelerator
0x000000000b4f4000 	/System/Library/Frameworks/ApplicationServices.framework/Versions/A/Frameworks/ATS.framework/Versions/A/Resources/libFontParser.dylib
0x000000000b4f4000 	/System/Library/Frameworks/ApplicationServices.framework/Versions/A/Frameworks/ATS.framework/Versions/A/Resources/libFontRegistry.dylib
0x000000000b4f4000 	/System/Library/PrivateFrameworks/AppleVPA.framework/Versions/A/AppleVPA
0x000000000b4f4000 	/System/Library/PrivateFrameworks/AppleJPEG.framework/Versions/A/AppleJPEG
0x000000000b4f4000 	/System/Library/Frameworks/ImageIO.framework/Versions/A/Resources/libJPEG.dylib
0x000000000b4f4000 	/System/Library/Frameworks/ImageIO.framework/Versions/A/Resources/libTIFF.dylib
0x000000000b4f4000 	/System/Library/Frameworks/ImageIO.framework/Versions/A/Resources/libPng.dylib
0x000000000b4f4000 	/System/Library/Frameworks/ImageIO.framework/Versions/A/Resources/libGIF.dylib
0x000000000b4f4000 	/System/Library/Frameworks/ImageIO.framework/Versions/A/Resources/libJP2.dylib
0x000000000b4f4000 	/System/Library/Frameworks/ImageIO.framework/Versions/A/Resources/libRadiance.dylib
0x000000000b4f4000 	/System/Library/Frameworks/CoreVideo.framework/Versions/A/CoreVideo
0x000000000b4f4000 	/System/Library/Frameworks/OpenGL.framework/Versions/A/Libraries/libGLU.dylib
0x000000000b4f4000 	/System/Library/Frameworks/OpenGL.framework/Versions/A/Libraries/libGFXShared.dylib
0x000000000b4f4000 	/System/Library/Frameworks/OpenGL.framework/Versions/A/Libraries/libGL.dylib
0x000000000b4f4000 	/System/Library/Frameworks/OpenGL.framework/Versions/A/Libraries/libGLImage.dylib
0x000000000b4f4000 	/System/Library/Frameworks/OpenGL.framework/Versions/A/Libraries/libCVMSPluginSupport.dylib
0x000000000b4f4000 	/System/Library/Frameworks/OpenGL.framework/Versions/A/Libraries/libCoreVMClient.dylib
0x000000000b4f4000 	/usr/lib/libcups.2.dylib
0x000000000b4f4000 	/System/Library/Frameworks/Kerberos.framework/Versions/A/Kerberos
0x000000000b4f4000 	/System/Library/Frameworks/GSS.framework/Versions/A/GSS
0x000000000b4f4000 	/usr/lib/libresolv.9.dylib
0x000000000b4f4000 	/usr/lib/libiconv.2.dylib
0x000000000b4f4000 	/System/Library/PrivateFrameworks/Heimdal.framework/Versions/A/Heimdal
0x000000000b4f4000 	/usr/lib/libheimdal-asn1.dylib
0x000000000b4f4000 	/System/Library/Frameworks/OpenDirectory.framework/Versions/A/OpenDirectory
0x000000000b4f4000 	/System/Library/PrivateFrameworks/CommonAuth.framework/Versions/A/CommonAuth
0x000000000b4f4000 	/System/Library/Frameworks/OpenDirectory.framework/Versions/A/Frameworks/CFOpenDirectory.framework/Versions/A/CFOpenDirectory
0x000000000b4f4000 	/System/Library/Frameworks/SecurityFoundation.framework/Versions/A/SecurityFoundation
0x000000000b4f4000 	/System/Library/PrivateFrameworks/LanguageModeling.framework/Versions/A/LanguageModeling
0x000000000b4f4000 	/usr/lib/libmarisa.dylib
0x000000000b4f4000 	/usr/lib/libChineseTokenizer.dylib
0x000000000b4f4000 	/usr/lib/libcmph.dylib
0x000000000b4f4000 	/usr/lib/libcompression.dylib
0x000000000b4f4000 	/System/Library/Frameworks/ServiceManagement.framework/Versions/A/ServiceManagement
0x000000000b4f4000 	/usr/lib/libxslt.1.dylib
0x000000000b4f4000 	/System/Library/Frameworks/Carbon.framework/Versions/A/Frameworks/Ink.framework/Versions/A/Ink
0x000000000b4f4000 	/usr/lib/libFosl_dynamic.dylib
0x000000000b4f4000 	/System/Library/PrivateFrameworks/FaceCore.framework/Versions/A/FaceCore
0x000000000b4f4000 	/System/Library/Frameworks/OpenCL.framework/Versions/A/OpenCL
0x000000000b4f4000 	/System/Library/PrivateFrameworks/CrashReporterSupport.framework/Versions/A/CrashReporterSupport
0x000000000b4f4000 	/System/Library/PrivateFrameworks/IconServices.framework/Versions/A/IconServices
0x000000000b4f4000 	/System/Library/PrivateFrameworks/Apple80211.framework/Versions/A/Apple80211
0x000000000b4f4000 	/System/Library/Frameworks/CoreWLAN.framework/Versions/A/CoreWLAN
0x000000000b4f4000 	/System/Library/Frameworks/IOBluetooth.framework/Versions/A/IOBluetooth
0x000000000b4f4000 	/System/Library/PrivateFrameworks/CoreWiFi.framework/Versions/A/CoreWiFi
0x000000000b4f4000 	/System/Library/Frameworks/CoreBluetooth.framework/Versions/A/CoreBluetooth
0x000000000b4f4000 	/System/Library/PrivateFrameworks/ChunkingLibrary.framework/Versions/A/ChunkingLibrary
0x000000000b4f4000 	/System/Library/PrivateFrameworks/DebugSymbols.framework/Versions/A/DebugSymbols
0x000000000b4f4000 	/System/Library/PrivateFrameworks/CoreSymbolication.framework/Versions/A/CoreSymbolication
0x000000000b4f4000 	/System/Library/PrivateFrameworks/Symbolication.framework/Versions/A/Symbolication
0x000000000b4f4000 	/System/Library/PrivateFrameworks/SpeechRecognitionCore.framework/Versions/A/SpeechRecognitionCore
0x000000010dc83000 	/Library/Java/JavaVirtualMachines/jdk1.8.0_60.jdk/Contents/Home/jre/lib/server/libjvm.dylib
0x000000000b4f4000 	/usr/lib/libstdc++.6.dylib
0x000000010ec10000 	/Library/Java/JavaVirtualMachines/jdk1.8.0_60.jdk/Contents/Home/jre/lib/libverify.dylib
0x000000010ec1e000 	/Library/Java/JavaVirtualMachines/jdk1.8.0_60.jdk/Contents/Home/jre/lib/libjava.dylib
0x000000010ec5d000 	/Library/Java/JavaVirtualMachines/jdk1.8.0_60.jdk/Contents/Home/jre/lib/libzip.dylib
0x0000000124dd0000 	/System/Library/Frameworks/JavaVM.framework/Frameworks/JavaRuntimeSupport.framework/JavaRuntimeSupport
0x0000000124deb000 	/System/Library/Frameworks/JavaVM.framework/Versions/A/Frameworks/JavaNativeFoundation.framework/Versions/A/JavaNativeFoundation
0x0000000124e00000 	/System/Library/Frameworks/JavaVM.framework/Versions/A/JavaVM
0x000000000b4f4000 	/System/Library/Frameworks/Carbon.framework/Versions/A/Carbon
0x0000000124e0d000 	/System/Library/PrivateFrameworks/JavaLaunching.framework/Versions/A/JavaLaunching
0x000000000b4f4000 	/System/Library/Frameworks/Carbon.framework/Versions/A/Frameworks/CommonPanels.framework/Versions/A/CommonPanels
0x000000000b4f4000 	/System/Library/Frameworks/Carbon.framework/Versions/A/Frameworks/Help.framework/Versions/A/Help
0x000000000b4f4000 	/System/Library/Frameworks/Carbon.framework/Versions/A/Frameworks/ImageCapture.framework/Versions/A/ImageCapture
0x000000000b4f4000 	/System/Library/Frameworks/Carbon.framework/Versions/A/Frameworks/OpenScripting.framework/Versions/A/OpenScripting
0x000000000b4f4000 	/System/Library/Frameworks/Carbon.framework/Versions/A/Frameworks/Print.framework/Versions/A/Print
0x000000000b4f4000 	/System/Library/Frameworks/Carbon.framework/Versions/A/Frameworks/SecurityHI.framework/Versions/A/SecurityHI
0x0000000126792000 	/Library/Java/JavaVirtualMachines/jdk1.8.0_60.jdk/Contents/Home/jre/lib/libawt.dylib
0x000000012683a000 	/Library/Java/JavaVirtualMachines/jdk1.8.0_60.jdk/Contents/Home/jre/lib/./libmlib_image.dylib
0x0000000126906000 	/Library/Java/JavaVirtualMachines/jdk1.8.0_60.jdk/Contents/Home/jre/lib/libawt_lwawt.dylib
0x00000001269bb000 	/Library/Java/JavaVirtualMachines/jdk1.8.0_60.jdk/Contents/Home/jre/lib/./libosxapp.dylib
0x000000000b4f4000 	/System/Library/Frameworks/ExceptionHandling.framework/Versions/A/ExceptionHandling
0x000000000b4f4000 	/System/Library/PrivateFrameworks/CoreServicesInternal.framework/Versions/A/CoreServicesInternal
0x000000000b4f4000 	/System/Library/Frameworks/CoreGraphics.framework/Versions/A/Resources/libRIP.A.dylib
0x000000000b4f4000 	/System/Library/Frameworks/Accelerate.framework/Versions/A/Frameworks/vImage.framework/Versions/A/Libraries/libCGInterfaces.dylib
0x000000000b4f4000 	/System/Library/Frameworks/CoreGraphics.framework/Versions/A/Resources/libCGXType.A.dylib
0x000000000b4f4000 	/System/Library/Frameworks/OpenCL.framework/Versions/A/Libraries/libcldcpuengine.dylib
0x000000000b4f4000 	/System/Library/PrivateFrameworks/DiskImages.framework/Versions/A/DiskImages
0x000000000b4f4000 	/System/Library/Frameworks/DiscRecording.framework/Versions/A/DiscRecording
0x000000000b4f4000 	/usr/lib/libcsfde.dylib
0x000000000b4f4000 	/usr/lib/libcurl.4.dylib
0x000000000b4f4000 	/System/Library/PrivateFrameworks/MediaKit.framework/Versions/A/MediaKit
0x000000000b4f4000 	/System/Library/PrivateFrameworks/ProtectedCloudStorage.framework/Versions/A/ProtectedCloudStorage
0x000000000b4f4000 	/usr/lib/libCoreStorage.dylib
0x000000000b4f4000 	/System/Library/PrivateFrameworks/EFILogin.framework/Versions/A/EFILogin
0x000000000b4f4000 	/usr/lib/libutil.dylib
0x000000000b4f4000 	/System/Library/PrivateFrameworks/FindMyDevice.framework/Versions/A/FindMyDevice
0x000000000b4f4000 	/System/Library/Frameworks/LDAP.framework/Versions/A/LDAP
0x000000000b4f4000 	/usr/lib/libsasl2.2.dylib
0x000000000b4f4000 	/System/Library/PrivateFrameworks/CoreDaemon.framework/Versions/B/CoreDaemon
0x000000000b4f4000 	/usr/lib/libcrypto.0.9.8.dylib
0x000000000b4f4000 	/System/Library/PrivateFrameworks/AppleSRP.framework/Versions/A/AppleSRP
0x000000000b4f4000 	/System/Library/PrivateFrameworks/TrustEvaluationAgent.framework/Versions/A/TrustEvaluationAgent
0x00000001284ac000 	cl_kernels
0x000000000b4f4000 	/System/Library/Frameworks/OpenCL.framework/Versions/A/Libraries/ImageFormats/unorm8_bgra.dylib
0x000000000b4f4000 	/System/Library/Frameworks/OpenCL.framework/Versions/A/Libraries/ImageFormats/unorm8_rgba.dylib
0x000000000b4f4000 	/System/Library/PrivateFrameworks/FamilyControls.framework/Versions/A/FamilyControls
0x000000000b4f4000 	/System/Library/PrivateFrameworks/CommerceKit.framework/Versions/A/Frameworks/CommerceCore.framework/Versions/A/CommerceCore
0x000000000b4f4000 	/System/Library/PrivateFrameworks/SystemAdministration.framework/Versions/A/SystemAdministration
0x000000000b4f4000 	/System/Library/PrivateFrameworks/AppContainer.framework/Versions/A/AppContainer
0x000000000b4f4000 	/System/Library/PrivateFrameworks/SecCodeWrapper.framework/Versions/A/SecCodeWrapper
0x000000000b4f4000 	/System/Library/Frameworks/DirectoryService.framework/Versions/A/DirectoryService
0x000000000b4f4000 	/System/Library/PrivateFrameworks/LoginUIKit.framework/Versions/A/Frameworks/LoginUICore.framework/Versions/A/LoginUICore
0x000000000b4f4000 	/usr/lib/libodfde.dylib
0x0000000129587000 	/Library/Java/JavaVirtualMachines/jdk1.8.0_60.jdk/Contents/Home/jre/lib/libfontmanager.dylib
0x00000001295ee000 	/Users/nordineaouni/git/MiniGolf2/res/lib/native/macosx/liblwjgl.jnilib
0x00000001278c8000 	/Library/Java/JavaVirtualMachines/jdk1.8.0_60.jdk/Contents/Home/jre/lib/libjawt.dylib
0x000000000b4f4000 	/System/Library/Frameworks/OpenGL.framework/Versions/A/Resources/GLEngine.bundle/GLEngine
0x000000000b4f4000 	/System/Library/Frameworks/OpenGL.framework/Versions/A/Libraries/libGLProgrammability.dylib
0x000000012966d000 	/System/Library/Extensions/AppleIntelBDWGraphicsGLDriver.bundle/Contents/MacOS/AppleIntelBDWGraphicsGLDriver
0x000000000b4f4000 	/System/Library/PrivateFrameworks/GPUSupport.framework/Versions/A/Libraries/libGPUSupportMercury.dylib
0x000000000b4f4000 	/System/Library/Frameworks/OpenGL.framework/Versions/A/Resources/GLRendererFloat.bundle/GLRendererFloat

VM Arguments:
jvm_args: -Djava.library.path=/Users/nordineaouni/git/MiniGolf2/res/lib/native/macosx:/Users/nordineaouni/git/MiniGolf2/res/lib/native/windows -Dfile.encoding=UTF-8 
java_command: engineTester.MainGameLoop
java_class_path (initial): /Users/nordineaouni/git/MiniGolf2/bin:/Users/nordineaouni/Documents/DKE/Project1-2-1/res/lib/jar/AppleJavaExtensions.jar:/Users/nordineaouni/Documents/DKE/Project1-2-1/res/lib/jar/asm-debug-all.jar:/Users/nordineaouni/Documents/DKE/Project1-2-1/res/lib/jar/jinput.jar:/Users/nordineaouni/Documents/DKE/Project1-2-1/res/lib/jar/lwjgl_test.jar:/Users/nordineaouni/Documents/DKE/Project1-2-1/res/lib/jar/lwjgl_util_applet.jar:/Users/nordineaouni/Documents/DKE/Project1-2-1/res/lib/jar/lwjgl_util.jar:/Users/nordineaouni/Documents/DKE/Project1-2-1/res/lib/jar/lwjgl-debug.jar:/Users/nordineaouni/Documents/DKE/Project1-2-1/res/lib/jar/lwjgl.jar:/Users/nordineaouni/Documents/DKE/Project1-2-1/res/lib/jar/lzma.jar:/Users/nordineaouni/Documents/DKE/Project1-2-1/res/lib/jar/PNGDecoder.jar:/Users/nordineaouni/Documents/DKE/Project1-2-1/res/lib/jar/slick-util.jar
Launcher Type: SUN_STANDARD

Environment Variables:
PATH=/usr/bin:/bin:/usr/sbin:/sbin
SHELL=/bin/bash

Signal Handlers:
SIGSEGV: [libjvm.dylib+0x5a6d31], sa_mask[0]=11111111011111110111111111111111, sa_flags=SA_ONSTACK|SA_RESTART|SA_SIGINFO
SIGBUS: [libjvm.dylib+0x5a6d31], sa_mask[0]=11111111011111110111111111111111, sa_flags=SA_RESTART|SA_SIGINFO
SIGFPE: [libjvm.dylib+0x480a4c], sa_mask[0]=11111111011111110111111111111111, sa_flags=SA_RESTART|SA_SIGINFO
SIGPIPE: [libjvm.dylib+0x480a4c], sa_mask[0]=11111111011111110111111111111111, sa_flags=SA_RESTART|SA_SIGINFO
SIGXFSZ: [libjvm.dylib+0x480a4c], sa_mask[0]=11111111011111110111111111111111, sa_flags=SA_RESTART|SA_SIGINFO
SIGILL: [libjvm.dylib+0x480a4c], sa_mask[0]=11111111011111110111111111111111, sa_flags=SA_RESTART|SA_SIGINFO
SIGUSR1: SIG_DFL, sa_mask[0]=00000000000000000000000000000000, sa_flags=none
SIGUSR2: [libjvm.dylib+0x48056a], sa_mask[0]=00100000000000000000000000000000, sa_flags=SA_RESTART|SA_SIGINFO
SIGHUP: [libjvm.dylib+0x47eb41], sa_mask[0]=11111111011111110111111111111111, sa_flags=SA_RESTART|SA_SIGINFO
SIGINT: [libjvm.dylib+0x47eb41], sa_mask[0]=11111111011111110111111111111111, sa_flags=SA_RESTART|SA_SIGINFO
SIGTERM: [libjvm.dylib+0x47eb41], sa_mask[0]=11111111011111110111111111111111, sa_flags=SA_RESTART|SA_SIGINFO
SIGQUIT: [libjvm.dylib+0x47eb41], sa_mask[0]=11111111011111110111111111111111, sa_flags=SA_RESTART|SA_SIGINFO


---------------  S Y S T E M  ---------------

OS:Bsduname:Darwin 15.4.0 Darwin Kernel Version 15.4.0: Fri Feb 26 22:08:05 PST 2016; root:xnu-3248.40.184~3/RELEASE_X86_64 x86_64
rlimit: STACK 8192k, CORE 0k, NPROC 709, NOFILE 10240, AS infinity
load average:1.33 1.31 1.32

CPU:total 4 (2 cores per cpu, 2 threads per core) family 6 model 61 stepping 4, cmov, cx8, fxsr, mmx, sse, sse2, sse3, ssse3, sse4.1, sse4.2, popcnt, avx, avx2, aes, clmul, erms, 3dnowpref, lzcnt, ht, tsc, tscinvbit, bmi1, bmi2, adx

Memory: 4k page, physical 8388608k(1243048k free)

/proc/meminfo:


vm_info: Java HotSpot(TM) 64-Bit Server VM (25.60-b23) for bsd-amd64 JRE (1.8.0_60-b27), built on Aug  4 2015 10:47:24 by "java_re" with gcc 4.2.1 (Based on Apple Inc. build 5658) (LLVM build 2336.11.00)

time: Wed May 25 22:03:31 2016
elapsed time: 8 seconds (0d 0h 0m 8s)

