#
# A fatal error has been detected by the Java Runtime Environment:
#
#  SIGSEGV (0xb) at pc=0x00007fffa1f038e2, pid=842, tid=2571
#
# JRE version: Java(TM) SE Runtime Environment (8.0_60-b27) (build 1.8.0_60-b27)
# Java VM: Java HotSpot(TM) 64-Bit Server VM (25.60-b23 mixed mode bsd-amd64 compressed oops)
# Problematic frame:
# C  [libGPUSupportMercury.dylib+0xa8e2]  gldAttachDrawable+0x60
#
# Failed to write core dump. Core dumps have been disabled. To enable core dumping, try "ulimit -c unlimited" before starting Java again
#
# If you would like to submit a bug report, please visit:
#   http://bugreport.java.com/bugreport/crash.jsp
# The crash happened outside the Java Virtual Machine in native code.
# See problematic frame for where to report the bug.
#

---------------  T H R E A D  ---------------

Current thread (0x00007fb5b9892800):  JavaThread "AppKit Thread" daemon [_thread_in_native, id=2571, stack(0x00007fff560c2000,0x00007fff568c2000)]

siginfo: si_signo: 11 (SIGSEGV), si_code: 1 (SEGV_MAPERR), si_addr: 0x0000000000000000

Registers:
RAX=0x0000000000000000, RBX=0x000000000000271e, RCX=0x0000000000000000, RDX=0x00007fb5b87a0038
RSP=0x00007fff568bcfa0, RBP=0x00007fff568bd0a0, RSI=0x0000000000000050, RDI=0x2a00cc3350ebb7b4
R8 =0x00007fb5bb809e60, R9 =0x00007fb5bb000000, R10=0x000000000000003c, R11=0x0000000000000206
R12=0x0000000000002718, R13=0x00007fb5ba217c00, R14=0x0000000000000050, R15=0x0000000000000000
RIP=0x00007fffa1f038e2, EFLAGS=0x0000000000010212, ERR=0x0000000000000004
  TRAPNO=0x000000000000000e

Top of Stack: (sp=0x00007fff568bcfa0)
0x00007fff568bcfa0:   000000000001a12b 0000000000000389
0x00007fff568bcfb0:   00007fff568bcff0 00007fff91da9a0e
0x00007fff568bcfc0:   0000000000000000 4036000000000000
0x00007fff568bcfd0:   4084500000000000 0000000000000000
0x00007fff568bcfe0:   18cb24990001a12b 0000000018cb2499
0x00007fff568bcff0:   00007fff568bd0e0 00007fff91db8d6e
0x00007fff568bd000:   0000000000000000 4036000000000000
0x00007fff568bd010:   4084500000000000 4079000000000000
0x00007fff568bd020:   7ff0000000000000 7ff0000000000000
0x00007fff568bd030:   0000000000000000 0000000000000000
0x00007fff568bd040:   0000000000000389 00007fb5b8639040
0x00007fff568bd050:   7ff0000000000000 7ff0000000000000
0x00007fff568bd060:   00007fff568bd090 00007fff91d15fbe
0x00007fff568bd070:   2a00cc3350ebb7b4 00007fb5bb800000
0x00007fff568bd080:   0000000000002718 0000000000000000
0x00007fff568bd090:   0000000000000050 0000000000000000
0x00007fff568bd0a0:   00007fff568bd100 00007fff99a14553
0x00007fff568bd0b0:   4094000000000000 0000000000000000
0x00007fff568bd0c0:   00007fb5bb809e60 000000000001a12b
0x00007fff568bd0d0:   00007fb5b87a0038 00007fb5b8638560
0x00007fff568bd0e0:   0000000000000000 00007fb5b98d6150
0x00007fff568bd0f0:   00007fb5b98d4200 2a00cc3350ebb7b4
0x00007fff568bd100:   00007fff568bd1f0 00007fff91c18844
0x00007fff568bd110:   4089000000000000 4073b00000000000
0x00007fff568bd120:   4066400000000000 4084500000000000
0x00007fff568bd130:   407a600000000000 0000000000000000
0x00007fff568bd140:   4036000000000000 4084500000000000
0x00007fff568bd150:   4079000000000000 0000000000000000
0x00007fff568bd160:   0000000000000000 0000000000000001
0x00007fff568bd170:   00007fb5b87a0038 0000000000000001
0x00007fff568bd180:   00007fff568bd1f0 00007fff91c1d5da
0x00007fff568bd190:   0000000000000003 0000000100000001 

Instructions: (pc=0x00007fffa1f038e2)
0x00007fffa1f038c2:   48 85 d2 b8 01 00 00 00 bb 15 27 00 00 0f 44 d8
0x00007fffa1f038d2:   e9 29 03 00 00 49 8b 45 08 48 89 85 38 ff ff ff
0x00007fffa1f038e2:   48 8b 00 48 89 85 30 ff ff ff 83 fe 4f 0f 8f 03
0x00007fffa1f038f2:   01 00 00 48 89 d0 bb 15 27 00 00 83 fe 35 0f 84 

Register to memory mapping:

RAX=0x0000000000000000 is an unknown value
RBX=0x000000000000271e is an unknown value
RCX=0x0000000000000000 is an unknown value
RDX=0x00007fb5b87a0038 is an unknown value
RSP=0x00007fff568bcfa0 is pointing into the stack for thread: 0x00007fb5b9892800
RBP=0x00007fff568bd0a0 is pointing into the stack for thread: 0x00007fb5b9892800
RSI=0x0000000000000050 is an unknown value
RDI=0x2a00cc3350ebb7b4 is an unknown value
R8 =0x00007fb5bb809e60 is an unknown value
R9 =0x00007fb5bb000000 is an unknown value
R10=0x000000000000003c is an unknown value
R11=0x0000000000000206 is an unknown value
R12=0x0000000000002718 is an unknown value
R13=0x00007fb5ba217c00 is an unknown value
R14=0x0000000000000050 is an unknown value
R15=0x0000000000000000 is an unknown value


Stack: [0x00007fff560c2000,0x00007fff568c2000],  sp=0x00007fff568bcfa0,  free space=8171k
Native frames: (J=compiled Java code, j=interpreted, Vv=VM code, C=native code)
C  [libGPUSupportMercury.dylib+0xa8e2]  gldAttachDrawable+0x60
C  [GLEngine+0x16553]  gliAttachDrawableWithOptions+0x108
C  [OpenGL+0x3844]  glcGetIOAccelService+0xe35
C  [OpenGL+0x7370]  CGLSetPBuffer+0xb38
C  [OpenGL+0x7695]  CGLSetSurface+0x124
C  [AppKit+0x358f74]  NSOpenGLContextAttachOnScreenViewSurface+0x109
C  [AppKit+0x685767]  __27-[NSOpenGLContext setView:]_block_invoke+0xc0
C  [AppKit+0x183429]  NSPerformVisuallyAtomicChange+0x93
C  [AppKit+0x345cd9]  -[NSOpenGLContext setView:]+0x77
C  [liblwjgl.jnilib+0x9f3e]  -[MacOSXOpenGLView lockFocus]+0x6e
C  [AppKit+0x1a889b]  -[NSView _recursiveDisplayRectIfNeededIgnoringOpacity:isVisibleRect:rectIsVisibleRectForView:topView:]+0x6e2
C  [AppKit+0x1a9889]  -[NSView _recursiveDisplayRectIfNeededIgnoringOpacity:isVisibleRect:rectIsVisibleRectForView:topView:]+0x16d0
C  [AppKit+0x1a7ce4]  -[NSThemeFrame _recursiveDisplayRectIfNeededIgnoringOpacity:isVisibleRect:rectIsVisibleRectForView:topView:]+0x14e
C  [AppKit+0x1a60ef]  -[NSView _displayRectIgnoringOpacity:isVisibleRect:rectIsVisibleRectForView:]+0x991
C  [AppKit+0x1a14f9]  -[NSView displayIfNeeded]+0x79e
C  [AppKit+0x1a0d40]  -[NSWindow displayIfNeeded]+0xe8
C  [AppKit+0x8254bb]  ___NSWindowGetDisplayCycleObserver_block_invoke6365+0x1dc
C  [AppKit+0x1a06da]  __37+[NSDisplayCycle currentDisplayCycle]_block_invoke+0x3ad
C  [QuartzCore+0x10f71]  _ZN2CA11Transaction19run_commit_handlersE18CATransactionPhase+0x55
C  [QuartzCore+0x1042c]  _ZN2CA7Context18commit_transactionEPNS_11TransactionE+0xa0
C  [QuartzCore+0x100ec]  _ZN2CA11Transaction6commitEv+0x1fc
C  [QuartzCore+0x1b977]  _ZN2CA11Transaction17observer_callbackEP19__CFRunLoopObservermPv+0x47
C  [CoreFoundation+0xaa067]  __CFRUNLOOP_IS_CALLING_OUT_TO_AN_OBSERVER_CALLBACK_FUNCTION__+0x17
C  [CoreFoundation+0xa9fd7]  __CFRunLoopDoObservers+0x187
C  [CoreFoundation+0x88ef8]  CFRunLoopRunSpecific+0x148
C  [HIToolbox+0x30935]  RunCurrentEventLoopInMode+0xeb
C  [HIToolbox+0x30677]  ReceiveNextEventCommon+0xb8
C  [HIToolbox+0x305af]  _BlockUntilNextEventMatchingListInModeWithFilter+0x47
C  [AppKit+0x48efa]  _DPSNextEvent+0x42b
C  [AppKit+0x4832a]  -[NSApplication _nextEventMatchingEventMask:untilDate:inMode:dequeue:]+0x1c6
C  [libosxapp.dylib+0x23aa]  -[NSApplicationAWT nextEventMatchingMask:untilDate:inMode:dequeue:]+0x7c
C  [AppKit+0x3ce84]  -[NSApplication run]+0x2aa
C  [libosxapp.dylib+0x214d]  +[NSApplicationAWT runAWTLoopWithApp:]+0x9c
C  [libawt_lwawt.dylib+0x44517]  -[AWTStarter starter:]+0x389
C  [Foundation+0x76f5e]  __NSThreadPerformPerform+0x117
C  [CoreFoundation+0xaa881]  __CFRUNLOOP_IS_CALLING_OUT_TO_A_SOURCE0_PERFORM_FUNCTION__+0x11
C  [CoreFoundation+0x89fbc]  __CFRunLoopDoSources0+0x22c
C  [CoreFoundation+0x894df]  __CFRunLoopRun+0x39f
C  [CoreFoundation+0x88ed8]  CFRunLoopRunSpecific+0x128
C  [java+0x6463]  CreateExecutionEnvironment+0x367
C  [java+0x21ac]  JLI_Launch+0x7a0
C  [java+0x84c0]  main+0x65
C  [java+0x1a04]  start+0x34
C  0x0000000000000006


---------------  P R O C E S S  ---------------

Java Threads: ( => current thread )
  0x00007fb5b98e1000 JavaThread "AWT-Shutdown" [_thread_blocked, id=30227, stack(0x00007000011d3000,0x00007000012d3000)]
  0x00007fb5ba24a800 JavaThread "Java2D Disposer" daemon [_thread_blocked, id=53163, stack(0x0000700001359000,0x0000700001459000)]
=>0x00007fb5b9892800 JavaThread "AppKit Thread" daemon [_thread_in_native, id=2571, stack(0x00007fff560c2000,0x00007fff568c2000)]
  0x00007fb5b983c000 JavaThread "Service Thread" daemon [_thread_blocked, id=18691, stack(0x0000700000e44000,0x0000700000f44000)]
  0x00007fb5b9829000 JavaThread "C1 CompilerThread2" daemon [_thread_blocked, id=18179, stack(0x0000700000d41000,0x0000700000e41000)]
  0x00007fb5b9828800 JavaThread "C2 CompilerThread1" daemon [_thread_blocked, id=17667, stack(0x0000700000c3e000,0x0000700000d3e000)]
  0x00007fb5b9827000 JavaThread "C2 CompilerThread0" daemon [_thread_blocked, id=17155, stack(0x0000700000b3b000,0x0000700000c3b000)]
  0x00007fb5b980f000 JavaThread "Signal Dispatcher" daemon [_thread_blocked, id=13839, stack(0x0000700000a38000,0x0000700000b38000)]
  0x00007fb5b8831000 JavaThread "Finalizer" daemon [_thread_blocked, id=12291, stack(0x000070000082f000,0x000070000092f000)]
  0x00007fb5b8830000 JavaThread "Reference Handler" daemon [_thread_blocked, id=11779, stack(0x000070000072c000,0x000070000082c000)]
  0x00007fb5b9002800 JavaThread "main" [_thread_in_native, id=5891, stack(0x000070000011a000,0x000070000021a000)]

Other Threads:
  0x00007fb5ba031000 VMThread [stack: 0x0000700000629000,0x0000700000729000] [id=11267]
  0x00007fb5b8833800 WatcherThread [stack: 0x0000700000f47000,0x0000700001047000] [id=19203]

VM state:not at safepoint (normal execution)

VM Mutex/Monitor currently owned by a thread: None

Heap:
 PSYoungGen      total 38400K, used 14175K [0x0000000795580000, 0x000000079a080000, 0x00000007c0000000)
  eden space 33280K, 27% used [0x0000000795580000,0x0000000795e5d178,0x0000000797600000)
  from space 5120K, 99% used [0x0000000797b00000,0x0000000797ffabe8,0x0000000798000000)
  to   space 5120K, 0% used [0x0000000797600000,0x0000000797600000,0x0000000797b00000)
 ParOldGen       total 87552K, used 624K [0x0000000740000000, 0x0000000745580000, 0x0000000795580000)
  object space 87552K, 0% used [0x0000000740000000,0x000000074009c000,0x0000000745580000)
 Metaspace       used 7803K, capacity 7935K, committed 8064K, reserved 1056768K
  class space    used 769K, capacity 826K, committed 896K, reserved 1048576K

Card table byte_map: [0x000000011a17e000,0x000000011a57f000] byte_map_base: 0x000000011677e000

Marking Bits: (ParMarkBitMap*) 0x000000010a6dee20
 Begin Bits: [0x000000011a82a000, 0x000000011c82a000)
 End Bits:   [0x000000011c82a000, 0x000000011e82a000)

Polling page: 0x00000001095cc000

CodeCache: size=245760Kb used=4659Kb max_used=4667Kb free=241100Kb
 bounds [0x000000010adbe000, 0x000000010b25e000, 0x0000000119dbe000]
 total_blobs=1467 nmethods=1035 adapters=346
 compilation: enabled

Compilation events (10 events):
Event: 8.887 Thread 0x00007fb5b9829000 1033       3       java.nio.Bits::int0 (3 bytes)
Event: 8.887 Thread 0x00007fb5b9829000 nmethod 1033 0x000000010b243cd0 code [0x000000010b243e20, 0x000000010b243f50]
Event: 9.041 Thread 0x00007fb5b9828800 1034       4       java.util.HashMap$HashIterator::hasNext (13 bytes)
Event: 9.042 Thread 0x00007fb5b9828800 nmethod 1034 0x000000010b124e50 code [0x000000010b124fa0, 0x000000010b125018]
Event: 9.097 Thread 0x00007fb5b9829000 1035       3       sun.awt.AWTAutoShutdown::notifyToolkitThreadBusy (8 bytes)
Event: 9.097 Thread 0x00007fb5b9829000 nmethod 1035 0x000000010b2438d0 code [0x000000010b243a40, 0x000000010b243c08]
Event: 9.097 Thread 0x00007fb5b9829000 1036       3       java.lang.Object::wait (6 bytes)
Event: 9.097 Thread 0x00007fb5b9829000 nmethod 1036 0x000000010b2434d0 code [0x000000010b243640, 0x000000010b243848]
Event: 9.097 Thread 0x00007fb5b9829000 1037       3       sun.awt.AWTAutoShutdown::notifyToolkitThreadFree (8 bytes)
Event: 9.097 Thread 0x00007fb5b9829000 nmethod 1037 0x000000010b250850 code [0x000000010b2509c0, 0x000000010b250b88]

GC Heap History (4 events):
Event: 1.639 GC heap before
{Heap before GC invocations=1 (full 0):
 PSYoungGen      total 38400K, used 33280K [0x0000000795580000, 0x0000000798000000, 0x00000007c0000000)
  eden space 33280K, 100% used [0x0000000795580000,0x0000000797600000,0x0000000797600000)
  from space 5120K, 0% used [0x0000000797b00000,0x0000000797b00000,0x0000000798000000)
  to   space 5120K, 0% used [0x0000000797600000,0x0000000797600000,0x0000000797b00000)
 ParOldGen       total 87552K, used 0K [0x0000000740000000, 0x0000000745580000, 0x0000000795580000)
  object space 87552K, 0% used [0x0000000740000000,0x0000000740000000,0x0000000745580000)
 Metaspace       used 7545K, capacity 7679K, committed 7808K, reserved 1056768K
  class space    used 758K, capacity 826K, committed 896K, reserved 1048576K
Event: 1.644 GC heap after
Heap after GC invocations=1 (full 0):
 PSYoungGen      total 38400K, used 2679K [0x0000000795580000, 0x0000000798000000, 0x00000007c0000000)
  eden space 33280K, 0% used [0x0000000795580000,0x0000000795580000,0x0000000797600000)
  from space 5120K, 52% used [0x0000000797600000,0x000000079789dfa0,0x0000000797b00000)
  to   space 5120K, 0% used [0x0000000797b00000,0x0000000797b00000,0x0000000798000000)
 ParOldGen       total 87552K, used 8K [0x0000000740000000, 0x0000000745580000, 0x0000000795580000)
  object space 87552K, 0% used [0x0000000740000000,0x0000000740002000,0x0000000745580000)
 Metaspace       used 7545K, capacity 7679K, committed 7808K, reserved 1056768K
  class space    used 758K, capacity 826K, committed 896K, reserved 1048576K
}
Event: 1.741 GC heap before
{Heap before GC invocations=2 (full 0):
 PSYoungGen      total 38400K, used 35959K [0x0000000795580000, 0x0000000798000000, 0x00000007c0000000)
  eden space 33280K, 100% used [0x0000000795580000,0x0000000797600000,0x0000000797600000)
  from space 5120K, 52% used [0x0000000797600000,0x000000079789dfa0,0x0000000797b00000)
  to   space 5120K, 0% used [0x0000000797b00000,0x0000000797b00000,0x0000000798000000)
 ParOldGen       total 87552K, used 8K [0x0000000740000000, 0x0000000745580000, 0x0000000795580000)
  object space 87552K, 0% used [0x0000000740000000,0x0000000740002000,0x0000000745580000)
 Metaspace       used 7569K, capacity 7679K, committed 7808K, reserved 1056768K
  class space    used 758K, capacity 826K, committed 896K, reserved 1048576K
Event: 1.751 GC heap after
Heap after GC invocations=2 (full 0):
 PSYoungGen      total 38400K, used 5098K [0x0000000795580000, 0x000000079a080000, 0x00000007c0000000)
  eden space 33280K, 0% used [0x0000000795580000,0x0000000795580000,0x0000000797600000)
  from space 5120K, 99% used [0x0000000797b00000,0x0000000797ffabe8,0x0000000798000000)
  to   space 5120K, 0% used [0x0000000797600000,0x0000000797600000,0x0000000797b00000)
 ParOldGen       total 87552K, used 624K [0x0000000740000000, 0x0000000745580000, 0x0000000795580000)
  object space 87552K, 0% used [0x0000000740000000,0x000000074009c000,0x0000000745580000)
 Metaspace       used 7569K, capacity 7679K, committed 7808K, reserved 1056768K
  class space    used 758K, capacity 826K, committed 896K, reserved 1048576K
}

Deoptimization events (8 events):
Event: 0.160 Thread 0x00007fb5b9002800 Uncommon trap: reason=unstable_if action=reinterpret pc=0x000000010aeee840 method=java.lang.String.indexOf(II)I @ 49
Event: 0.547 Thread 0x00007fb5b9002800 Uncommon trap: reason=unstable_if action=reinterpret pc=0x000000010af5c298 method=java.lang.String.replace(CC)Ljava/lang/String; @ 26
Event: 1.597 Thread 0x00007fb5b9002800 Uncommon trap: reason=unstable_if action=reinterpret pc=0x000000010b039628 method=terrains.Terrain.getHeight(IILjava/awt/image/BufferedImage;)F @ 21
Event: 1.663 Thread 0x00007fb5b9002800 Uncommon trap: reason=predicate action=maybe_recompile pc=0x000000010b08edf4 method=java.util.AbstractCollection.toArray([Ljava/lang/Object;)[Ljava/lang/Object; @ 49
Event: 1.681 Thread 0x00007fb5b9002800 Uncommon trap: reason=array_check action=maybe_recompile pc=0x000000010b09eb98 method=java.util.AbstractCollection.toArray([Ljava/lang/Object;)[Ljava/lang/Object; @ 119
Event: 1.681 Thread 0x00007fb5b9002800 Uncommon trap: reason=array_check action=maybe_recompile pc=0x000000010b09eb98 method=java.util.AbstractCollection.toArray([Ljava/lang/Object;)[Ljava/lang/Object; @ 119
Event: 1.681 Thread 0x00007fb5b9002800 Uncommon trap: reason=array_check action=maybe_recompile pc=0x000000010b09eb98 method=java.util.AbstractCollection.toArray([Ljava/lang/Object;)[Ljava/lang/Object; @ 119
Event: 1.682 Thread 0x00007fb5b9002800 Uncommon trap: reason=array_check action=maybe_recompile pc=0x000000010b09eb98 method=java.util.AbstractCollection.toArray([Ljava/lang/Object;)[Ljava/lang/Object; @ 119

Internal exceptions (10 events):
Event: 0.094 Thread 0x00007fb5b9002800 Exception <a 'java/security/PrivilegedActionException'> (0x00000007957473d0) thrown at [/Users/java_re/workspace/8-2-build-macosx-x86_64/jdk8u60/4407/hotspot/src/share/vm/prims/jvm.cpp, line 1386]
Event: 0.138 Thread 0x00007fb5b9002800 Exception <a 'java/security/PrivilegedActionException'> (0x00000007958d95a8) thrown at [/Users/java_re/workspace/8-2-build-macosx-x86_64/jdk8u60/4407/hotspot/src/share/vm/prims/jvm.cpp, line 1386]
Event: 0.138 Thread 0x00007fb5b9002800 Exception <a 'java/security/PrivilegedActionException'> (0x00000007958d97b8) thrown at [/Users/java_re/workspace/8-2-build-macosx-x86_64/jdk8u60/4407/hotspot/src/share/vm/prims/jvm.cpp, line 1386]
Event: 0.138 Thread 0x00007fb5b9002800 Exception <a 'java/security/PrivilegedActionException'> (0x00000007958dcc40) thrown at [/Users/java_re/workspace/8-2-build-macosx-x86_64/jdk8u60/4407/hotspot/src/share/vm/prims/jvm.cpp, line 1386]
Event: 0.138 Thread 0x00007fb5b9002800 Exception <a 'java/security/PrivilegedActionException'> (0x00000007958dce50) thrown at [/Users/java_re/workspace/8-2-build-macosx-x86_64/jdk8u60/4407/hotspot/src/share/vm/prims/jvm.cpp, line 1386]
Event: 0.198 Thread 0x00007fb5b9002800 Exception <a 'java/lang/NoSuchFieldError': method resolution failed> (0x00000007959ac698) thrown at [/Users/java_re/workspace/8-2-build-macosx-x86_64/jdk8u60/4407/hotspot/src/share/vm/prims/methodHandles.cpp, line 1146]
Event: 0.201 Thread 0x00007fb5b9002800 Exception <a 'java/lang/NoSuchFieldError': method resolution failed> (0x00000007959b9de8) thrown at [/Users/java_re/workspace/8-2-build-macosx-x86_64/jdk8u60/4407/hotspot/src/share/vm/prims/methodHandles.cpp, line 1146]
Event: 0.353 Thread 0x00007fb5b9002800 Exception <a 'java/io/FileNotFoundException'> (0x0000000795a34dd0) thrown at [/Users/java_re/workspace/8-2-build-macosx-x86_64/jdk8u60/4407/hotspot/src/share/vm/prims/jni.cpp, line 709]
Event: 0.353 Thread 0x00007fb5b9002800 Exception <a 'java/io/FileNotFoundException'> (0x0000000795a35950) thrown at [/Users/java_re/workspace/8-2-build-macosx-x86_64/jdk8u60/4407/hotspot/src/share/vm/prims/jni.cpp, line 709]
Event: 0.367 Thread 0x00007fb5b9002800 Exception <a 'java/lang/UnsatisfiedLinkError'> (0x0000000795a50d98) thrown at [/Users/java_re/workspace/8-2-build-macosx-x86_64/jdk8u60/4407/hotspot/src/share/vm/prims/jvm.cpp, line 1390]

Events (10 events):
Event: 4.110 Executing VM operation: EnableBiasedLocking
Event: 4.110 Executing VM operation: EnableBiasedLocking done
Event: 5.439 loading class java/util/ArrayList$1
Event: 5.439 loading class java/util/ArrayList$1 done
Event: 7.664 Thread 0x00007fb5b9002800 DEOPT PACKING pc=0x000000010b23a987 sp=0x0000700000219220
Event: 7.664 Thread 0x00007fb5b9002800 DEOPT UNPACKING pc=0x000000010ae05633 sp=0x0000700000219040 mode 0
Event: 7.738 loading class collision/Operation
Event: 7.738 loading class collision/Operation done
Event: 9.235 loading class org/lwjgl/opengl/CallbackUtil
Event: 9.235 loading class org/lwjgl/opengl/CallbackUtil done


Dynamic libraries:
0x000000000b755000 	/System/Library/Frameworks/Cocoa.framework/Versions/A/Cocoa
0x000000000b755000 	/System/Library/Frameworks/Security.framework/Versions/A/Security
0x000000000b755000 	/System/Library/Frameworks/ApplicationServices.framework/Versions/A/ApplicationServices
0x000000000b755000 	/usr/lib/libz.1.dylib
0x000000000b755000 	/usr/lib/libSystem.B.dylib
0x000000000b755000 	/usr/lib/libobjc.A.dylib
0x000000000b755000 	/System/Library/Frameworks/CoreFoundation.framework/Versions/A/CoreFoundation
0x000000000b755000 	/System/Library/Frameworks/Foundation.framework/Versions/C/Foundation
0x000000000b755000 	/System/Library/Frameworks/AppKit.framework/Versions/C/AppKit
0x000000000b755000 	/System/Library/Frameworks/CoreData.framework/Versions/A/CoreData
0x000000000b755000 	/System/Library/PrivateFrameworks/RemoteViewServices.framework/Versions/A/RemoteViewServices
0x000000000b755000 	/System/Library/PrivateFrameworks/UIFoundation.framework/Versions/A/UIFoundation
0x000000000b755000 	/usr/lib/libScreenReader.dylib
0x000000000b755000 	/System/Library/Frameworks/Accelerate.framework/Versions/A/Accelerate
0x000000000b755000 	/System/Library/Frameworks/IOSurface.framework/Versions/A/IOSurface
0x000000000b755000 	/System/Library/Frameworks/AudioToolbox.framework/Versions/A/AudioToolbox
0x000000000b755000 	/System/Library/Frameworks/AudioUnit.framework/Versions/A/AudioUnit
0x000000000b755000 	/System/Library/PrivateFrameworks/DataDetectorsCore.framework/Versions/A/DataDetectorsCore
0x000000000b755000 	/System/Library/PrivateFrameworks/DesktopServicesPriv.framework/Versions/A/DesktopServicesPriv
0x000000000b755000 	/System/Library/Frameworks/Carbon.framework/Versions/A/Frameworks/HIToolbox.framework/Versions/A/HIToolbox
0x000000000b755000 	/System/Library/Frameworks/QuartzCore.framework/Versions/A/QuartzCore
0x000000000b755000 	/System/Library/Frameworks/Carbon.framework/Versions/A/Frameworks/SpeechRecognition.framework/Versions/A/SpeechRecognition
0x000000000b755000 	/usr/lib/libauto.dylib
0x000000000b755000 	/usr/lib/libicucore.A.dylib
0x000000000b755000 	/usr/lib/libxml2.2.dylib
0x000000000b755000 	/System/Library/PrivateFrameworks/CoreUI.framework/Versions/A/CoreUI
0x000000000b755000 	/System/Library/Frameworks/CoreAudio.framework/Versions/A/CoreAudio
0x000000000b755000 	/System/Library/Frameworks/DiskArbitration.framework/Versions/A/DiskArbitration
0x000000000b755000 	/usr/lib/liblangid.dylib
0x000000000b755000 	/System/Library/PrivateFrameworks/MultitouchSupport.framework/Versions/A/MultitouchSupport
0x000000000b755000 	/System/Library/Frameworks/IOKit.framework/Versions/A/IOKit
0x000000000b755000 	/usr/lib/libDiagnosticMessagesClient.dylib
0x000000000b755000 	/System/Library/Frameworks/CoreServices.framework/Versions/A/CoreServices
0x000000000b755000 	/System/Library/PrivateFrameworks/PerformanceAnalysis.framework/Versions/A/PerformanceAnalysis
0x000000000b755000 	/System/Library/PrivateFrameworks/GenerationalStorage.framework/Versions/A/GenerationalStorage
0x000000000b755000 	/System/Library/Frameworks/OpenGL.framework/Versions/A/OpenGL
0x000000000b755000 	/System/Library/PrivateFrameworks/Sharing.framework/Versions/A/Sharing
0x000000000b755000 	/System/Library/Frameworks/CoreGraphics.framework/Versions/A/CoreGraphics
0x000000000b755000 	/System/Library/Frameworks/CoreImage.framework/Versions/A/CoreImage
0x000000000b755000 	/System/Library/Frameworks/CoreText.framework/Versions/A/CoreText
0x000000000b755000 	/System/Library/Frameworks/ImageIO.framework/Versions/A/ImageIO
0x000000000b755000 	/System/Library/PrivateFrameworks/Backup.framework/Versions/A/Backup
0x000000000b755000 	/usr/lib/libextension.dylib
0x000000000b755000 	/usr/lib/libarchive.2.dylib
0x000000000b755000 	/System/Library/Frameworks/CFNetwork.framework/Versions/A/CFNetwork
0x000000000b755000 	/System/Library/Frameworks/SystemConfiguration.framework/Versions/A/SystemConfiguration
0x000000000b755000 	/usr/lib/libCRFSuite.dylib
0x000000000b755000 	/usr/lib/libc++.1.dylib
0x000000000b755000 	/usr/lib/libc++abi.dylib
0x000000000b755000 	/usr/lib/system/libcache.dylib
0x000000000b755000 	/usr/lib/system/libcommonCrypto.dylib
0x000000000b755000 	/usr/lib/system/libcompiler_rt.dylib
0x000000000b755000 	/usr/lib/system/libcopyfile.dylib
0x000000000b755000 	/usr/lib/system/libcorecrypto.dylib
0x000000000b755000 	/usr/lib/system/libdispatch.dylib
0x000000000b755000 	/usr/lib/system/libdyld.dylib
0x000000000b755000 	/usr/lib/system/libkeymgr.dylib
0x000000000b755000 	/usr/lib/system/liblaunch.dylib
0x000000000b755000 	/usr/lib/system/libmacho.dylib
0x000000000b755000 	/usr/lib/system/libquarantine.dylib
0x000000000b755000 	/usr/lib/system/libremovefile.dylib
0x000000000b755000 	/usr/lib/system/libsystem_asl.dylib
0x000000000b755000 	/usr/lib/system/libsystem_blocks.dylib
0x000000000b755000 	/usr/lib/system/libsystem_c.dylib
0x000000000b755000 	/usr/lib/system/libsystem_configuration.dylib
0x000000000b755000 	/usr/lib/system/libsystem_coreservices.dylib
0x000000000b755000 	/usr/lib/system/libsystem_coretls.dylib
0x000000000b755000 	/usr/lib/system/libsystem_dnssd.dylib
0x000000000b755000 	/usr/lib/system/libsystem_info.dylib
0x000000000b755000 	/usr/lib/system/libsystem_kernel.dylib
0x000000000b755000 	/usr/lib/system/libsystem_m.dylib
0x000000000b755000 	/usr/lib/system/libsystem_malloc.dylib
0x000000000b755000 	/usr/lib/system/libsystem_network.dylib
0x000000000b755000 	/usr/lib/system/libsystem_networkextension.dylib
0x000000000b755000 	/usr/lib/system/libsystem_notify.dylib
0x000000000b755000 	/usr/lib/system/libsystem_platform.dylib
0x000000000b755000 	/usr/lib/system/libsystem_pthread.dylib
0x000000000b755000 	/usr/lib/system/libsystem_sandbox.dylib
0x000000000b755000 	/usr/lib/system/libsystem_secinit.dylib
0x000000000b755000 	/usr/lib/system/libsystem_trace.dylib
0x000000000b755000 	/usr/lib/system/libunc.dylib
0x000000000b755000 	/usr/lib/system/libunwind.dylib
0x000000000b755000 	/usr/lib/system/libxpc.dylib
0x000000000b755000 	/usr/lib/libenergytrace.dylib
0x000000000b755000 	/usr/lib/libbsm.0.dylib
0x000000000b755000 	/usr/lib/system/libkxld.dylib
0x000000000b755000 	/usr/lib/libxar.1.dylib
0x000000000b755000 	/usr/lib/libsqlite3.dylib
0x000000000b755000 	/usr/lib/libpam.2.dylib
0x000000000b755000 	/usr/lib/libOpenScriptingUtil.dylib
0x000000000b755000 	/usr/lib/libbz2.1.0.dylib
0x000000000b755000 	/usr/lib/liblzma.5.dylib
0x000000000b755000 	/System/Library/Frameworks/CoreServices.framework/Versions/A/Frameworks/FSEvents.framework/Versions/A/FSEvents
0x000000000b755000 	/System/Library/Frameworks/CoreServices.framework/Versions/A/Frameworks/CarbonCore.framework/Versions/A/CarbonCore
0x000000000b755000 	/System/Library/Frameworks/CoreServices.framework/Versions/A/Frameworks/Metadata.framework/Versions/A/Metadata
0x000000000b755000 	/System/Library/Frameworks/CoreServices.framework/Versions/A/Frameworks/OSServices.framework/Versions/A/OSServices
0x000000000b755000 	/System/Library/Frameworks/CoreServices.framework/Versions/A/Frameworks/SearchKit.framework/Versions/A/SearchKit
0x000000000b755000 	/System/Library/Frameworks/CoreServices.framework/Versions/A/Frameworks/AE.framework/Versions/A/AE
0x000000000b755000 	/System/Library/Frameworks/CoreServices.framework/Versions/A/Frameworks/LaunchServices.framework/Versions/A/LaunchServices
0x000000000b755000 	/System/Library/Frameworks/CoreServices.framework/Versions/A/Frameworks/DictionaryServices.framework/Versions/A/DictionaryServices
0x000000000b755000 	/System/Library/Frameworks/CoreServices.framework/Versions/A/Frameworks/SharedFileList.framework/Versions/A/SharedFileList
0x000000000b755000 	/System/Library/Frameworks/NetFS.framework/Versions/A/NetFS
0x000000000b755000 	/System/Library/PrivateFrameworks/NetAuth.framework/Versions/A/NetAuth
0x000000000b755000 	/System/Library/PrivateFrameworks/login.framework/Versions/A/Frameworks/loginsupport.framework/Versions/A/loginsupport
0x000000000b755000 	/System/Library/PrivateFrameworks/TCC.framework/Versions/A/TCC
0x000000000b755000 	/usr/lib/libmecabra.dylib
0x000000000b755000 	/System/Library/Frameworks/ApplicationServices.framework/Versions/A/Frameworks/ATS.framework/Versions/A/ATS
0x000000000b755000 	/System/Library/Frameworks/ApplicationServices.framework/Versions/A/Frameworks/ColorSync.framework/Versions/A/ColorSync
0x000000000b755000 	/System/Library/Frameworks/ApplicationServices.framework/Versions/A/Frameworks/HIServices.framework/Versions/A/HIServices
0x000000000b755000 	/System/Library/Frameworks/ApplicationServices.framework/Versions/A/Frameworks/LangAnalysis.framework/Versions/A/LangAnalysis
0x000000000b755000 	/System/Library/Frameworks/ApplicationServices.framework/Versions/A/Frameworks/PrintCore.framework/Versions/A/PrintCore
0x000000000b755000 	/System/Library/Frameworks/ApplicationServices.framework/Versions/A/Frameworks/QD.framework/Versions/A/QD
0x000000000b755000 	/System/Library/Frameworks/ApplicationServices.framework/Versions/A/Frameworks/SpeechSynthesis.framework/Versions/A/SpeechSynthesis
0x000000000b755000 	/System/Library/Frameworks/Metal.framework/Versions/A/Metal
0x000000000b755000 	/System/Library/Frameworks/Accelerate.framework/Versions/A/Frameworks/vImage.framework/Versions/A/vImage
0x000000000b755000 	/System/Library/Frameworks/Accelerate.framework/Versions/A/Frameworks/vecLib.framework/Versions/A/vecLib
0x000000000b755000 	/System/Library/Frameworks/Accelerate.framework/Versions/A/Frameworks/vecLib.framework/Versions/A/libvDSP.dylib
0x000000000b755000 	/System/Library/Frameworks/Accelerate.framework/Versions/A/Frameworks/vecLib.framework/Versions/A/libvMisc.dylib
0x000000000b755000 	/System/Library/Frameworks/Accelerate.framework/Versions/A/Frameworks/vecLib.framework/Versions/A/libLAPACK.dylib
0x000000000b755000 	/System/Library/Frameworks/Accelerate.framework/Versions/A/Frameworks/vecLib.framework/Versions/A/libBLAS.dylib
0x000000000b755000 	/System/Library/Frameworks/Accelerate.framework/Versions/A/Frameworks/vecLib.framework/Versions/A/libLinearAlgebra.dylib
0x000000000b755000 	/System/Library/Frameworks/Accelerate.framework/Versions/A/Frameworks/vecLib.framework/Versions/A/libSparseBLAS.dylib
0x000000000b755000 	/System/Library/PrivateFrameworks/GPUCompiler.framework/libmetal_timestamp.dylib
0x000000000b755000 	/System/Library/Frameworks/OpenGL.framework/Versions/A/Libraries/libCoreFSCache.dylib
0x000000000b755000 	/System/Library/PrivateFrameworks/IOAccelerator.framework/Versions/A/IOAccelerator
0x000000000b755000 	/System/Library/Frameworks/ApplicationServices.framework/Versions/A/Frameworks/ATS.framework/Versions/A/Resources/libFontParser.dylib
0x000000000b755000 	/System/Library/Frameworks/ApplicationServices.framework/Versions/A/Frameworks/ATS.framework/Versions/A/Resources/libFontRegistry.dylib
0x000000000b755000 	/System/Library/PrivateFrameworks/AppleVPA.framework/Versions/A/AppleVPA
0x000000000b755000 	/System/Library/PrivateFrameworks/AppleJPEG.framework/Versions/A/AppleJPEG
0x000000000b755000 	/System/Library/Frameworks/ImageIO.framework/Versions/A/Resources/libJPEG.dylib
0x000000000b755000 	/System/Library/Frameworks/ImageIO.framework/Versions/A/Resources/libTIFF.dylib
0x000000000b755000 	/System/Library/Frameworks/ImageIO.framework/Versions/A/Resources/libPng.dylib
0x000000000b755000 	/System/Library/Frameworks/ImageIO.framework/Versions/A/Resources/libGIF.dylib
0x000000000b755000 	/System/Library/Frameworks/ImageIO.framework/Versions/A/Resources/libJP2.dylib
0x000000000b755000 	/System/Library/Frameworks/ImageIO.framework/Versions/A/Resources/libRadiance.dylib
0x000000000b755000 	/System/Library/Frameworks/CoreVideo.framework/Versions/A/CoreVideo
0x000000000b755000 	/System/Library/Frameworks/OpenGL.framework/Versions/A/Libraries/libGLU.dylib
0x000000000b755000 	/System/Library/Frameworks/OpenGL.framework/Versions/A/Libraries/libGFXShared.dylib
0x000000000b755000 	/System/Library/Frameworks/OpenGL.framework/Versions/A/Libraries/libGL.dylib
0x000000000b755000 	/System/Library/Frameworks/OpenGL.framework/Versions/A/Libraries/libGLImage.dylib
0x000000000b755000 	/System/Library/Frameworks/OpenGL.framework/Versions/A/Libraries/libCVMSPluginSupport.dylib
0x000000000b755000 	/System/Library/Frameworks/OpenGL.framework/Versions/A/Libraries/libCoreVMClient.dylib
0x000000000b755000 	/usr/lib/libcups.2.dylib
0x000000000b755000 	/System/Library/Frameworks/Kerberos.framework/Versions/A/Kerberos
0x000000000b755000 	/System/Library/Frameworks/GSS.framework/Versions/A/GSS
0x000000000b755000 	/usr/lib/libresolv.9.dylib
0x000000000b755000 	/usr/lib/libiconv.2.dylib
0x000000000b755000 	/System/Library/PrivateFrameworks/Heimdal.framework/Versions/A/Heimdal
0x000000000b755000 	/usr/lib/libheimdal-asn1.dylib
0x000000000b755000 	/System/Library/Frameworks/OpenDirectory.framework/Versions/A/OpenDirectory
0x000000000b755000 	/System/Library/PrivateFrameworks/CommonAuth.framework/Versions/A/CommonAuth
0x000000000b755000 	/System/Library/Frameworks/OpenDirectory.framework/Versions/A/Frameworks/CFOpenDirectory.framework/Versions/A/CFOpenDirectory
0x000000000b755000 	/System/Library/Frameworks/SecurityFoundation.framework/Versions/A/SecurityFoundation
0x000000000b755000 	/System/Library/PrivateFrameworks/LanguageModeling.framework/Versions/A/LanguageModeling
0x000000000b755000 	/usr/lib/libmarisa.dylib
0x000000000b755000 	/usr/lib/libChineseTokenizer.dylib
0x000000000b755000 	/usr/lib/libcmph.dylib
0x000000000b755000 	/usr/lib/libcompression.dylib
0x000000000b755000 	/System/Library/Frameworks/ServiceManagement.framework/Versions/A/ServiceManagement
0x000000000b755000 	/usr/lib/libxslt.1.dylib
0x000000000b755000 	/System/Library/Frameworks/Carbon.framework/Versions/A/Frameworks/Ink.framework/Versions/A/Ink
0x000000000b755000 	/usr/lib/libFosl_dynamic.dylib
0x000000000b755000 	/System/Library/PrivateFrameworks/FaceCore.framework/Versions/A/FaceCore
0x000000000b755000 	/System/Library/Frameworks/OpenCL.framework/Versions/A/OpenCL
0x000000000b755000 	/System/Library/PrivateFrameworks/CrashReporterSupport.framework/Versions/A/CrashReporterSupport
0x000000000b755000 	/System/Library/PrivateFrameworks/IconServices.framework/Versions/A/IconServices
0x000000000b755000 	/System/Library/PrivateFrameworks/Apple80211.framework/Versions/A/Apple80211
0x000000000b755000 	/System/Library/Frameworks/CoreWLAN.framework/Versions/A/CoreWLAN
0x000000000b755000 	/System/Library/Frameworks/IOBluetooth.framework/Versions/A/IOBluetooth
0x000000000b755000 	/System/Library/PrivateFrameworks/CoreWiFi.framework/Versions/A/CoreWiFi
0x000000000b755000 	/System/Library/Frameworks/CoreBluetooth.framework/Versions/A/CoreBluetooth
0x000000000b755000 	/System/Library/PrivateFrameworks/ChunkingLibrary.framework/Versions/A/ChunkingLibrary
0x000000000b755000 	/System/Library/PrivateFrameworks/DebugSymbols.framework/Versions/A/DebugSymbols
0x000000000b755000 	/System/Library/PrivateFrameworks/CoreSymbolication.framework/Versions/A/CoreSymbolication
0x000000000b755000 	/System/Library/PrivateFrameworks/Symbolication.framework/Versions/A/Symbolication
0x000000000b755000 	/System/Library/PrivateFrameworks/SpeechRecognitionCore.framework/Versions/A/SpeechRecognitionCore
0x0000000109e00000 	/Library/Java/JavaVirtualMachines/jdk1.8.0_60.jdk/Contents/Home/jre/lib/server/libjvm.dylib
0x000000000b755000 	/usr/lib/libstdc++.6.dylib
0x00000001095be000 	/Library/Java/JavaVirtualMachines/jdk1.8.0_60.jdk/Contents/Home/jre/lib/libverify.dylib
0x000000010ad89000 	/Library/Java/JavaVirtualMachines/jdk1.8.0_60.jdk/Contents/Home/jre/lib/libjava.dylib
0x00000001095d6000 	/Library/Java/JavaVirtualMachines/jdk1.8.0_60.jdk/Contents/Home/jre/lib/libzip.dylib
0x0000000120700000 	/System/Library/Frameworks/JavaVM.framework/Frameworks/JavaRuntimeSupport.framework/JavaRuntimeSupport
0x000000012071b000 	/System/Library/Frameworks/JavaVM.framework/Versions/A/Frameworks/JavaNativeFoundation.framework/Versions/A/JavaNativeFoundation
0x0000000120730000 	/System/Library/Frameworks/JavaVM.framework/Versions/A/JavaVM
0x000000000b755000 	/System/Library/Frameworks/Carbon.framework/Versions/A/Carbon
0x000000012073d000 	/System/Library/PrivateFrameworks/JavaLaunching.framework/Versions/A/JavaLaunching
0x000000000b755000 	/System/Library/Frameworks/Carbon.framework/Versions/A/Frameworks/CommonPanels.framework/Versions/A/CommonPanels
0x000000000b755000 	/System/Library/Frameworks/Carbon.framework/Versions/A/Frameworks/Help.framework/Versions/A/Help
0x000000000b755000 	/System/Library/Frameworks/Carbon.framework/Versions/A/Frameworks/ImageCapture.framework/Versions/A/ImageCapture
0x000000000b755000 	/System/Library/Frameworks/Carbon.framework/Versions/A/Frameworks/OpenScripting.framework/Versions/A/OpenScripting
0x000000000b755000 	/System/Library/Frameworks/Carbon.framework/Versions/A/Frameworks/Print.framework/Versions/A/Print
0x000000000b755000 	/System/Library/Frameworks/Carbon.framework/Versions/A/Frameworks/SecurityHI.framework/Versions/A/SecurityHI
0x00000001220c9000 	/Library/Java/JavaVirtualMachines/jdk1.8.0_60.jdk/Contents/Home/jre/lib/libawt.dylib
0x0000000122171000 	/Library/Java/JavaVirtualMachines/jdk1.8.0_60.jdk/Contents/Home/jre/lib/./libmlib_image.dylib
0x000000012223d000 	/Library/Java/JavaVirtualMachines/jdk1.8.0_60.jdk/Contents/Home/jre/lib/libawt_lwawt.dylib
0x00000001222f2000 	/Library/Java/JavaVirtualMachines/jdk1.8.0_60.jdk/Contents/Home/jre/lib/./libosxapp.dylib
0x000000000b755000 	/System/Library/Frameworks/ExceptionHandling.framework/Versions/A/ExceptionHandling
0x000000000b755000 	/System/Library/PrivateFrameworks/CoreServicesInternal.framework/Versions/A/CoreServicesInternal
0x000000000b755000 	/System/Library/Frameworks/CoreGraphics.framework/Versions/A/Resources/libRIP.A.dylib
0x000000000b755000 	/System/Library/Frameworks/Accelerate.framework/Versions/A/Frameworks/vImage.framework/Versions/A/Libraries/libCGInterfaces.dylib
0x000000000b755000 	/System/Library/Frameworks/CoreGraphics.framework/Versions/A/Resources/libCGXType.A.dylib
0x000000000b755000 	/System/Library/Frameworks/OpenCL.framework/Versions/A/Libraries/libcldcpuengine.dylib
0x000000000b755000 	/System/Library/PrivateFrameworks/DiskImages.framework/Versions/A/DiskImages
0x000000000b755000 	/System/Library/Frameworks/DiscRecording.framework/Versions/A/DiscRecording
0x000000000b755000 	/usr/lib/libcsfde.dylib
0x000000000b755000 	/usr/lib/libcurl.4.dylib
0x000000000b755000 	/System/Library/PrivateFrameworks/MediaKit.framework/Versions/A/MediaKit
0x000000000b755000 	/System/Library/PrivateFrameworks/ProtectedCloudStorage.framework/Versions/A/ProtectedCloudStorage
0x000000000b755000 	/usr/lib/libCoreStorage.dylib
0x000000000b755000 	/System/Library/PrivateFrameworks/EFILogin.framework/Versions/A/EFILogin
0x000000000b755000 	/usr/lib/libutil.dylib
0x000000000b755000 	/System/Library/PrivateFrameworks/FindMyDevice.framework/Versions/A/FindMyDevice
0x000000000b755000 	/System/Library/Frameworks/LDAP.framework/Versions/A/LDAP
0x000000000b755000 	/usr/lib/libsasl2.2.dylib
0x000000000b755000 	/System/Library/PrivateFrameworks/CoreDaemon.framework/Versions/B/CoreDaemon
0x000000000b755000 	/usr/lib/libcrypto.0.9.8.dylib
0x000000000b755000 	/System/Library/PrivateFrameworks/AppleSRP.framework/Versions/A/AppleSRP
0x000000000b755000 	/System/Library/PrivateFrameworks/TrustEvaluationAgent.framework/Versions/A/TrustEvaluationAgent
0x0000000123de3000 	cl_kernels
0x000000000b755000 	/System/Library/Frameworks/OpenCL.framework/Versions/A/Libraries/ImageFormats/unorm8_bgra.dylib
0x000000000b755000 	/System/Library/Frameworks/OpenCL.framework/Versions/A/Libraries/ImageFormats/unorm8_rgba.dylib
0x000000000b755000 	/System/Library/PrivateFrameworks/FamilyControls.framework/Versions/A/FamilyControls
0x000000000b755000 	/System/Library/PrivateFrameworks/CommerceKit.framework/Versions/A/Frameworks/CommerceCore.framework/Versions/A/CommerceCore
0x000000000b755000 	/System/Library/PrivateFrameworks/SystemAdministration.framework/Versions/A/SystemAdministration
0x000000000b755000 	/System/Library/PrivateFrameworks/AppContainer.framework/Versions/A/AppContainer
0x000000000b755000 	/System/Library/PrivateFrameworks/SecCodeWrapper.framework/Versions/A/SecCodeWrapper
0x000000000b755000 	/System/Library/Frameworks/DirectoryService.framework/Versions/A/DirectoryService
0x000000000b755000 	/System/Library/PrivateFrameworks/LoginUIKit.framework/Versions/A/Frameworks/LoginUICore.framework/Versions/A/LoginUICore
0x000000000b755000 	/usr/lib/libodfde.dylib
0x0000000124ebe000 	/Library/Java/JavaVirtualMachines/jdk1.8.0_60.jdk/Contents/Home/jre/lib/libfontmanager.dylib
0x0000000124f25000 	/Users/nordineaouni/git/MiniGolf2/res/lib/native/macosx/liblwjgl.jnilib
0x00000001231ff000 	/Library/Java/JavaVirtualMachines/jdk1.8.0_60.jdk/Contents/Home/jre/lib/libjawt.dylib
0x000000000b755000 	/System/Library/Frameworks/OpenGL.framework/Versions/A/Resources/GLEngine.bundle/GLEngine
0x000000000b755000 	/System/Library/Frameworks/OpenGL.framework/Versions/A/Libraries/libGLProgrammability.dylib
0x0000000124fa4000 	/System/Library/Extensions/AppleIntelBDWGraphicsGLDriver.bundle/Contents/MacOS/AppleIntelBDWGraphicsGLDriver
0x000000000b755000 	/System/Library/PrivateFrameworks/GPUSupport.framework/Versions/A/Libraries/libGPUSupportMercury.dylib
0x000000000b755000 	/System/Library/Frameworks/OpenGL.framework/Versions/A/Resources/GLRendererFloat.bundle/GLRendererFloat

VM Arguments:
jvm_args: -Djava.library.path=/Users/nordineaouni/git/MiniGolf2/res/lib/native/macosx:/Users/nordineaouni/git/MiniGolf2/res/lib/native/windows -Dfile.encoding=UTF-8 
java_command: engineTester.MainGameLoop
java_class_path (initial): /Users/nordineaouni/git/MiniGolf2/bin:/Users/nordineaouni/Documents/DKE/Project1-2-1/res/lib/jar/AppleJavaExtensions.jar:/Users/nordineaouni/Documents/DKE/Project1-2-1/res/lib/jar/asm-debug-all.jar:/Users/nordineaouni/Documents/DKE/Project1-2-1/res/lib/jar/jinput.jar:/Users/nordineaouni/Documents/DKE/Project1-2-1/res/lib/jar/lwjgl_test.jar:/Users/nordineaouni/Documents/DKE/Project1-2-1/res/lib/jar/lwjgl_util_applet.jar:/Users/nordineaouni/Documents/DKE/Project1-2-1/res/lib/jar/lwjgl_util.jar:/Users/nordineaouni/Documents/DKE/Project1-2-1/res/lib/jar/lwjgl-debug.jar:/Users/nordineaouni/Documents/DKE/Project1-2-1/res/lib/jar/lwjgl.jar:/Users/nordineaouni/Documents/DKE/Project1-2-1/res/lib/jar/lzma.jar:/Users/nordineaouni/Documents/DKE/Project1-2-1/res/lib/jar/PNGDecoder.jar:/Users/nordineaouni/Documents/DKE/Project1-2-1/res/lib/jar/slick-util.jar
Launcher Type: SUN_STANDARD

Environment Variables:
PATH=/usr/bin:/bin:/usr/sbin:/sbin
SHELL=/bin/bash

Signal Handlers:
SIGSEGV: [libjvm.dylib+0x5a6d31], sa_mask[0]=11111111011111110111111111111111, sa_flags=SA_ONSTACK|SA_RESTART|SA_SIGINFO
SIGBUS: [libjvm.dylib+0x5a6d31], sa_mask[0]=11111111011111110111111111111111, sa_flags=SA_RESTART|SA_SIGINFO
SIGFPE: [libjvm.dylib+0x480a4c], sa_mask[0]=11111111011111110111111111111111, sa_flags=SA_RESTART|SA_SIGINFO
SIGPIPE: [libjvm.dylib+0x480a4c], sa_mask[0]=11111111011111110111111111111111, sa_flags=SA_RESTART|SA_SIGINFO
SIGXFSZ: [libjvm.dylib+0x480a4c], sa_mask[0]=11111111011111110111111111111111, sa_flags=SA_RESTART|SA_SIGINFO
SIGILL: [libjvm.dylib+0x480a4c], sa_mask[0]=11111111011111110111111111111111, sa_flags=SA_RESTART|SA_SIGINFO
SIGUSR1: SIG_DFL, sa_mask[0]=00000000000000000000000000000000, sa_flags=none
SIGUSR2: [libjvm.dylib+0x48056a], sa_mask[0]=00100000000000000000000000000000, sa_flags=SA_RESTART|SA_SIGINFO
SIGHUP: [libjvm.dylib+0x47eb41], sa_mask[0]=11111111011111110111111111111111, sa_flags=SA_RESTART|SA_SIGINFO
SIGINT: [libjvm.dylib+0x47eb41], sa_mask[0]=11111111011111110111111111111111, sa_flags=SA_RESTART|SA_SIGINFO
SIGTERM: [libjvm.dylib+0x47eb41], sa_mask[0]=11111111011111110111111111111111, sa_flags=SA_RESTART|SA_SIGINFO
SIGQUIT: [libjvm.dylib+0x47eb41], sa_mask[0]=11111111011111110111111111111111, sa_flags=SA_RESTART|SA_SIGINFO


---------------  S Y S T E M  ---------------

OS:Bsduname:Darwin 15.4.0 Darwin Kernel Version 15.4.0: Fri Feb 26 22:08:05 PST 2016; root:xnu-3248.40.184~3/RELEASE_X86_64 x86_64
rlimit: STACK 8192k, CORE 0k, NPROC 709, NOFILE 10240, AS infinity
load average:1.42 1.66 1.73

CPU:total 4 (2 cores per cpu, 2 threads per core) family 6 model 61 stepping 4, cmov, cx8, fxsr, mmx, sse, sse2, sse3, ssse3, sse4.1, sse4.2, popcnt, avx, avx2, aes, clmul, erms, 3dnowpref, lzcnt, ht, tsc, tscinvbit, bmi1, bmi2, adx

Memory: 4k page, physical 8388608k(946684k free)

/proc/meminfo:


vm_info: Java HotSpot(TM) 64-Bit Server VM (25.60-b23) for bsd-amd64 JRE (1.8.0_60-b27), built on Aug  4 2015 10:47:24 by "java_re" with gcc 4.2.1 (Based on Apple Inc. build 5658) (LLVM build 2336.11.00)

time: Fri May 27 11:32:11 2016
elapsed time: 9 seconds (0d 0h 0m 9s)

