#
# A fatal error has been detected by the Java Runtime Environment:
#
#  SIGSEGV (0xb) at pc=0x00007fff906c7493, pid=928, tid=2571
#
# JRE version: Java(TM) SE Runtime Environment (8.0_60-b27) (build 1.8.0_60-b27)
# Java VM: Java HotSpot(TM) 64-Bit Server VM (25.60-b23 mixed mode bsd-amd64 compressed oops)
# Problematic frame:
# C  [GLEngine+0x7a493]  glScissor_GL3Exec+0x2e
#
# Failed to write core dump. Core dumps have been disabled. To enable core dumping, try "ulimit -c unlimited" before starting Java again
#
# If you would like to submit a bug report, please visit:
#   http://bugreport.java.com/bugreport/crash.jsp
# The crash happened outside the Java Virtual Machine in native code.
# See problematic frame for where to report the bug.
#

---------------  T H R E A D  ---------------

Current thread (0x00007f9fcca2b000):  JavaThread "AppKit Thread" daemon [_thread_in_native, id=2571, stack(0x00007fff52c38000,0x00007fff53438000)]

siginfo: si_signo: 11 (SIGSEGV), si_code: 1 (SEGV_MAPERR), si_addr: 0x00007f9fcf804604

Registers:
RAX=0x0000000000000000, RBX=0x00000000158918a1, RCX=0x000000000000028a, RDX=0x0000000000000000
RSP=0x00007fff534331f0, RBP=0x00007fff53433230, RSI=0x0000000000000000, RDI=0x00007f9fcf800000
R8 =0x0000000000000190, R9 =0x0000000000000000, R10=0x0000000000000038, R11=0x0000000000000206
R12=0x580057e7c9e5f6e3, R13=0x000000000001923f, R14=0x00007f9fcf800000, R15=0x0000000000000000
RIP=0x00007fff906c7493, EFLAGS=0x0000000000010206, ERR=0x0000000000000004
  TRAPNO=0x000000000000000e

Top of Stack: (sp=0x00007fff534331f0)
0x00007fff534331f0:   0000000000000000 000001900000028a
0x00007fff53433200:   0000000800000000 580057e7c9e5f6e3
0x00007fff53433210:   00000000158918a1 00007f9fcd9bc600
0x00007fff53433220:   00000000000004cd 0000000000000000
0x00007fff53433230:   00007fff534332a0 00007fff8886b78f
0x00007fff53433240:   00007fff534332a0 00007fff158918a1
0x00007fff53433250:   3ff0000000000000 0000000042000000
0x00007fff53433260:   00007fff87f481d8 4084500000000000
0x00007fff53433270:   4079000000000000 00007f9fcbc2d660
0x00007fff53433280:   00000000000004cd 000000000001923f
0x00007fff53433290:   00007f9fcbd7f2a0 00007fff8a0674c0
0x00007fff534332a0:   00007fff534332f0 00007fff87b72f74
0x00007fff534332b0:   0000000000000000 00007f9fcbe6d440
0x00007fff534332c0:   00007f9fcd9bc600 00007fff53433368
0x00007fff534332d0:   00007fff8a0674c0 00007f9fcbd53270
0x00007fff534332e0:   00007f9fcbd7f2a0 00007f9fcbe6d440
0x00007fff534332f0:   00007fff53433320 00007fff87e9f767
0x00007fff53433300:   0000000000000000 00007f9fcbe6d440
0x00007fff53433310:   00007fff53433368 0000000000000001
0x00007fff53433320:   00007fff53433350 00007fff8799d429
0x00007fff53433330:   00007f9fcbe6d440 00007f9fcbd7f2a0
0x00007fff53433340:   00007f9fcbe6d440 0000000000000000
0x00007fff53433350:   00007fff534333b0 00007fff87b5fcd9
0x00007fff53433360:   0000000000000000 00007fff74b070a0
0x00007fff53433370:   0000000042000000 00007fff87e9f6a7
0x00007fff53433380:   00007fff735659e0 0000000000000000
0x00007fff53433390:   00007f9fcbd7f2a0 00007f9fcbe6d440
0x00007fff534333a0:   00007f9fcbd7f2a0 00007f9fcbe6d440
0x00007fff534333b0:   00007fff534333e0 00000001283b8f3e
0x00007fff534333c0:   00007f9fcbe6d440 00000001283eccb8
0x00007fff534333d0:   00007f9fcbd53270 0000000000000094
0x00007fff534333e0:   00007fff534338c0 00007fff879c289b 

Instructions: (pc=0x00007fff906c7493)
0x00007fff906c7473:   20 49 89 fe 4c 8b 25 92 0b 8b e4 4d 8b 24 24 4c
0x00007fff906c7483:   89 65 d8 89 75 c0 89 55 c4 89 4d c8 44 89 45 cc
0x00007fff906c7493:   41 80 be 04 46 00 00 00 74 21 31 db 4c 8d 7d c0
0x00007fff906c74a3:   ba 01 00 00 00 4c 89 f7 89 de 4c 89 f9 e8 a1 fd 

Register to memory mapping:

RAX=0x0000000000000000 is an unknown value
RBX=0x00000000158918a1 is an unknown value
RCX=0x000000000000028a is an unknown value
RDX=0x0000000000000000 is an unknown value
RSP=0x00007fff534331f0 is pointing into the stack for thread: 0x00007f9fcca2b000
RBP=0x00007fff53433230 is pointing into the stack for thread: 0x00007f9fcca2b000
RSI=0x0000000000000000 is an unknown value
RDI=0x00007f9fcf800000 is an unknown value
R8 =0x0000000000000190 is an unknown value
R9 =0x0000000000000000 is an unknown value
R10=0x0000000000000038 is an unknown value
R11=0x0000000000000206 is an unknown value
R12=0x580057e7c9e5f6e3 is an unknown value
R13=0x000000000001923f is an unknown value
R14=0x00007f9fcf800000 is an unknown value
R15=0x0000000000000000 is an unknown value


Stack: [0x00007fff52c38000,0x00007fff53438000],  sp=0x00007fff534331f0,  free space=8172k
Native frames: (J=compiled Java code, j=interpreted, Vv=VM code, C=native code)
C  [GLEngine+0x7a493]  glScissor_GL3Exec+0x2e
C  [OpenGL+0x778f]  CGLSetSurface+0x21e
C  [AppKit+0x358f74]  NSOpenGLContextAttachOnScreenViewSurface+0x109
C  [AppKit+0x685767]  __27-[NSOpenGLContext setView:]_block_invoke+0xc0
C  [AppKit+0x183429]  NSPerformVisuallyAtomicChange+0x93
C  [AppKit+0x345cd9]  -[NSOpenGLContext setView:]+0x77
C  [liblwjgl.jnilib+0x9f3e]  -[MacOSXOpenGLView lockFocus]+0x6e
C  [AppKit+0x1a889b]  -[NSView _recursiveDisplayRectIfNeededIgnoringOpacity:isVisibleRect:rectIsVisibleRectForView:topView:]+0x6e2
C  [AppKit+0x1a9889]  -[NSView _recursiveDisplayRectIfNeededIgnoringOpacity:isVisibleRect:rectIsVisibleRectForView:topView:]+0x16d0
C  [AppKit+0x1a7ce4]  -[NSThemeFrame _recursiveDisplayRectIfNeededIgnoringOpacity:isVisibleRect:rectIsVisibleRectForView:topView:]+0x14e
C  [AppKit+0x1a60ef]  -[NSView _displayRectIgnoringOpacity:isVisibleRect:rectIsVisibleRectForView:]+0x991
C  [AppKit+0x1a14f9]  -[NSView displayIfNeeded]+0x79e
C  [AppKit+0x1a0d40]  -[NSWindow displayIfNeeded]+0xe8
C  [AppKit+0x8254bb]  ___NSWindowGetDisplayCycleObserver_block_invoke6365+0x1dc
C  [AppKit+0x1a06da]  __37+[NSDisplayCycle currentDisplayCycle]_block_invoke+0x3ad
C  [QuartzCore+0x10f71]  CA::Transaction::run_commit_handlers(CATransactionPhase)+0x55
C  [QuartzCore+0x1042c]  CA::Context::commit_transaction(CA::Transaction*)+0xa0
C  [QuartzCore+0x100ec]  CA::Transaction::commit()+0x1fc
C  [QuartzCore+0x1b977]  CA::Transaction::observer_callback(__CFRunLoopObserver*, unsigned long, void*)+0x47
C  [CoreFoundation+0xaa067]  __CFRUNLOOP_IS_CALLING_OUT_TO_AN_OBSERVER_CALLBACK_FUNCTION__+0x17
C  [CoreFoundation+0xa9fd7]  __CFRunLoopDoObservers+0x187
C  [CoreFoundation+0x88ef8]  CFRunLoopRunSpecific+0x148
C  [HIToolbox+0x30935]  RunCurrentEventLoopInMode+0xeb
C  [HIToolbox+0x30677]  ReceiveNextEventCommon+0xb8
C  [HIToolbox+0x305af]  _BlockUntilNextEventMatchingListInModeWithFilter+0x47
C  [AppKit+0x48efa]  _DPSNextEvent+0x42b
C  [AppKit+0x4832a]  -[NSApplication _nextEventMatchingEventMask:untilDate:inMode:dequeue:]+0x1c6
C  [libosxapp.dylib+0x23aa]  -[NSApplicationAWT nextEventMatchingMask:untilDate:inMode:dequeue:]+0x7c
C  [AppKit+0x3ce84]  -[NSApplication run]+0x2aa
C  [libosxapp.dylib+0x214d]  +[NSApplicationAWT runAWTLoopWithApp:]+0x9c
C  [libawt_lwawt.dylib+0x44517]  -[AWTStarter starter:]+0x389
C  [Foundation+0x76f5e]  __NSThreadPerformPerform+0x117
C  [CoreFoundation+0xaa881]  __CFRUNLOOP_IS_CALLING_OUT_TO_A_SOURCE0_PERFORM_FUNCTION__+0x11
C  [CoreFoundation+0x89fbc]  __CFRunLoopDoSources0+0x22c
C  [CoreFoundation+0x894df]  __CFRunLoopRun+0x39f
C  [CoreFoundation+0x88ed8]  CFRunLoopRunSpecific+0x128
C  [java+0x6463]  CreateExecutionEnvironment+0x367
C  [java+0x21ac]  JLI_Launch+0x7a0
C  [java+0x84c0]  main+0x65
C  [java+0x1a04]  start+0x34
C  0x0000000000000006


---------------  P R O C E S S  ---------------

Java Threads: ( => current thread )
  0x00007f9fcce99000 JavaThread "AWT-Shutdown" [_thread_blocked, id=14607, stack(0x0000700000932000,0x0000700000a32000)]
  0x00007f9fcda6b000 JavaThread "Java2D Disposer" daemon [_thread_blocked, id=52471, stack(0x00007000012d6000,0x00007000013d6000)]
=>0x00007f9fcca2b000 JavaThread "AppKit Thread" daemon [_thread_in_native, id=2571, stack(0x00007fff52c38000,0x00007fff53438000)]
  0x00007f9fcc005800 JavaThread "Service Thread" daemon [_thread_blocked, id=19203, stack(0x0000700000ec7000,0x0000700000fc7000)]
  0x00007f9fcc850800 JavaThread "C1 CompilerThread2" daemon [_thread_blocked, id=18691, stack(0x0000700000dc4000,0x0000700000ec4000)]
  0x00007f9fcd02f000 JavaThread "C2 CompilerThread1" daemon [_thread_blocked, id=18179, stack(0x0000700000cc1000,0x0000700000dc1000)]
  0x00007f9fcd812000 JavaThread "C2 CompilerThread0" daemon [_thread_blocked, id=17667, stack(0x0000700000bbe000,0x0000700000cbe000)]
  0x00007f9fcd802800 JavaThread "Signal Dispatcher" daemon [_thread_blocked, id=16907, stack(0x0000700000abb000,0x0000700000bbb000)]
  0x00007f9fcc84c800 JavaThread "Finalizer" daemon [_thread_blocked, id=12291, stack(0x000070000082f000,0x000070000092f000)]
  0x00007f9fcc84b800 JavaThread "Reference Handler" daemon [_thread_blocked, id=11779, stack(0x000070000072c000,0x000070000082c000)]
  0x00007f9fcd803800 JavaThread "main" [_thread_in_native, id=5891, stack(0x000070000011a000,0x000070000021a000)]

Other Threads:
  0x00007f9fcc849000 VMThread [stack: 0x0000700000629000,0x0000700000729000] [id=11267]
  0x00007f9fcd00f800 WatcherThread [stack: 0x0000700000fca000,0x00007000010ca000] [id=19715]

VM state:not at safepoint (normal execution)

VM Mutex/Monitor currently owned by a thread: None

Heap:
 PSYoungGen      total 89088K, used 58414K [0x0000000795580000, 0x00000007a1600000, 0x00000007c0000000)
  eden space 88576K, 65% used [0x0000000795580000,0x0000000798e23880,0x000000079ac00000)
  from space 512K, 81% used [0x00000007a1500000,0x00000007a1568000,0x00000007a1580000)
  to   space 512K, 0% used [0x00000007a1580000,0x00000007a1580000,0x00000007a1600000)
 ParOldGen       total 87552K, used 12716K [0x0000000740000000, 0x0000000745580000, 0x0000000795580000)
  object space 87552K, 14% used [0x0000000740000000,0x0000000740c6b240,0x0000000745580000)
 Metaspace       used 7972K, capacity 8127K, committed 8320K, reserved 1056768K
  class space    used 772K, capacity 826K, committed 896K, reserved 1048576K

Card table byte_map: [0x000000011d749000,0x000000011db4a000] byte_map_base: 0x0000000119d49000

Marking Bits: (ParMarkBitMap*) 0x000000010dcdee20
 Begin Bits: [0x000000011ddf5000, 0x000000011fdf5000)
 End Bits:   [0x000000011fdf5000, 0x0000000121df5000)

Polling page: 0x000000010ca8b000

CodeCache: size=245760Kb used=5338Kb max_used=5836Kb free=240421Kb
 bounds [0x000000010e389000, 0x000000010e999000, 0x000000011d389000]
 total_blobs=1642 nmethods=1209 adapters=347
 compilation: enabled

Compilation events (10 events):
Event: 158.770 Thread 0x00007f9fcc850800 nmethod 1446 0x000000010e595950 code [0x000000010e595aa0, 0x000000010e595bb0]
Event: 158.772 Thread 0x00007f9fcd02f000 nmethod 1445 0x000000010e59d5d0 code [0x000000010e59d740, 0x000000010e59dc38]
Event: 158.775 Thread 0x00007f9fcc850800 1447       3       entities.Ball::isInTriangle (416 bytes)
Event: 158.777 Thread 0x00007f9fcc850800 nmethod 1447 0x000000010e51c790 code [0x000000010e51cc80, 0x000000010e51ffd8]
Event: 158.778 Thread 0x00007f9fcd812000 1448       4       entities.Ball::isInTriangle (416 bytes)
Event: 158.834 Thread 0x00007f9fcd812000 nmethod 1448 0x000000010e5dc350 code [0x000000010e5dc660, 0x000000010e5de328]
Event: 160.718 Thread 0x00007f9fcd02f000 1449  s    4       sun.misc.Cleaner::remove (89 bytes)
Event: 160.718 Thread 0x00007f9fcd812000 1450       4       java.nio.DirectByteBuffer$Deallocator::run (37 bytes)
Event: 160.719 Thread 0x00007f9fcd02f000 nmethod 1449 0x000000010e59bf90 code [0x000000010e59c100, 0x000000010e59c418]
Event: 160.720 Thread 0x00007f9fcd812000 nmethod 1450 0x000000010e5cd6d0 code [0x000000010e5cd840, 0x000000010e5cdbc8]

GC Heap History (10 events):
Event: 158.791 GC heap before
{Heap before GC invocations=123 (full 0):
 PSYoungGen      total 35840K, used 35488K [0x0000000795580000, 0x00000007a1600000, 0x00000007c0000000)
  eden space 35328K, 100% used [0x0000000795580000,0x0000000797800000,0x0000000797800000)
  from space 512K, 31% used [0x00000007a1580000,0x00000007a15a81c0,0x00000007a1600000)
  to   space 512K, 0% used [0x00000007a1500000,0x00000007a1500000,0x00000007a1580000)
 ParOldGen       total 87552K, used 12396K [0x0000000740000000, 0x0000000745580000, 0x0000000795580000)
  object space 87552K, 14% used [0x0000000740000000,0x0000000740c1b230,0x0000000745580000)
 Metaspace       used 7966K, capacity 8127K, committed 8320K, reserved 1056768K
  class space    used 771K, capacity 826K, committed 896K, reserved 1048576K
Event: 158.792 GC heap after
Heap after GC invocations=123 (full 0):
 PSYoungGen      total 43008K, used 128K [0x0000000795580000, 0x00000007a1600000, 0x00000007c0000000)
  eden space 42496K, 0% used [0x0000000795580000,0x0000000795580000,0x0000000797f00000)
  from space 512K, 25% used [0x00000007a1500000,0x00000007a15201c0,0x00000007a1580000)
  to   space 512K, 0% used [0x00000007a1580000,0x00000007a1580000,0x00000007a1600000)
 ParOldGen       total 87552K, used 12396K [0x0000000740000000, 0x0000000745580000, 0x0000000795580000)
  object space 87552K, 14% used [0x0000000740000000,0x0000000740c1b230,0x0000000745580000)
 Metaspace       used 7966K, capacity 8127K, committed 8320K, reserved 1056768K
  class space    used 771K, capacity 826K, committed 896K, reserved 1048576K
}
Event: 158.850 GC heap before
{Heap before GC invocations=124 (full 0):
 PSYoungGen      total 43008K, used 42624K [0x0000000795580000, 0x00000007a1600000, 0x00000007c0000000)
  eden space 42496K, 100% used [0x0000000795580000,0x0000000797f00000,0x0000000797f00000)
  from space 512K, 25% used [0x00000007a1500000,0x00000007a15201c0,0x00000007a1580000)
  to   space 512K, 0% used [0x00000007a1580000,0x00000007a1580000,0x00000007a1600000)
 ParOldGen       total 87552K, used 12396K [0x0000000740000000, 0x0000000745580000, 0x0000000795580000)
  object space 87552K, 14% used [0x0000000740000000,0x0000000740c1b230,0x0000000745580000)
 Metaspace       used 7966K, capacity 8127K, committed 8320K, reserved 1056768K
  class space    used 771K, capacity 826K, committed 896K, reserved 1048576K
Event: 158.850 GC heap after
Heap after GC invocations=124 (full 0):
 PSYoungGen      total 51712K, used 96K [0x0000000795580000, 0x00000007a1600000, 0x00000007c0000000)
  eden space 51200K, 0% used [0x0000000795580000,0x0000000795580000,0x0000000798780000)
  from space 512K, 18% used [0x00000007a1580000,0x00000007a15981c0,0x00000007a1600000)
  to   space 512K, 0% used [0x00000007a1500000,0x00000007a1500000,0x00000007a1580000)
 ParOldGen       total 87552K, used 12396K [0x0000000740000000, 0x0000000745580000, 0x0000000795580000)
  object space 87552K, 14% used [0x0000000740000000,0x0000000740c1b230,0x0000000745580000)
 Metaspace       used 7966K, capacity 8127K, committed 8320K, reserved 1056768K
  class space    used 771K, capacity 826K, committed 896K, reserved 1048576K
}
Event: 160.716 GC heap before
{Heap before GC invocations=125 (full 0):
 PSYoungGen      total 51712K, used 51296K [0x0000000795580000, 0x00000007a1600000, 0x00000007c0000000)
  eden space 51200K, 100% used [0x0000000795580000,0x0000000798780000,0x0000000798780000)
  from space 512K, 18% used [0x00000007a1580000,0x00000007a15981c0,0x00000007a1600000)
  to   space 512K, 0% used [0x00000007a1500000,0x00000007a1500000,0x00000007a1580000)
 ParOldGen       total 87552K, used 12396K [0x0000000740000000, 0x0000000745580000, 0x0000000795580000)
  object space 87552K, 14% used [0x0000000740000000,0x0000000740c1b230,0x0000000745580000)
 Metaspace       used 7966K, capacity 8127K, committed 8320K, reserved 1056768K
  class space    used 771K, capacity 826K, committed 896K, reserved 1048576K
Event: 160.717 GC heap after
Heap after GC invocations=125 (full 0):
 PSYoungGen      total 61952K, used 348K [0x0000000795580000, 0x00000007a1600000, 0x00000007c0000000)
  eden space 61440K, 0% used [0x0000000795580000,0x0000000795580000,0x0000000799180000)
  from space 512K, 67% used [0x00000007a1500000,0x00000007a1557020,0x00000007a1580000)
  to   space 512K, 0% used [0x00000007a1580000,0x00000007a1580000,0x00000007a1600000)
 ParOldGen       total 87552K, used 12412K [0x0000000740000000, 0x0000000745580000, 0x0000000795580000)
  object space 87552K, 14% used [0x0000000740000000,0x0000000740c1f230,0x0000000745580000)
 Metaspace       used 7966K, capacity 8127K, committed 8320K, reserved 1056768K
  class space    used 771K, capacity 826K, committed 896K, reserved 1048576K
}
Event: 163.241 GC heap before
{Heap before GC invocations=126 (full 0):
 PSYoungGen      total 61952K, used 61788K [0x0000000795580000, 0x00000007a1600000, 0x00000007c0000000)
  eden space 61440K, 100% used [0x0000000795580000,0x0000000799180000,0x0000000799180000)
  from space 512K, 67% used [0x00000007a1500000,0x00000007a1557020,0x00000007a1580000)
  to   space 512K, 0% used [0x00000007a1580000,0x00000007a1580000,0x00000007a1600000)
 ParOldGen       total 87552K, used 12412K [0x0000000740000000, 0x0000000745580000, 0x0000000795580000)
  object space 87552K, 14% used [0x0000000740000000,0x0000000740c1f230,0x0000000745580000)
 Metaspace       used 7966K, capacity 8127K, committed 8320K, reserved 1056768K
  class space    used 771K, capacity 826K, committed 896K, reserved 1048576K
Event: 163.242 GC heap after
Heap after GC invocations=126 (full 0):
 PSYoungGen      total 74240K, used 476K [0x0000000795580000, 0x00000007a1600000, 0x00000007c0000000)
  eden space 73728K, 0% used [0x0000000795580000,0x0000000795580000,0x0000000799d80000)
  from space 512K, 92% used [0x00000007a1580000,0x00000007a15f7010,0x00000007a1600000)
  to   space 512K, 0% used [0x00000007a1500000,0x00000007a1500000,0x00000007a1580000)
 ParOldGen       total 87552K, used 12572K [0x0000000740000000, 0x0000000745580000, 0x0000000795580000)
  object space 87552K, 14% used [0x0000000740000000,0x0000000740c47240,0x0000000745580000)
 Metaspace       used 7966K, capacity 8127K, committed 8320K, reserved 1056768K
  class space    used 771K, capacity 826K, committed 896K, reserved 1048576K
}
Event: 166.033 GC heap before
{Heap before GC invocations=127 (full 0):
 PSYoungGen      total 74240K, used 74182K [0x0000000795580000, 0x00000007a1600000, 0x00000007c0000000)
  eden space 73728K, 99% used [0x0000000795580000,0x0000000799d7aa40,0x0000000799d80000)
  from space 512K, 92% used [0x00000007a1580000,0x00000007a15f7010,0x00000007a1600000)
  to   space 512K, 0% used [0x00000007a1500000,0x00000007a1500000,0x00000007a1580000)
 ParOldGen       total 87552K, used 12572K [0x0000000740000000, 0x0000000745580000, 0x0000000795580000)
  object space 87552K, 14% used [0x0000000740000000,0x0000000740c47240,0x0000000745580000)
 Metaspace       used 7966K, capacity 8127K, committed 8320K, reserved 1056768K
  class space    used 771K, capacity 826K, committed 896K, reserved 1048576K
Event: 166.035 GC heap after
Heap after GC invocations=127 (full 0):
 PSYoungGen      total 89088K, used 416K [0x0000000795580000, 0x00000007a1600000, 0x00000007c0000000)
  eden space 88576K, 0% used [0x0000000795580000,0x0000000795580000,0x000000079ac00000)
  from space 512K, 81% used [0x00000007a1500000,0x00000007a1568000,0x00000007a1580000)
  to   space 512K, 0% used [0x00000007a1580000,0x00000007a1580000,0x00000007a1600000)
 ParOldGen       total 87552K, used 12716K [0x0000000740000000, 0x0000000745580000, 0x0000000795580000)
  object space 87552K, 14% used [0x0000000740000000,0x0000000740c6b240,0x0000000745580000)
 Metaspace       used 7966K, capacity 8127K, committed 8320K, reserved 1056768K
  class space    used 771K, capacity 826K, committed 896K, reserved 1048576K
}

Deoptimization events (10 events):
Event: 3.123 Thread 0x00007f9fcd803800 Uncommon trap: reason=unstable_if action=reinterpret pc=0x000000010e758e40 method=toolbox.Maths.isInBetween(Lorg/lwjgl/util/vector/Vector2f;Lgeometry/Line;Lgeometry/Line;)Z @ 112
Event: 3.132 Thread 0x00007f9fcd803800 Uncommon trap: reason=unstable_if action=reinterpret pc=0x000000010e6eeb4c method=entities.Ball.collide(Lgeometry/Triangle;)Z @ 33
Event: 6.796 Thread 0x00007f9fcd803800 Uncommon trap: reason=unstable_if action=reinterpret pc=0x000000010e793ad0 method=geometry.Triangle2D.contain(Lorg/lwjgl/util/vector/Vector2f;)Z @ 42
Event: 7.829 Thread 0x00007f9fcd803800 Uncommon trap: reason=unstable_if action=reinterpret pc=0x000000010e7784b0 method=geometry.Triangle2D.contain(Lorg/lwjgl/util/vector/Vector2f;)Z @ 42
Event: 7.829 Thread 0x00007f9fcd803800 Uncommon trap: reason=unstable_if action=reinterpret pc=0x000000010e887b44 method=entities.Ball.isInTriangle(Lgeometry/Triangle;)Z @ 280
Event: 62.080 Thread 0x00007f9fcd803800 Uncommon trap: reason=unstable_if action=reinterpret pc=0x000000010e95ea48 method=org.lwjgl.input.Mouse.isButtonDown(I)Z @ 45
Event: 62.080 Thread 0x00007f9fcd803800 Uncommon trap: reason=unstable_if action=reinterpret pc=0x000000010e8f9490 method=org.lwjgl.input.Mouse.isButtonDown(I)Z @ 45
Event: 81.007 Thread 0x00007f9fcd803800 Uncommon trap: reason=unstable_if action=reinterpret pc=0x000000010e618418 method=org.lwjgl.opengl.MacOSXDisplay.update()V @ 86
Event: 81.549 Thread 0x00007f9fcd803800 Uncommon trap: reason=unstable_if action=reinterpret pc=0x000000010e5efdb0 method=org.lwjgl.opengl.MacOSXDisplay.update()V @ 86
Event: 158.774 Thread 0x00007f9fcd803800 Uncommon trap: reason=unstable_if action=reinterpret pc=0x000000010e89dc1c method=entities.Ball.isInTriangle(Lgeometry/Triangle;)Z @ 409

Internal exceptions (10 events):
Event: 0.087 Thread 0x00007f9fcd803800 Exception <a 'java/security/PrivilegedActionException'> (0x00000007957473d0) thrown at [/Users/java_re/workspace/8-2-build-macosx-x86_64/jdk8u60/4407/hotspot/src/share/vm/prims/jvm.cpp, line 1386]
Event: 0.128 Thread 0x00007f9fcd803800 Exception <a 'java/security/PrivilegedActionException'> (0x00000007958d95a8) thrown at [/Users/java_re/workspace/8-2-build-macosx-x86_64/jdk8u60/4407/hotspot/src/share/vm/prims/jvm.cpp, line 1386]
Event: 0.128 Thread 0x00007f9fcd803800 Exception <a 'java/security/PrivilegedActionException'> (0x00000007958d97b8) thrown at [/Users/java_re/workspace/8-2-build-macosx-x86_64/jdk8u60/4407/hotspot/src/share/vm/prims/jvm.cpp, line 1386]
Event: 0.128 Thread 0x00007f9fcd803800 Exception <a 'java/security/PrivilegedActionException'> (0x00000007958dcc40) thrown at [/Users/java_re/workspace/8-2-build-macosx-x86_64/jdk8u60/4407/hotspot/src/share/vm/prims/jvm.cpp, line 1386]
Event: 0.128 Thread 0x00007f9fcd803800 Exception <a 'java/security/PrivilegedActionException'> (0x00000007958dce50) thrown at [/Users/java_re/workspace/8-2-build-macosx-x86_64/jdk8u60/4407/hotspot/src/share/vm/prims/jvm.cpp, line 1386]
Event: 0.168 Thread 0x00007f9fcd803800 Exception <a 'java/lang/NoSuchFieldError': method resolution failed> (0x00000007959ac698) thrown at [/Users/java_re/workspace/8-2-build-macosx-x86_64/jdk8u60/4407/hotspot/src/share/vm/prims/methodHandles.cpp, line 1146]
Event: 0.171 Thread 0x00007f9fcd803800 Exception <a 'java/lang/NoSuchFieldError': method resolution failed> (0x00000007959b9de8) thrown at [/Users/java_re/workspace/8-2-build-macosx-x86_64/jdk8u60/4407/hotspot/src/share/vm/prims/methodHandles.cpp, line 1146]
Event: 0.307 Thread 0x00007f9fcd803800 Exception <a 'java/io/FileNotFoundException'> (0x0000000795a34dd0) thrown at [/Users/java_re/workspace/8-2-build-macosx-x86_64/jdk8u60/4407/hotspot/src/share/vm/prims/jni.cpp, line 709]
Event: 0.307 Thread 0x00007f9fcd803800 Exception <a 'java/io/FileNotFoundException'> (0x0000000795a35950) thrown at [/Users/java_re/workspace/8-2-build-macosx-x86_64/jdk8u60/4407/hotspot/src/share/vm/prims/jni.cpp, line 709]
Event: 0.320 Thread 0x00007f9fcd803800 Exception <a 'java/lang/UnsatisfiedLinkError'> (0x0000000795a50d98) thrown at [/Users/java_re/workspace/8-2-build-macosx-x86_64/jdk8u60/4407/hotspot/src/share/vm/prims/jvm.cpp, line 1390]

Events (10 events):
Event: 161.585 Executing VM operation: RevokeBias
Event: 161.585 Executing VM operation: RevokeBias done
Event: 161.585 Thread 0x00007f9fd368b800 Thread exited: 0x00007f9fd368b800
Event: 163.241 Executing VM operation: ParallelGCFailedAllocation
Event: 163.242 Executing VM operation: ParallelGCFailedAllocation done
Event: 166.033 Executing VM operation: ParallelGCFailedAllocation
Event: 166.035 Executing VM operation: ParallelGCFailedAllocation done
Event: 166.953 Thread 0x00007f9fcce99000 Thread added: 0x00007f9fcce99000
Event: 168.491 loading class org/lwjgl/opengl/CallbackUtil
Event: 168.491 loading class org/lwjgl/opengl/CallbackUtil done


Dynamic libraries:
0x00000000023a4000 	/System/Library/Frameworks/Cocoa.framework/Versions/A/Cocoa
0x00000000023a4000 	/System/Library/Frameworks/Security.framework/Versions/A/Security
0x00000000023a4000 	/System/Library/Frameworks/ApplicationServices.framework/Versions/A/ApplicationServices
0x00000000023a4000 	/usr/lib/libz.1.dylib
0x00000000023a4000 	/usr/lib/libSystem.B.dylib
0x00000000023a4000 	/usr/lib/libobjc.A.dylib
0x00000000023a4000 	/System/Library/Frameworks/CoreFoundation.framework/Versions/A/CoreFoundation
0x00000000023a4000 	/System/Library/Frameworks/Foundation.framework/Versions/C/Foundation
0x00000000023a4000 	/System/Library/Frameworks/AppKit.framework/Versions/C/AppKit
0x00000000023a4000 	/System/Library/Frameworks/CoreData.framework/Versions/A/CoreData
0x00000000023a4000 	/System/Library/PrivateFrameworks/RemoteViewServices.framework/Versions/A/RemoteViewServices
0x00000000023a4000 	/System/Library/PrivateFrameworks/UIFoundation.framework/Versions/A/UIFoundation
0x00000000023a4000 	/usr/lib/libScreenReader.dylib
0x00000000023a4000 	/System/Library/Frameworks/Accelerate.framework/Versions/A/Accelerate
0x00000000023a4000 	/System/Library/Frameworks/IOSurface.framework/Versions/A/IOSurface
0x00000000023a4000 	/System/Library/Frameworks/AudioToolbox.framework/Versions/A/AudioToolbox
0x00000000023a4000 	/System/Library/Frameworks/AudioUnit.framework/Versions/A/AudioUnit
0x00000000023a4000 	/System/Library/PrivateFrameworks/DataDetectorsCore.framework/Versions/A/DataDetectorsCore
0x00000000023a4000 	/System/Library/PrivateFrameworks/DesktopServicesPriv.framework/Versions/A/DesktopServicesPriv
0x00000000023a4000 	/System/Library/Frameworks/Carbon.framework/Versions/A/Frameworks/HIToolbox.framework/Versions/A/HIToolbox
0x00000000023a4000 	/System/Library/Frameworks/QuartzCore.framework/Versions/A/QuartzCore
0x00000000023a4000 	/System/Library/Frameworks/Carbon.framework/Versions/A/Frameworks/SpeechRecognition.framework/Versions/A/SpeechRecognition
0x00000000023a4000 	/usr/lib/libauto.dylib
0x00000000023a4000 	/usr/lib/libicucore.A.dylib
0x00000000023a4000 	/usr/lib/libxml2.2.dylib
0x00000000023a4000 	/System/Library/PrivateFrameworks/CoreUI.framework/Versions/A/CoreUI
0x00000000023a4000 	/System/Library/Frameworks/CoreAudio.framework/Versions/A/CoreAudio
0x00000000023a4000 	/System/Library/Frameworks/DiskArbitration.framework/Versions/A/DiskArbitration
0x00000000023a4000 	/usr/lib/liblangid.dylib
0x00000000023a4000 	/System/Library/PrivateFrameworks/MultitouchSupport.framework/Versions/A/MultitouchSupport
0x00000000023a4000 	/System/Library/Frameworks/IOKit.framework/Versions/A/IOKit
0x00000000023a4000 	/usr/lib/libDiagnosticMessagesClient.dylib
0x00000000023a4000 	/System/Library/Frameworks/CoreServices.framework/Versions/A/CoreServices
0x00000000023a4000 	/System/Library/PrivateFrameworks/PerformanceAnalysis.framework/Versions/A/PerformanceAnalysis
0x00000000023a4000 	/System/Library/PrivateFrameworks/GenerationalStorage.framework/Versions/A/GenerationalStorage
0x00000000023a4000 	/System/Library/Frameworks/OpenGL.framework/Versions/A/OpenGL
0x00000000023a4000 	/System/Library/PrivateFrameworks/Sharing.framework/Versions/A/Sharing
0x00000000023a4000 	/System/Library/Frameworks/CoreGraphics.framework/Versions/A/CoreGraphics
0x00000000023a4000 	/System/Library/Frameworks/CoreImage.framework/Versions/A/CoreImage
0x00000000023a4000 	/System/Library/Frameworks/CoreText.framework/Versions/A/CoreText
0x00000000023a4000 	/System/Library/Frameworks/ImageIO.framework/Versions/A/ImageIO
0x00000000023a4000 	/System/Library/PrivateFrameworks/Backup.framework/Versions/A/Backup
0x00000000023a4000 	/usr/lib/libextension.dylib
0x00000000023a4000 	/usr/lib/libarchive.2.dylib
0x00000000023a4000 	/System/Library/Frameworks/CFNetwork.framework/Versions/A/CFNetwork
0x00000000023a4000 	/System/Library/Frameworks/SystemConfiguration.framework/Versions/A/SystemConfiguration
0x00000000023a4000 	/usr/lib/libCRFSuite.dylib
0x00000000023a4000 	/usr/lib/libc++.1.dylib
0x00000000023a4000 	/usr/lib/libc++abi.dylib
0x00000000023a4000 	/usr/lib/system/libcache.dylib
0x00000000023a4000 	/usr/lib/system/libcommonCrypto.dylib
0x00000000023a4000 	/usr/lib/system/libcompiler_rt.dylib
0x00000000023a4000 	/usr/lib/system/libcopyfile.dylib
0x00000000023a4000 	/usr/lib/system/libcorecrypto.dylib
0x00000000023a4000 	/usr/lib/system/libdispatch.dylib
0x00000000023a4000 	/usr/lib/system/libdyld.dylib
0x00000000023a4000 	/usr/lib/system/libkeymgr.dylib
0x00000000023a4000 	/usr/lib/system/liblaunch.dylib
0x00000000023a4000 	/usr/lib/system/libmacho.dylib
0x00000000023a4000 	/usr/lib/system/libquarantine.dylib
0x00000000023a4000 	/usr/lib/system/libremovefile.dylib
0x00000000023a4000 	/usr/lib/system/libsystem_asl.dylib
0x00000000023a4000 	/usr/lib/system/libsystem_blocks.dylib
0x00000000023a4000 	/usr/lib/system/libsystem_c.dylib
0x00000000023a4000 	/usr/lib/system/libsystem_configuration.dylib
0x00000000023a4000 	/usr/lib/system/libsystem_coreservices.dylib
0x00000000023a4000 	/usr/lib/system/libsystem_coretls.dylib
0x00000000023a4000 	/usr/lib/system/libsystem_dnssd.dylib
0x00000000023a4000 	/usr/lib/system/libsystem_info.dylib
0x00000000023a4000 	/usr/lib/system/libsystem_kernel.dylib
0x00000000023a4000 	/usr/lib/system/libsystem_m.dylib
0x00000000023a4000 	/usr/lib/system/libsystem_malloc.dylib
0x00000000023a4000 	/usr/lib/system/libsystem_network.dylib
0x00000000023a4000 	/usr/lib/system/libsystem_networkextension.dylib
0x00000000023a4000 	/usr/lib/system/libsystem_notify.dylib
0x00000000023a4000 	/usr/lib/system/libsystem_platform.dylib
0x00000000023a4000 	/usr/lib/system/libsystem_pthread.dylib
0x00000000023a4000 	/usr/lib/system/libsystem_sandbox.dylib
0x00000000023a4000 	/usr/lib/system/libsystem_secinit.dylib
0x00000000023a4000 	/usr/lib/system/libsystem_trace.dylib
0x00000000023a4000 	/usr/lib/system/libunc.dylib
0x00000000023a4000 	/usr/lib/system/libunwind.dylib
0x00000000023a4000 	/usr/lib/system/libxpc.dylib
0x00000000023a4000 	/usr/lib/libenergytrace.dylib
0x00000000023a4000 	/usr/lib/libbsm.0.dylib
0x00000000023a4000 	/usr/lib/system/libkxld.dylib
0x00000000023a4000 	/usr/lib/libxar.1.dylib
0x00000000023a4000 	/usr/lib/libsqlite3.dylib
0x00000000023a4000 	/usr/lib/libpam.2.dylib
0x00000000023a4000 	/usr/lib/libOpenScriptingUtil.dylib
0x00000000023a4000 	/usr/lib/libbz2.1.0.dylib
0x00000000023a4000 	/usr/lib/liblzma.5.dylib
0x00000000023a4000 	/System/Library/Frameworks/CoreServices.framework/Versions/A/Frameworks/FSEvents.framework/Versions/A/FSEvents
0x00000000023a4000 	/System/Library/Frameworks/CoreServices.framework/Versions/A/Frameworks/CarbonCore.framework/Versions/A/CarbonCore
0x00000000023a4000 	/System/Library/Frameworks/CoreServices.framework/Versions/A/Frameworks/Metadata.framework/Versions/A/Metadata
0x00000000023a4000 	/System/Library/Frameworks/CoreServices.framework/Versions/A/Frameworks/OSServices.framework/Versions/A/OSServices
0x00000000023a4000 	/System/Library/Frameworks/CoreServices.framework/Versions/A/Frameworks/SearchKit.framework/Versions/A/SearchKit
0x00000000023a4000 	/System/Library/Frameworks/CoreServices.framework/Versions/A/Frameworks/AE.framework/Versions/A/AE
0x00000000023a4000 	/System/Library/Frameworks/CoreServices.framework/Versions/A/Frameworks/LaunchServices.framework/Versions/A/LaunchServices
0x00000000023a4000 	/System/Library/Frameworks/CoreServices.framework/Versions/A/Frameworks/DictionaryServices.framework/Versions/A/DictionaryServices
0x00000000023a4000 	/System/Library/Frameworks/CoreServices.framework/Versions/A/Frameworks/SharedFileList.framework/Versions/A/SharedFileList
0x00000000023a4000 	/System/Library/Frameworks/NetFS.framework/Versions/A/NetFS
0x00000000023a4000 	/System/Library/PrivateFrameworks/NetAuth.framework/Versions/A/NetAuth
0x00000000023a4000 	/System/Library/PrivateFrameworks/login.framework/Versions/A/Frameworks/loginsupport.framework/Versions/A/loginsupport
0x00000000023a4000 	/System/Library/PrivateFrameworks/TCC.framework/Versions/A/TCC
0x00000000023a4000 	/usr/lib/libmecabra.dylib
0x00000000023a4000 	/System/Library/Frameworks/ApplicationServices.framework/Versions/A/Frameworks/ATS.framework/Versions/A/ATS
0x00000000023a4000 	/System/Library/Frameworks/ApplicationServices.framework/Versions/A/Frameworks/ColorSync.framework/Versions/A/ColorSync
0x00000000023a4000 	/System/Library/Frameworks/ApplicationServices.framework/Versions/A/Frameworks/HIServices.framework/Versions/A/HIServices
0x00000000023a4000 	/System/Library/Frameworks/ApplicationServices.framework/Versions/A/Frameworks/LangAnalysis.framework/Versions/A/LangAnalysis
0x00000000023a4000 	/System/Library/Frameworks/ApplicationServices.framework/Versions/A/Frameworks/PrintCore.framework/Versions/A/PrintCore
0x00000000023a4000 	/System/Library/Frameworks/ApplicationServices.framework/Versions/A/Frameworks/QD.framework/Versions/A/QD
0x00000000023a4000 	/System/Library/Frameworks/ApplicationServices.framework/Versions/A/Frameworks/SpeechSynthesis.framework/Versions/A/SpeechSynthesis
0x00000000023a4000 	/System/Library/Frameworks/Metal.framework/Versions/A/Metal
0x00000000023a4000 	/System/Library/Frameworks/Accelerate.framework/Versions/A/Frameworks/vImage.framework/Versions/A/vImage
0x00000000023a4000 	/System/Library/Frameworks/Accelerate.framework/Versions/A/Frameworks/vecLib.framework/Versions/A/vecLib
0x00000000023a4000 	/System/Library/Frameworks/Accelerate.framework/Versions/A/Frameworks/vecLib.framework/Versions/A/libvDSP.dylib
0x00000000023a4000 	/System/Library/Frameworks/Accelerate.framework/Versions/A/Frameworks/vecLib.framework/Versions/A/libvMisc.dylib
0x00000000023a4000 	/System/Library/Frameworks/Accelerate.framework/Versions/A/Frameworks/vecLib.framework/Versions/A/libLAPACK.dylib
0x00000000023a4000 	/System/Library/Frameworks/Accelerate.framework/Versions/A/Frameworks/vecLib.framework/Versions/A/libBLAS.dylib
0x00000000023a4000 	/System/Library/Frameworks/Accelerate.framework/Versions/A/Frameworks/vecLib.framework/Versions/A/libLinearAlgebra.dylib
0x00000000023a4000 	/System/Library/Frameworks/Accelerate.framework/Versions/A/Frameworks/vecLib.framework/Versions/A/libSparseBLAS.dylib
0x00000000023a4000 	/System/Library/PrivateFrameworks/GPUCompiler.framework/libmetal_timestamp.dylib
0x00000000023a4000 	/System/Library/Frameworks/OpenGL.framework/Versions/A/Libraries/libCoreFSCache.dylib
0x00000000023a4000 	/System/Library/PrivateFrameworks/IOAccelerator.framework/Versions/A/IOAccelerator
0x00000000023a4000 	/System/Library/Frameworks/ApplicationServices.framework/Versions/A/Frameworks/ATS.framework/Versions/A/Resources/libFontParser.dylib
0x00000000023a4000 	/System/Library/Frameworks/ApplicationServices.framework/Versions/A/Frameworks/ATS.framework/Versions/A/Resources/libFontRegistry.dylib
0x00000000023a4000 	/System/Library/PrivateFrameworks/AppleVPA.framework/Versions/A/AppleVPA
0x00000000023a4000 	/System/Library/PrivateFrameworks/AppleJPEG.framework/Versions/A/AppleJPEG
0x00000000023a4000 	/System/Library/Frameworks/ImageIO.framework/Versions/A/Resources/libJPEG.dylib
0x00000000023a4000 	/System/Library/Frameworks/ImageIO.framework/Versions/A/Resources/libTIFF.dylib
0x00000000023a4000 	/System/Library/Frameworks/ImageIO.framework/Versions/A/Resources/libPng.dylib
0x00000000023a4000 	/System/Library/Frameworks/ImageIO.framework/Versions/A/Resources/libGIF.dylib
0x00000000023a4000 	/System/Library/Frameworks/ImageIO.framework/Versions/A/Resources/libJP2.dylib
0x00000000023a4000 	/System/Library/Frameworks/ImageIO.framework/Versions/A/Resources/libRadiance.dylib
0x00000000023a4000 	/System/Library/Frameworks/CoreVideo.framework/Versions/A/CoreVideo
0x00000000023a4000 	/System/Library/Frameworks/OpenGL.framework/Versions/A/Libraries/libGLU.dylib
0x00000000023a4000 	/System/Library/Frameworks/OpenGL.framework/Versions/A/Libraries/libGFXShared.dylib
0x00000000023a4000 	/System/Library/Frameworks/OpenGL.framework/Versions/A/Libraries/libGL.dylib
0x00000000023a4000 	/System/Library/Frameworks/OpenGL.framework/Versions/A/Libraries/libGLImage.dylib
0x00000000023a4000 	/System/Library/Frameworks/OpenGL.framework/Versions/A/Libraries/libCVMSPluginSupport.dylib
0x00000000023a4000 	/System/Library/Frameworks/OpenGL.framework/Versions/A/Libraries/libCoreVMClient.dylib
0x00000000023a4000 	/usr/lib/libcups.2.dylib
0x00000000023a4000 	/System/Library/Frameworks/Kerberos.framework/Versions/A/Kerberos
0x00000000023a4000 	/System/Library/Frameworks/GSS.framework/Versions/A/GSS
0x00000000023a4000 	/usr/lib/libresolv.9.dylib
0x00000000023a4000 	/usr/lib/libiconv.2.dylib
0x00000000023a4000 	/System/Library/PrivateFrameworks/Heimdal.framework/Versions/A/Heimdal
0x00000000023a4000 	/usr/lib/libheimdal-asn1.dylib
0x00000000023a4000 	/System/Library/Frameworks/OpenDirectory.framework/Versions/A/OpenDirectory
0x00000000023a4000 	/System/Library/PrivateFrameworks/CommonAuth.framework/Versions/A/CommonAuth
0x00000000023a4000 	/System/Library/Frameworks/OpenDirectory.framework/Versions/A/Frameworks/CFOpenDirectory.framework/Versions/A/CFOpenDirectory
0x00000000023a4000 	/System/Library/Frameworks/SecurityFoundation.framework/Versions/A/SecurityFoundation
0x00000000023a4000 	/System/Library/PrivateFrameworks/LanguageModeling.framework/Versions/A/LanguageModeling
0x00000000023a4000 	/usr/lib/libmarisa.dylib
0x00000000023a4000 	/usr/lib/libChineseTokenizer.dylib
0x00000000023a4000 	/usr/lib/libcmph.dylib
0x00000000023a4000 	/usr/lib/libcompression.dylib
0x00000000023a4000 	/System/Library/Frameworks/ServiceManagement.framework/Versions/A/ServiceManagement
0x00000000023a4000 	/usr/lib/libxslt.1.dylib
0x00000000023a4000 	/System/Library/Frameworks/Carbon.framework/Versions/A/Frameworks/Ink.framework/Versions/A/Ink
0x00000000023a4000 	/usr/lib/libFosl_dynamic.dylib
0x00000000023a4000 	/System/Library/PrivateFrameworks/FaceCore.framework/Versions/A/FaceCore
0x00000000023a4000 	/System/Library/Frameworks/OpenCL.framework/Versions/A/OpenCL
0x00000000023a4000 	/System/Library/PrivateFrameworks/CrashReporterSupport.framework/Versions/A/CrashReporterSupport
0x00000000023a4000 	/System/Library/PrivateFrameworks/IconServices.framework/Versions/A/IconServices
0x00000000023a4000 	/System/Library/PrivateFrameworks/Apple80211.framework/Versions/A/Apple80211
0x00000000023a4000 	/System/Library/Frameworks/CoreWLAN.framework/Versions/A/CoreWLAN
0x00000000023a4000 	/System/Library/Frameworks/IOBluetooth.framework/Versions/A/IOBluetooth
0x00000000023a4000 	/System/Library/PrivateFrameworks/CoreWiFi.framework/Versions/A/CoreWiFi
0x00000000023a4000 	/System/Library/Frameworks/CoreBluetooth.framework/Versions/A/CoreBluetooth
0x00000000023a4000 	/System/Library/PrivateFrameworks/ChunkingLibrary.framework/Versions/A/ChunkingLibrary
0x00000000023a4000 	/System/Library/PrivateFrameworks/DebugSymbols.framework/Versions/A/DebugSymbols
0x00000000023a4000 	/System/Library/PrivateFrameworks/CoreSymbolication.framework/Versions/A/CoreSymbolication
0x00000000023a4000 	/System/Library/PrivateFrameworks/Symbolication.framework/Versions/A/Symbolication
0x00000000023a4000 	/System/Library/PrivateFrameworks/SpeechRecognitionCore.framework/Versions/A/SpeechRecognitionCore
0x000000010d400000 	/Library/Java/JavaVirtualMachines/jdk1.8.0_60.jdk/Contents/Home/jre/lib/server/libjvm.dylib
0x00000000023a4000 	/usr/lib/libstdc++.6.dylib
0x000000010ca48000 	/Library/Java/JavaVirtualMachines/jdk1.8.0_60.jdk/Contents/Home/jre/lib/libverify.dylib
0x000000010ca56000 	/Library/Java/JavaVirtualMachines/jdk1.8.0_60.jdk/Contents/Home/jre/lib/libjava.dylib
0x000000010ca95000 	/Library/Java/JavaVirtualMachines/jdk1.8.0_60.jdk/Contents/Home/jre/lib/libzip.dylib
0x0000000123b8a000 	/System/Library/Frameworks/JavaVM.framework/Frameworks/JavaRuntimeSupport.framework/JavaRuntimeSupport
0x0000000123ba5000 	/System/Library/Frameworks/JavaVM.framework/Versions/A/Frameworks/JavaNativeFoundation.framework/Versions/A/JavaNativeFoundation
0x0000000123bba000 	/System/Library/Frameworks/JavaVM.framework/Versions/A/JavaVM
0x00000000023a4000 	/System/Library/Frameworks/Carbon.framework/Versions/A/Carbon
0x0000000123bc7000 	/System/Library/PrivateFrameworks/JavaLaunching.framework/Versions/A/JavaLaunching
0x00000000023a4000 	/System/Library/Frameworks/Carbon.framework/Versions/A/Frameworks/CommonPanels.framework/Versions/A/CommonPanels
0x00000000023a4000 	/System/Library/Frameworks/Carbon.framework/Versions/A/Frameworks/Help.framework/Versions/A/Help
0x00000000023a4000 	/System/Library/Frameworks/Carbon.framework/Versions/A/Frameworks/ImageCapture.framework/Versions/A/ImageCapture
0x00000000023a4000 	/System/Library/Frameworks/Carbon.framework/Versions/A/Frameworks/OpenScripting.framework/Versions/A/OpenScripting
0x00000000023a4000 	/System/Library/Frameworks/Carbon.framework/Versions/A/Frameworks/Print.framework/Versions/A/Print
0x00000000023a4000 	/System/Library/Frameworks/Carbon.framework/Versions/A/Frameworks/SecurityHI.framework/Versions/A/SecurityHI
0x0000000125553000 	/Library/Java/JavaVirtualMachines/jdk1.8.0_60.jdk/Contents/Home/jre/lib/libawt.dylib
0x00000001255fb000 	/Library/Java/JavaVirtualMachines/jdk1.8.0_60.jdk/Contents/Home/jre/lib/./libmlib_image.dylib
0x00000001256c7000 	/Library/Java/JavaVirtualMachines/jdk1.8.0_60.jdk/Contents/Home/jre/lib/libawt_lwawt.dylib
0x000000012577c000 	/Library/Java/JavaVirtualMachines/jdk1.8.0_60.jdk/Contents/Home/jre/lib/./libosxapp.dylib
0x00000000023a4000 	/System/Library/Frameworks/ExceptionHandling.framework/Versions/A/ExceptionHandling
0x00000000023a4000 	/System/Library/PrivateFrameworks/CoreServicesInternal.framework/Versions/A/CoreServicesInternal
0x00000000023a4000 	/System/Library/Frameworks/CoreGraphics.framework/Versions/A/Resources/libRIP.A.dylib
0x00000000023a4000 	/System/Library/Frameworks/Accelerate.framework/Versions/A/Frameworks/vImage.framework/Versions/A/Libraries/libCGInterfaces.dylib
0x00000000023a4000 	/System/Library/Frameworks/CoreGraphics.framework/Versions/A/Resources/libCGXType.A.dylib
0x00000000023a4000 	/System/Library/Frameworks/OpenCL.framework/Versions/A/Libraries/libcldcpuengine.dylib
0x00000000023a4000 	/System/Library/PrivateFrameworks/DiskImages.framework/Versions/A/DiskImages
0x00000000023a4000 	/System/Library/Frameworks/DiscRecording.framework/Versions/A/DiscRecording
0x00000000023a4000 	/usr/lib/libcsfde.dylib
0x00000000023a4000 	/usr/lib/libcurl.4.dylib
0x00000000023a4000 	/System/Library/PrivateFrameworks/MediaKit.framework/Versions/A/MediaKit
0x00000000023a4000 	/System/Library/PrivateFrameworks/ProtectedCloudStorage.framework/Versions/A/ProtectedCloudStorage
0x00000000023a4000 	/usr/lib/libCoreStorage.dylib
0x00000000023a4000 	/System/Library/PrivateFrameworks/EFILogin.framework/Versions/A/EFILogin
0x00000000023a4000 	/usr/lib/libutil.dylib
0x00000000023a4000 	/System/Library/PrivateFrameworks/FindMyDevice.framework/Versions/A/FindMyDevice
0x00000000023a4000 	/System/Library/Frameworks/LDAP.framework/Versions/A/LDAP
0x00000000023a4000 	/usr/lib/libsasl2.2.dylib
0x00000000023a4000 	/System/Library/PrivateFrameworks/CoreDaemon.framework/Versions/B/CoreDaemon
0x00000000023a4000 	/usr/lib/libcrypto.0.9.8.dylib
0x00000000023a4000 	/System/Library/PrivateFrameworks/AppleSRP.framework/Versions/A/AppleSRP
0x00000000023a4000 	/System/Library/PrivateFrameworks/TrustEvaluationAgent.framework/Versions/A/TrustEvaluationAgent
0x000000012726d000 	cl_kernels
0x00000000023a4000 	/System/Library/Frameworks/OpenCL.framework/Versions/A/Libraries/ImageFormats/unorm8_bgra.dylib
0x00000000023a4000 	/System/Library/Frameworks/OpenCL.framework/Versions/A/Libraries/ImageFormats/unorm8_rgba.dylib
0x00000000023a4000 	/System/Library/PrivateFrameworks/FamilyControls.framework/Versions/A/FamilyControls
0x00000000023a4000 	/System/Library/PrivateFrameworks/CommerceKit.framework/Versions/A/Frameworks/CommerceCore.framework/Versions/A/CommerceCore
0x00000000023a4000 	/System/Library/PrivateFrameworks/SystemAdministration.framework/Versions/A/SystemAdministration
0x00000000023a4000 	/System/Library/PrivateFrameworks/AppContainer.framework/Versions/A/AppContainer
0x00000000023a4000 	/System/Library/PrivateFrameworks/SecCodeWrapper.framework/Versions/A/SecCodeWrapper
0x00000000023a4000 	/System/Library/Frameworks/DirectoryService.framework/Versions/A/DirectoryService
0x00000000023a4000 	/System/Library/PrivateFrameworks/LoginUIKit.framework/Versions/A/Frameworks/LoginUICore.framework/Versions/A/LoginUICore
0x00000000023a4000 	/usr/lib/libodfde.dylib
0x0000000128348000 	/Library/Java/JavaVirtualMachines/jdk1.8.0_60.jdk/Contents/Home/jre/lib/libfontmanager.dylib
0x00000001283af000 	/Users/nordineaouni/git/MiniGolf2/res/lib/native/macosx/liblwjgl.jnilib
0x0000000126689000 	/Library/Java/JavaVirtualMachines/jdk1.8.0_60.jdk/Contents/Home/jre/lib/libjawt.dylib
0x00000000023a4000 	/System/Library/Frameworks/OpenGL.framework/Versions/A/Resources/GLEngine.bundle/GLEngine
0x00000000023a4000 	/System/Library/Frameworks/OpenGL.framework/Versions/A/Libraries/libGLProgrammability.dylib
0x000000012842e000 	/System/Library/Extensions/AppleIntelBDWGraphicsGLDriver.bundle/Contents/MacOS/AppleIntelBDWGraphicsGLDriver
0x00000000023a4000 	/System/Library/PrivateFrameworks/GPUSupport.framework/Versions/A/Libraries/libGPUSupportMercury.dylib
0x00000000023a4000 	/System/Library/Frameworks/OpenGL.framework/Versions/A/Resources/GLRendererFloat.bundle/GLRendererFloat

VM Arguments:
jvm_args: -Djava.library.path=/Users/nordineaouni/git/MiniGolf2/res/lib/native/macosx:/Users/nordineaouni/git/MiniGolf2/res/lib/native/windows -Dfile.encoding=UTF-8 
java_command: engineTester.MainGameLoop
java_class_path (initial): /Users/nordineaouni/git/MiniGolf2/bin:/Users/nordineaouni/Documents/DKE/Project1-2-1/res/lib/jar/AppleJavaExtensions.jar:/Users/nordineaouni/Documents/DKE/Project1-2-1/res/lib/jar/asm-debug-all.jar:/Users/nordineaouni/Documents/DKE/Project1-2-1/res/lib/jar/jinput.jar:/Users/nordineaouni/Documents/DKE/Project1-2-1/res/lib/jar/lwjgl_test.jar:/Users/nordineaouni/Documents/DKE/Project1-2-1/res/lib/jar/lwjgl_util_applet.jar:/Users/nordineaouni/Documents/DKE/Project1-2-1/res/lib/jar/lwjgl_util.jar:/Users/nordineaouni/Documents/DKE/Project1-2-1/res/lib/jar/lwjgl-debug.jar:/Users/nordineaouni/Documents/DKE/Project1-2-1/res/lib/jar/lwjgl.jar:/Users/nordineaouni/Documents/DKE/Project1-2-1/res/lib/jar/lzma.jar:/Users/nordineaouni/Documents/DKE/Project1-2-1/res/lib/jar/PNGDecoder.jar:/Users/nordineaouni/Documents/DKE/Project1-2-1/res/lib/jar/slick-util.jar
Launcher Type: SUN_STANDARD

Environment Variables:
PATH=/usr/bin:/bin:/usr/sbin:/sbin
SHELL=/bin/bash

Signal Handlers:
SIGSEGV: [libjvm.dylib+0x5a6d31], sa_mask[0]=11111111011111110111111111111111, sa_flags=SA_ONSTACK|SA_RESTART|SA_SIGINFO
SIGBUS: [libjvm.dylib+0x5a6d31], sa_mask[0]=11111111011111110111111111111111, sa_flags=SA_RESTART|SA_SIGINFO
SIGFPE: [libjvm.dylib+0x480a4c], sa_mask[0]=11111111011111110111111111111111, sa_flags=SA_RESTART|SA_SIGINFO
SIGPIPE: [libjvm.dylib+0x480a4c], sa_mask[0]=11111111011111110111111111111111, sa_flags=SA_RESTART|SA_SIGINFO
SIGXFSZ: [libjvm.dylib+0x480a4c], sa_mask[0]=11111111011111110111111111111111, sa_flags=SA_RESTART|SA_SIGINFO
SIGILL: [libjvm.dylib+0x480a4c], sa_mask[0]=11111111011111110111111111111111, sa_flags=SA_RESTART|SA_SIGINFO
SIGUSR1: SIG_DFL, sa_mask[0]=00000000000000000000000000000000, sa_flags=none
SIGUSR2: [libjvm.dylib+0x48056a], sa_mask[0]=00100000000000000000000000000000, sa_flags=SA_RESTART|SA_SIGINFO
SIGHUP: [libjvm.dylib+0x47eb41], sa_mask[0]=11111111011111110111111111111111, sa_flags=SA_RESTART|SA_SIGINFO
SIGINT: [libjvm.dylib+0x47eb41], sa_mask[0]=11111111011111110111111111111111, sa_flags=SA_RESTART|SA_SIGINFO
SIGTERM: [libjvm.dylib+0x47eb41], sa_mask[0]=11111111011111110111111111111111, sa_flags=SA_RESTART|SA_SIGINFO
SIGQUIT: [libjvm.dylib+0x47eb41], sa_mask[0]=11111111011111110111111111111111, sa_flags=SA_RESTART|SA_SIGINFO


---------------  S Y S T E M  ---------------

OS:Bsduname:Darwin 15.4.0 Darwin Kernel Version 15.4.0: Fri Feb 26 22:08:05 PST 2016; root:xnu-3248.40.184~3/RELEASE_X86_64 x86_64
rlimit: STACK 8192k, CORE 0k, NPROC 709, NOFILE 10240, AS infinity
load average:2.05 1.72 1.56

CPU:total 4 (2 cores per cpu, 2 threads per core) family 6 model 61 stepping 4, cmov, cx8, fxsr, mmx, sse, sse2, sse3, ssse3, sse4.1, sse4.2, popcnt, avx, avx2, aes, clmul, erms, 3dnowpref, lzcnt, ht, tsc, tscinvbit, bmi1, bmi2, adx

Memory: 4k page, physical 8388608k(3299268k free)

/proc/meminfo:


vm_info: Java HotSpot(TM) 64-Bit Server VM (25.60-b23) for bsd-amd64 JRE (1.8.0_60-b27), built on Aug  4 2015 10:47:24 by "java_re" with gcc 4.2.1 (Based on Apple Inc. build 5658) (LLVM build 2336.11.00)

time: Thu May 26 16:37:05 2016
elapsed time: 168 seconds (0d 0h 2m 48s)

