#
# A fatal error has been detected by the Java Runtime Environment:
#
#  SIGSEGV (0xb) at pc=0x00007fff8cefa4dd, pid=786, tid=2571
#
# JRE version: Java(TM) SE Runtime Environment (8.0_60-b27) (build 1.8.0_60-b27)
# Java VM: Java HotSpot(TM) 64-Bit Server VM (25.60-b23 mixed mode bsd-amd64 compressed oops)
# Problematic frame:
# C  [libobjc.A.dylib+0x14dd]  objc_msgSend+0x1d
#
# Failed to write core dump. Core dumps have been disabled. To enable core dumping, try "ulimit -c unlimited" before starting Java again
#
# If you would like to submit a bug report, please visit:
#   http://bugreport.java.com/bugreport/crash.jsp
# The crash happened outside the Java Virtual Machine in native code.
# See problematic frame for where to report the bug.
#

---------------  T H R E A D  ---------------

Current thread (0x00007fd5b28be000):  JavaThread "AppKit Thread" daemon [_thread_in_native, id=2571, stack(0x00007fff5677b000,0x00007fff56f7b000)]

siginfo: si_signo: 11 (SIGSEGV), si_code: 1 (SEGV_MAPERR), si_addr: 0x0000000000000018

Registers:
RAX=0x0000000000000002, RBX=0x00007fd5b1e31ff0, RCX=0x0000000122b2cbe0, RDX=0x0000000122b2c5e0
RSP=0x00007fff56f763c8, RBP=0x00007fff56f763f0, RSI=0x00007fff8b13a7b2, RDI=0x00007fd5b1e31ff0
R8 =0x00007fd5b324a600, R9 =0xffffffffffffffff, R10=0x00007fff8b13a7b2, R11=0x0000000000000000
R12=0x00007fd5b1c81250, R13=0x00007fd5b1f3c7f0, R14=0x00007fd5b1c81250, R15=0x0000000000000000
RIP=0x00007fff8cefa4dd, EFLAGS=0x0000000000010246, ERR=0x0000000000000004
  TRAPNO=0x000000000000000e

Top of Stack: (sp=0x00007fff56f763c8)
0x00007fff56f763c8:   0000000124875f4e 00007fd5b1c81250
0x00007fff56f763d8:   00000001248a9cb8 00007fd5b1f3c7f0
0x00007fff56f763e8:   0000000000000094 00007fff56f768d0
0x00007fff56f763f8:   00007fff8a85589b 0000000000000000
0x00007fff56f76408:   0000000000000000 4089000000000000
0x00007fff56f76418:   4082c00000000000 0000000000000000
0x00007fff56f76428:   0000000000000000 4089000000000000
0x00007fff56f76438:   4082c00000000000 0000000000000000
0x00007fff56f76448:   0000000000000000 4089000000000000
0x00007fff56f76458:   4083700000000000 401c000000000000
0x00007fff56f76468:   4082d80000000000 0000000000000000
0x00007fff56f76478:   0000000000000000 00007fff8b0f9d4e
0x00007fff56f76488:   4082d80000000000 402c000000000000
0x00007fff56f76498:   00007fd5b1c83570 0000000100000000
0x00007fff56f764a8:   0000000000000000 00007fd5b1f3cf30
0x00007fff56f764b8:   0000000000000000 0000000000000000
0x00007fff56f764c8:   00007fff56f76600 00007fff56f76620
0x00007fff56f764d8:   00007fff8a91809c 401c000000000000
0x00007fff56f764e8:   4082d80000000000 00007fff56f76620
0x00007fff56f764f8:   00007fff8a919e6e 401c000000000000
0x00007fff56f76508:   4082d80000000000 402c000000000000
0x00007fff56f76518:   4030000000000000 0000000000000000
0x00007fff56f76528:   0000000000000000 4089000000000000
0x00007fff56f76538:   4083700000000000 401c000000000000
0x00007fff56f76548:   4082d80000000000 402c000000000000
0x00007fff56f76558:   4030000000000000 0000000000000000
0x00007fff56f76568:   0000000000000000 0000000108ca3a00
0x00007fff56f76578:   0000000000000004 00007fd5b1fa3030
0x00007fff56f76588:   0000000000000000 0000000000000a30
0x00007fff56f76598:   0000000108ca0000 00007fff56f76640
0x00007fff56f765a8:   00007fff93174dcc 0000000000000000
0x00007fff56f765b8:   0000000000000000 0000000000000a31 

Instructions: (pc=0x00007fff8cefa4dd)
0x00007fff8cefa4bd:   44 00 00 48 85 ff 2e 74 62 40 f6 c7 01 2e 75 66
0x00007fff8cefa4cd:   49 bb f8 ff ff ff ff 7f 00 00 4c 23 1f 49 89 f2
0x00007fff8cefa4dd:   45 23 53 18 49 c1 e2 04 4d 03 53 10 49 3b 32 75
0x00007fff8cefa4ed:   04 41 ff 62 08 49 83 3a 01 76 0d 49 83 c2 10 49 

Register to memory mapping:

RAX=0x0000000000000002 is an unknown value
RBX=0x00007fd5b1e31ff0 is an unknown value
RCX=0x0000000122b2cbe0 is an unknown value
RDX=0x0000000122b2c5e0 is an unknown value
RSP=0x00007fff56f763c8 is pointing into the stack for thread: 0x00007fd5b28be000
RBP=0x00007fff56f763f0 is pointing into the stack for thread: 0x00007fd5b28be000
RSI=0x00007fff8b13a7b2: -[NSTitlebarContainerView transparent]+0x62ff0 in /System/Library/Frameworks/AppKit.framework/Versions/C/AppKit at 0x00007fff8a6ad000
RDI=0x00007fd5b1e31ff0 is an unknown value
R8 =0x00007fd5b324a600 is an unknown value
R9 =0xffffffffffffffff is an unknown value
R10=