#
# A fatal error has been detected by the Java Runtime Environment:
#
#  SIGSEGV (0xb) at pc=0x00007fff9cdc38e2, pid=684, tid=2571
#
# JRE version: Java(TM) SE Runtime Environment (8.0_60-b27) (build 1.8.0_60-b27)
# Java VM: Java HotSpot(TM) 64-Bit Server VM (25.60-b23 mixed mode bsd-amd64 compressed oops)
# Problematic frame:
# C  [libGPUSupportMercury.dylib+0xa8e2]  gldAttachDrawable+0x60
#
# Failed to write core dump. Core dumps have been disabled. To enable core dumping, try "ulimit -c unlimited" before starting Java again
#
# If you would like to submit a bug report, please visit:
#   http://bugreport.java.com/bugreport/crash.jsp
# The crash happened outside the Java Virtual Machine in native code.
# See problematic frame for where to report the bug.
#

---------------  T H R E A D  ---------------

Current thread (0x00007fc28c8e8000):  JavaThread "AppKit Thread" daemon [_thread_in_native, id=2571, stack(0x00007fff58d8f000,0x00007fff5958f000)]

siginfo: si_signo: 11 (SIGSEGV), si_code: 0 (unknown), si_addr: 0x0000000000000000

Registers:
RAX=0x9000000000000000, RBX=0x000000000000271e, RCX=0x0000000000000000, RDX=0x00007fc28be8da88
RSP=0x00007fff59589fa0, RBP=0x00007fff5958a0a0, RSI=0x0000000000000050, RDI=0x4d00e43336ef9513
R8 =0x00007fc28f009e60, R9 =0x00007fc28e800000, R10=0x000000000000003c, R11=0x0000000000000206
R12=0x0000000000002718, R13=0x00007fc28c9ab600, R14=0x0000000000000050, R15=0x0000000000000000
RIP=0x00007fff9cdc38e2, EFLAGS=0x0000000000010212, ERR=0x0000000000000000
  TRAPNO=0x000000000000000d

Top of Stack: (sp=0x00007fff59589fa0)
0x00007fff59589fa0:   000000000001564b 00000000000001ed
0x00007fff59589fb0:   00007fff59589ff0 00007fff8cc69a0e
0x00007fff59589fc0:   0000000000000000 4036000000000000
0x00007fff59589fd0:   4084500000000000 9000000000000000
0x00007fff59589fe0:   222430cc0001564b 00000000222430cc
0x00007fff59589ff0:   00007fff5958a0e0 00007fff8cc78d6e
0x00007fff5958a000:   0000000000000000 4036000000000000
0x00007fff5958a010:   4084500000000000 4079000000000000
0x00007fff5958a020:   7ff0000000000000 7ff0000000000000
0x00007fff5958a030:   0000000000000000 0000000000000000
0x00007fff5958a040:   00000000000001ed 00007fc28bf486f0
0x00007fff5958a050:   7ff0000000000000 7ff0000000000000
0x00007fff5958a060:   00007fff5958a090 00007fff8cbd5fbe
0x00007fff5958a070:   4d00e43336ef9513 00007fc28f000000
0x00007fff5958a080:   0000000000002718 0000000000000000
0x00007fff5958a090:   0000000000000050 0000000000000000
0x00007fff5958a0a0:   00007fff5958a100 00007fff948d4553
0x00007fff5958a0b0:   4094000000000000 0000000000000000
0x00007fff5958a0c0:   00007fc28f009e60 000000000001564b
0x00007fff5958a0d0:   00007fc28be8da88 00007fc28bd562c0
0x00007fff5958a0e0:   0000000000000000 00007fc28d92c550
0x00007fff5958a0f0:   00007fc28d92a600 4d00e43336ef9513
0x00007fff5958a100:   00007fff5958a1f0 00007fff8cad8844
0x00007fff5958a110:   4089000000000000 4073b00000000000
0x00007fff5958a120:   4066400000000000 4084500000000000
0x00007fff5958a130:   407a600000000000 0000000000000000
0x00007fff5958a140:   4036000000000000 4084500000000000
0x00007fff5958a150:   4079000000000000 0000000000000000
0x00007fff5958a160:   0000000000000000 0000000000000001
0x00007fff5958a170:   00007fc28be8da88 0000000000000001
0x00007fff5958a180:   00007fff5958a1f0 00007fff8cadd5da
0x00007fff5958a190:   0000000000000003 0000000100000001 

Instructions: (pc=0x00007fff9cdc38e2)
0x00007fff9cdc38c2:   48 85 d2 b8 01 00 00 00 bb 15 27 00 00 0f 44 d8
0x00007fff9cdc38d2:   e9 29 03 00 00 49 8b 45 08 48 89 85 38 ff ff ff
0x00007fff9cdc38e2:   48 8b 00 48 89 85 30 ff ff ff 83 fe 4f 0f 8f 03
0x00007fff9cdc38f2:   01 00 00 48 89 d0 bb 15 27 00 00 83 fe 35 0f 84 

Register to memory mapping:

RAX=0x9000000000000000 is an unknown value
RBX=0x000000000000271e is an unknown value
RCX=0x0000000000000000 is an unknown value
RDX=0x00007fc28be8da88 is an unknown value
RSP=0x00007fff59589fa0 is pointing into the stack for thread: 0x00007fc28c8e8000
RBP=0x00007fff5958a0a0 is pointing into the stack for thread: 0x00007fc28c8e8000
RSI=0x0000000000000050 is an unknown value
RDI=0x4d00e43336ef9513 is an unknown value
R8 =0x00007fc28f009e60 is an unknown value
R9 =0x00007fc28e800000 is an unknown value
R10=0x000000000000003c is an unknown value
R11=0x0000000000000206 is an unknown value
R12=0x0000000000002718 is an unknown value
R13=0x00007fc28c9ab600 is an unknown value
R14=0x0000000000000050 is an unknown value
R15=0x0000000000000000 is an unknown value


Stack: [0x00007fff58d8f000,0x00007fff5958f000],  sp=0x00007fff59589fa0,  free space=8171k
Native frames: (J=compiled Java code, j=interpreted, Vv=VM code, C=native code)
C  [libGPUSupportMercury.dylib+0xa8e2]  gldAttachDrawable+0x60
C  [GLEngine+0x16553]  gliAttachDrawableWithOptions+0x108
C  [OpenGL+0x3844]  glcGetIOAccelService+0xe35
C  [OpenGL+0x7370]  CGLSetPBuffer+0xb38
C  [OpenGL+0x7695]  CGLSetSurface+0x124
C  [AppKit+0x358f74]  NSOpenGLContextAttachOnScreenViewSurface+0x109
C  [AppKit+0x685767]  __27-[NSOpenGLContext setView:]_block_invoke+0xc0
C  [AppKit+0x183429]  NSPerformVisuallyAtomicChange+0x93
C  [AppKit+0x345cd9]  -[NSOpenGLContext setView:]+0x77
C  [liblwjgl.jnilib+0x9f3e]  -[MacOSXOpenGLView lockFocus]+0x6e
C  [AppKit+0x1a889b]  -[NSView _recursiveDisplayRectIfNeededIgnoringOpacity:isVisibleRect:rectIsVisibleRectForView:topView:]+0x6e2
C  [AppKit+0x1a9889]  -[NSView _recursiveDisplayRectIfNeededIgnoringOpacity:isVisibleRect:rectIsVisibleRectForView:topView:]+0x16d0
C  [AppKit+0x1a7ce4]  -[NSThemeFrame _recursiveDisplayRectIfNeededIgnoringOpacity:isVisibleRect:rectIsVisibleRectForView:topView:]+0x14e
C  [AppKit+0x1a60ef]  -[NSView _displayRectIgnoringOpacity:isVisibleRect:rectIsVisibleRectForView:]+0x991
C  [AppKit+0x1a14f9]  -[NSView displayIfNeeded]+0x79e
C  [AppKit+0x1a0d40]  -[NSWindow displayIfNeeded]+0xe8
C  [AppKit+0x8254bb]  ___NSWindowGetDisplayCycleObserver_block_invoke6365+0x1dc
C  [AppKit+0x1a06da]  __37+[NSDisplayCycle currentDisplayCycle]_block_invoke+0x3ad
C  [QuartzCore+0x10f71]  _ZN2CA11Transaction19run_commit_handlersE18CATransactionPhase+0x55
C  [QuartzCore+0x1042c]  _ZN2CA7Context18commit_transactionEPNS_11TransactionE+0xa0
C  [QuartzCore+0x100ec]  _ZN2CA11Transaction6commitEv+0x1fc
C  [QuartzCore+0x1b977]  _ZN2CA11Transaction17observer_callbackEP19__CFRunLoopObservermPv+0x47
C  [CoreFoundation+0xaa067]  __CFRUNLOOP_IS_CALLING_OUT_TO_AN_OBSERVER_CALLBACK_FUNCTION__+0x17
C  [CoreFoundation+0xa9fd7]  __CFRunLoopDoObservers+0x187
C  [CoreFoundation+0x88ef8]  CFRunLoopRunSpecific+0x148
C  [HIToolbox+0x30935]  RunCurrentEventLoopInMode+0xeb
C  [HIToolbox+0x30677]  ReceiveNextEventCommon+0xb8
C  [HIToolbox+0x305af]  _BlockUntilNextEventMatchingListInModeWithFilter+0x47
C  [AppKit+0x48efa]  _DPSNextEvent+0x42b
C  [AppKit+0x4832a]  -[NSApplication _nextEventMatchingEventMask:untilDate:inMode:dequeue:]+0x1c6
C  [libosxapp.dylib+0x23aa]  -[NSApplicationAWT nextEventMatchingMask:untilDate:inMode:dequeue:]+0x7c
C  [AppKit+0x3ce84]  -[NSApplication run]+0x2aa
C  [libosxapp.dylib+0x214d]  +[NSApplicationAWT runAWTLoopWithApp:]+0x9c
C  [libawt_lwawt.dylib+0x44517]  -[AWTStarter starter:]+0x389
C  [Foundation+0x76f5e]  __NSThreadPerformPerform+0x117
C  [CoreFoundation+0xaa881]  __CFRUNLOOP_IS_CALLING_OUT_TO_A_SOURCE0_PERFORM_FUNCTION__+0x11
C  [CoreFoundation+0x89fbc]  __CFRunLoopDoSources0+0x22c
C  [CoreFoundation+0x894df]  __CFRunLoopRun+0x39f
C  [CoreFoundation+0x88ed8]  CFRunLoopRunSpecific+0x128
C  [java+0x6463]  CreateExecutionEnvironment+0x367
C  [java+0x21ac]  JLI_Launch+0x7a0
C  [java+0x84c0]  main+0x65
C  [java+0x1a04]  start+0x34
C  0x0000000000000006


---------------  P R O C E S S  ---------------

Java Threads: ( => current thread )
  0x00007fc28d2bd800 JavaThread "AWT-Shutdown" [_thread_blocked, id=30227, stack(0x00007000011d3000,0x00007000012d3000)]
  0x00007fc28d2d1000 JavaThread "Java2D Disposer" daemon [_thread_blocked, id=52675, stack(0x0000700001359000,0x0000700001459000)]
=>0x00007fc28c8e8000 JavaThread "AppKit Thread" daemon [_thread_in_native, id=2571, stack(0x00007fff58d8f000,0x00007fff5958f000)]
  0x00007fc28d00b800 JavaThread "Service Thread" daemon [_thread_blocked, id=18691, stack(0x0000700000e44000,0x0000700000f44000)]
  0x00007fc28c03e800 JavaThread "C1 CompilerThread2" daemon [_thread_blocked, id=18179, stack(0x0000700000d41000,0x0000700000e41000)]
  0x00007fc28c03d800 JavaThread "C2 CompilerThread1" daemon [_thread_blocked, id=17667, stack(0x0000700000c3e000,0x0000700000d3e000)]
  0x00007fc28c812000 JavaThread "C2 CompilerThread0" daemon [_thread_blocked, id=17155, stack(0x0000700000b3b000,0x0000700000c3b000)]
  0x00007fc28c803800 JavaThread "Signal Dispatcher" daemon [_thread_blocked, id=12815, stack(0x0000700000a38000,0x0000700000b38000)]
  0x00007fc28d814000 JavaThread "Finalizer" daemon [_thread_blocked, id=12291, stack(0x000070000082f000,0x000070000092f000)]
  0x00007fc28d813000 JavaThread "Reference Handler" daemon [_thread_blocked, id=11779, stack(0x000070000072c000,0x000070000082c000)]
  0x00007fc28d802800 JavaThread "main" [_thread_in_native, id=5891, stack(0x000070000011a000,0x000070000021a000)]

Other Threads:
  0x00007fc28d810800 VMThread [stack: 0x0000700000629000,0x0000700000729000] [id=11267]
  0x00007fc28c03f000 WatcherThread [stack: 0x0000700000f47000,0x0000700001047000] [id=19203]

VM state:not at safepoint (normal execution)

VM Mutex/Monitor currently owned by a thread: None

Heap:
 PSYoungGen      total 436736K, used 17284K [0x0000000795580000, 0x00000007bff80000, 0x00000007c0000000)
  eden space 425472K, 4% used [0x0000000795580000,0x00000007966491f8,0x00000007af500000)
  from space 11264K, 0% used [0x00000007af500000,0x00000007af518000,0x00000007b0000000)
  to   space 10752K, 0% used [0x00000007bf500000,0x00000007bf500000,0x00000007bff80000)
 ParOldGen       total 87552K, used 11587K [0x0000000740000000, 0x0000000745580000, 0x0000000795580000)
  object space 87552K, 13% used [0x0000000740000000,0x0000000740b50c20,0x0000000745580000)
 Metaspace       used 7829K, capacity 7935K, committed 8064K, reserved 1056768K
  class space    used 771K, capacity 826K, committed 896K, reserved 1048576K

Card table byte_map: [0x0000000117549000,0x000000011794a000] byte_map_base: 0x0000000113b49000

Marking Bits: (ParMarkBitMap*) 0x0000000107adee20
 Begin Bits: [0x0000000117bf5000, 0x0000000119bf5000)
 End Bits:   [0x0000000119bf5000, 0x000000011bbf5000)

Polling page: 0x0000000106934000

CodeCache: size=245760Kb used=5442Kb max_used=5462Kb free=240318Kb
 bounds [0x0000000108189000, 0x00000001086e9000, 0x0000000117189000]
 total_blobs=1573 nmethods=1142 adapters=345
 compilation: enabled

Compilation events (10 events):
Event: 9.455 Thread 0x00007fc28c03d800 1138       4       renderEngine.EntityRenderer::render (111 bytes)
Event: 9.650 Thread 0x00007fc28c03e800 1139       3       java.nio.HeapByteBuffer::putInt (20 bytes)
Event: 9.650 Thread 0x00007fc28c03e800 nmethod 1139 0x0000000108698250 code [0x00000001086983e0, 0x00000001086987a8]
Event: 9.650 Thread 0x00007fc28c03e800 1140       3       java.nio.Bits::putInt (20 bytes)
Event: 9.651 Thread 0x00007fc28c03e800 nmethod 1140 0x0000000108697e10 code [0x0000000108697f80, 0x0000000108698178]
Event: 9.695 Thread 0x00007fc28c03d800 nmethod 1138 0x00000001086d2e90 code [0x00000001086d3800, 0x00000001086d9438]
Event: 10.104 Thread 0x00007fc28c812000 1141       4       renderEngine.MasterRenderer::processEntity (66 bytes)
Event: 10.111 Thread 0x00007fc28c812000 nmethod 1141 0x00000001086d03d0 code [0x00000001086d0580, 0x00000001086d0b78]
Event: 10.280 Thread 0x00007fc28c03d800 1143       4       org.lwjgl.opengl.GL20::glUniform4f (32 bytes)
Event: 10.283 Thread 0x00007fc28c03d800 nmethod 1143 0x00000001086cfbd0 code [0x00000001086cfd60, 0x00000001086cffd8]

GC Heap History (10 events):
Event: 4.037 GC heap before
{Heap before GC invocations=7 (full 0):
 PSYoungGen      total 143360K, used 137575K [0x0000000795580000, 0x000000079ec80000, 0x00000007c0000000)
  eden space 133120K, 100% used [0x0000000795580000,0x000000079d780000,0x000000079d780000)
  from space 10240K, 43% used [0x000000079e280000,0x000000079e6d9d80,0x000000079ec80000)
  to   space 10752K, 0% used [0x000000079d780000,0x000000079d780000,0x000000079e200000)
 ParOldGen       total 87552K, used 7243K [0x0000000740000000, 0x0000000745580000, 0x0000000795580000)
  object space 87552K, 8% used [0x0000000740000000,0x0000000740712ea0,0x0000000745580000)
 Metaspace       used 7798K, capacity 7935K, committed 8064K, reserved 1056768K
  class space    used 770K, capacity 826K, committed 896K, reserved 1048576K
Event: 4.045 GC heap after
Heap after GC invocations=7 (full 0):
 PSYoungGen      total 143872K, used 3511K [0x0000000795580000, 0x00000007a6e80000, 0x00000007c0000000)
  eden space 133120K, 0% used [0x0000000795580000,0x0000000795580000,0x000000079d780000)
  from space 10752K, 32% used [0x000000079d780000,0x000000079daedd70,0x000000079e200000)
  to   space 10752K, 0% used [0x00000007a6400000,0x00000007a6400000,0x00000007a6e80000)
 ParOldGen       total 87552K, used 8252K [0x0000000740000000, 0x0000000745580000, 0x0000000795580000)
  object space 87552K, 9% used [0x0000000740000000,0x000000074080f038,0x0000000745580000)
 Metaspace       used 7798K, capacity 7935K, committed 8064K, reserved 1056768K
  class space    used 770K, capacity 826K, committed 896K, reserved 1048576K
}
Event: 4.877 GC heap before
{Heap before GC invocations=8 (full 0):
 PSYoungGen      total 143872K, used 136631K [0x0000000795580000, 0x00000007a6e80000, 0x00000007c0000000)
  eden space 133120K, 100% used [0x0000000795580000,0x000000079d780000,0x000000079d780000)
  from space 10752K, 32% used [0x000000079d780000,0x000000079daedd70,0x000000079e200000)
  to   space 10752K, 0% used [0x00000007a6400000,0x00000007a6400000,0x00000007a6e80000)
 ParOldGen       total 87552K, used 8252K [0x0000000740000000, 0x0000000745580000, 0x0000000795580000)
  object space 87552K, 9% used [0x0000000740000000,0x000000074080f038,0x0000000745580000)
 Metaspace       used 7807K, capacity 7935K, committed 8064K, reserved 1056768K
  class space    used 770K, capacity 826K, committed 896K, reserved 1048576K
Event: 4.881 GC heap after
Heap after GC invocations=8 (full 0):
 PSYoungGen      total 276992K, used 1394K [0x0000000795580000, 0x00000007a6e80000, 0x00000007c0000000)
  eden space 266240K, 0% used [0x0000000795580000,0x0000000795580000,0x00000007a5980000)
  from space 10752K, 12% used [0x00000007a6400000,0x00000007a655c970,0x00000007a6e80000)
  to   space 10752K, 0% used [0x00000007a5980000,0x00000007a5980000,0x00000007a6400000)
 ParOldGen       total 87552K, used 10168K [0x0000000740000000, 0x0000000745580000, 0x0000000795580000)
  object space 87552K, 11% used [0x0000000740000000,0x00000007409ee2b0,0x0000000745580000)
 Metaspace       used 7807K, capacity 7935K, committed 8064K, reserved 1056768K
  class space    used 770K, capacity 826K, committed 896K, reserved 1048576K
}
Event: 6.211 GC heap before
{Heap before GC invocations=9 (full 0):
 PSYoungGen      total 276992K, used 267634K [0x0000000795580000, 0x00000007a6e80000, 0x00000007c0000000)
  eden space 266240K, 100% used [0x0000000795580000,0x00000007a5980000,0x00000007a5980000)
  from space 10752K, 12% used [0x00000007a6400000,0x00000007a655c970,0x00000007a6e80000)
  to   space 10752K, 0% used [0x00000007a5980000,0x00000007a5980000,0x00000007a6400000)
 ParOldGen       total 87552K, used 10168K [0x0000000740000000, 0x0000000745580000, 0x0000000795580000)
  object space 87552K, 11% used [0x0000000740000000,0x00000007409ee2b0,0x0000000745580000)
 Metaspace       used 7819K, capacity 7935K, committed 8064K, reserved 1056768K
  class space    used 770K, capacity 826K, committed 896K, reserved 1048576K
Event: 6.214 GC heap after
Heap after GC invocations=9 (full 0):
 PSYoungGen      total 276992K, used 320K [0x0000000795580000, 0x00000007b0a80000, 0x00000007c0000000)
  eden space 266240K, 0% used [0x0000000795580000,0x0000000795580000,0x00000007a5980000)
  from space 10752K, 2% used [0x00000007a5980000,0x00000007a59d0188,0x00000007a6400000)
  to   space 10752K, 0% used [0x00000007b0000000,0x00000007b0000000,0x00000007b0a80000)
 ParOldGen       total 87552K, used 11547K [0x0000000740000000, 0x0000000745580000, 0x0000000795580000)
  object space 87552K, 13% used [0x0000000740000000,0x0000000740b46c20,0x0000000745580000)
 Metaspace       used 7819K, capacity 7935K, committed 8064K, reserved 1056768K
  class space    used 770K, capacity 826K, committed 896K, reserved 1048576K
}
Event: 7.587 GC heap before
{Heap before GC invocations=10 (full 0):
 PSYoungGen      total 276992K, used 266560K [0x0000000795580000, 0x00000007b0a80000, 0x00000007c0000000)
  eden space 266240K, 100% used [0x0000000795580000,0x00000007a5980000,0x00000007a5980000)
  from space 10752K, 2% used [0x00000007a5980000,0x00000007a59d0188,0x00000007a6400000)
  to   space 10752K, 0% used [0x00000007b0000000,0x00000007b0000000,0x00000007b0a80000)
 ParOldGen       total 87552K, used 11547K [0x0000000740000000, 0x0000000745580000, 0x0000000795580000)
  object space 87552K, 13% used [0x0000000740000000,0x0000000740b46c20,0x0000000745580000)
 Metaspace       used 7820K, capacity 7935K, committed 8064K, reserved 1056768K
  class space    used 770K, capacity 826K, committed 896K, reserved 1048576K
Event: 7.587 GC heap after
Heap after GC invocations=10 (full 0):
 PSYoungGen      total 436224K, used 320K [0x0000000795580000, 0x00000007b0b80000, 0x00000007c0000000)
  eden space 425472K, 0% used [0x0000000795580000,0x0000000795580000,0x00000007af500000)
  from space 10752K, 2% used [0x00000007b0000000,0x00000007b0050188,0x00000007b0a80000)
  to   space 11264K, 0% used [0x00000007af500000,0x00000007af500000,0x00000007b0000000)
 ParOldGen       total 87552K, used 11563K [0x0000000740000000, 0x0000000745580000, 0x0000000795580000)
  object space 87552K, 13% used [0x0000000740000000,0x0000000740b4ac20,0x0000000745580000)
 Metaspace       used 7820K, capacity 7935K, committed 8064K, reserved 1056768K
  class space    used 770K, capacity 826K, committed 896K, reserved 1048576K
}
Event: 10.277 GC heap before
{Heap before GC invocations=11 (full 0):
 PSYoungGen      total 436224K, used 425792K [0x0000000795580000, 0x00000007b0b80000, 0x00000007c0000000)
  eden space 425472K, 100% used [0x0000000795580000,0x00000007af500000,0x00000007af500000)
  from space 10752K, 2% used [0x00000007b0000000,0x00000007b0050188,0x00000007b0a80000)
  to   space 11264K, 0% used [0x00000007af500000,0x00000007af500000,0x00000007b0000000)
 ParOldGen       total 87552K, used 11563K [0x0000000740000000, 0x0000000745580000, 0x0000000795580000)
  object space 87552K, 13% used [0x0000000740000000,0x0000000740b4ac20,0x0000000745580000)
 Metaspace       used 7823K, capacity 7935K, committed 8064K, reserved 1056768K
  class space    used 770K, capacity 826K, committed 896K, reserved 1048576K
Event: 10.278 GC heap after
Heap after GC invocations=11 (full 0):
 PSYoungGen      total 436736K, used 96K [0x0000000795580000, 0x00000007bff80000, 0x00000007c0000000)
  eden space 425472K, 0% used [0x0000000795580000,0x0000000795580000,0x00000007af500000)
  from space 11264K, 0% used [0x00000007af500000,0x00000007af518000,0x00000007b0000000)
  to   space 10752K, 0% used [0x00000007bf500000,0x00000007bf500000,0x00000007bff80000)
 ParOldGen       total 87552K, used 11587K [0x0000000740000000, 0x0000000745580000, 0x0000000795580000)
  object space 87552K, 13% used [0x0000000740000000,0x0000000740b50c20,0x0000000745580000)
 Metaspace       used 7823K, capacity 7935K, committed 8064K, reserved 1056768K
  class space    used 770K, capacity 826K, committed 896K, reserved 1048576K
}

Deoptimization events (10 events):
Event: 2.054 Thread 0x00007fc28d802800 Uncommon trap: reason=unstable_if action=reinterpret pc=0x0000000108461818 method=sun.misc.FloatingDecimal.readJavaFormatString(Ljava/lang/String;)Lsun/misc/FloatingDecimal$ASCIIToBinaryConverter; @ 733
Event: 2.291 Thread 0x00007fc28d802800 Uncommon trap: reason=unstable_if action=reinterpret pc=0x00000001084e0db8 method=java.lang.Math.abs(F)F @ 3
Event: 2.291 Thread 0x00007fc28d802800 Uncommon trap: reason=unstable_if action=reinterpret pc=0x00000001084e01b0 method=java.lang.Math.abs(F)F @ 3
Event: 5.169 Thread 0x00007fc28d802800 Uncommon trap: reason=unstable_if action=reinterpret pc=0x0000000108546e14 method=toolbox.Maths.isInBetween(Lorg/lwjgl/util/vector/Vector2f;Lgeometry/Line;Lgeometry/Line;)Z @ 112
Event: 5.169 Thread 0x00007fc28d802800 Uncommon trap: reason=unstable_if action=reinterpret pc=0x000000010852ed98 method=toolbox.Maths.isInBetween(Lorg/lwjgl/util/vector/Vector2f;Lgeometry/Line;Lgeometry/Line;)Z @ 112
Event: 5.203 Thread 0x00007fc28d802800 Uncommon trap: reason=unstable_if action=reinterpret pc=0x00000001084ef8a8 method=toolbox.Maths.isInBetween(Lorg/lwjgl/util/vector/Vector2f;Lgeometry/Line;Lgeometry/Line;)Z @ 112
Event: 5.261 Thread 0x00007fc28d802800 Uncommon trap: reason=unstable_if action=reinterpret pc=0x00000001086587b4 method=geometry.Triangle2D.distance(Lorg/lwjgl/util/vector/Vector2f;)F @ 247
Event: 5.437 Thread 0x00007fc28d802800 Uncommon trap: reason=unstable_if action=reinterpret pc=0x000000010866d884 method=entities.Ball.isInTriangle(Lgeometry/Triangle;)Z @ 167
Event: 6.618 Thread 0x00007fc28d802800 Uncommon trap: reason=unstable_if action=reinterpret pc=0x0000000108677ed0 method=geometry.Triangle2D.ballIsIn(Lorg/lwjgl/util/vector/Vector2f;F)Z @ 7
Event: 6.661 Thread 0x00007fc28d802800 Uncommon trap: reason=unstable_if action=reinterpret pc=0x000000010865dc30 method=geometry.Triangle2D.contain(Lorg/lwjgl/util/vector/Vector2f;)Z @ 42

Internal exceptions (10 events):
Event: 0.098 Thread 0x00007fc28d802800 Exception <a 'java/security/PrivilegedActionException'> (0x00000007957473d0) thrown at [/Users/java_re/workspace/8-2-build-macosx-x86_64/jdk8u60/4407/hotspot/src/share/vm/prims/jvm.cpp, line 1386]
Event: 0.142 Thread 0x00007fc28d802800 Exception <a 'java/security/PrivilegedActionException'> (0x00000007958d95a8) thrown at [/Users/java_re/workspace/8-2-build-macosx-x86_64/jdk8u60/4407/hotspot/src/share/vm/prims/jvm.cpp, line 1386]
Event: 0.142 Thread 0x00007fc28d802800 Exception <a 'java/security/PrivilegedActionException'> (0x00000007958d97b8) thrown at [/Users/java_re/workspace/8-2-build-macosx-x86_64/jdk8u60/4407/hotspot/src/share/vm/prims/jvm.cpp, line 1386]
Event: 0.142 Thread 0x00007fc28d802800 Exception <a 'java/security/PrivilegedActionException'> (0x00000007958dcc40) thrown at [/Users/java_re/workspace/8-2-build-macosx-x86_64/jdk8u60/4407/hotspot/src/share/vm/prims/jvm.cpp, line 1386]
Event: 0.142 Thread 0x00007fc28d802800 Exception <a 'java/security/PrivilegedActionException'> (0x00000007958dce50) thrown at [/Users/java_re/workspace/8-2-build-macosx-x86_64/jdk8u60/4407/hotspot/src/share/vm/prims/jvm.cpp, line 1386]
Event: 0.188 Thread 0x00007fc28d802800 Exception <a 'java/lang/NoSuchFieldError': method resolution failed> (0x00000007959ac698) thrown at [/Users/java_re/workspace/8-2-build-macosx-x86_64/jdk8u60/4407/hotspot/src/share/vm/prims/methodHandles.cpp, line 1146]
Event: 0.190 Thread 0x00007fc28d802800 Exception <a 'java/lang/NoSuchFieldError': method resolution failed> (0x00000007959b9de8) thrown at [/Users/java_re/workspace/8-2-build-macosx-x86_64/jdk8u60/4407/hotspot/src/share/vm/prims/methodHandles.cpp, line 1146]
Event: 0.351 Thread 0x00007fc28d802800 Exception <a 'java/io/FileNotFoundException'> (0x0000000795a34dd0) thrown at [/Users/java_re/workspace/8-2-build-macosx-x86_64/jdk8u60/4407/hotspot/src/share/vm/prims/jni.cpp, line 709]
Event: 0.351 Thread 0x00007fc28d802800 Exception <a 'java/io/FileNotFoundException'> (0x0000000795a35950) thrown at [/Users/java_re/workspace/8-2-build-macosx-x86_64/jdk8u60/4407/hotspot/src/share/vm/prims/jni.cpp, line 709]
Event: 0.365 Thread 0x00007fc28d802800 Exception <a 'java/lang/UnsatisfiedLinkError'> (0x0000000795a50d98) thrown at [/Users/java_re/workspace/8-2-build-macosx-x86_64/jdk8u60/4407/hotspot/src/share/vm/prims/jvm.cpp, line 1390]

Events (10 events):
Event: 6.618 Thread 0x00007fc28d802800 DEOPT UNPACKING pc=0x000000010818e229 sp=0x0000700000219700 mode 2
Event: 6.661 Thread 0x00007fc28d802800 Uncommon trap: trap_request=0xffffff65 fr.pc=0x000000010865dc30
Event: 6.661 Thread 0x00007fc28d802800 DEOPT PACKING pc=0x000000010865dc30 sp=0x00007000002196b0
Event: 6.661 Thread 0x00007fc28d802800 DEOPT UNPACKING pc=0x000000010818e229 sp=0x0000700000219620 mode 2
Event: 7.587 Executing VM operation: ParallelGCFailedAllocation
Event: 7.588 Executing VM operation: ParallelGCFailedAllocation done
Event: 10.277 Executing VM operation: ParallelGCFailedAllocation
Event: 10.278 Executing VM operation: ParallelGCFailedAllocation done
Event: 10.339 loading class org/lwjgl/opengl/CallbackUtil
Event: 10.339 loading class org/lwjgl/opengl/CallbackUtil done


Dynamic libraries:
0x0000000006615000 	/System/Library/Frameworks/Cocoa.framework/Versions/A/Cocoa
0x0000000006615000 	/System/Library/Frameworks/Security.framework/Versions/A/Security
0x0000000006615000 	/System/Library/Frameworks/ApplicationServices.framework/Versions/A/ApplicationServices
0x0000000006615000 	/usr/lib/libz.1.dylib
0x0000000006615000 	/usr/lib/libSystem.B.dylib
0x0000000006615000 	/usr/lib/libobjc.A.dylib
0x0000000006615000 	/System/Library/Frameworks/CoreFoundation.framework/Versions/A/CoreFoundation
0x0000000006615000 	/System/Library/Frameworks/Foundation.framework/Versions/C/Foundation
0x0000000006615000 	/System/Library/Frameworks/AppKit.framework/Versions/C/AppKit
0x0000000006615000 	/System/Library/Frameworks/CoreData.framework/Versions/A/CoreData
0x0000000006615000 	/System/Library/PrivateFrameworks/RemoteViewServices.framework/Versions/A/RemoteViewServices
0x0000000006615000 	/System/Library/PrivateFrameworks/UIFoundation.framework/Versions/A/UIFoundation
0x0000000006615000 	/usr/lib/libScreenReader.dylib
0x0000000006615000 	/System/Library/Frameworks/Accelerate.framework/Versions/A/Accelerate
0x0000000006615000 	/System/Library/Frameworks/IOSurface.framework/Versions/A/IOSurface
0x0000000006615000 	/System/Library/Frameworks/AudioToolbox.framework/Versions/A/AudioToolbox
0x0000000006615000 	/System/Library/Frameworks/AudioUnit.framework/Versions/A/AudioUnit
0x0000000006615000 	/System/Library/PrivateFrameworks/DataDetectorsCore.framework/Versions/A/DataDetectorsCore
0x0000000006615000 	/System/Library/PrivateFrameworks/DesktopServicesPriv.framework/Versions/A/DesktopServicesPriv
0x0000000006615000 	/System/Library/Frameworks/Carbon.framework/Versions/A/Frameworks/HIToolbox.framework/Versions/A/HIToolbox
0x0000000006615000 	/System/Library/Frameworks/QuartzCore.framework/Versions/A/QuartzCore
0x0000000006615000 	/System/Library/Frameworks/Carbon.framework/Versions/A/Frameworks/SpeechRecognition.framework/Versions/A/SpeechRecognition
0x0000000006615000 	/usr/lib/libauto.dylib
0x0000000006615000 	/usr/lib/libicucore.A.dylib
0x0000000006615000 	/usr/lib/libxml2.2.dylib
0x0000000006615000 	/System/Library/PrivateFrameworks/CoreUI.framework/Versions/A/CoreUI
0x0000000006615000 	/System/Library/Frameworks/CoreAudio.framework/Versions/A/CoreAudio
0x0000000006615000 	/System/Library/Frameworks/DiskArbitration.framework/Versions/A/DiskArbitration
0x0000000006615000 	/usr/lib/liblangid.dylib
0x0000000006615000 	/System/Library/PrivateFrameworks/MultitouchSupport.framework/Versions/A/MultitouchSupport
0x0000000006615000 	/System/Library/Frameworks/IOKit.framework/Versions/A/IOKit
0x0000000006615000 	/usr/lib/libDiagnosticMessagesClient.dylib
0x0000000006615000 	/System/Library/Frameworks/CoreServices.framework/Versions/A/CoreServices
0x0000000006615000 	/System/Library/PrivateFrameworks/PerformanceAnalysis.framework/Versions/A/PerformanceAnalysis
0x0000000006615000 	/System/Library/PrivateFrameworks/GenerationalStorage.framework/Versions/A/GenerationalStorage
0x0000000006615000 	/System/Library/Frameworks/OpenGL.framework/Versions/A/OpenGL
0x0000000006615000 	/System/Library/PrivateFrameworks/Sharing.framework/Versions/A/Sharing
0x0000000006615000 	/System/Library/Frameworks/CoreGraphics.framework/Versions/A/CoreGraphics
0x0000000006615000 	/System/Library/Frameworks/CoreImage.framework/Versions/A/CoreImage
0x0000000006615000 	/System/Library/Frameworks/CoreText.framework/Versions/A/CoreText
0x0000000006615000 	/System/Library/Frameworks/ImageIO.framework/Versions/A/ImageIO
0x0000000006615000 	/System/Library/PrivateFrameworks/Backup.framework/Versions/A/Backup
0x0000000006615000 	/usr/lib/libextension.dylib
0x0000000006615000 	/usr/lib/libarchive.2.dylib
0x0000000006615000 	/System/Library/Frameworks/CFNetwork.framework/Versions/A/CFNetwork
0x0000000006615000 	/System/Library/Frameworks/SystemConfiguration.framework/Versions/A/SystemConfiguration
0x0000000006615000 	/usr/lib/libCRFSuite.dylib
0x0000000006615000 	/usr/lib/libc++.1.dylib
0x0000000006615000 	/usr/lib/libc++abi.dylib
0x0000000006615000 	/usr/lib/system/libcache.dylib
0x0000000006615000 	/usr/lib/system/libcommonCrypto.dylib
0x0000000006615000 	/usr/lib/system/libcompiler_rt.dylib
0x0000000006615000 	/usr/lib/system/libcopyfile.dylib
0x0000000006615000 	/usr/lib/system/libcorecrypto.dylib
0x0000000006615000 	/usr/lib/system/libdispatch.dylib
0x0000000006615000 	/usr/lib/system/libdyld.dylib
0x0000000006615000 	/usr/lib/system/libkeymgr.dylib
0x0000000006615000 	/usr/lib/system/liblaunch.dylib
0x0000000006615000 	/usr/lib/system/libmacho.dylib
0x0000000006615000 	/usr/lib/system/libquarantine.dylib
0x0000000006615000 	/usr/lib/system/libremovefile.dylib
0x0000000006615000 	/usr/lib/system/libsystem_asl.dylib
0x0000000006615000 	/usr/lib/system/libsystem_blocks.dylib
0x0000000006615000 	/usr/lib/system/libsystem_c.dylib
0x0000000006615000 	/usr/lib/system/libsystem_configuration.dylib
0x0000000006615000 	/usr/lib/system/libsystem_coreservices.dylib
0x0000000006615000 	/usr/lib/system/libsystem_coretls.dylib
0x0000000006615000 	/usr/lib/system/libsystem_dnssd.dylib
0x0000000006615000 	/usr/lib/system/libsystem_info.dylib
0x0000000006615000 	/usr/lib/system/libsystem_kernel.dylib
0x0000000006615000 	/usr/lib/system/libsystem_m.dylib
0x0000000006615000 	/usr/lib/system/libsystem_malloc.dylib
0x0000000006615000 	/usr/lib/system/libsystem_network.dylib
0x0000000006615000 	/usr/lib/system/libsystem_networkextension.dylib
0x0000000006615000 	/usr/lib/system/libsystem_notify.dylib
0x0000000006615000 	/usr/lib/system/libsystem_platform.dylib
0x0000000006615000 	/usr/lib/system/libsystem_pthread.dylib
0x0000000006615000 	/usr/lib/system/libsystem_sandbox.dylib
0x0000000006615000 	/usr/lib/system/libsystem_secinit.dylib
0x0000000006615000 	/usr/lib/system/libsystem_trace.dylib
0x0000000006615000 	/usr/lib/system/libunc.dylib
0x0000000006615000 	/usr/lib/system/libunwind.dylib
0x0000000006615000 	/usr/lib/system/libxpc.dylib
0x0000000006615000 	/usr/lib/libenergytrace.dylib
0x0000000006615000 	/usr/lib/libbsm.0.dylib
0x0000000006615000 	/usr/lib/system/libkxld.dylib
0x0000000006615000 	/usr/lib/libxar.1.dylib
0x0000000006615000 	/usr/lib/libsqlite3.dylib
0x0000000006615000 	/usr/lib/libpam.2.dylib
0x0000000006615000 	/usr/lib/libOpenScriptingUtil.dylib
0x0000000006615000 	/usr/lib/libbz2.1.0.dylib
0x0000000006615000 	/usr/lib/liblzma.5.dylib
0x0000000006615000 	/System/Library/Frameworks/CoreServices.framework/Versions/A/Frameworks/FSEvents.framework/Versions/A/FSEvents
0x0000000006615000 	/System/Library/Frameworks/CoreServices.framework/Versions/A/Frameworks/CarbonCore.framework/Versions/A/CarbonCore
0x0000000006615000 	/System/Library/Frameworks/CoreServices.framework/Versions/A/Frameworks/Metadata.framework/Versions/A/Metadata
0x0000000006615000 	/System/Library/Frameworks/CoreServices.framework/Versions/A/Frameworks/OSServices.framework/Versions/A/OSServices
0x0000000006615000 	/System/Library/Frameworks/CoreServices.framework/Versions/A/Frameworks/SearchKit.framework/Versions/A/SearchKit
0x0000000006615000 	/System/Library/Frameworks/CoreServices.framework/Versions/A/Frameworks/AE.framework/Versions/A/AE
0x0000000006615000 	/System/Library/Frameworks/CoreServices.framework/Versions/A/Frameworks/LaunchServices.framework/Versions/A/LaunchServices
0x0000000006615000 	/System/Library/Frameworks/CoreServices.framework/Versions/A/Frameworks/DictionaryServices.framework/Versions/A/DictionaryServices
0x0000000006615000 	/System/Library/Frameworks/CoreServices.framework/Versions/A/Frameworks/SharedFileList.framework/Versions/A/SharedFileList
0x0000000006615000 	/System/Library/Frameworks/NetFS.framework/Versions/A/NetFS
0x0000000006615000 	/System/Library/PrivateFrameworks/NetAuth.framework/Versions/A/NetAuth
0x0000000006615000 	/System/Library/PrivateFrameworks/login.framework/Versions/A/Frameworks/loginsupport.framework/Versions/A/loginsupport
0x0000000006615000 	/System/Library/PrivateFrameworks/TCC.framework/Versions/A/TCC
0x0000000006615000 	/usr/lib/libmecabra.dylib
0x0000000006615000 	/System/Library/Frameworks/ApplicationServices.framework/Versions/A/Frameworks/ATS.framework/Versions/A/ATS
0x0000000006615000 	/System/Library/Frameworks/ApplicationServices.framework/Versions/A/Frameworks/ColorSync.framework/Versions/A/ColorSync
0x0000000006615000 	/System/Library/Frameworks/ApplicationServices.framework/Versions/A/Frameworks/HIServices.framework/Versions/A/HIServices
0x0000000006615000 	/System/Library/Frameworks/ApplicationServices.framework/Versions/A/Frameworks/LangAnalysis.framework/Versions/A/LangAnalysis
0x0000000006615000 	/System/Library/Frameworks/ApplicationServices.framework/Versions/A/Frameworks/PrintCore.framework/Versions/A/PrintCore
0x0000000006615000 	/System/Library/Frameworks/ApplicationServices.framework/Versions/A/Frameworks/QD.framework/Versions/A/QD
0x0000000006615000 	/System/Library/Frameworks/ApplicationServices.framework/Versions/A/Frameworks/SpeechSynthesis.framework/Versions/A/SpeechSynthesis
0x0000000006615000 	/System/Library/Frameworks/Metal.framework/Versions/A/Metal
0x0000000006615000 	/System/Library/Frameworks/Accelerate.framework/Versions/A/Frameworks/vImage.framework/Versions/A/vImage
0x0000000006615000 	/System/Library/Frameworks/Accelerate.framework/Versions/A/Frameworks/vecLib.framework/Versions/A/vecLib
0x0000000006615000 	/System/Library/Frameworks/Accelerate.framework/Versions/A/Frameworks/vecLib.framework/Versions/A/libvDSP.dylib
0x0000000006615000 	/System/Library/Frameworks/Accelerate.framework/Versions/A/Frameworks/vecLib.framework/Versions/A/libvMisc.dylib
0x0000000006615000 	/System/Library/Frameworks/Accelerate.framework/Versions/A/Frameworks/vecLib.framework/Versions/A/libLAPACK.dylib
0x0000000006615000 	/System/Library/Frameworks/Accelerate.framework/Versions/A/Frameworks/vecLib.framework/Versions/A/libBLAS.dylib
0x0000000006615000 	/System/Library/Frameworks/Accelerate.framework/Versions/A/Frameworks/vecLib.framework/Versions/A/libLinearAlgebra.dylib
0x0000000006615000 	/System/Library/Frameworks/Accelerate.framework/Versions/A/Frameworks/vecLib.framework/Versions/A/libSparseBLAS.dylib
0x0000000006615000 	/System/Library/PrivateFrameworks/GPUCompiler.framework/libmetal_timestamp.dylib
0x0000000006615000 	/System/Library/Frameworks/OpenGL.framework/Versions/A/Libraries/libCoreFSCache.dylib
0x0000000006615000 	/System/Library/PrivateFrameworks/IOAccelerator.framework/Versions/A/IOAccelerator
0x0000000006615000 	/System/Library/Frameworks/ApplicationServices.framework/Versions/A/Frameworks/ATS.framework/Versions/A/Resources/libFontParser.dylib
0x0000000006615000 	/System/Library/Frameworks/ApplicationServices.framework/Versions/A/Frameworks/ATS.framework/Versions/A/Resources/libFontRegistry.dylib
0x0000000006615000 	/System/Library/PrivateFrameworks/AppleVPA.framework/Versions/A/AppleVPA
0x0000000006615000 	/System/Library/PrivateFrameworks/AppleJPEG.framework/Versions/A/AppleJPEG
0x0000000006615000 	/System/Library/Frameworks/ImageIO.framework/Versions/A/Resources/libJPEG.dylib
0x0000000006615000 	/System/Library/Frameworks/ImageIO.framework/Versions/A/Resources/libTIFF.dylib
0x0000000006615000 	/System/Library/Frameworks/ImageIO.framework/Versions/A/Resources/libPng.dylib
0x0000000006615000 	/System/Library/Frameworks/ImageIO.framework/Versions/A/Resources/libGIF.dylib
0x0000000006615000 	/System/Library/Frameworks/ImageIO.framework/Versions/A/Resources/libJP2.dylib
0x0000000006615000 	/System/Library/Frameworks/ImageIO.framework/Versions/A/Resources/libRadiance.dylib
0x0000000006615000 	/System/Library/Frameworks/CoreVideo.framework/Versions/A/CoreVideo
0x0000000006615000 	/System/Library/Frameworks/OpenGL.framework/Versions/A/Libraries/libGLU.dylib
0x0000000006615000 	/System/Library/Frameworks/OpenGL.framework/Versions/A/Libraries/libGFXShared.dylib
0x0000000006615000 	/System/Library/Frameworks/OpenGL.framework/Versions/A/Libraries/libGL.dylib
0x0000000006615000 	/System/Library/Frameworks/OpenGL.framework/Versions/A/Libraries/libGLImage.dylib
0x0000000006615000 	/System/Library/Frameworks/OpenGL.framework/Versions/A/Libraries/libCVMSPluginSupport.dylib
0x0000000006615000 	/System/Library/Frameworks/OpenGL.framework/Versions/A/Libraries/libCoreVMClient.dylib
0x0000000006615000 	/usr/lib/libcups.2.dylib
0x0000000006615000 	/System/Library/Frameworks/Kerberos.framework/Versions/A/Kerberos
0x0000000006615000 	/System/Library/Frameworks/GSS.framework/Versions/A/GSS
0x0000000006615000 	/usr/lib/libresolv.9.dylib
0x0000000006615000 	/usr/lib/libiconv.2.dylib
0x0000000006615000 	/System/Library/PrivateFrameworks/Heimdal.framework/Versions/A/Heimdal
0x0000000006615000 	/usr/lib/libheimdal-asn1.dylib
0x0000000006615000 	/System/Library/Frameworks/OpenDirectory.framework/Versions/A/OpenDirectory
0x0000000006615000 	/System/Library/PrivateFrameworks/CommonAuth.framework/Versions/A/CommonAuth
0x0000000006615000 	/System/Library/Frameworks/OpenDirectory.framework/Versions/A/Frameworks/CFOpenDirectory.framework/Versions/A/CFOpenDirectory
0x0000000006615000 	/System/Library/Frameworks/SecurityFoundation.framework/Versions/A/SecurityFoundation
0x0000000006615000 	/System/Library/PrivateFrameworks/LanguageModeling.framework/Versions/A/LanguageModeling
0x0000000006615000 	/usr/lib/libmarisa.dylib
0x0000000006615000 	/usr/lib/libChineseTokenizer.dylib
0x0000000006615000 	/usr/lib/libcmph.dylib
0x0000000006615000 	/usr/lib/libcompression.dylib
0x0000000006615000 	/System/Library/Frameworks/ServiceManagement.framework/Versions/A/ServiceManagement
0x0000000006615000 	/usr/lib/libxslt.1.dylib
0x0000000006615000 	/System/Library/Frameworks/Carbon.framework/Versions/A/Frameworks/Ink.framework/Versions/A/Ink
0x0000000006615000 	/usr/lib/libFosl_dynamic.dylib
0x0000000006615000 	/System/Library/PrivateFrameworks/FaceCore.framework/Versions/A/FaceCore
0x0000000006615000 	/System/Library/Frameworks/OpenCL.framework/Versions/A/OpenCL
0x0000000006615000 	/System/Library/PrivateFrameworks/CrashReporterSupport.framework/Versions/A/CrashReporterSupport
0x0000000006615000 	/System/Library/PrivateFrameworks/IconServices.framework/Versions/A/IconServices
0x0000000006615000 	/System/Library/PrivateFrameworks/Apple80211.framework/Versions/A/Apple80211
0x0000000006615000 	/System/Library/Frameworks/CoreWLAN.framework/Versions/A/CoreWLAN
0x0000000006615000 	/System/Library/Frameworks/IOBluetooth.framework/Versions/A/IOBluetooth
0x0000000006615000 	/System/Library/PrivateFrameworks/CoreWiFi.framework/Versions/A/CoreWiFi
0x0000000006615000 	/System/Library/Frameworks/CoreBluetooth.framework/Versions/A/CoreBluetooth
0x0000000006615000 	/System/Library/PrivateFrameworks/ChunkingLibrary.framework/Versions/A/ChunkingLibrary
0x0000000006615000 	/System/Library/PrivateFrameworks/DebugSymbols.framework/Versions/A/DebugSymbols
0x0000000006615000 	/System/Library/PrivateFrameworks/CoreSymbolication.framework/Versions/A/CoreSymbolication
0x0000000006615000 	/System/Library/PrivateFrameworks/Symbolication.framework/Versions/A/Symbolication
0x0000000006615000 	/System/Library/PrivateFrameworks/SpeechRecognitionCore.framework/Versions/A/SpeechRecognitionCore
0x0000000107200000 	/Library/Java/JavaVirtualMachines/jdk1.8.0_60.jdk/Contents/Home/jre/lib/server/libjvm.dylib
0x0000000006615000 	/usr/lib/libstdc++.6.dylib
0x00000001068f1000 	/Library/Java/JavaVirtualMachines/jdk1.8.0_60.jdk/Contents/Home/jre/lib/libverify.dylib
0x00000001068ff000 	/Library/Java/JavaVirtualMachines/jdk1.8.0_60.jdk/Contents/Home/jre/lib/libjava.dylib
0x000000010693e000 	/Library/Java/JavaVirtualMachines/jdk1.8.0_60.jdk/Contents/Home/jre/lib/libzip.dylib
0x000000011da40000 	/System/Library/Frameworks/JavaVM.framework/Frameworks/JavaRuntimeSupport.framework/JavaRuntimeSupport
0x000000011da5b000 	/System/Library/Frameworks/JavaVM.framework/Versions/A/Frameworks/JavaNativeFoundation.framework/Versions/A/JavaNativeFoundation
0x00000001069f3000 	/System/Library/Frameworks/JavaVM.framework/Versions/A/JavaVM
0x0000000006615000 	/System/Library/Frameworks/Carbon.framework/Versions/A/Carbon
0x000000011da70000 	/System/Library/PrivateFrameworks/JavaLaunching.framework/Versions/A/JavaLaunching
0x0000000006615000 	/System/Library/Frameworks/Carbon.framework/Versions/A/Frameworks/CommonPanels.framework/Versions/A/CommonPanels
0x0000000006615000 	/System/Library/Frameworks/Carbon.framework/Versions/A/Frameworks/Help.framework/Versions/A/Help
0x0000000006615000 	/System/Library/Frameworks/Carbon.framework/Versions/A/Frameworks/ImageCapture.framework/Versions/A/ImageCapture
0x0000000006615000 	/System/Library/Frameworks/Carbon.framework/Versions/A/Frameworks/OpenScripting.framework/Versions/A/OpenScripting
0x0000000006615000 	/System/Library/Frameworks/Carbon.framework/Versions/A/Frameworks/Print.framework/Versions/A/Print
0x0000000006615000 	/System/Library/Frameworks/Carbon.framework/Versions/A/Frameworks/SecurityHI.framework/Versions/A/SecurityHI
0x000000011f3fc000 	/Library/Java/JavaVirtualMachines/jdk1.8.0_60.jdk/Contents/Home/jre/lib/libawt.dylib
0x000000011f4a4000 	/Library/Java/JavaVirtualMachines/jdk1.8.0_60.jdk/Contents/Home/jre/lib/./libmlib_image.dylib
0x000000011f570000 	/Library/Java/JavaVirtualMachines/jdk1.8.0_60.jdk/Contents/Home/jre/lib/libawt_lwawt.dylib
0x000000011f625000 	/Library/Java/JavaVirtualMachines/jdk1.8.0_60.jdk/Contents/Home/jre/lib/./libosxapp.dylib
0x0000000006615000 	/System/Library/Frameworks/ExceptionHandling.framework/Versions/A/ExceptionHandling
0x0000000006615000 	/System/Library/PrivateFrameworks/CoreServicesInternal.framework/Versions/A/CoreServicesInternal
0x0000000006615000 	/System/Library/Frameworks/CoreGraphics.framework/Versions/A/Resources/libRIP.A.dylib
0x0000000006615000 	/System/Library/Frameworks/Accelerate.framework/Versions/A/Frameworks/vImage.framework/Versions/A/Libraries/libCGInterfaces.dylib
0x0000000006615000 	/System/Library/Frameworks/CoreGraphics.framework/Versions/A/Resources/libCGXType.A.dylib
0x0000000006615000 	/System/Library/Frameworks/OpenCL.framework/Versions/A/Libraries/libcldcpuengine.dylib
0x0000000006615000 	/System/Library/PrivateFrameworks/DiskImages.framework/Versions/A/DiskImages
0x0000000006615000 	/System/Library/Frameworks/DiscRecording.framework/Versions/A/DiscRecording
0x0000000006615000 	/usr/lib/libcsfde.dylib
0x0000000006615000 	/usr/lib/libcurl.4.dylib
0x0000000006615000 	/System/Library/PrivateFrameworks/MediaKit.framework/Versions/A/MediaKit
0x0000000006615000 	/System/Library/PrivateFrameworks/ProtectedCloudStorage.framework/Versions/A/ProtectedCloudStorage
0x0000000006615000 	/usr/lib/libCoreStorage.dylib
0x0000000006615000 	/System/Library/PrivateFrameworks/EFILogin.framework/Versions/A/EFILogin
0x0000000006615000 	/usr/lib/libutil.dylib
0x0000000006615000 	/System/Library/PrivateFrameworks/FindMyDevice.framework/Versions/A/FindMyDevice
0x0000000006615000 	/System/Library/Frameworks/LDAP.framework/Versions/A/LDAP
0x0000000006615000 	/usr/lib/libsasl2.2.dylib
0x0000000006615000 	/System/Library/PrivateFrameworks/CoreDaemon.framework/Versions/B/CoreDaemon
0x0000000006615000 	/usr/lib/libcrypto.0.9.8.dylib
0x0000000006615000 	/System/Library/PrivateFrameworks/AppleSRP.framework/Versions/A/AppleSRP
0x0000000006615000 	/System/Library/PrivateFrameworks/TrustEvaluationAgent.framework/Versions/A/TrustEvaluationAgent
0x0000000121116000 	cl_kernels
0x0000000006615000 	/System/Library/Frameworks/OpenCL.framework/Versions/A/Libraries/ImageFormats/unorm8_bgra.dylib
0x0000000006615000 	/System/Library/Frameworks/OpenCL.framework/Versions/A/Libraries/ImageFormats/unorm8_rgba.dylib
0x0000000006615000 	/System/Library/PrivateFrameworks/FamilyControls.framework/Versions/A/FamilyControls
0x0000000006615000 	/System/Library/PrivateFrameworks/CommerceKit.framework/Versions/A/Frameworks/CommerceCore.framework/Versions/A/CommerceCore
0x0000000006615000 	/System/Library/PrivateFrameworks/SystemAdministration.framework/Versions/A/SystemAdministration
0x0000000006615000 	/System/Library/PrivateFrameworks/AppContainer.framework/Versions/A/AppContainer
0x0000000006615000 	/System/Library/PrivateFrameworks/SecCodeWrapper.framework/Versions/A/SecCodeWrapper
0x0000000006615000 	/System/Library/Frameworks/DirectoryService.framework/Versions/A/DirectoryService
0x0000000006615000 	/System/Library/PrivateFrameworks/LoginUIKit.framework/Versions/A/Frameworks/LoginUICore.framework/Versions/A/LoginUICore
0x0000000006615000 	/usr/lib/libodfde.dylib
0x00000001221f1000 	/Library/Java/JavaVirtualMachines/jdk1.8.0_60.jdk/Contents/Home/jre/lib/libfontmanager.dylib
0x0000000122258000 	/Users/nordineaouni/git/MiniGolf2/res/lib/native/macosx/liblwjgl.jnilib
0x0000000120532000 	/Library/Java/JavaVirtualMachines/jdk1.8.0_60.jdk/Contents/Home/jre/lib/libjawt.dylib
0x0000000006615000 	/System/Library/Frameworks/OpenGL.framework/Versions/A/Resources/GLEngine.bundle/GLEngine
0x0000000006615000 	/System/Library/Frameworks/OpenGL.framework/Versions/A/Libraries/libGLProgrammability.dylib
0x00000001222d7000 	/System/Library/Extensions/AppleIntelBDWGraphicsGLDriver.bundle/Contents/MacOS/AppleIntelBDWGraphicsGLDriver
0x0000000006615000 	/System/Library/PrivateFrameworks/GPUSupport.framework/Versions/A/Libraries/libGPUSupportMercury.dylib
0x0000000006615000 	/System/Library/Frameworks/OpenGL.framework/Versions/A/Resources/GLRendererFloat.bundle/GLRendererFloat

VM Arguments:
jvm_args: -Djava.library.path=/Users/nordineaouni/git/MiniGolf2/res/lib/native/macosx:/Users/nordineaouni/git/MiniGolf2/res/lib/native/windows -Dfile.encoding=UTF-8 
java_command: engineTester.MainGameLoop
java_class_path (initial): /Users/nordineaouni/git/MiniGolf2/bin:/Users/nordineaouni/Documents/DKE/Project1-2-1/res/lib/jar/AppleJavaExtensions.jar:/Users/nordineaouni/Documents/DKE/Project1-2-1/res/lib/jar/asm-debug-all.jar:/Users/nordineaouni/Documents/DKE/Project1-2-1/res/lib/jar/jinput.jar:/Users/nordineaouni/Documents/DKE/Project1-2-1/res/lib/jar/lwjgl_test.jar:/Users/nordineaouni/Documents/DKE/Project1-2-1/res/lib/jar/lwjgl_util_applet.jar:/Users/nordineaouni/Documents/DKE/Project1-2-1/res/lib/jar/lwjgl_util.jar:/Users/nordineaouni/Documents/DKE/Project1-2-1/res/lib/jar/lwjgl-debug.jar:/Users/nordineaouni/Documents/DKE/Project1-2-1/res/lib/jar/lwjgl.jar:/Users/nordineaouni/Documents/DKE/Project1-2-1/res/lib/jar/lzma.jar:/Users/nordineaouni/Documents/DKE/Project1-2-1/res/lib/jar/PNGDecoder.jar:/Users/nordineaouni/Documents/DKE/Project1-2-1/res/lib/jar/slick-util.jar
Launcher Type: SUN_STANDARD

Environment Variables:
PATH=/usr/bin:/bin:/usr/sbin:/sbin
SHELL=/bin/bash

Signal Handlers:
SIGSEGV: [libjvm.dylib+0x5a6d31], sa_mask[0]=11111111011111110111111111111111, sa_flags=SA_ONSTACK|SA_RESTART|SA_SIGINFO
SIGBUS: [libjvm.dylib+0x5a6d31], sa_mask[0]=11111111011111110111111111111111, sa_flags=SA_RESTART|SA_SIGINFO
SIGFPE: [libjvm.dylib+0x480a4c], sa_mask[0]=11111111011111110111111111111111, sa_flags=SA_RESTART|SA_SIGINFO
SIGPIPE: [libjvm.dylib+0x480a4c], sa_mask[0]=11111111011111110111111111111111, sa_flags=SA_RESTART|SA_SIGINFO
SIGXFSZ: [libjvm.dylib+0x480a4c], sa_mask[0]=11111111011111110111111111111111, sa_flags=SA_RESTART|SA_SIGINFO
SIGILL: [libjvm.dylib+0x480a4c], sa_mask[0]=11111111011111110111111111111111, sa_flags=SA_RESTART|SA_SIGINFO
SIGUSR1: SIG_DFL, sa_mask[0]=00000000000000000000000000000000, sa_flags=none
SIGUSR2: [libjvm.dylib+0x48056a], sa_mask[0]=00100000000000000000000000000000, sa_flags=SA_RESTART|SA_SIGINFO
SIGHUP: [libjvm.dylib+0x47eb41], sa_mask[0]=11111111011111110111111111111111, sa_flags=SA_RESTART|SA_SIGINFO
SIGINT: [libjvm.dylib+0x47eb41], sa_mask[0]=11111111011111110111111111111111, sa_flags=SA_RESTART|SA_SIGINFO
SIGTERM: [libjvm.dylib+0x47eb41], sa_mask[0]=11111111011111110111111111111111, sa_flags=SA_RESTART|SA_SIGINFO
SIGQUIT: [libjvm.dylib+0x47eb41], sa_mask[0]=11111111011111110111111111111111, sa_flags=SA_RESTART|SA_SIGINFO


---------------  S Y S T E M  ---------------

OS:Bsduname:Darwin 15.4.0 Darwin Kernel Version 15.4.0: Fri Feb 26 22:08:05 PST 2016; root:xnu-3248.40.184~3/RELEASE_X86_64 x86_64
rlimit: STACK 8192k, CORE 0k, NPROC 709, NOFILE 10240, AS infinity
load average:1.39 1.30 1.25

CPU:total 4 (2 cores per cpu, 2 threads per core) family 6 model 61 stepping 4, cmov, cx8, fxsr, mmx, sse, sse2, sse3, ssse3, sse4.1, sse4.2, popcnt, avx, avx2, aes, clmul, erms, 3dnowpref, lzcnt, ht, tsc, tscinvbit, bmi1, bmi2, adx

Memory: 4k page, physical 8388608k(1184012k free)

/proc/meminfo:


vm_info: Java HotSpot(TM) 64-Bit Server VM (25.60-b23) for bsd-amd64 JRE (1.8.0_60-b27), built on Aug  4 2015 10:47:24 by "java_re" with gcc 4.2.1 (Based on Apple Inc. build 5658) (LLVM build 2336.11.00)

time: Tue May 24 10:54:34 2016
elapsed time: 10 seconds (0d 0h 0m 10s)

