#
# A fatal error has been detected by the Java Runtime Environment:
#
#  SIGSEGV (0xb) at pc=0x00007fff8d5114dd, pid=840, tid=2571
#
# JRE version: Java(TM) SE Runtime Environment (8.0_60-b27) (build 1.8.0_60-b27)
# Java VM: Java HotSpot(TM) 64-Bit Server VM (25.60-b23 mixed mode bsd-amd64 compressed oops)
# Problematic frame:
# C  [libobjc.A.dylib+0x14dd]  objc_msgSend+0x1d
#
# Failed to write core dump. Core dumps have been disabled. To enable core dumping, try "ulimit -c unlimited" before starting Java again
#
# If you would like to submit a bug report, please visit:
#   http://bugreport.java.com/bugreport/crash.jsp
# The crash happened outside the Java Virtual Machine in native code.
# See problematic frame for where to report the bug.
#

---------------  T H R E A D  ---------------

Current thread (0x00007fb52b90c000):  JavaThread "AppKit Thread" daemon [_thread_in_native, id=2571, stack(0x00007fff5725e000,0x00007fff57a5e000)]

siginfo: si_signo: 11 (SIGSEGV), si_code: 1 (SEGV_MAPERR), si_addr: 0x000007fb529f58a8

Registers:
RAX=0x00007fb529f59fe0, RBX=0x00007fff57a58df8, RCX=0x00007fb52c40bef8, RDX=0x00007fb52c40d400
RSP=0x00007fff57a58db8, RBP=0x00007fff57a58dc0, RSI=0x00007fff8b75184a, RDI=0x00007fb529f59fe0
R8 =0x000000000000001f, R9 =0x00007fb52c40d2e0, R10=0x00007fff8b75184a, R11=0x000007fb529f5890
R12=0x00007fb52c40d400, R13=0x00007fb52c40d2e0, R14=0x00007fb52c40bef0, R15=0x0000000000000000
RIP=0x00007fff8d5114dd, EFLAGS=0x0000000000010206, ERR=0x0000000000000004
  TRAPNO=0x000000000000000e

Top of Stack: (sp=0x00007fff57a58db8)
0x00007fff57a58db8:   00007fff88cadbbc 00007fff57a58de0
0x00007fff57a58dc8:   00007fff88cadb4f 0000000000000000
0x00007fff57a58dd8:   0000000000000000 00007fff57a58e50
0x00007fff57a58de8:   00007fff88cadac7 00007fff57a58e20
0x00007fff57a58df8:   00007fff77fb10a0 0000000042000000
0x00007fff57a58e08:   00007fff88cadb10 00007fff76556720
0x00007fff57a58e18:   00007fb52c40d2e0 00007fb52c40d400
0x00007fff57a58e28:   00007fff57a595f8 00007fff76683780
0x00007fff57a58e38:   00007fff57a595f8 00007fb52c40d2e0
0x00007fff57a58e48:   00007fff8906d9e2 00007fff57a58e90
0x00007fff57a58e58:   00007fff88cad832 00007fff57a59470
0x00007fff57a58e68:   0000000000000001 00007fff76683780
0x00007fff57a58e78:   00007fff57a595f8 00007fff8d5114c0
0x00007fff57a58e88:   00007fff8906d9e2 00007fff57a595a0
0x00007fff57a58e98:   00007fff88c6a5e2 00007fb529e65cf0
0x00007fff57a58ea8:   ffff804ad619a310 00007fff76efbd00
0x00007fff57a58eb8:   00007fb529e23270 00007fb52a8020b8
0x00007fff57a58ec8:   00007fb529d521c0 0000000000000000
0x00007fff57a58ed8:   0000000000000000 0000000000000000
0x00007fff57a58ee8:   00007fb529d53060 00007fff76593bc0
0x00007fff57a58ef8:   00007fff57a59470 0000000000000002
0x00007fff57a58f08:   0000000000000100 00007fff57a58f00
0x00007fff57a58f18:   00007fff57a59370 0000000000000000
0x00007fff57a58f28:   0000000000000100 00007fff57a58f00
0x00007fff57a58f38:   00007fff76683780 0000000000000000
0x00007fff57a58f48:   00007fff76557500 00007fff76683780
0x00007fff57a58f58:   0000000000000000 00007fff76557500
0x00007fff57a58f68:   00007fff76efbd00 00007fff57a58fe0
0x00007fff57a58f78:   00007fff8d5182a4 0000000000000000
0x00007fff57a58f88:   00007fff76efd890 0000000100000000
0x00007fff57a58f98:   0000000000000000 ffff804ad63b8750
0x00007fff57a58fa8:   00007fb529c7bda0 00007fb529c7bf10 

Instructions: (pc=0x00007fff8d5114dd)
0x00007fff8d5114bd:   44 00 00 48 85 ff 2e 74 62 40 f6 c7 01 2e 75 66
0x00007fff8d5114cd:   49 bb f8 ff ff ff ff 7f 00 00 4c 23 1f 49 89 f2
0x00007fff8d5114dd:   45 23 53 18 49 c1 e2 04 4d 03 53 10 49 3b 32 75
0x00007fff8d5114ed:   04 41 ff 62 08 49 83 3a 01 76 0d 49 83 c2 10 49 

Register to memory mapping:

RAX=0x00007fb529f59fe0 is an unknown value
RBX=0x00007fff57a58df8 is pointing into the stack for thread: 0x00007fb52b90c000
RCX=0x00007fb52c40bef8 is an unknown value
RDX=0x00007fb52c40d400 is an unknown value
RSP=0x00007fff57a58db8 is pointing into the stack for thread: 0x00007fb52b90c000
RBP=0x00007fff57a58dc0 is pointing into the stack for thread: 0x00007fb52b90c000
RSI=0x00007fff8b75184a: -[NSTitlebarContainerView transparent]+0x63088 in /System/Library/Frameworks/AppKit.framework/Versions/C/AppKit at 0x00007fff8acc4000
RDI=0x00007fb529f59fe0 is an unknown value
R8 =0x000000000000001f is an unknown value
R9 =0x00007fb52c40d2e0 is an unknown value
R10=0x00007fff8b75184a: -[NSTitlebarContainerView transparent]+0x63088 in /System/Library/Frameworks/AppKit.framework/Versions/C/AppKit at 0x00007fff8acc4000
R11=0x000007fb529f5890 is an unknown value
R12=0x00007fb52c40d400 is an unknown value
R13=0x00007fb52c40d2e0 is an unknown value
R14=0x00007fb52c40bef0 is an unknown value
R15=0x0000000000000000 is an unknown value


Stack: [0x00007fff5725e000,0x00007fff57a5e000],  sp=0x00007fff57a58db8,  free space=8171k
Native frames: (J=compiled Java code, j=interpreted, Vv=VM code, C=native code)
C  [libobjc.A.dylib+0x14dd]  objc_msgSend+0x1d
C  [CoreFoundation+0xa0b4f]  ___CFXRegistrationPost_block_invoke+0x3f
C  [CoreFoundation+0xa0ac7]  _CFXRegistrationPost+0x197
C  [CoreFoundation+0xa0832]  ___CFXNotificationPost_block_invoke+0x32
C  [CoreFoundation+0x5d5e2]  -[_CFXNotificationRegistrar find:object:observer:enumerator:]+0x782
C  [CoreFoundation+0x5c835]  _CFXNotificationPost+0x2b5
C  [Foundation+0x6fda]  -[NSNotificationCenter postNotificationName:object:userInfo:]+0x42
C  [AppKit+0x265372]  -[NSSurface _disposeSurface]+0xa9
C  [AppKit+0x264dcb]  -[NSSurface setWindow:]+0x42
C  [AppKit+0x28cab]  -[NSView _setWindow:]+0x9be
C  [AppKit+0x2ba97]  -[NSView removeFromSuperview]+0x1d7
C  [AppKit+0x155d7f]  -[NSView removeFromSuperviewWithoutNeedingDisplay]+0x26
C  [liblwjgl.jnilib+0x9c3e]  +[MacOSXKeyableWindow destroyWindow]+0xde
C  [Foundation+0x76f5e]  __NSThreadPerformPerform+0x117
C  [CoreFoundation+0xaa881]  __CFRUNLOOP_IS_CALLING_OUT_TO_A_SOURCE0_PERFORM_FUNCTION__+0x11
C  [CoreFoundation+0x89fbc]  __CFRunLoopDoSources0+0x22c
C  [CoreFoundation+0x894df]  __CFRunLoopRun+0x39f
C  [CoreFoundation+0x88ed8]  CFRunLoopRunSpecific+0x128
C  [HIToolbox+0x30935]  RunCurrentEventLoopInMode+0xeb
C  [HIToolbox+0x3076f]  ReceiveNextEventCommon+0x1b0
C  [HIToolbox+0x305af]  _BlockUntilNextEventMatchingListInModeWithFilter+0x47
C  [AppKit+0x48efa]  _DPSNextEvent+0x42b
C  [AppKit+0x4832a]  -[NSApplication _nextEventMatchingEventMask:untilDate:inMode:dequeue:]+0x1c6
C  [libosxapp.dylib+0x23aa]  -[NSApplicationAWT nextEventMatchingMask:untilDate:inMode:dequeue:]+0x7c
C  [AppKit+0x3ce84]  -[NSApplication run]+0x2aa
C  [libosxapp.dylib+0x214d]  +[NSApplicationAWT runAWTLoopWithApp:]+0x9c
C  [libawt_lwawt.dylib+0x44517]  -[AWTStarter starter:]+0x389
C  [Foundation+0x76f5e]  __NSThreadPerformPerform+0x117
C  [CoreFoundation+0xaa881]  __CFRUNLOOP_IS_CALLING_OUT_TO_A_SOURCE0_PERFORM_FUNCTION__+0x11
C  [CoreFoundation+0x89fbc]  __CFRunLoopDoSources0+0x22c
C  [CoreFoundation+0x894df]  __CFRunLoopRun+0x39f
C  [CoreFoundation+0x88ed8]  CFRunLoopRunSpecific+0x128
C  [java+0x6463]  CreateExecutionEnvironment+0x367
C  [java+0x21ac]  JLI_Launch+0x7a0
C  [java+0x84c0]  main+0x65
C  [java+0x1a04]  start+0x34
C  0x0000000000000006


---------------  P R O C E S S  ---------------

Java Threads: ( => current thread )
  0x00007fb52bb9d800 JavaThread "AWT-Shutdown" [_thread_blocked, id=29715, stack(0x0000700001150000,0x0000700001250000)]
  0x00007fb52ba77800 JavaThread "Java2D Disposer" daemon [_thread_blocked, id=52211, stack(0x00007000012d6000,0x00007000013d6000)]
=>0x00007fb52b90c000 JavaThread "AppKit Thread" daemon [_thread_in_native, id=2571, stack(0x00007fff5725e000,0x00007fff57a5e000)]
  0x00007fb52a839800 JavaThread "Service Thread" daemon [_thread_blocked, id=18691, stack(0x0000700000e44000,0x0000700000f44000)]
  0x00007fb52a06a800 JavaThread "C1 CompilerThread2" daemon [_thread_blocked, id=18179, stack(0x0000700000d41000,0x0000700000e41000)]
  0x00007fb52a06a000 JavaThread "C2 CompilerThread1" daemon [_thread_blocked, id=17667, stack(0x0000700000c3e000,0x0000700000d3e000)]
  0x00007fb52a01e000 JavaThread "C2 CompilerThread0" daemon [_thread_blocked, id=17155, stack(0x0000700000b3b000,0x0000700000c3b000)]
  0x00007fb52a01d000 JavaThread "Signal Dispatcher" daemon [_thread_blocked, id=16655, stack(0x0000700000a38000,0x0000700000b38000)]
  0x00007fb52a820800 JavaThread "Finalizer" daemon [_thread_blocked, id=12291, stack(0x000070000082f000,0x000070000092f000)]
  0x00007fb52a805000 JavaThread "Reference Handler" daemon [_thread_blocked, id=11779, stack(0x000070000072c000,0x000070000082c000)]
  0x00007fb52a005000 JavaThread "main" [_thread_in_native, id=5891, stack(0x000070000011a000,0x000070000021a000)]

Other Threads:
  0x00007fb52a014800 VMThread [stack: 0x0000700000629000,0x0000700000729000] [id=11267]
  0x00007fb52b043800 WatcherThread [stack: 0x0000700000f47000,0x0000700001047000] [id=19203]

VM state:not at safepoint (normal execution)

VM Mutex/Monitor currently owned by a thread: None

Heap:
 PSYoungGen      total 71680K, used 20595K [0x0000000795580000, 0x000000079a080000, 0x00000007c0000000)
  eden space 66560K, 24% used [0x0000000795580000,0x0000000796530250,0x0000000799680000)
  from space 5120K, 88% used [0x0000000799b80000,0x0000000799fecc18,0x000000079a080000)
  to   space 5120K, 0% used [0x0000000799680000,0x0000000799680000,0x0000000799b80000)
 ParOldGen       total 87552K, used 352K [0x0000000740000000, 0x0000000745580000, 0x0000000795580000)
  object space 87552K, 0% used [0x0000000740000000,0x0000000740058000,0x0000000745580000)
 Metaspace       used 7823K, capacity 7935K, committed 8064K, reserved 1056768K
  class space    used 770K, capacity 826K, committed 896K, reserved 1048576K

Card table byte_map: [0x0000000118fc9000,0x00000001193ca000] byte_map_base: 0x00000001155c9000

Marking Bits: (ParMarkBitMap*) 0x0000000108cfce20
 Begin Bits: [0x0000000119675000, 0x000000011b675000)
 End Bits:   [0x000000011b675000, 0x000000011d675000)

Polling page: 0x00000001093ee000

CodeCache: size=245760Kb used=4606Kb max_used=4606Kb free=241153Kb
 bounds [0x0000000109c09000, 0x000000010a099000, 0x0000000118c09000]
 total_blobs=1476 nmethods=1045 adapters=345
 compilation: enabled

Compilation events (10 events):
Event: 4.925 Thread 0x00007fb52a06a800 1042       3       org.lwjgl.opengl.DrawableGL::swapBuffers (4 bytes)
Event: 4.926 Thread 0x00007fb52a06a800 nmethod 1042 0x000000010a080650 code [0x000000010a0807c0, 0x000000010a0809c8]
Event: 4.926 Thread 0x00007fb52a06a800 1043       3       org.lwjgl.opengl.ContextGL::swapBuffers (9 bytes)
Event: 4.926 Thread 0x00007fb52a06a800 nmethod 1043 0x000000010a0802d0 code [0x000000010a080440, 0x000000010a0805c8]
Event: 4.926 Thread 0x00007fb52a06a800 1044   !   3       org.lwjgl.opengl.MacOSXContextImplementation::swapBuffers (40 bytes)
Event: 4.926 Thread 0x00007fb52a06a800 nmethod 1044 0x000000010a084950 code [0x000000010a084b00, 0x000000010a0851c8]
Event: 4.926 Thread 0x00007fb52a06a800 1046   !   3       org.lwjgl.opengl.MacOSXDisplay::update (114 bytes)
Event: 4.929 Thread 0x00007fb52a06a800 nmethod 1046 0x000000010a0853d0 code [0x000000010a0859a0, 0x000000010a089038]
Event: 4.929 Thread 0x00007fb52a06a800 1047  s    3       org.lwjgl.opengl.ContextGL::update (30 bytes)
Event: 4.930 Thread 0x00007fb52a06a800 nmethod 1047 0x000000010a07f9d0 code [0x000000010a07fb60, 0x000000010a080078]

GC Heap History (8 events):
Event: 1.908 GC heap before
{Heap before GC invocations=1 (full 0):
 PSYoungGen      total 38400K, used 33280K [0x0000000795580000, 0x0000000798000000, 0x00000007c0000000)
  eden space 33280K, 100% used [0x0000000795580000,0x0000000797600000,0x0000000797600000)
  from space 5120K, 0% used [0x0000000797b00000,0x0000000797b00000,0x0000000798000000)
  to   space 5120K, 0% used [0x0000000797600000,0x0000000797600000,0x0000000797b00000)
 ParOldGen       total 87552K, used 0K [0x0000000740000000, 0x0000000745580000, 0x0000000795580000)
  object space 87552K, 0% used [0x0000000740000000,0x0000000740000000,0x0000000745580000)
 Metaspace       used 7583K, capacity 7743K, committed 8064K, reserved 1056768K
  class space    used 759K, capacity 826K, committed 896K, reserved 1048576K
Event: 1.916 GC heap after
Heap after GC invocations=1 (full 0):
 PSYoungGen      total 38400K, used 2760K [0x0000000795580000, 0x0000000798000000, 0x00000007c0000000)
  eden space 33280K, 0% used [0x0000000795580000,0x0000000795580000,0x0000000797600000)
  from space 5120K, 53% used [0x0000000797600000,0x00000007978b2388,0x0000000797b00000)
  to   space 5120K, 0% used [0x0000000797b00000,0x0000000797b00000,0x0000000798000000)
 ParOldGen       total 87552K, used 8K [0x0000000740000000, 0x0000000745580000, 0x0000000795580000)
  object space 87552K, 0% used [0x0000000740000000,0x0000000740002000,0x0000000745580000)
 Metaspace       used 7583K, capacity 7743K, committed 8064K, reserved 1056768K
  class space    used 759K, capacity 826K, committed 896K, reserved 1048576K
}
Event: 2.049 GC heap before
{Heap before GC invocations=2 (full 0):
 PSYoungGen      total 38400K, used 36040K [0x0000000795580000, 0x0000000798000000, 0x00000007c0000000)
  eden space 33280K, 100% used [0x0000000795580000,0x0000000797600000,0x0000000797600000)
  from space 5120K, 53% used [0x0000000797600000,0x00000007978b2388,0x0000000797b00000)
  to   space 5120K, 0% used [0x0000000797b00000,0x0000000797b00000,0x0000000798000000)
 ParOldGen       total 87552K, used 8K [0x0000000740000000, 0x0000000745580000, 0x0000000795580000)
  object space 87552K, 0% used [0x0000000740000000,0x0000000740002000,0x0000000745580000)
 Metaspace       used 7593K, capacity 7743K, committed 8064K, reserved 1056768K
  class space    used 759K, capacity 826K, committed 896K, reserved 1048576K
Event: 2.057 GC heap after
Heap after GC invocations=2 (full 0):
 PSYoungGen      total 38400K, used 5103K [0x0000000795580000, 0x000000079a080000, 0x00000007c0000000)
  eden space 33280K, 0% used [0x0000000795580000,0x0000000795580000,0x0000000797600000)
  from space 5120K, 99% used [0x0000000797b00000,0x0000000797ffbe20,0x0000000798000000)
  to   space 5120K, 0% used [0x0000000797600000,0x0000000797600000,0x0000000797b00000)
 ParOldGen       total 87552K, used 336K [0x0000000740000000, 0x0000000745580000, 0x0000000795580000)
  object space 87552K, 0% used [0x0000000740000000,0x0000000740054000,0x0000000745580000)
 Metaspace       used 7593K, capacity 7743K, committed 8064K, reserved 1056768K
  class space    used 759K, capacity 826K, committed 896K, reserved 1048576K
}
Event: 2.869 GC heap before
{Heap before GC invocations=3 (full 0):
 PSYoungGen      total 38400K, used 38337K [0x0000000795580000, 0x000000079a080000, 0x00000007c0000000)
  eden space 33280K, 99% used [0x0000000795580000,0x00000007975f46b8,0x0000000797600000)
  from space 5120K, 99% used [0x0000000797b00000,0x0000000797ffbe20,0x0000000798000000)
  to   space 5120K, 0% used [0x0000000797600000,0x0000000797600000,0x0000000797b00000)
 ParOldGen       total 87552K, used 336K [0x0000000740000000, 0x0000000745580000, 0x0000000795580000)
  object space 87552K, 0% used [0x0000000740000000,0x0000000740054000,0x0000000745580000)
 Metaspace       used 7753K, capacity 7871K, committed 8064K, reserved 1056768K
  class space    used 769K, capacity 826K, committed 896K, reserved 1048576K
Event: 2.877 GC heap after
Heap after GC invocations=3 (full 0):
 PSYoungGen      total 38400K, used 4563K [0x0000000795580000, 0x000000079a080000, 0x00000007c0000000)
  eden space 33280K, 0% used [0x0000000795580000,0x0000000795580000,0x0000000797600000)
  from space 5120K, 89% used [0x0000000797600000,0x0000000797a74c18,0x0000000797b00000)
  to   space 5120K, 0% used [0x0000000799b80000,0x0000000799b80000,0x000000079a080000)
 ParOldGen       total 87552K, used 344K [0x0000000740000000, 0x0000000745580000, 0x0000000795580000)
  object space 87552K, 0% used [0x0000000740000000,0x0000000740056000,0x0000000745580000)
 Metaspace       used 7753K, capacity 7871K, committed 8064K, reserved 1056768K
  class space    used 769K, capacity 826K, committed 896K, reserved 1048576K
}
Event: 4.211 GC heap before
{Heap before GC invocations=4 (full 0):
 PSYoungGen      total 38400K, used 37843K [0x0000000795580000, 0x000000079a080000, 0x00000007c0000000)
  eden space 33280K, 100% used [0x0000000795580000,0x0000000797600000,0x0000000797600000)
  from space 5120K, 89% used [0x0000000797600000,0x0000000797a74c18,0x0000000797b00000)
  to   space 5120K, 0% used [0x0000000799b80000,0x0000000799b80000,0x000000079a080000)
 ParOldGen       total 87552K, used 344K [0x0000000740000000, 0x0000000745580000, 0x0000000795580000)
  object space 87552K, 0% used [0x0000000740000000,0x0000000740056000,0x0000000745580000)
 Metaspace       used 7797K, capacity 7935K, committed 8064K, reserved 1056768K
  class space    used 770K, capacity 826K, committed 896K, reserved 1048576K
Event: 4.217 GC heap after
Heap after GC invocations=4 (full 0):
 PSYoungGen      total 71680K, used 4531K [0x0000000795580000, 0x000000079a080000, 0x00000007c0000000)
  eden space 66560K, 0% used [0x0000000795580000,0x0000000795580000,0x0000000799680000)
  from space 5120K, 88% used [0x0000000799b80000,0x0000000799fecc18,0x000000079a080000)
  to   space 5120K, 0% used [0x0000000799680000,0x0000000799680000,0x0000000799b80000)
 ParOldGen       total 87552K, used 352K [0x0000000740000000, 0x0000000745580000, 0x0000000795580000)
  object space 87552K, 0% used [0x0000000740000000,0x0000000740058000,0x0000000745580000)
 Metaspace       used 7797K, capacity 7935K, committed 8064K, reserved 1056768K
  class space    used 770K, capacity 826K, committed 896K, reserved 1048576K
}

Deoptimization events (10 events):
Event: 0.651 Thread 0x00007fb52a005000 Uncommon trap: reason=unstable_if action=reinterpret pc=0x0000000109dace98 method=java.lang.String.replace(CC)Ljava/lang/String; @ 26
Event: 1.811 Thread 0x00007fb52a005000 Uncommon trap: reason=unstable_if action=reinterpret pc=0x0000000109eaabdc method=sun.misc.FloatingDecimal.readJavaFormatString(Ljava/lang/String;)Lsun/misc/FloatingDecimal$ASCIIToBinaryConverter; @ 733
Event: 1.895 Thread 0x00007fb52a005000 Uncommon trap: reason=unstable_if action=reinterpret pc=0x0000000109edb1e8 method=terrains.Terrain.getHeight(IILjava/awt/image/BufferedImage;)F @ 21
Event: 1.942 Thread 0x00007fb52a005000 Uncommon trap: reason=predicate action=maybe_recompile pc=0x0000000109ee20b8 method=java.util.AbstractCollection.toArray([Ljava/lang/Object;)[Ljava/lang/Object; @ 49
Event: 1.988 Thread 0x00007fb52a005000 Uncommon trap: reason=array_check action=maybe_recompile pc=0x0000000109ef1698 method=java.util.AbstractCollection.toArray([Ljava/lang/Object;)[Ljava/lang/Object; @ 119
Event: 1.988 Thread 0x00007fb52a005000 Uncommon trap: reason=array_check action=maybe_recompile pc=0x0000000109ef1698 method=java.util.AbstractCollection.toArray([Ljava/lang/Object;)[Ljava/lang/Object; @ 119
Event: 1.988 Thread 0x00007fb52a005000 Uncommon trap: reason=array_check action=maybe_recompile pc=0x0000000109ef1698 method=java.util.AbstractCollection.toArray([Ljava/lang/Object;)[Ljava/lang/Object; @ 119
Event: 1.988 Thread 0x00007fb52a005000 Uncommon trap: reason=array_check action=maybe_recompile pc=0x0000000109ef1698 method=java.util.AbstractCollection.toArray([Ljava/lang/Object;)[Ljava/lang/Object; @ 119
Event: 2.391 Thread 0x00007fb52a005000 Uncommon trap: reason=unstable_if action=reinterpret pc=0x0000000109f56d14 method=collision.CollisionHandler.collide(Lentities/Ball;Lgeometry/Triangle;)Z @ 36
Event: 3.577 Thread 0x00007fb52a005000 Uncommon trap: reason=unstable_if action=reinterpret pc=0x0000000109f9a450 method=collision.CollisionHandler.isInTriangle(Lentities/Ball;Lgeometry/Triangle;)Z @ 170

Internal exceptions (10 events):
Event: 0.133 Thread 0x00007fb52a005000 Exception <a 'java/security/PrivilegedActionException'> (0x00000007957473d0) thrown at [/Users/java_re/workspace/8-2-build-macosx-x86_64/jdk8u60/4407/hotspot/src/share/vm/prims/jvm.cpp, line 1386]
Event: 0.202 Thread 0x00007fb52a005000 Exception <a 'java/security/PrivilegedActionException'> (0x00000007958d95a8) thrown at [/Users/java_re/workspace/8-2-build-macosx-x86_64/jdk8u60/4407/hotspot/src/share/vm/prims/jvm.cpp, line 1386]
Event: 0.202 Thread 0x00007fb52a005000 Exception <a 'java/security/PrivilegedActionException'> (0x00000007958d97b8) thrown at [/Users/java_re/workspace/8-2-build-macosx-x86_64/jdk8u60/4407/hotspot/src/share/vm/prims/jvm.cpp, line 1386]
Event: 0.202 Thread 0x00007fb52a005000 Exception <a 'java/security/PrivilegedActionException'> (0x00000007958dcc40) thrown at [/Users/java_re/workspace/8-2-build-macosx-x86_64/jdk8u60/4407/hotspot/src/share/vm/prims/jvm.cpp, line 1386]
Event: 0.202 Thread 0x00007fb52a005000 Exception <a 'java/security/PrivilegedActionException'> (0x00000007958dce50) thrown at [/Users/java_re/workspace/8-2-build-macosx-x86_64/jdk8u60/4407/hotspot/src/share/vm/prims/jvm.cpp, line 1386]
Event: 0.262 Thread 0x00007fb52a005000 Exception <a 'java/lang/NoSuchFieldError': method resolution failed> (0x00000007959ac698) thrown at [/Users/java_re/workspace/8-2-build-macosx-x86_64/jdk8u60/4407/hotspot/src/share/vm/prims/methodHandles.cpp, line 1146]
Event: 0.266 Thread 0x00007fb52a005000 Exception <a 'java/lang/NoSuchFieldError': method resolution failed> (0x00000007959b9de8) thrown at [/Users/java_re/workspace/8-2-build-macosx-x86_64/jdk8u60/4407/hotspot/src/share/vm/prims/methodHandles.cpp, line 1146]
Event: 0.440 Thread 0x00007fb52a005000 Exception <a 'java/io/FileNotFoundException'> (0x0000000795a34dd0) thrown at [/Users/java_re/workspace/8-2-build-macosx-x86_64/jdk8u60/4407/hotspot/src/share/vm/prims/jni.cpp, line 709]
Event: 0.440 Thread 0x00007fb52a005000 Exception <a 'java/io/FileNotFoundException'> (0x0000000795a35950) thrown at [/Users/java_re/workspace/8-2-build-macosx-x86_64/jdk8u60/4407/hotspot/src/share/vm/prims/jni.cpp, line 709]
Event: 0.460 Thread 0x00007fb52a005000 Exception <a 'java/lang/UnsatisfiedLinkError'> (0x0000000795a50d98) thrown at [/Users/java_re/workspace/8-2-build-macosx-x86_64/jdk8u60/4407/hotspot/src/share/vm/prims/jvm.cpp, line 1390]

Events (10 events):
Event: 3.577 Thread 0x00007fb52a005000 DEOPT PACKING pc=0x0000000109f9a450 sp=0x0000700000219740
Event: 3.577 Thread 0x00007fb52a005000 DEOPT UNPACKING pc=0x0000000109c0e229 sp=0x0000700000219778 mode 2
Event: 4.111 loading class java/util/ArrayList$1
Event: 4.111 loading class java/util/ArrayList$1 done
Event: 4.140 Executing VM operation: EnableBiasedLocking
Event: 4.140 Executing VM operation: EnableBiasedLocking done
Event: 4.211 Executing VM operation: ParallelGCFailedAllocation
Event: 4.217 Executing VM operation: ParallelGCFailedAllocation done
Event: 5.127 loading class org/lwjgl/opengl/CallbackUtil
Event: 5.127 loading class org/lwjgl/opengl/CallbackUtil done


Dynamic libraries:
0x000000000584e000 	/System/Library/Frameworks/Cocoa.framework/Versions/A/Cocoa
0x000000000584e000 	/System/Library/Frameworks/Security.framework/Versions/A/Security
0x000000000584e000 	/System/Library/Frameworks/ApplicationServices.framework/Versions/A/ApplicationServices
0x000000000584e000 	/usr/lib/libz.1.dylib
0x000000000584e000 	/usr/lib/libSystem.B.dylib
0x000000000584e000 	/usr/lib/libobjc.A.dylib
0x000000000584e000 	/System/Library/Frameworks/CoreFoundation.framework/Versions/A/CoreFoundation
0x000000000584e000 	/System/Library/Frameworks/Foundation.framework/Versions/C/Foundation
0x000000000584e000 	/System/Library/Frameworks/AppKit.framework/Versions/C/AppKit
0x000000000584e000 	/System/Library/Frameworks/CoreData.framework/Versions/A/CoreData
0x000000000584e000 	/System/Library/PrivateFrameworks/RemoteViewServices.framework/Versions/A/RemoteViewServices
0x000000000584e000 	/System/Library/PrivateFrameworks/UIFoundation.framework/Versions/A/UIFoundation
0x000000000584e000 	/usr/lib/libScreenReader.dylib
0x000000000584e000 	/System/Library/Frameworks/Accelerate.framework/Versions/A/Accelerate
0x000000000584e000 	/System/Library/Frameworks/IOSurface.framework/Versions/A/IOSurface
0x000000000584e000 	/System/Library/Frameworks/AudioToolbox.framework/Versions/A/AudioToolbox
0x000000000584e000 	/System/Library/Frameworks/AudioUnit.framework/Versions/A/AudioUnit
0x000000000584e000 	/System/Library/PrivateFrameworks/DataDetectorsCore.framework/Versions/A/DataDetectorsCore
0x000000000584e000 	/System/Library/PrivateFrameworks/DesktopServicesPriv.framework/Versions/A/DesktopServicesPriv
0x000000000584e000 	/System/Library/Frameworks/Carbon.framework/Versions/A/Frameworks/HIToolbox.framework/Versions/A/HIToolbox
0x000000000584e000 	/System/Library/Frameworks/QuartzCore.framework/Versions/A/QuartzCore
0x000000000584e000 	/System/Library/Frameworks/Carbon.framework/Versions/A/Frameworks/SpeechRecognition.framework/Versions/A/SpeechRecognition
0x000000000584e000 	/usr/lib/libauto.dylib
0x000000000584e000 	/usr/lib/libicucore.A.dylib
0x000000000584e000 	/usr/lib/libxml2.2.dylib
0x000000000584e000 	/System/Library/PrivateFrameworks/CoreUI.framework/Versions/A/CoreUI
0x000000000584e000 	/System/Library/Frameworks/CoreAudio.framework/Versions/A/CoreAudio
0x000000000584e000 	/System/Library/Frameworks/DiskArbitration.framework/Versions/A/DiskArbitration
0x000000000584e000 	/usr/lib/liblangid.dylib
0x000000000584e000 	/System/Library/PrivateFrameworks/MultitouchSupport.framework/Versions/A/MultitouchSupport
0x000000000584e000 	/System/Library/Frameworks/IOKit.framework/Versions/A/IOKit
0x000000000584e000 	/usr/lib/libDiagnosticMessagesClient.dylib
0x000000000584e000 	/System/Library/Frameworks/CoreServices.framework/Versions/A/CoreServices
0x000000000584e000 	/System/Library/PrivateFrameworks/PerformanceAnalysis.framework/Versions/A/PerformanceAnalysis
0x000000000584e000 	/System/Library/PrivateFrameworks/GenerationalStorage.framework/Versions/A/GenerationalStorage
0x000000000584e000 	/System/Library/Frameworks/OpenGL.framework/Versions/A/OpenGL
0x000000000584e000 	/System/Library/PrivateFrameworks/Sharing.framework/Versions/A/Sharing
0x000000000584e000 	/System/Library/Frameworks/CoreGraphics.framework/Versions/A/CoreGraphics
0x000000000584e000 	/System/Library/Frameworks/CoreImage.framework/Versions/A/CoreImage
0x000000000584e000 	/System/Library/Frameworks/CoreText.framework/Versions/A/CoreText
0x000000000584e000 	/System/Library/Frameworks/ImageIO.framework/Versions/A/ImageIO
0x000000000584e000 	/System/Library/PrivateFrameworks/Backup.framework/Versions/A/Backup
0x000000000584e000 	/usr/lib/libextension.dylib
0x000000000584e000 	/usr/lib/libarchive.2.dylib
0x000000000584e000 	/System/Library/Frameworks/CFNetwork.framework/Versions/A/CFNetwork
0x000000000584e000 	/System/Library/Frameworks/SystemConfiguration.framework/Versions/A/SystemConfiguration
0x000000000584e000 	/usr/lib/libCRFSuite.dylib
0x000000000584e000 	/usr/lib/libc++.1.dylib
0x000000000584e000 	/usr/lib/libc++abi.dylib
0x000000000584e000 	/usr/lib/system/libcache.dylib
0x000000000584e000 	/usr/lib/system/libcommonCrypto.dylib
0x000000000584e000 	/usr/lib/system/libcompiler_rt.dylib
0x000000000584e000 	/usr/lib/system/libcopyfile.dylib
0x000000000584e000 	/usr/lib/system/libcorecrypto.dylib
0x000000000584e000 	/usr/lib/system/libdispatch.dylib
0x000000000584e000 	/usr/lib/system/libdyld.dylib
0x000000000584e000 	/usr/lib/system/libkeymgr.dylib
0x000000000584e000 	/usr/lib/system/liblaunch.dylib
0x000000000584e000 	/usr/lib/system/libmacho.dylib
0x000000000584e000 	/usr/lib/system/libquarantine.dylib
0x000000000584e000 	/usr/lib/system/libremovefile.dylib
0x000000000584e000 	/usr/lib/system/libsystem_asl.dylib
0x000000000584e000 	/usr/lib/system/libsystem_blocks.dylib
0x000000000584e000 	/usr/lib/system/libsystem_c.dylib
0x000000000584e000 	/usr/lib/system/libsystem_configuration.dylib
0x000000000584e000 	/usr/lib/system/libsystem_coreservices.dylib
0x000000000584e000 	/usr/lib/system/libsystem_coretls.dylib
0x000000000584e000 	/usr/lib/system/libsystem_dnssd.dylib
0x000000000584e000 	/usr/lib/system/libsystem_info.dylib
0x000000000584e000 	/usr/lib/system/libsystem_kernel.dylib
0x000000000584e000 	/usr/lib/system/libsystem_m.dylib
0x000000000584e000 	/usr/lib/system/libsystem_malloc.dylib
0x000000000584e000 	/usr/lib/system/libsystem_network.dylib
0x000000000584e000 	/usr/lib/system/libsystem_networkextension.dylib
0x000000000584e000 	/usr/lib/system/libsystem_notify.dylib
0x000000000584e000 	/usr/lib/system/libsystem_platform.dylib
0x000000000584e000 	/usr/lib/system/libsystem_pthread.dylib
0x000000000584e000 	/usr/lib/system/libsystem_sandbox.dylib
0x000000000584e000 	/usr/lib/system/libsystem_secinit.dylib
0x000000000584e000 	/usr/lib/system/libsystem_trace.dylib
0x000000000584e000 	/usr/lib/system/libunc.dylib
0x000000000584e000 	/usr/lib/system/libunwind.dylib
0x000000000584e000 	/usr/lib/system/libxpc.dylib
0x000000000584e000 	/usr/lib/libenergytrace.dylib
0x000000000584e000 	/usr/lib/libbsm.0.dylib
0x000000000584e000 	/usr/lib/system/libkxld.dylib
0x000000000584e000 	/usr/lib/libxar.1.dylib
0x000000000584e000 	/usr/lib/libsqlite3.dylib
0x000000000584e000 	/usr/lib/libpam.2.dylib
0x000000000584e000 	/usr/lib/libOpenScriptingUtil.dylib
0x000000000584e000 	/usr/lib/libbz2.1.0.dylib
0x000000000584e000 	/usr/lib/liblzma.5.dylib
0x000000000584e000 	/System/Library/Frameworks/CoreServices.framework/Versions/A/Frameworks/FSEvents.framework/Versions/A/FSEvents
0x000000000584e000 	/System/Library/Frameworks/CoreServices.framework/Versions/A/Frameworks/CarbonCore.framework/Versions/A/CarbonCore
0x000000000584e000 	/System/Library/Frameworks/CoreServices.framework/Versions/A/Frameworks/Metadata.framework/Versions/A/Metadata
0x000000000584e000 	/System/Library/Frameworks/CoreServices.framework/Versions/A/Frameworks/OSServices.framework/Versions/A/OSServices
0x000000000584e000 	/System/Library/Frameworks/CoreServices.framework/Versions/A/Frameworks/SearchKit.framework/Versions/A/SearchKit
0x000000000584e000 	/System/Library/Frameworks/CoreServices.framework/Versions/A/Frameworks/AE.framework/Versions/A/AE
0x000000000584e000 	/System/Library/Frameworks/CoreServices.framework/Versions/A/Frameworks/LaunchServices.framework/Versions/A/LaunchServices
0x000000000584e000 	/System/Library/Frameworks/CoreServices.framework/Versions/A/Frameworks/DictionaryServices.framework/Versions/A/DictionaryServices
0x000000000584e000 	/System/Library/Frameworks/CoreServices.framework/Versions/A/Frameworks/SharedFileList.framework/Versions/A/SharedFileList
0x000000000584e000 	/System/Library/Frameworks/NetFS.framework/Versions/A/NetFS
0x000000000584e000 	/System/Library/PrivateFrameworks/NetAuth.framework/Versions/A/NetAuth
0x000000000584e000 	/System/Library/PrivateFrameworks/login.framework/Versions/A/Frameworks/loginsupport.framework/Versions/A/loginsupport
0x000000000584e000 	/System/Library/PrivateFrameworks/TCC.framework/Versions/A/TCC
0x000000000584e000 	/usr/lib/libmecabra.dylib
0x000000000584e000 	/System/Library/Frameworks/ApplicationServices.framework/Versions/A/Frameworks/ATS.framework/Versions/A/ATS
0x000000000584e000 	/System/Library/Frameworks/ApplicationServices.framework/Versions/A/Frameworks/ColorSync.framework/Versions/A/ColorSync
0x000000000584e000 	/System/Library/Frameworks/ApplicationServices.framework/Versions/A/Frameworks/HIServices.framework/Versions/A/HIServices
0x000000000584e000 	/System/Library/Frameworks/ApplicationServices.framework/Versions/A/Frameworks/LangAnalysis.framework/Versions/A/LangAnalysis
0x000000000584e000 	/System/Library/Frameworks/ApplicationServices.framework/Versions/A/Frameworks/PrintCore.framework/Versions/A/PrintCore
0x000000000584e000 	/System/Library/Frameworks/ApplicationServices.framework/Versions/A/Frameworks/QD.framework/Versions/A/QD
0x000000000584e000 	/System/Library/Frameworks/ApplicationServices.framework/Versions/A/Frameworks/SpeechSynthesis.framework/Versions/A/SpeechSynthesis
0x000000000584e000 	/System/Library/Frameworks/Metal.framework/Versions/A/Metal
0x000000000584e000 	/System/Library/Frameworks/Accelerate.framework/Versions/A/Frameworks/vImage.framework/Versions/A/vImage
0x000000000584e000 	/System/Library/Frameworks/Accelerate.framework/Versions/A/Frameworks/vecLib.framework/Versions/A/vecLib
0x000000000584e000 	/System/Library/Frameworks/Accelerate.framework/Versions/A/Frameworks/vecLib.framework/Versions/A/libvDSP.dylib
0x000000000584e000 	/System/Library/Frameworks/Accelerate.framework/Versions/A/Frameworks/vecLib.framework/Versions/A/libvMisc.dylib
0x000000000584e000 	/System/Library/Frameworks/Accelerate.framework/Versions/A/Frameworks/vecLib.framework/Versions/A/libLAPACK.dylib
0x000000000584e000 	/System/Library/Frameworks/Accelerate.framework/Versions/A/Frameworks/vecLib.framework/Versions/A/libBLAS.dylib
0x000000000584e000 	/System/Library/Frameworks/Accelerate.framework/Versions/A/Frameworks/vecLib.framework/Versions/A/libLinearAlgebra.dylib
0x000000000584e000 	/System/Library/Frameworks/Accelerate.framework/Versions/A/Frameworks/vecLib.framework/Versions/A/libSparseBLAS.dylib
0x000000000584e000 	/System/Library/PrivateFrameworks/GPUCompiler.framework/libmetal_timestamp.dylib
0x000000000584e000 	/System/Library/Frameworks/OpenGL.framework/Versions/A/Libraries/libCoreFSCache.dylib
0x000000000584e000 	/System/Library/PrivateFrameworks/IOAccelerator.framework/Versions/A/IOAccelerator
0x000000000584e000 	/System/Library/Frameworks/ApplicationServices.framework/Versions/A/Frameworks/ATS.framework/Versions/A/Resources/libFontParser.dylib
0x000000000584e000 	/System/Library/Frameworks/ApplicationServices.framework/Versions/A/Frameworks/ATS.framework/Versions/A/Resources/libFontRegistry.dylib
0x000000000584e000 	/System/Library/PrivateFrameworks/AppleVPA.framework/Versions/A/AppleVPA
0x000000000584e000 	/System/Library/PrivateFrameworks/AppleJPEG.framework/Versions/A/AppleJPEG
0x000000000584e000 	/System/Library/Frameworks/ImageIO.framework/Versions/A/Resources/libJPEG.dylib
0x000000000584e000 	/System/Library/Frameworks/ImageIO.framework/Versions/A/Resources/libTIFF.dylib
0x000000000584e000 	/System/Library/Frameworks/ImageIO.framework/Versions/A/Resources/libPng.dylib
0x000000000584e000 	/System/Library/Frameworks/ImageIO.framework/Versions/A/Resources/libGIF.dylib
0x000000000584e000 	/System/Library/Frameworks/ImageIO.framework/Versions/A/Resources/libJP2.dylib
0x000000000584e000 	/System/Library/Frameworks/ImageIO.framework/Versions/A/Resources/libRadiance.dylib
0x000000000584e000 	/System/Library/Frameworks/CoreVideo.framework/Versions/A/CoreVideo
0x000000000584e000 	/System/Library/Frameworks/OpenGL.framework/Versions/A/Libraries/libGLU.dylib
0x000000000584e000 	/System/Library/Frameworks/OpenGL.framework/Versions/A/Libraries/libGFXShared.dylib
0x000000000584e000 	/System/Library/Frameworks/OpenGL.framework/Versions/A/Libraries/libGL.dylib
0x000000000584e000 	/System/Library/Frameworks/OpenGL.framework/Versions/A/Libraries/libGLImage.dylib
0x000000000584e000 	/System/Library/Frameworks/OpenGL.framework/Versions/A/Libraries/libCVMSPluginSupport.dylib
0x000000000584e000 	/System/Library/Frameworks/OpenGL.framework/Versions/A/Libraries/libCoreVMClient.dylib
0x000000000584e000 	/usr/lib/libcups.2.dylib
0x000000000584e000 	/System/Library/Frameworks/Kerberos.framework/Versions/A/Kerberos
0x000000000584e000 	/System/Library/Frameworks/GSS.framework/Versions/A/GSS
0x000000000584e000 	/usr/lib/libresolv.9.dylib
0x000000000584e000 	/usr/lib/libiconv.2.dylib
0x000000000584e000 	/System/Library/PrivateFrameworks/Heimdal.framework/Versions/A/Heimdal
0x000000000584e000 	/usr/lib/libheimdal-asn1.dylib
0x000000000584e000 	/System/Library/Frameworks/OpenDirectory.framework/Versions/A/OpenDirectory
0x000000000584e000 	/System/Library/PrivateFrameworks/CommonAuth.framework/Versions/A/CommonAuth
0x000000000584e000 	/System/Library/Frameworks/OpenDirectory.framework/Versions/A/Frameworks/CFOpenDirectory.framework/Versions/A/CFOpenDirectory
0x000000000584e000 	/System/Library/Frameworks/SecurityFoundation.framework/Versions/A/SecurityFoundation
0x000000000584e000 	/System/Library/PrivateFrameworks/LanguageModeling.framework/Versions/A/LanguageModeling
0x000000000584e000 	/usr/lib/libmarisa.dylib
0x000000000584e000 	/usr/lib/libChineseTokenizer.dylib
0x000000000584e000 	/usr/lib/libcmph.dylib
0x000000000584e000 	/usr/lib/libcompression.dylib
0x000000000584e000 	/System/Library/Frameworks/ServiceManagement.framework/Versions/A/ServiceManagement
0x000000000584e000 	/usr/lib/libxslt.1.dylib
0x000000000584e000 	/System/Library/Frameworks/Carbon.framework/Versions/A/Frameworks/Ink.framework/Versions/A/Ink
0x000000000584e000 	/usr/lib/libFosl_dynamic.dylib
0x000000000584e000 	/System/Library/PrivateFrameworks/FaceCore.framework/Versions/A/FaceCore
0x000000000584e000 	/System/Library/Frameworks/OpenCL.framework/Versions/A/OpenCL
0x000000000584e000 	/System/Library/PrivateFrameworks/CrashReporterSupport.framework/Versions/A/CrashReporterSupport
0x000000000584e000 	/System/Library/PrivateFrameworks/IconServices.framework/Versions/A/IconServices
0x000000000584e000 	/System/Library/PrivateFrameworks/Apple80211.framework/Versions/A/Apple80211
0x000000000584e000 	/System/Library/Frameworks/CoreWLAN.framework/Versions/A/CoreWLAN
0x000000000584e000 	/System/Library/Frameworks/IOBluetooth.framework/Versions/A/IOBluetooth
0x000000000584e000 	/System/Library/PrivateFrameworks/CoreWiFi.framework/Versions/A/CoreWiFi
0x000000000584e000 	/System/Library/Frameworks/CoreBluetooth.framework/Versions/A/CoreBluetooth
0x000000000584e000 	/System/Library/PrivateFrameworks/ChunkingLibrary.framework/Versions/A/ChunkingLibrary
0x000000000584e000 	/System/Library/PrivateFrameworks/DebugSymbols.framework/Versions/A/DebugSymbols
0x000000000584e000 	/System/Library/PrivateFrameworks/CoreSymbolication.framework/Versions/A/CoreSymbolication
0x000000000584e000 	/System/Library/PrivateFrameworks/Symbolication.framework/Versions/A/Symbolication
0x000000000584e000 	/System/Library/PrivateFrameworks/SpeechRecognitionCore.framework/Versions/A/SpeechRecognitionCore
0x000000010841e000 	/Library/Java/JavaVirtualMachines/jdk1.8.0_60.jdk/Contents/Home/jre/lib/server/libjvm.dylib
0x000000000584e000 	/usr/lib/libstdc++.6.dylib
0x00000001093ab000 	/Library/Java/JavaVirtualMachines/jdk1.8.0_60.jdk/Contents/Home/jre/lib/libverify.dylib
0x00000001093b9000 	/Library/Java/JavaVirtualMachines/jdk1.8.0_60.jdk/Contents/Home/jre/lib/libjava.dylib
0x0000000109c00000 	/Library/Java/JavaVirtualMachines/jdk1.8.0_60.jdk/Contents/Home/jre/lib/libzip.dylib
0x000000011f56b000 	/System/Library/Frameworks/JavaVM.framework/Frameworks/JavaRuntimeSupport.framework/JavaRuntimeSupport
0x000000011f586000 	/System/Library/Frameworks/JavaVM.framework/Versions/A/Frameworks/JavaNativeFoundation.framework/Versions/A/JavaNativeFoundation
0x000000011f59b000 	/System/Library/Frameworks/JavaVM.framework/Versions/A/JavaVM
0x000000000584e000 	/System/Library/Frameworks/Carbon.framework/Versions/A/Carbon
0x000000011f5a8000 	/System/Library/PrivateFrameworks/JavaLaunching.framework/Versions/A/JavaLaunching
0x000000000584e000 	/System/Library/Frameworks/Carbon.framework/Versions/A/Frameworks/CommonPanels.framework/Versions/A/CommonPanels
0x000000000584e000 	/System/Library/Frameworks/Carbon.framework/Versions/A/Frameworks/Help.framework/Versions/A/Help
0x000000000584e000 	/System/Library/Frameworks/Carbon.framework/Versions/A/Frameworks/ImageCapture.framework/Versions/A/ImageCapture
0x000000000584e000 	/System/Library/Frameworks/Carbon.framework/Versions/A/Frameworks/OpenScripting.framework/Versions/A/OpenScripting
0x000000000584e000 	/System/Library/Frameworks/Carbon.framework/Versions/A/Frameworks/Print.framework/Versions/A/Print
0x000000000584e000 	/System/Library/Frameworks/Carbon.framework/Versions/A/Frameworks/SecurityHI.framework/Versions/A/SecurityHI
0x0000000120f2d000 	/Library/Java/JavaVirtualMachines/jdk1.8.0_60.jdk/Contents/Home/jre/lib/libawt.dylib
0x0000000120fd5000 	/Library/Java/JavaVirtualMachines/jdk1.8.0_60.jdk/Contents/Home/jre/lib/./libmlib_image.dylib
0x00000001210a1000 	/Library/Java/JavaVirtualMachines/jdk1.8.0_60.jdk/Contents/Home/jre/lib/libawt_lwawt.dylib
0x0000000121156000 	/Library/Java/JavaVirtualMachines/jdk1.8.0_60.jdk/Contents/Home/jre/lib/./libosxapp.dylib
0x000000000584e000 	/System/Library/Frameworks/ExceptionHandling.framework/Versions/A/ExceptionHandling
0x000000000584e000 	/System/Library/PrivateFrameworks/CoreServicesInternal.framework/Versions/A/CoreServicesInternal
0x000000000584e000 	/System/Library/Frameworks/CoreGraphics.framework/Versions/A/Resources/libRIP.A.dylib
0x000000000584e000 	/System/Library/Frameworks/Accelerate.framework/Versions/A/Frameworks/vImage.framework/Versions/A/Libraries/libCGInterfaces.dylib
0x000000000584e000 	/System/Library/Frameworks/CoreGraphics.framework/Versions/A/Resources/libCGXType.A.dylib
0x000000000584e000 	/System/Library/Frameworks/OpenCL.framework/Versions/A/Libraries/libcldcpuengine.dylib
0x000000000584e000 	/System/Library/PrivateFrameworks/DiskImages.framework/Versions/A/DiskImages
0x000000000584e000 	/System/Library/Frameworks/DiscRecording.framework/Versions/A/DiscRecording
0x000000000584e000 	/usr/lib/libcsfde.dylib
0x000000000584e000 	/usr/lib/libcurl.4.dylib
0x000000000584e000 	/System/Library/PrivateFrameworks/MediaKit.framework/Versions/A/MediaKit
0x000000000584e000 	/System/Library/PrivateFrameworks/ProtectedCloudStorage.framework/Versions/A/ProtectedCloudStorage
0x000000000584e000 	/usr/lib/libCoreStorage.dylib
0x000000000584e000 	/System/Library/PrivateFrameworks/EFILogin.framework/Versions/A/EFILogin
0x000000000584e000 	/usr/lib/libutil.dylib
0x000000000584e000 	/System/Library/PrivateFrameworks/FindMyDevice.framework/Versions/A/FindMyDevice
0x000000000584e000 	/System/Library/Frameworks/LDAP.framework/Versions/A/LDAP
0x000000000584e000 	/usr/lib/libsasl2.2.dylib
0x000000000584e000 	/System/Library/PrivateFrameworks/CoreDaemon.framework/Versions/B/CoreDaemon
0x000000000584e000 	/usr/lib/libcrypto.0.9.8.dylib
0x000000000584e000 	/System/Library/PrivateFrameworks/AppleSRP.framework/Versions/A/AppleSRP
0x000000000584e000 	/System/Library/PrivateFrameworks/TrustEvaluationAgent.framework/Versions/A/TrustEvaluationAgent
0x0000000122c47000 	cl_kernels
0x000000000584e000 	/System/Library/Frameworks/OpenCL.framework/Versions/A/Libraries/ImageFormats/unorm8_bgra.dylib
0x000000000584e000 	/System/Library/Frameworks/OpenCL.framework/Versions/A/Libraries/ImageFormats/unorm8_rgba.dylib
0x000000000584e000 	/System/Library/PrivateFrameworks/FamilyControls.framework/Versions/A/FamilyControls
0x000000000584e000 	/System/Library/PrivateFrameworks/CommerceKit.framework/Versions/A/Frameworks/CommerceCore.framework/Versions/A/CommerceCore
0x000000000584e000 	/System/Library/PrivateFrameworks/SystemAdministration.framework/Versions/A/SystemAdministration
0x000000000584e000 	/System/Library/PrivateFrameworks/AppContainer.framework/Versions/A/AppContainer
0x000000000584e000 	/System/Library/PrivateFrameworks/SecCodeWrapper.framework/Versions/A/SecCodeWrapper
0x000000000584e000 	/System/Library/Frameworks/DirectoryService.framework/Versions/A/DirectoryService
0x000000000584e000 	/System/Library/PrivateFrameworks/LoginUIKit.framework/Versions/A/Frameworks/LoginUICore.framework/Versions/A/LoginUICore
0x000000000584e000 	/usr/lib/libodfde.dylib
0x0000000123d22000 	/Library/Java/JavaVirtualMachines/jdk1.8.0_60.jdk/Contents/Home/jre/lib/libfontmanager.dylib
0x0000000123d89000 	/Users/nordineaouni/git/MiniGolf2/res/lib/native/macosx/liblwjgl.jnilib
0x0000000122063000 	/Library/Java/JavaVirtualMachines/jdk1.8.0_60.jdk/Contents/Home/jre/lib/libjawt.dylib
0x000000000584e000 	/System/Library/Frameworks/OpenGL.framework/Versions/A/Resources/GLEngine.bundle/GLEngine
0x000000000584e000 	/System/Library/Frameworks/OpenGL.framework/Versions/A/Libraries/libGLProgrammability.dylib
0x0000000123e08000 	/System/Library/Extensions/AppleIntelBDWGraphicsGLDriver.bundle/Contents/MacOS/AppleIntelBDWGraphicsGLDriver
0x000000000584e000 	/System/Library/PrivateFrameworks/GPUSupport.framework/Versions/A/Libraries/libGPUSupportMercury.dylib
0x000000000584e000 	/System/Library/Frameworks/OpenGL.framework/Versions/A/Resources/GLRendererFloat.bundle/GLRendererFloat

VM Arguments:
jvm_args: -Djava.library.path=/Users/nordineaouni/git/MiniGolf2/res/lib/native/macosx:/Users/nordineaouni/git/MiniGolf2/res/lib/native/windows -Dfile.encoding=UTF-8 
java_command: engineTester.MainGameLoop
java_class_path (initial): /Users/nordineaouni/git/MiniGolf2/bin:/Users/nordineaouni/Documents/DKE/Project1-2-1/res/lib/jar/AppleJavaExtensions.jar:/Users/nordineaouni/Documents/DKE/Project1-2-1/res/lib/jar/asm-debug-all.jar:/Users/nordineaouni/Documents/DKE/Project1-2-1/res/lib/jar/jinput.jar:/Users/nordineaouni/Documents/DKE/Project1-2-1/res/lib/jar/lwjgl_test.jar:/Users/nordineaouni/Documents/DKE/Project1-2-1/res/lib/jar/lwjgl_util_applet.jar:/Users/nordineaouni/Documents/DKE/Project1-2-1/res/lib/jar/lwjgl_util.jar:/Users/nordineaouni/Documents/DKE/Project1-2-1/res/lib/jar/lwjgl-debug.jar:/Users/nordineaouni/Documents/DKE/Project1-2-1/res/lib/jar/lwjgl.jar:/Users/nordineaouni/Documents/DKE/Project1-2-1/res/lib/jar/lzma.jar:/Users/nordineaouni/Documents/DKE/Project1-2-1/res/lib/jar/PNGDecoder.jar:/Users/nordineaouni/Documents/DKE/Project1-2-1/res/lib/jar/slick-util.jar
Launcher Type: SUN_STANDARD

Environment Variables:
PATH=/usr/bin:/bin:/usr/sbin:/sbin
SHELL=/bin/bash

Signal Handlers:
SIGSEGV: [libjvm.dylib+0x5a6d31], sa_mask[0]=11111111011111110111111111111111, sa_flags=SA_ONSTACK|SA_RESTART|SA_SIGINFO
SIGBUS: [libjvm.dylib+0x5a6d31], sa_mask[0]=11111111011111110111111111111111, sa_flags=SA_RESTART|SA_SIGINFO
SIGFPE: [libjvm.dylib+0x480a4c], sa_mask[0]=11111111011111110111111111111111, sa_flags=SA_RESTART|SA_SIGINFO
SIGPIPE: [libjvm.dylib+0x480a4c], sa_mask[0]=11111111011111110111111111111111, sa_flags=SA_RESTART|SA_SIGINFO
SIGXFSZ: [libjvm.dylib+0x480a4c], sa_mask[0]=11111111011111110111111111111111, sa_flags=SA_RESTART|SA_SIGINFO
SIGILL: [libjvm.dylib+0x480a4c], sa_mask[0]=11111111011111110111111111111111, sa_flags=SA_RESTART|SA_SIGINFO
SIGUSR1: SIG_DFL, sa_mask[0]=00000000000000000000000000000000, sa_flags=none
SIGUSR2: [libjvm.dylib+0x48056a], sa_mask[0]=00100000000000000000000000000000, sa_flags=SA_RESTART|SA_SIGINFO
SIGHUP: [libjvm.dylib+0x47eb41], sa_mask[0]=11111111011111110111111111111111, sa_flags=SA_RESTART|SA_SIGINFO
SIGINT: [libjvm.dylib+0x47eb41], sa_mask[0]=11111111011111110111111111111111, sa_flags=SA_RESTART|SA_SIGINFO
SIGTERM: [libjvm.dylib+0x47eb41], sa_mask[0]=11111111011111110111111111111111, sa_flags=SA_RESTART|SA_SIGINFO
SIGQUIT: [libjvm.dylib+0x47eb41], sa_mask[0]=11111111011111110111111111111111, sa_flags=SA_RESTART|SA_SIGINFO


---------------  S Y S T E M  ---------------

OS:Bsduname:Darwin 15.4.0 Darwin Kernel Version 15.4.0: Fri Feb 26 22:08:05 PST 2016; root:xnu-3248.40.184~3/RELEASE_X86_64 x86_64
rlimit: STACK 8192k, CORE 0k, NPROC 709, NOFILE 10240, AS infinity
load average:1.67 1.56 1.51

CPU:total 4 (2 cores per cpu, 2 threads per core) family 6 model 61 stepping 4, cmov, cx8, fxsr, mmx, sse, sse2, sse3, ssse3, sse4.1, sse4.2, popcnt, avx, avx2, aes, clmul, erms, 3dnowpref, lzcnt, ht, tsc, tscinvbit, bmi1, bmi2, adx

Memory: 4k page, physical 8388608k(1063824k free)

/proc/meminfo:


vm_info: Java HotSpot(TM) 64-Bit Server VM (25.60-b23) for bsd-amd64 JRE (1.8.0_60-b27), built on Aug  4 2015 10:47:24 by "java_re" with gcc 4.2.1 (Based on Apple Inc. build 5658) (LLVM build 2336.11.00)

time: Wed Jun  8 15:52:49 2016
elapsed time: 5 seconds (0d 0h 0m 5s)

